                      :-) GROMACS - gmx mdrun, 2020.3 (-:

                            GROMACS is written by:
     Emile Apol      Rossen Apostolov      Paul Bauer     Herman J.C. Berendsen
    Par Bjelkmar      Christian Blau   Viacheslav Bolnykh     Kevin Boyd    
 Aldert van Buuren   Rudi van Drunen     Anton Feenstra       Alan Gray     
  Gerrit Groenhof     Anca Hamuraru    Vincent Hindriksen  M. Eric Irrgang  
  Aleksei Iupinov   Christoph Junghans     Joe Jordan     Dimitrios Karkoulis
    Peter Kasson        Jiri Kraus      Carsten Kutzner      Per Larsson    
  Justin A. Lemkul    Viveca Lindahl    Magnus Lundborg     Erik Marklund   
    Pascal Merz     Pieter Meulenhoff    Teemu Murtola       Szilard Pall   
    Sander Pronk      Roland Schulz      Michael Shirts    Alexey Shvetsov  
   Alfons Sijbers     Peter Tieleman      Jon Vincent      Teemu Virolainen 
 Christian Wennberg    Maarten Wolf      Artem Zhmurov   
                           and the project leaders:
        Mark Abraham, Berk Hess, Erik Lindahl, and David van der Spoel

Copyright (c) 1991-2000, University of Groningen, The Netherlands.
Copyright (c) 2001-2019, The GROMACS development team at
Uppsala University, Stockholm University and
the Royal Institute of Technology, Sweden.
check out http://www.gromacs.org for more information.

GROMACS is free software; you can redistribute it and/or modify it
under the terms of the GNU Lesser General Public License
as published by the Free Software Foundation; either version 2.1
of the License, or (at your option) any later version.

GROMACS:      gmx mdrun, version 2020.3
Executable:   /usr/local/gromacs/bin/gmx
Data prefix:  /usr/local/gromacs
Working dir:  /home/alan/Documentos/estancia/pdb/procesados/p1
Process ID:   2228
Command line:
  gmx mdrun -v -deffnm md_0_3

GROMACS version:    2020.3
Verified release checksum is c0599e547549c2d0ef4fc678dc5a26ad0000eab045e938fed756f9ff5b99a197
Precision:          single
Memory model:       64 bit
MPI library:        thread_mpi
OpenMP support:     enabled (GMX_OPENMP_MAX_THREADS = 64)
GPU support:        disabled
SIMD instructions:  SSE4.1
FFT library:        fftw-3.3.8-sse2
RDTSCP usage:       enabled
TNG support:        enabled
Hwloc support:      hwloc-2.2.0
Tracing support:    disabled
C compiler:         /usr/bin/cc GNU 10.2.0
C compiler flags:   -msse4.1 -fexcess-precision=fast -funroll-all-loops -O3 -DNDEBUG
C++ compiler:       /usr/bin/c++ GNU 10.2.0
C++ compiler flags: -msse4.1 -fexcess-precision=fast -funroll-all-loops -fopenmp -O3 -DNDEBUG


Running on 1 node with total 4 cores, 4 logical cores
Hardware detected:
  CPU info:
    Vendor: Intel
    Brand:  Intel(R) Pentium(R) CPU  N3710  @ 1.60GHz
    Family: 6   Model: 76   Stepping: 4
    Features: aes apic clfsh cmov cx8 cx16 htt intel lahf mmx msr nonstop_tsc pclmuldq pdcm popcnt pse rdrnd rdtscp sse2 sse3 sse4.1 sse4.2 ssse3 tdt
  Hardware topology: Full, with devices
    Sockets, cores, and logical processors:
      Socket  0: [   0] [   1] [   2] [   3]
    Numa nodes:
      Node  0 (4035821568 bytes mem):   0   1   2   3
      Latency:
               0
         0  1.00
    Caches:
      L1: 24576 bytes, linesize 64 bytes, assoc. 6, shared 1 ways
      L2: 1048576 bytes, linesize 64 bytes, assoc. 16, shared 2 ways
    PCI devices:
      0000:00:02.0  Id: 8086:22b1  Class: 0x0300  Numa: 0
      0000:00:13.0  Id: 8086:22a3  Class: 0x0106  Numa: 0
      0000:02:00.0  Id: 8086:3166  Class: 0x0280  Numa: 0
      0000:03:00.0  Id: 10ec:8136  Class: 0x0200  Numa: 0


++++ PLEASE READ AND CITE THE FOLLOWING REFERENCE ++++
M. J. Abraham, T. Murtola, R. Schulz, S. Páll, J. C. Smith, B. Hess, E.
Lindahl
GROMACS: High performance molecular simulations through multi-level
parallelism from laptops to supercomputers
SoftwareX 1 (2015) pp. 19-25
-------- -------- --- Thank You --- -------- --------


++++ PLEASE READ AND CITE THE FOLLOWING REFERENCE ++++
S. Páll, M. J. Abraham, C. Kutzner, B. Hess, E. Lindahl
Tackling Exascale Software Challenges in Molecular Dynamics Simulations with
GROMACS
In S. Markidis & E. Laure (Eds.), Solving Software Challenges for Exascale 8759 (2015) pp. 3-27
-------- -------- --- Thank You --- -------- --------


++++ PLEASE READ AND CITE THE FOLLOWING REFERENCE ++++
S. Pronk, S. Páll, R. Schulz, P. Larsson, P. Bjelkmar, R. Apostolov, M. R.
Shirts, J. C. Smith, P. M. Kasson, D. van der Spoel, B. Hess, and E. Lindahl
GROMACS 4.5: a high-throughput and highly parallel open source molecular
simulation toolkit
Bioinformatics 29 (2013) pp. 845-54
-------- -------- --- Thank You --- -------- --------


++++ PLEASE READ AND CITE THE FOLLOWING REFERENCE ++++
B. Hess and C. Kutzner and D. van der Spoel and E. Lindahl
GROMACS 4: Algorithms for highly efficient, load-balanced, and scalable
molecular simulation
J. Chem. Theory Comput. 4 (2008) pp. 435-447
-------- -------- --- Thank You --- -------- --------


++++ PLEASE READ AND CITE THE FOLLOWING REFERENCE ++++
D. van der Spoel, E. Lindahl, B. Hess, G. Groenhof, A. E. Mark and H. J. C.
Berendsen
GROMACS: Fast, Flexible and Free
J. Comp. Chem. 26 (2005) pp. 1701-1719
-------- -------- --- Thank You --- -------- --------


++++ PLEASE READ AND CITE THE FOLLOWING REFERENCE ++++
E. Lindahl and B. Hess and D. van der Spoel
GROMACS 3.0: A package for molecular simulation and trajectory analysis
J. Mol. Mod. 7 (2001) pp. 306-317
-------- -------- --- Thank You --- -------- --------


++++ PLEASE READ AND CITE THE FOLLOWING REFERENCE ++++
H. J. C. Berendsen, D. van der Spoel and R. van Drunen
GROMACS: A message-passing parallel molecular dynamics implementation
Comp. Phys. Comm. 91 (1995) pp. 43-56
-------- -------- --- Thank You --- -------- --------


++++ PLEASE CITE THE DOI FOR THIS VERSION OF GROMACS ++++
https://doi.org/10.5281/zenodo.3923645
-------- -------- --- Thank You --- -------- --------

Input Parameters:
   integrator                     = md
   tinit                          = 0
   dt                             = 0.002
   nsteps                         = 500000
   init-step                      = 0
   simulation-part                = 1
   comm-mode                      = Linear
   nstcomm                        = 100
   bd-fric                        = 0
   ld-seed                        = -1181622394
   emtol                          = 10
   emstep                         = 0.01
   niter                          = 20
   fcstep                         = 0
   nstcgsteep                     = 1000
   nbfgscorr                      = 10
   rtpi                           = 0.05
   nstxout                        = 0
   nstvout                        = 0
   nstfout                        = 0
   nstlog                         = 5000
   nstcalcenergy                  = 100
   nstenergy                      = 5000
   nstxout-compressed             = 5000
   compressed-x-precision         = 1000
   cutoff-scheme                  = Verlet
   nstlist                        = 10
   pbc                            = xyz
   periodic-molecules             = false
   verlet-buffer-tolerance        = 0.005
   rlist                          = 1
   coulombtype                    = PME
   coulomb-modifier               = Potential-shift
   rcoulomb-switch                = 0
   rcoulomb                       = 1
   epsilon-r                      = 1
   epsilon-rf                     = inf
   vdw-type                       = Cut-off
   vdw-modifier                   = Potential-shift
   rvdw-switch                    = 0
   rvdw                           = 1
   DispCorr                       = EnerPres
   table-extension                = 1
   fourierspacing                 = 0.16
   fourier-nx                     = 40
   fourier-ny                     = 40
   fourier-nz                     = 40
   pme-order                      = 4
   ewald-rtol                     = 1e-05
   ewald-rtol-lj                  = 0.001
   lj-pme-comb-rule               = Geometric
   ewald-geometry                 = 0
   epsilon-surface                = 0
   tcoupl                         = V-rescale
   nsttcouple                     = 10
   nh-chain-length                = 0
   print-nose-hoover-chain-variables = false
   pcoupl                         = Parrinello-Rahman
   pcoupltype                     = Isotropic
   nstpcouple                     = 10
   tau-p                          = 2
   compressibility (3x3):
      compressibility[    0]={ 4.50000e-05,  0.00000e+00,  0.00000e+00}
      compressibility[    1]={ 0.00000e+00,  4.50000e-05,  0.00000e+00}
      compressibility[    2]={ 0.00000e+00,  0.00000e+00,  4.50000e-05}
   ref-p (3x3):
      ref-p[    0]={ 1.00000e+00,  0.00000e+00,  0.00000e+00}
      ref-p[    1]={ 0.00000e+00,  1.00000e+00,  0.00000e+00}
      ref-p[    2]={ 0.00000e+00,  0.00000e+00,  1.00000e+00}
   refcoord-scaling               = No
   posres-com (3):
      posres-com[0]= 0.00000e+00
      posres-com[1]= 0.00000e+00
      posres-com[2]= 0.00000e+00
   posres-comB (3):
      posres-comB[0]= 0.00000e+00
      posres-comB[1]= 0.00000e+00
      posres-comB[2]= 0.00000e+00
   QMMM                           = false
   QMconstraints                  = 0
   QMMMscheme                     = 0
   MMChargeScaleFactor            = 1
qm-opts:
   ngQM                           = 0
   constraint-algorithm           = Lincs
   continuation                   = true
   Shake-SOR                      = false
   shake-tol                      = 0.0001
   lincs-order                    = 4
   lincs-iter                     = 1
   lincs-warnangle                = 30
   nwall                          = 0
   wall-type                      = 9-3
   wall-r-linpot                  = -1
   wall-atomtype[0]               = -1
   wall-atomtype[1]               = -1
   wall-density[0]                = 0
   wall-density[1]                = 0
   wall-ewald-zfac                = 3
   pull                           = false
   awh                            = false
   rotation                       = false
   interactiveMD                  = false
   disre                          = No
   disre-weighting                = Conservative
   disre-mixed                    = false
   dr-fc                          = 1000
   dr-tau                         = 0
   nstdisreout                    = 100
   orire-fc                       = 0
   orire-tau                      = 0
   nstorireout                    = 100
   free-energy                    = no
   cos-acceleration               = 0
   deform (3x3):
      deform[    0]={ 0.00000e+00,  0.00000e+00,  0.00000e+00}
      deform[    1]={ 0.00000e+00,  0.00000e+00,  0.00000e+00}
      deform[    2]={ 0.00000e+00,  0.00000e+00,  0.00000e+00}
   simulated-tempering            = false
   swapcoords                     = no
   userint1                       = 0
   userint2                       = 0
   userint3                       = 0
   userint4                       = 0
   userreal1                      = 0
   userreal2                      = 0
   userreal3                      = 0
   userreal4                      = 0
   applied-forces:
     electric-field:
       x:
         E0                       = 0
         omega                    = 0
         t0                       = 0
         sigma                    = 0
       y:
         E0                       = 0
         omega                    = 0
         t0                       = 0
         sigma                    = 0
       z:
         E0                       = 0
         omega                    = 0
         t0                       = 0
         sigma                    = 0
     density-guided-simulation:
       active                     = false
       group                      = protein
       similarity-measure         = inner-product
       atom-spreading-weight      = unity
       force-constant             = 1e+09
       gaussian-transform-spreading-width = 0.2
       gaussian-transform-spreading-range-in-multiples-of-width = 4
       reference-density-filename = reference.mrc
       nst                        = 1
       normalize-densities        = true
       adaptive-force-scaling     = false
       adaptive-force-scaling-time-constant = 4
grpopts:
   nrdf:     915.944     48069.1
   ref-t:         300         300
   tau-t:         0.1         0.1
annealing:          No          No
annealing-npoints:           0           0
   acc:	           0           0           0
   nfreeze:           N           N           N
   energygrp-flags[  0]: 0

Changing nstlist from 10 to 50, rlist from 1 to 1.11

Using 1 MPI thread

Non-default thread affinity set, disabling internal thread affinity

Using 4 OpenMP threads 

System total charge: 0.000
Will do PME sum in reciprocal space for electrostatic interactions.

++++ PLEASE READ AND CITE THE FOLLOWING REFERENCE ++++
U. Essmann, L. Perera, M. L. Berkowitz, T. Darden, H. Lee and L. G. Pedersen 
A smooth particle mesh Ewald method
J. Chem. Phys. 103 (1995) pp. 8577-8592
-------- -------- --- Thank You --- -------- --------

Using a Gaussian width (1/beta) of 0.320163 nm for Ewald
Potential shift: LJ r^-12: -1.000e+00 r^-6: -1.000e+00, Ewald -1.000e-05
Initialized non-bonded Ewald tables, spacing: 9.33e-04 size: 1073

Generated table with 1055 data points for 1-4 COUL.
Tabscale = 500 points/nm
Generated table with 1055 data points for 1-4 LJ6.
Tabscale = 500 points/nm
Generated table with 1055 data points for 1-4 LJ12.
Tabscale = 500 points/nm

Using SIMD 4x4 nonbonded short-range kernels

Using a dual 4x4 pair-list setup updated with dynamic pruning:
  outer list: updated every 50 steps, buffer 0.110 nm, rlist 1.110 nm
  inner list: updated every 12 steps, buffer 0.003 nm, rlist 1.003 nm
At tolerance 0.005 kJ/mol/ps per atom, equivalent classical 1x1 list would be:
  outer list: updated every 50 steps, buffer 0.236 nm, rlist 1.236 nm
  inner list: updated every 12 steps, buffer 0.047 nm, rlist 1.047 nm

Using Lorentz-Berthelot Lennard-Jones combination rule

Long Range LJ corr.: <C6> 2.8338e-04


Initializing LINear Constraint Solver

++++ PLEASE READ AND CITE THE FOLLOWING REFERENCE ++++
B. Hess and H. Bekker and H. J. C. Berendsen and J. G. E. M. Fraaije
LINCS: A Linear Constraint Solver for molecular simulations
J. Comp. Chem. 18 (1997) pp. 1463-1472
-------- -------- --- Thank You --- -------- --------

The number of constraints is 176

++++ PLEASE READ AND CITE THE FOLLOWING REFERENCE ++++
S. Miyamoto and P. A. Kollman
SETTLE: An Analytical Version of the SHAKE and RATTLE Algorithms for Rigid
Water Models
J. Comp. Chem. 13 (1992) pp. 952-962
-------- -------- --- Thank You --- -------- --------


++++ PLEASE READ AND CITE THE FOLLOWING REFERENCE ++++
G. Bussi, D. Donadio and M. Parrinello
Canonical sampling through velocity rescaling
J. Chem. Phys. 126 (2007) pp. 014101
-------- -------- --- Thank You --- -------- --------

There are: 24400 Atoms
Center of mass motion removal mode is Linear
We have the following groups for center of mass motion removal:
  0:  rest

Started mdrun on rank 0 Sun Nov  8 01:40:22 2020

           Step           Time
              0        0.00000

   Energies (kJ/mol)
           Bond            U-B    Proper Dih.  Improper Dih.      CMAP Dih.
    2.96766e+02    7.31145e+02    4.71529e+02    4.94831e+01   -1.49624e+02
          LJ-14     Coulomb-14        LJ (SR)  Disper. corr.   Coulomb (SR)
    3.93909e+02    6.20970e+03    5.01034e+04   -2.85609e+03   -3.78767e+05
   Coul. recip.      Potential    Kinetic En.   Total Energy  Conserved En.
    2.03131e+03   -3.21485e+05    6.03554e+04   -2.61130e+05   -2.61115e+05
    Temperature Pres. DC (bar) Pressure (bar)   Constr. rmsd
    2.96380e+02   -1.92137e+02   -3.07472e+01    2.67707e-06

           Step           Time
           5000       10.00000

   Energies (kJ/mol)
           Bond            U-B    Proper Dih.  Improper Dih.      CMAP Dih.
    3.66288e+02    7.03027e+02    4.49742e+02    4.51964e+01   -1.43747e+02
          LJ-14     Coulomb-14        LJ (SR)  Disper. corr.   Coulomb (SR)
    4.00659e+02    6.15210e+03    5.02280e+04   -2.85796e+03   -3.79210e+05
   Coul. recip.      Potential    Kinetic En.   Total Energy  Conserved En.
    2.03168e+03   -3.21835e+05    6.07809e+04   -2.61054e+05   -2.61095e+05
    Temperature Pres. DC (bar) Pressure (bar)   Constr. rmsd
    2.98469e+02   -1.92389e+02   -3.28148e+01    1.85245e-06

           Step           Time
          10000       20.00000

   Energies (kJ/mol)
           Bond            U-B    Proper Dih.  Improper Dih.      CMAP Dih.
    3.70263e+02    7.35201e+02    4.71893e+02    3.45740e+01   -1.32676e+02
          LJ-14     Coulomb-14        LJ (SR)  Disper. corr.   Coulomb (SR)
    3.93200e+02    6.14993e+03    4.99143e+04   -2.86753e+03   -3.79166e+05
   Coul. recip.      Potential    Kinetic En.   Total Energy  Conserved En.
    2.11939e+03   -3.21977e+05    6.12518e+04   -2.60726e+05   -2.61054e+05
    Temperature Pres. DC (bar) Pressure (bar)   Constr. rmsd
    3.00782e+02   -1.93677e+02   -1.37202e+02    3.25476e-06

           Step           Time
          15000       30.00000

   Energies (kJ/mol)
           Bond            U-B    Proper Dih.  Improper Dih.      CMAP Dih.
    2.64952e+02    7.67925e+02    5.01151e+02    5.07862e+01   -1.46747e+02
          LJ-14     Coulomb-14        LJ (SR)  Disper. corr.   Coulomb (SR)
    3.86154e+02    6.20014e+03    5.06822e+04   -2.85548e+03   -3.80178e+05
   Coul. recip.      Potential    Kinetic En.   Total Energy  Conserved En.
    2.09155e+03   -3.22236e+05    6.11797e+04   -2.61056e+05   -2.61024e+05
    Temperature Pres. DC (bar) Pressure (bar)   Constr. rmsd
    3.00428e+02   -1.92056e+02    8.02901e+01    4.03614e-06

           Step           Time
          20000       40.00000

   Energies (kJ/mol)
           Bond            U-B    Proper Dih.  Improper Dih.      CMAP Dih.
    3.03520e+02    6.63776e+02    4.91689e+02    3.63170e+01   -1.48303e+02
          LJ-14     Coulomb-14        LJ (SR)  Disper. corr.   Coulomb (SR)
    4.05512e+02    6.26680e+03    5.05062e+04   -2.87647e+03   -3.79663e+05
   Coul. recip.      Potential    Kinetic En.   Total Energy  Conserved En.
    2.00954e+03   -3.22004e+05    6.06282e+04   -2.61376e+05   -2.60988e+05
    Temperature Pres. DC (bar) Pressure (bar)   Constr. rmsd
    2.97720e+02   -1.94885e+02    1.85319e+02    2.83217e-06

           Step           Time
          25000       50.00000

   Energies (kJ/mol)
           Bond            U-B    Proper Dih.  Improper Dih.      CMAP Dih.
    3.33044e+02    6.91194e+02    4.89944e+02    4.70407e+01   -1.43565e+02
          LJ-14     Coulomb-14        LJ (SR)  Disper. corr.   Coulomb (SR)
    3.81417e+02    6.20057e+03    5.00280e+04   -2.85804e+03   -3.79788e+05
   Coul. recip.      Potential    Kinetic En.   Total Energy  Conserved En.
    2.11574e+03   -3.22503e+05    6.10665e+04   -2.61436e+05   -2.60963e+05
    Temperature Pres. DC (bar) Pressure (bar)   Constr. rmsd
    2.99872e+02   -1.92399e+02   -1.25038e+02    2.27990e-06

Writing checkpoint, step 25600 at Sun Nov  8 01:55:23 2020


           Step           Time
          30000       60.00000

   Energies (kJ/mol)
           Bond            U-B    Proper Dih.  Improper Dih.      CMAP Dih.
    3.34855e+02    7.06717e+02    4.91566e+02    5.32785e+01   -1.61922e+02
          LJ-14     Coulomb-14        LJ (SR)  Disper. corr.   Coulomb (SR)
    4.06915e+02    6.13451e+03    4.98623e+04   -2.85777e+03   -3.78194e+05
   Coul. recip.      Potential    Kinetic En.   Total Energy  Conserved En.
    2.17323e+03   -3.21051e+05    6.09530e+04   -2.60098e+05   -2.60912e+05
    Temperature Pres. DC (bar) Pressure (bar)   Constr. rmsd
    2.99315e+02   -1.92363e+02    4.02832e+01    1.97510e-06

           Step           Time
          35000       70.00000

   Energies (kJ/mol)
           Bond            U-B    Proper Dih.  Improper Dih.      CMAP Dih.
    2.97306e+02    6.82896e+02    4.96721e+02    3.72584e+01   -1.35273e+02
          LJ-14     Coulomb-14        LJ (SR)  Disper. corr.   Coulomb (SR)
    4.29744e+02    6.14717e+03    5.00005e+04   -2.84898e+03   -3.78318e+05
   Coul. recip.      Potential    Kinetic En.   Total Energy  Conserved En.
    2.06089e+03   -3.21150e+05    6.15609e+04   -2.59589e+05   -2.60902e+05
    Temperature Pres. DC (bar) Pressure (bar)   Constr. rmsd
    3.02300e+02   -1.91183e+02   -2.67557e+01    3.20366e-06

           Step           Time
          40000       80.00000

   Energies (kJ/mol)
           Bond            U-B    Proper Dih.  Improper Dih.      CMAP Dih.
    3.03658e+02    8.05619e+02    4.73128e+02    5.59621e+01   -1.55361e+02
          LJ-14     Coulomb-14        LJ (SR)  Disper. corr.   Coulomb (SR)
    3.91852e+02    6.11389e+03    5.00264e+04   -2.85647e+03   -3.79168e+05
   Coul. recip.      Potential    Kinetic En.   Total Energy  Conserved En.
    2.12781e+03   -3.21881e+05    6.09866e+04   -2.60895e+05   -2.60864e+05
    Temperature Pres. DC (bar) Pressure (bar)   Constr. rmsd
    2.99480e+02   -1.92188e+02   -1.35306e+02    2.16934e-06

           Step           Time
          45000       90.00000

   Energies (kJ/mol)
           Bond            U-B    Proper Dih.  Improper Dih.      CMAP Dih.
    3.07031e+02    7.69841e+02    4.95369e+02    5.05070e+01   -1.39917e+02
          LJ-14     Coulomb-14        LJ (SR)  Disper. corr.   Coulomb (SR)
    4.12720e+02    6.08632e+03    4.91976e+04   -2.86600e+03   -3.77966e+05
   Coul. recip.      Potential    Kinetic En.   Total Energy  Conserved En.
    2.15758e+03   -3.21495e+05    6.15250e+04   -2.59970e+05   -2.60843e+05
    Temperature Pres. DC (bar) Pressure (bar)   Constr. rmsd
    3.02123e+02   -1.93472e+02   -8.21665e+01    2.44866e-06

           Step           Time
          50000      100.00000

   Energies (kJ/mol)
           Bond            U-B    Proper Dih.  Improper Dih.      CMAP Dih.
    2.95709e+02    6.77047e+02    4.55664e+02    2.37382e+01   -1.42198e+02
          LJ-14     Coulomb-14        LJ (SR)  Disper. corr.   Coulomb (SR)
    4.15746e+02    6.11681e+03    5.16096e+04   -2.86984e+03   -3.81254e+05
   Coul. recip.      Potential    Kinetic En.   Total Energy  Conserved En.
    2.06881e+03   -3.22603e+05    6.01609e+04   -2.62442e+05   -2.60800e+05
    Temperature Pres. DC (bar) Pressure (bar)   Constr. rmsd
    2.95425e+02   -1.93989e+02    3.84735e+02    1.91999e-06

Writing checkpoint, step 50300 at Sun Nov  8 02:10:23 2020


           Step           Time
          55000      110.00000

   Energies (kJ/mol)
           Bond            U-B    Proper Dih.  Improper Dih.      CMAP Dih.
    3.20338e+02    7.40267e+02    5.12990e+02    5.04995e+01   -1.41585e+02
          LJ-14     Coulomb-14        LJ (SR)  Disper. corr.   Coulomb (SR)
    4.13201e+02    6.13519e+03    4.92707e+04   -2.86635e+03   -3.77714e+05
   Coul. recip.      Potential    Kinetic En.   Total Energy  Conserved En.
    2.03694e+03   -3.21242e+05    6.09453e+04   -2.60297e+05   -2.60793e+05
    Temperature Pres. DC (bar) Pressure (bar)   Constr. rmsd
    2.99277e+02   -1.93519e+02   -1.07446e+02    2.72602e-06

           Step           Time
          60000      120.00000

   Energies (kJ/mol)
           Bond            U-B    Proper Dih.  Improper Dih.      CMAP Dih.
    3.39565e+02    7.72324e+02    5.09120e+02    3.91720e+01   -1.31086e+02
          LJ-14     Coulomb-14        LJ (SR)  Disper. corr.   Coulomb (SR)
    4.09744e+02    6.09271e+03    5.00993e+04   -2.85713e+03   -3.79196e+05
   Coul. recip.      Potential    Kinetic En.   Total Energy  Conserved En.
    2.08306e+03   -3.21839e+05    6.08344e+04   -2.61005e+05   -2.60746e+05
    Temperature Pres. DC (bar) Pressure (bar)   Constr. rmsd
    2.98732e+02   -1.92277e+02   -1.98228e+01    2.66592e-06

           Step           Time
          65000      130.00000

   Energies (kJ/mol)
           Bond            U-B    Proper Dih.  Improper Dih.      CMAP Dih.
    2.41207e+02    6.73106e+02    4.70320e+02    3.47464e+01   -1.24165e+02
          LJ-14     Coulomb-14        LJ (SR)  Disper. corr.   Coulomb (SR)
    4.20038e+02    6.18540e+03    5.08791e+04   -2.86962e+03   -3.81014e+05
   Coul. recip.      Potential    Kinetic En.   Total Energy  Conserved En.
    2.02817e+03   -3.23075e+05    6.04629e+04   -2.62612e+05   -2.60711e+05
    Temperature Pres. DC (bar) Pressure (bar)   Constr. rmsd
    2.96908e+02   -1.93960e+02    1.23558e+02    2.75881e-06

           Step           Time
          70000      140.00000

   Energies (kJ/mol)
           Bond            U-B    Proper Dih.  Improper Dih.      CMAP Dih.
    3.34007e+02    7.19924e+02    4.79105e+02    3.21246e+01   -1.51328e+02
          LJ-14     Coulomb-14        LJ (SR)  Disper. corr.   Coulomb (SR)
    3.85785e+02    6.18870e+03    4.97519e+04   -2.85406e+03   -3.78960e+05
   Coul. recip.      Potential    Kinetic En.   Total Energy  Conserved En.
    2.04083e+03   -3.22033e+05    6.10370e+04   -2.60996e+05   -2.60679e+05
    Temperature Pres. DC (bar) Pressure (bar)   Constr. rmsd
    2.99727e+02   -1.91865e+02   -1.37731e+02    2.05404e-06

Writing checkpoint, step 74800 at Sun Nov  8 02:25:24 2020


           Step           Time
          75000      150.00000

   Energies (kJ/mol)
           Bond            U-B    Proper Dih.  Improper Dih.      CMAP Dih.
    2.95565e+02    7.15745e+02    5.08427e+02    4.83519e+01   -1.34167e+02
          LJ-14     Coulomb-14        LJ (SR)  Disper. corr.   Coulomb (SR)
    3.95118e+02    6.10149e+03    5.08367e+04   -2.87014e+03   -3.80011e+05
   Coul. recip.      Potential    Kinetic En.   Total Energy  Conserved En.
    2.05964e+03   -3.22054e+05    6.09397e+04   -2.61114e+05   -2.60640e+05
    Temperature Pres. DC (bar) Pressure (bar)   Constr. rmsd
    2.99249e+02   -1.94029e+02    1.14845e+02    2.27598e-06

           Step           Time
          80000      160.00000

   Energies (kJ/mol)
           Bond            U-B    Proper Dih.  Improper Dih.      CMAP Dih.
    3.00870e+02    6.90015e+02    5.50185e+02    5.04699e+01   -1.37606e+02
          LJ-14     Coulomb-14        LJ (SR)  Disper. corr.   Coulomb (SR)
    3.83356e+02    6.09727e+03    4.98528e+04   -2.84943e+03   -3.78321e+05
   Coul. recip.      Potential    Kinetic En.   Total Energy  Conserved En.
    2.10137e+03   -3.21282e+05    6.03493e+04   -2.60933e+05   -2.60609e+05
    Temperature Pres. DC (bar) Pressure (bar)   Constr. rmsd
    2.96350e+02   -1.91243e+02   -1.46610e+02    2.53462e-06

           Step           Time
          85000      170.00000

   Energies (kJ/mol)
           Bond            U-B    Proper Dih.  Improper Dih.      CMAP Dih.
    2.87799e+02    7.40190e+02    4.57300e+02    3.50972e+01   -1.33498e+02
          LJ-14     Coulomb-14        LJ (SR)  Disper. corr.   Coulomb (SR)
    4.45935e+02    6.08093e+03    5.00243e+04   -2.86137e+03   -3.78337e+05
   Coul. recip.      Potential    Kinetic En.   Total Energy  Conserved En.
    1.99096e+03   -3.21270e+05    6.06244e+04   -2.60645e+05   -2.60577e+05
    Temperature Pres. DC (bar) Pressure (bar)   Constr. rmsd
    2.97701e+02   -1.92847e+02    4.38171e+01    2.64969e-06

           Step           Time
          90000      180.00000

   Energies (kJ/mol)
           Bond            U-B    Proper Dih.  Improper Dih.      CMAP Dih.
    2.90175e+02    6.24698e+02    4.81719e+02    5.31153e+01   -1.44545e+02
          LJ-14     Coulomb-14        LJ (SR)  Disper. corr.   Coulomb (SR)
    4.17819e+02    6.11355e+03    4.98436e+04   -2.86129e+03   -3.79433e+05
   Coul. recip.      Potential    Kinetic En.   Total Energy  Conserved En.
    2.02768e+03   -3.22586e+05    6.14143e+04   -2.61172e+05   -2.60558e+05
    Temperature Pres. DC (bar) Pressure (bar)   Constr. rmsd
    3.01580e+02   -1.92837e+02   -7.52607e+01    2.91286e-06

           Step           Time
          95000      190.00000

   Energies (kJ/mol)
           Bond            U-B    Proper Dih.  Improper Dih.      CMAP Dih.
    2.93051e+02    7.72078e+02    4.80833e+02    5.50031e+01   -1.51642e+02
          LJ-14     Coulomb-14        LJ (SR)  Disper. corr.   Coulomb (SR)
    4.12000e+02    6.07224e+03    5.07146e+04   -2.86068e+03   -3.78959e+05
   Coul. recip.      Potential    Kinetic En.   Total Energy  Conserved En.
    2.13629e+03   -3.21036e+05    6.15811e+04   -2.59454e+05   -2.60521e+05
    Temperature Pres. DC (bar) Pressure (bar)   Constr. rmsd
    3.02399e+02   -1.92754e+02    2.49245e+02    3.24733e-06

Writing checkpoint, step 99450 at Sun Nov  8 02:40:24 2020


           Step           Time
         100000      200.00000

   Energies (kJ/mol)
           Bond            U-B    Proper Dih.  Improper Dih.      CMAP Dih.
    3.32865e+02    6.90343e+02    4.55541e+02    4.38621e+01   -1.46268e+02
          LJ-14     Coulomb-14        LJ (SR)  Disper. corr.   Coulomb (SR)
    4.07084e+02    6.08916e+03    5.12166e+04   -2.86866e+03   -3.80475e+05
   Coul. recip.      Potential    Kinetic En.   Total Energy  Conserved En.
    2.06923e+03   -3.22185e+05    6.09020e+04   -2.61283e+05   -2.60481e+05
    Temperature Pres. DC (bar) Pressure (bar)   Constr. rmsd
    2.99064e+02   -1.93830e+02    2.49979e+02    2.71623e-06

           Step           Time
         105000      210.00000

   Energies (kJ/mol)
           Bond            U-B    Proper Dih.  Improper Dih.      CMAP Dih.
    3.07497e+02    6.05887e+02    4.72909e+02    6.32994e+01   -1.36315e+02
          LJ-14     Coulomb-14        LJ (SR)  Disper. corr.   Coulomb (SR)
    4.21750e+02    6.11901e+03    5.03768e+04   -2.84744e+03   -3.79620e+05
   Coul. recip.      Potential    Kinetic En.   Total Energy  Conserved En.
    2.11942e+03   -3.22117e+05    6.05324e+04   -2.61584e+05   -2.60443e+05
    Temperature Pres. DC (bar) Pressure (bar)   Constr. rmsd
    2.97249e+02   -1.90976e+02   -3.40692e+01    2.28397e-06

           Step           Time
         110000      220.00000

   Energies (kJ/mol)
           Bond            U-B    Proper Dih.  Improper Dih.      CMAP Dih.
    3.05175e+02    7.66436e+02    4.56937e+02    3.76053e+01   -1.37231e+02
          LJ-14     Coulomb-14        LJ (SR)  Disper. corr.   Coulomb (SR)
    4.23818e+02    6.03255e+03    5.04214e+04   -2.84895e+03   -3.79597e+05
   Coul. recip.      Potential    Kinetic En.   Total Energy  Conserved En.
    2.05001e+03   -3.22089e+05    6.08720e+04   -2.61217e+05   -2.60401e+05
    Temperature Pres. DC (bar) Pressure (bar)   Constr. rmsd
    2.98917e+02   -1.91179e+02    2.86068e+01    3.76484e-06

           Step           Time
         115000      230.00000

   Energies (kJ/mol)
           Bond            U-B    Proper Dih.  Improper Dih.      CMAP Dih.
    3.06822e+02    7.90725e+02    5.07246e+02    4.91415e+01   -1.40574e+02
          LJ-14     Coulomb-14        LJ (SR)  Disper. corr.   Coulomb (SR)
    4.01768e+02    6.04126e+03    5.13735e+04   -2.87284e+03   -3.80455e+05
   Coul. recip.      Potential    Kinetic En.   Total Energy  Conserved En.
    2.05468e+03   -3.21944e+05    6.14695e+04   -2.60474e+05   -2.60359e+05
    Temperature Pres. DC (bar) Pressure (bar)   Constr. rmsd
    3.01851e+02   -1.94394e+02    3.66449e+02    3.03820e-06

           Step           Time
         120000      240.00000

   Energies (kJ/mol)
           Bond            U-B    Proper Dih.  Improper Dih.      CMAP Dih.
    2.91428e+02    8.33909e+02    4.88497e+02    3.61875e+01   -1.45907e+02
          LJ-14     Coulomb-14        LJ (SR)  Disper. corr.   Coulomb (SR)
    3.93549e+02    5.97441e+03    4.94700e+04   -2.85295e+03   -3.77977e+05
   Coul. recip.      Potential    Kinetic En.   Total Energy  Conserved En.
    2.05885e+03   -3.21429e+05    6.14649e+04   -2.59964e+05   -2.60345e+05
    Temperature Pres. DC (bar) Pressure (bar)   Constr. rmsd
    3.01828e+02   -1.91715e+02   -9.78944e+01    3.13240e-06

Writing checkpoint, step 124150 at Sun Nov  8 02:55:24 2020


           Step           Time
         125000      250.00000

   Energies (kJ/mol)
           Bond            U-B    Proper Dih.  Improper Dih.      CMAP Dih.
    3.39405e+02    7.57918e+02    4.77820e+02    6.47481e+01   -1.46378e+02
          LJ-14     Coulomb-14        LJ (SR)  Disper. corr.   Coulomb (SR)
    4.01643e+02    6.05542e+03    5.03675e+04   -2.85741e+03   -3.78325e+05
   Coul. recip.      Potential    Kinetic En.   Total Energy  Conserved En.
    2.06431e+03   -3.20800e+05    6.05827e+04   -2.60218e+05   -2.60293e+05
    Temperature Pres. DC (bar) Pressure (bar)   Constr. rmsd
    2.97496e+02   -1.92315e+02    1.21713e+02    2.23201e-06

           Step           Time
         130000      260.00000

   Energies (kJ/mol)
           Bond            U-B    Proper Dih.  Improper Dih.      CMAP Dih.
    2.89177e+02    7.12159e+02    4.37723e+02    3.27999e+01   -1.42581e+02
          LJ-14     Coulomb-14        LJ (SR)  Disper. corr.   Coulomb (SR)
    4.10070e+02    6.03481e+03    5.06080e+04   -2.86849e+03   -3.80451e+05
   Coul. recip.      Potential    Kinetic En.   Total Energy  Conserved En.
    2.04549e+03   -3.22892e+05    6.05199e+04   -2.62372e+05   -2.60258e+05
    Temperature Pres. DC (bar) Pressure (bar)   Constr. rmsd
    2.97188e+02   -1.93808e+02    1.13321e+02    2.77274e-06

           Step           Time
         135000      270.00000

   Energies (kJ/mol)
           Bond            U-B    Proper Dih.  Improper Dih.      CMAP Dih.
    2.52575e+02    7.50291e+02    5.08339e+02    4.06840e+01   -1.49450e+02
          LJ-14     Coulomb-14        LJ (SR)  Disper. corr.   Coulomb (SR)
    4.39052e+02    6.05262e+03    5.03612e+04   -2.86128e+03   -3.80139e+05
   Coul. recip.      Potential    Kinetic En.   Total Energy  Conserved En.
    2.15986e+03   -3.22585e+05    6.08198e+04   -2.61765e+05   -2.60234e+05
    Temperature Pres. DC (bar) Pressure (bar)   Constr. rmsd
    2.98661e+02   -1.92835e+02    2.39128e+01    3.02965e-06

           Step           Time
         140000      280.00000

   Energies (kJ/mol)
           Bond            U-B    Proper Dih.  Improper Dih.      CMAP Dih.
    3.32384e+02    7.30217e+02    4.73599e+02    5.24483e+01   -1.42410e+02
          LJ-14     Coulomb-14        LJ (SR)  Disper. corr.   Coulomb (SR)
    4.08292e+02    6.05700e+03    4.98274e+04   -2.86352e+03   -3.78798e+05
   Coul. recip.      Potential    Kinetic En.   Total Energy  Conserved En.
    2.09107e+03   -3.21831e+05    6.03515e+04   -2.61480e+05   -2.60212e+05
    Temperature Pres. DC (bar) Pressure (bar)   Constr. rmsd
    2.96361e+02   -1.93137e+02   -3.41777e+00    2.36732e-06

           Step           Time
         145000      290.00000

   Energies (kJ/mol)
           Bond            U-B    Proper Dih.  Improper Dih.      CMAP Dih.
    3.23859e+02    7.62584e+02    4.69710e+02    3.91450e+01   -1.53187e+02
          LJ-14     Coulomb-14        LJ (SR)  Disper. corr.   Coulomb (SR)
    3.86985e+02    6.10350e+03    5.02836e+04   -2.85816e+03   -3.79339e+05
   Coul. recip.      Potential    Kinetic En.   Total Energy  Conserved En.
    2.06812e+03   -3.21913e+05    6.10182e+04   -2.60895e+05   -2.60185e+05
    Temperature Pres. DC (bar) Pressure (bar)   Constr. rmsd
    2.99635e+02   -1.92416e+02   -1.68118e+00    2.65039e-06

Writing checkpoint, step 148850 at Sun Nov  8 03:10:24 2020


           Step           Time
         150000      300.00000

   Energies (kJ/mol)
           Bond            U-B    Proper Dih.  Improper Dih.      CMAP Dih.
    2.97464e+02    7.66315e+02    4.65816e+02    5.31571e+01   -1.41955e+02
          LJ-14     Coulomb-14        LJ (SR)  Disper. corr.   Coulomb (SR)
    4.13142e+02    6.14927e+03    4.98696e+04   -2.87194e+03   -3.79989e+05
   Coul. recip.      Potential    Kinetic En.   Total Energy  Conserved En.
    2.06756e+03   -3.22921e+05    6.08893e+04   -2.62032e+05   -2.60152e+05
    Temperature Pres. DC (bar) Pressure (bar)   Constr. rmsd
    2.99002e+02   -1.94273e+02   -1.19949e+02    2.11067e-06

           Step           Time
         155000      310.00000

   Energies (kJ/mol)
           Bond            U-B    Proper Dih.  Improper Dih.      CMAP Dih.
    3.15458e+02    6.96706e+02    4.92035e+02    4.02659e+01   -1.41029e+02
          LJ-14     Coulomb-14        LJ (SR)  Disper. corr.   Coulomb (SR)
    4.19740e+02    6.15917e+03    5.03596e+04   -2.86514e+03   -3.79130e+05
   Coul. recip.      Potential    Kinetic En.   Total Energy  Conserved En.
    2.12304e+03   -3.21530e+05    6.13204e+04   -2.60210e+05   -2.60126e+05
    Temperature Pres. DC (bar) Pressure (bar)   Constr. rmsd
    3.01119e+02   -1.93355e+02    1.80484e+02    2.75757e-06

           Step           Time
         160000      320.00000

   Energies (kJ/mol)
           Bond            U-B    Proper Dih.  Improper Dih.      CMAP Dih.
    3.04154e+02    7.64500e+02    5.22732e+02    5.23523e+01   -1.49127e+02
          LJ-14     Coulomb-14        LJ (SR)  Disper. corr.   Coulomb (SR)
    3.92034e+02    5.99599e+03    4.99825e+04   -2.84386e+03   -3.78512e+05
   Coul. recip.      Potential    Kinetic En.   Total Energy  Conserved En.
    2.06557e+03   -3.21425e+05    6.15638e+04   -2.59861e+05   -2.60097e+05
    Temperature Pres. DC (bar) Pressure (bar)   Constr. rmsd
    3.02314e+02   -1.90497e+02   -5.01855e+01    2.52067e-06

           Step           Time
         165000      330.00000

   Energies (kJ/mol)
           Bond            U-B    Proper Dih.  Improper Dih.      CMAP Dih.
    2.87461e+02    6.52658e+02    4.97351e+02    4.71773e+01   -1.51885e+02
          LJ-14     Coulomb-14        LJ (SR)  Disper. corr.   Coulomb (SR)
    4.04553e+02    6.13356e+03    5.05648e+04   -2.86673e+03   -3.80104e+05
   Coul. recip.      Potential    Kinetic En.   Total Energy  Conserved En.
    2.02730e+03   -3.22508e+05    6.10256e+04   -2.61483e+05   -2.60064e+05
    Temperature Pres. DC (bar) Pressure (bar)   Constr. rmsd
    2.99671e+02   -1.93570e+02    4.31266e+01    2.54435e-06

           Step           Time
         170000      340.00000

   Energies (kJ/mol)
           Bond            U-B    Proper Dih.  Improper Dih.      CMAP Dih.
    3.39758e+02    6.87546e+02    4.57310e+02    3.12351e+01   -1.37132e+02
          LJ-14     Coulomb-14        LJ (SR)  Disper. corr.   Coulomb (SR)
    3.79526e+02    6.08402e+03    5.01902e+04   -2.86659e+03   -3.79495e+05
   Coul. recip.      Potential    Kinetic En.   Total Energy  Conserved En.
    2.00007e+03   -3.22329e+05    6.06462e+04   -2.61683e+05   -2.60025e+05
    Temperature Pres. DC (bar) Pressure (bar)   Constr. rmsd
    2.97808e+02   -1.93551e+02   -2.59464e+01    2.04556e-06

Writing checkpoint, step 173600 at Sun Nov  8 03:25:24 2020


           Step           Time
         175000      350.00000

   Energies (kJ/mol)
           Bond            U-B    Proper Dih.  Improper Dih.      CMAP Dih.
    2.99049e+02    8.11381e+02    4.89673e+02    3.86816e+01   -1.47054e+02
          LJ-14     Coulomb-14        LJ (SR)  Disper. corr.   Coulomb (SR)
    4.25823e+02    6.10449e+03    5.04207e+04   -2.85523e+03   -3.78564e+05
   Coul. recip.      Potential    Kinetic En.   Total Energy  Conserved En.
    2.12806e+03   -3.20849e+05    6.18730e+04   -2.58976e+05   -2.59994e+05
    Temperature Pres. DC (bar) Pressure (bar)   Constr. rmsd
    3.03832e+02   -1.92022e+02    1.34602e+02    3.04789e-06

           Step           Time
         180000      360.00000

   Energies (kJ/mol)
           Bond            U-B    Proper Dih.  Improper Dih.      CMAP Dih.
    3.07837e+02    7.85023e+02    5.17150e+02    5.16232e+01   -1.64307e+02
          LJ-14     Coulomb-14        LJ (SR)  Disper. corr.   Coulomb (SR)
    3.94087e+02    6.04028e+03    4.97797e+04   -2.86145e+03   -3.78427e+05
   Coul. recip.      Potential    Kinetic En.   Total Energy  Conserved En.
    2.17932e+03   -3.21397e+05    6.01744e+04   -2.61223e+05   -2.59957e+05
    Temperature Pres. DC (bar) Pressure (bar)   Constr. rmsd
    2.95491e+02   -1.92858e+02   -6.86225e+01    2.51367e-06

           Step           Time
         185000      370.00000

   Energies (kJ/mol)
           Bond            U-B    Proper Dih.  Improper Dih.      CMAP Dih.
    3.01733e+02    7.54370e+02    4.95362e+02    5.19579e+01   -1.38174e+02
          LJ-14     Coulomb-14        LJ (SR)  Disper. corr.   Coulomb (SR)
    4.09391e+02    6.04664e+03    5.00210e+04   -2.83920e+03   -3.78495e+05
   Coul. recip.      Potential    Kinetic En.   Total Energy  Conserved En.
    2.14872e+03   -3.21243e+05    6.16065e+04   -2.59637e+05   -2.59938e+05
    Temperature Pres. DC (bar) Pressure (bar)   Constr. rmsd
    3.02524e+02   -1.89874e+02   -2.37002e+01    3.20782e-06

           Step           Time
         190000      380.00000

   Energies (kJ/mol)
           Bond            U-B    Proper Dih.  Improper Dih.      CMAP Dih.
    3.39826e+02    8.17042e+02    5.41123e+02    5.32782e+01   -1.60663e+02
          LJ-14     Coulomb-14        LJ (SR)  Disper. corr.   Coulomb (SR)
    3.76739e+02    5.95483e+03    4.97582e+04   -2.85034e+03   -3.77547e+05
   Coul. recip.      Potential    Kinetic En.   Total Energy  Conserved En.
    2.08304e+03   -3.20633e+05    6.17226e+04   -2.58911e+05   -2.59925e+05
    Temperature Pres. DC (bar) Pressure (bar)   Constr. rmsd
    3.03094e+02   -1.91365e+02   -5.98711e+01    2.73036e-06

           Step           Time
         195000      390.00000

   Energies (kJ/mol)
           Bond            U-B    Proper Dih.  Improper Dih.      CMAP Dih.
    3.14075e+02    7.80888e+02    4.99069e+02    2.83805e+01   -1.23554e+02
          LJ-14     Coulomb-14        LJ (SR)  Disper. corr.   Coulomb (SR)
    3.94600e+02    6.03040e+03    5.10275e+04   -2.86302e+03   -3.80521e+05
   Coul. recip.      Potential    Kinetic En.   Total Energy  Conserved En.
    2.07060e+03   -3.22362e+05    6.10750e+04   -2.61287e+05   -2.59880e+05
    Temperature Pres. DC (bar) Pressure (bar)   Constr. rmsd
    2.99914e+02   -1.93069e+02    1.88829e+02    2.56426e-06

Writing checkpoint, step 198450 at Sun Nov  8 03:40:23 2020


           Step           Time
         200000      400.00000

   Energies (kJ/mol)
           Bond            U-B    Proper Dih.  Improper Dih.      CMAP Dih.
    3.09545e+02    7.70124e+02    4.85133e+02    5.65331e+01   -1.36719e+02
          LJ-14     Coulomb-14        LJ (SR)  Disper. corr.   Coulomb (SR)
    3.92078e+02    6.09210e+03    4.99999e+04   -2.84679e+03   -3.78324e+05
   Coul. recip.      Potential    Kinetic En.   Total Energy  Conserved En.
    2.14105e+03   -3.21061e+05    6.18033e+04   -2.59258e+05   -2.59850e+05
    Temperature Pres. DC (bar) Pressure (bar)   Constr. rmsd
    3.03490e+02   -1.90890e+02   -1.12736e+01    2.90566e-06

           Step           Time
         205000      410.00000

   Energies (kJ/mol)
           Bond            U-B    Proper Dih.  Improper Dih.      CMAP Dih.
    2.98769e+02    7.34020e+02    4.77932e+02    4.02411e+01   -1.39418e+02
          LJ-14     Coulomb-14        LJ (SR)  Disper. corr.   Coulomb (SR)
    4.06161e+02    6.09928e+03    5.04252e+04   -2.87965e+03   -3.80239e+05
   Coul. recip.      Potential    Kinetic En.   Total Energy  Conserved En.
    2.03956e+03   -3.22737e+05    6.12448e+04   -2.61492e+05   -2.59820e+05
    Temperature Pres. DC (bar) Pressure (bar)   Constr. rmsd
    3.00748e+02   -1.95317e+02    5.77212e+01    2.17120e-06

           Step           Time
         210000      420.00000

   Energies (kJ/mol)
           Bond            U-B    Proper Dih.  Improper Dih.      CMAP Dih.
    3.23128e+02    7.27652e+02    4.46625e+02    5.02773e+01   -1.23361e+02
          LJ-14     Coulomb-14        LJ (SR)  Disper. corr.   Coulomb (SR)
    3.85725e+02    6.05338e+03    4.89154e+04   -2.86833e+03   -3.77950e+05
   Coul. recip.      Potential    Kinetic En.   Total Energy  Conserved En.
    1.99866e+03   -3.22041e+05    6.10419e+04   -2.60999e+05   -2.59795e+05
    Temperature Pres. DC (bar) Pressure (bar)   Constr. rmsd
    2.99751e+02   -1.93786e+02   -3.34309e+02    2.20847e-06

           Step           Time
         215000      430.00000

   Energies (kJ/mol)
           Bond            U-B    Proper Dih.  Improper Dih.      CMAP Dih.
    3.24097e+02    7.18564e+02    4.89398e+02    5.49074e+01   -1.32341e+02
          LJ-14     Coulomb-14        LJ (SR)  Disper. corr.   Coulomb (SR)
    4.13209e+02    6.15270e+03    5.10121e+04   -2.87843e+03   -3.80710e+05
   Coul. recip.      Potential    Kinetic En.   Total Energy  Conserved En.
    2.05156e+03   -3.22504e+05    6.08940e+04   -2.61610e+05   -2.59764e+05
    Temperature Pres. DC (bar) Pressure (bar)   Constr. rmsd
    2.99025e+02   -1.95152e+02    2.51926e+02    2.17521e-06

           Step           Time
         220000      440.00000

   Energies (kJ/mol)
           Bond            U-B    Proper Dih.  Improper Dih.      CMAP Dih.
    2.99504e+02    7.71603e+02    4.66800e+02    5.60001e+01   -1.45859e+02
          LJ-14     Coulomb-14        LJ (SR)  Disper. corr.   Coulomb (SR)
    4.20168e+02    6.06500e+03    4.92787e+04   -2.84313e+03   -3.77623e+05
   Coul. recip.      Potential    Kinetic En.   Total Energy  Conserved En.
    2.04027e+03   -3.21213e+05    6.02945e+04   -2.60919e+05   -2.59726e+05
    Temperature Pres. DC (bar) Pressure (bar)   Constr. rmsd
    2.96081e+02   -1.90399e+02   -2.31661e+02    3.02221e-06

Writing checkpoint, step 223350 at Sun Nov  8 03:55:24 2020


           Step           Time
         225000      450.00000

   Energies (kJ/mol)
           Bond            U-B    Proper Dih.  Improper Dih.      CMAP Dih.
    2.79097e+02    7.78708e+02    4.77754e+02    4.87594e+01   -1.44738e+02
          LJ-14     Coulomb-14        LJ (SR)  Disper. corr.   Coulomb (SR)
    3.95228e+02    6.20958e+03    4.93575e+04   -2.86304e+03   -3.78080e+05
   Coul. recip.      Potential    Kinetic En.   Total Energy  Conserved En.
    2.07493e+03   -3.21466e+05    6.07876e+04   -2.60678e+05   -2.59691e+05
    Temperature Pres. DC (bar) Pressure (bar)   Constr. rmsd
    2.98502e+02   -1.93072e+02   -1.48591e+02    2.31139e-06

           Step           Time
         230000      460.00000

   Energies (kJ/mol)
           Bond            U-B    Proper Dih.  Improper Dih.      CMAP Dih.
    2.47205e+02    7.40903e+02    4.90896e+02    5.60222e+01   -1.44201e+02
          LJ-14     Coulomb-14        LJ (SR)  Disper. corr.   Coulomb (SR)
    4.09346e+02    6.20129e+03    5.02359e+04   -2.86398e+03   -3.79233e+05
   Coul. recip.      Potential    Kinetic En.   Total Energy  Conserved En.
    2.03163e+03   -3.21828e+05    6.07127e+04   -2.61116e+05   -2.59644e+05
    Temperature Pres. DC (bar) Pressure (bar)   Constr. rmsd
    2.98134e+02   -1.93200e+02    2.89914e+01    2.52982e-06

           Step           Time
         235000      470.00000

   Energies (kJ/mol)
           Bond            U-B    Proper Dih.  Improper Dih.      CMAP Dih.
    2.93178e+02    7.16301e+02    4.85769e+02    4.75407e+01   -1.27457e+02
          LJ-14     Coulomb-14        LJ (SR)  Disper. corr.   Coulomb (SR)
    4.10577e+02    6.14883e+03    4.96185e+04   -2.85767e+03   -3.78587e+05
   Coul. recip.      Potential    Kinetic En.   Total Energy  Conserved En.
    2.05824e+03   -3.21793e+05    6.06949e+04   -2.61098e+05   -2.59618e+05
    Temperature Pres. DC (bar) Pressure (bar)   Constr. rmsd
    2.98047e+02   -1.92349e+02   -6.04137e+01    2.74995e-06

           Step           Time
         240000      480.00000

   Energies (kJ/mol)
           Bond            U-B    Proper Dih.  Improper Dih.      CMAP Dih.
    2.96895e+02    6.91935e+02    4.73588e+02    3.00498e+01   -1.33594e+02
          LJ-14     Coulomb-14        LJ (SR)  Disper. corr.   Coulomb (SR)
    4.24341e+02    6.05103e+03    5.03025e+04   -2.87011e+03   -3.79641e+05
   Coul. recip.      Potential    Kinetic En.   Total Energy  Conserved En.
    2.18067e+03   -3.22194e+05    6.15239e+04   -2.60670e+05   -2.59589e+05
    Temperature Pres. DC (bar) Pressure (bar)   Constr. rmsd
    3.02118e+02   -1.94026e+02    6.52445e+01    3.08283e-06

           Step           Time
         245000      490.00000

   Energies (kJ/mol)
           Bond            U-B    Proper Dih.  Improper Dih.      CMAP Dih.
    3.41279e+02    7.13749e+02    4.93668e+02    3.90852e+01   -1.37303e+02
          LJ-14     Coulomb-14        LJ (SR)  Disper. corr.   Coulomb (SR)
    4.09470e+02    6.07393e+03    5.00559e+04   -2.86119e+03   -3.79098e+05
   Coul. recip.      Potential    Kinetic En.   Total Energy  Conserved En.
    2.10698e+03   -3.21863e+05    6.06790e+04   -2.61184e+05   -2.59542e+05
    Temperature Pres. DC (bar) Pressure (bar)   Constr. rmsd
    2.97969e+02   -1.92823e+02   -1.93636e+01    2.09264e-06

Writing checkpoint, step 248250 at Sun Nov  8 04:10:24 2020


           Step           Time
         250000      500.00000

   Energies (kJ/mol)
           Bond            U-B    Proper Dih.  Improper Dih.      CMAP Dih.
    3.19216e+02    6.79722e+02    4.43139e+02    3.59077e+01   -1.35768e+02
          LJ-14     Coulomb-14        LJ (SR)  Disper. corr.   Coulomb (SR)
    4.15982e+02    6.02465e+03    5.01327e+04   -2.85708e+03   -3.78593e+05
   Coul. recip.      Potential    Kinetic En.   Total Energy  Conserved En.
    2.05104e+03   -3.21483e+05    6.02745e+04   -2.61209e+05   -2.59507e+05
    Temperature Pres. DC (bar) Pressure (bar)   Constr. rmsd
    2.95983e+02   -1.92270e+02   -9.66095e+00    3.11531e-06

           Step           Time
         255000      510.00000

   Energies (kJ/mol)
           Bond            U-B    Proper Dih.  Improper Dih.      CMAP Dih.
    3.41857e+02    8.06101e+02    5.22621e+02    6.62571e+01   -1.48023e+02
          LJ-14     Coulomb-14        LJ (SR)  Disper. corr.   Coulomb (SR)
    4.10492e+02    5.99505e+03    4.92215e+04   -2.85298e+03   -3.77720e+05
   Coul. recip.      Potential    Kinetic En.   Total Energy  Conserved En.
    2.10392e+03   -3.21253e+05    6.08860e+04   -2.60367e+05   -2.59465e+05
    Temperature Pres. DC (bar) Pressure (bar)   Constr. rmsd
    2.98985e+02   -1.91720e+02   -1.88431e+02    2.63864e-06

           Step           Time
         260000      520.00000

   Energies (kJ/mol)
           Bond            U-B    Proper Dih.  Improper Dih.      CMAP Dih.
    3.00246e+02    6.43138e+02    4.74738e+02    3.56018e+01   -1.33050e+02
          LJ-14     Coulomb-14        LJ (SR)  Disper. corr.   Coulomb (SR)
    4.15278e+02    6.18510e+03    4.94758e+04   -2.84193e+03   -3.78856e+05
   Coul. recip.      Potential    Kinetic En.   Total Energy  Conserved En.
    2.02430e+03   -3.22277e+05    6.12182e+04   -2.61059e+05   -2.59440e+05
    Temperature Pres. DC (bar) Pressure (bar)   Constr. rmsd
    3.00617e+02   -1.90239e+02   -2.24218e+02    2.54178e-06

           Step           Time
         265000      530.00000

   Energies (kJ/mol)
           Bond            U-B    Proper Dih.  Improper Dih.      CMAP Dih.
    2.65418e+02    7.53782e+02    5.07148e+02    4.43463e+01   -1.20460e+02
          LJ-14     Coulomb-14        LJ (SR)  Disper. corr.   Coulomb (SR)
    4.10758e+02    6.15971e+03    4.94021e+04   -2.85979e+03   -3.78518e+05
   Coul. recip.      Potential    Kinetic En.   Total Energy  Conserved En.
    2.10213e+03   -3.21853e+05    6.20184e+04   -2.59834e+05   -2.59416e+05
    Temperature Pres. DC (bar) Pressure (bar)   Constr. rmsd
    3.04546e+02   -1.92635e+02   -1.17255e+02    4.14545e-06

           Step           Time
         270000      540.00000

   Energies (kJ/mol)
           Bond            U-B    Proper Dih.  Improper Dih.      CMAP Dih.
    3.11430e+02    7.18252e+02    5.06734e+02    6.69005e+01   -1.30109e+02
          LJ-14     Coulomb-14        LJ (SR)  Disper. corr.   Coulomb (SR)
    3.74357e+02    6.07100e+03    4.98674e+04   -2.84462e+03   -3.78803e+05
   Coul. recip.      Potential    Kinetic En.   Total Energy  Conserved En.
    1.99686e+03   -3.21865e+05    6.11494e+04   -2.60716e+05   -2.59376e+05
    Temperature Pres. DC (bar) Pressure (bar)   Constr. rmsd
    3.00279e+02   -1.90599e+02   -1.97815e+02    3.15667e-06

Writing checkpoint, step 273150 at Sun Nov  8 04:25:23 2020


           Step           Time
         275000      550.00000

   Energies (kJ/mol)
           Bond            U-B    Proper Dih.  Improper Dih.      CMAP Dih.
    3.25118e+02    7.75457e+02    5.03547e+02    3.62924e+01   -1.46972e+02
          LJ-14     Coulomb-14        LJ (SR)  Disper. corr.   Coulomb (SR)
    3.95113e+02    6.16317e+03    4.94746e+04   -2.86889e+03   -3.78873e+05
   Coul. recip.      Potential    Kinetic En.   Total Energy  Conserved En.
    2.09175e+03   -3.22123e+05    6.17266e+04   -2.60397e+05   -2.59355e+05
    Temperature Pres. DC (bar) Pressure (bar)   Constr. rmsd
    3.03113e+02   -1.93861e+02   -2.14935e+02    2.48185e-06

           Step           Time
         280000      560.00000

   Energies (kJ/mol)
           Bond            U-B    Proper Dih.  Improper Dih.      CMAP Dih.
    2.67077e+02    7.20503e+02    4.82969e+02    5.24469e+01   -1.51969e+02
          LJ-14     Coulomb-14        LJ (SR)  Disper. corr.   Coulomb (SR)
    4.10571e+02    6.16580e+03    4.99716e+04   -2.85130e+03   -3.78902e+05
   Coul. recip.      Potential    Kinetic En.   Total Energy  Conserved En.
    1.99310e+03   -3.21841e+05    6.13645e+04   -2.60477e+05   -2.59322e+05
    Temperature Pres. DC (bar) Pressure (bar)   Constr. rmsd
    3.01335e+02   -1.91493e+02   -4.86841e+01    2.36161e-06

           Step           Time
         285000      570.00000

   Energies (kJ/mol)
           Bond            U-B    Proper Dih.  Improper Dih.      CMAP Dih.
    2.63935e+02    6.88335e+02    4.74095e+02    6.79444e+01   -1.32638e+02
          LJ-14     Coulomb-14        LJ (SR)  Disper. corr.   Coulomb (SR)
    3.97180e+02    6.18546e+03    5.06521e+04   -2.86515e+03   -3.79936e+05
   Coul. recip.      Potential    Kinetic En.   Total Energy  Conserved En.
    2.04464e+03   -3.22161e+05    6.06550e+04   -2.61506e+05   -2.59288e+05
    Temperature Pres. DC (bar) Pressure (bar)   Constr. rmsd
    2.97851e+02   -1.93357e+02    8.18704e+01    2.67572e-06

           Step           Time
         290000      580.00000

   Energies (kJ/mol)
           Bond            U-B    Proper Dih.  Improper Dih.      CMAP Dih.
    3.26637e+02    7.82765e+02    4.81943e+02    4.87010e+01   -1.39014e+02
          LJ-14     Coulomb-14        LJ (SR)  Disper. corr.   Coulomb (SR)
    3.90505e+02    6.20949e+03    5.13459e+04   -2.87230e+03   -3.81140e+05
   Coul. recip.      Potential    Kinetic En.   Total Energy  Conserved En.
    1.98386e+03   -3.22581e+05    6.09868e+04   -2.61595e+05   -2.59245e+05
    Temperature Pres. DC (bar) Pressure (bar)   Constr. rmsd
    2.99481e+02   -1.94321e+02    2.63730e+02    2.49463e-06

           Step           Time
         295000      590.00000

   Energies (kJ/mol)
           Bond            U-B    Proper Dih.  Improper Dih.      CMAP Dih.
    2.62997e+02    6.70591e+02    5.00746e+02    5.59079e+01   -1.26744e+02
          LJ-14     Coulomb-14        LJ (SR)  Disper. corr.   Coulomb (SR)
    3.79523e+02    6.21780e+03    4.97579e+04   -2.85949e+03   -3.79576e+05
   Coul. recip.      Potential    Kinetic En.   Total Energy  Conserved En.
    2.06163e+03   -3.22656e+05    6.05531e+04   -2.62102e+05   -2.59227e+05
    Temperature Pres. DC (bar) Pressure (bar)   Constr. rmsd
    2.97351e+02   -1.92595e+02   -1.76689e+02    1.94196e-06

Writing checkpoint, step 298200 at Sun Nov  8 04:40:23 2020


           Step           Time
         300000      600.00000

   Energies (kJ/mol)
           Bond            U-B    Proper Dih.  Improper Dih.      CMAP Dih.
    2.94608e+02    7.60624e+02    4.91595e+02    5.15540e+01   -1.27863e+02
          LJ-14     Coulomb-14        LJ (SR)  Disper. corr.   Coulomb (SR)
    4.06683e+02    6.27728e+03    4.96783e+04   -2.87347e+03   -3.78895e+05
   Coul. recip.      Potential    Kinetic En.   Total Energy  Conserved En.
    2.04874e+03   -3.21887e+05    6.16033e+04   -2.60284e+05   -2.59206e+05
    Temperature Pres. DC (bar) Pressure (bar)   Constr. rmsd
    3.02508e+02   -1.94480e+02    4.11404e+00    2.56233e-06

           Step           Time
         305000      610.00000

   Energies (kJ/mol)
           Bond            U-B    Proper Dih.  Improper Dih.      CMAP Dih.
    2.66360e+02    8.18920e+02    4.98898e+02    5.24337e+01   -1.50377e+02
          LJ-14     Coulomb-14        LJ (SR)  Disper. corr.   Coulomb (SR)
    4.46271e+02    6.13807e+03    4.96996e+04   -2.85550e+03   -3.77306e+05
   Coul. recip.      Potential    Kinetic En.   Total Energy  Conserved En.
    2.15816e+03   -3.20233e+05    6.13473e+04   -2.58886e+05   -2.59156e+05
    Temperature Pres. DC (bar) Pressure (bar)   Constr. rmsd
    3.01251e+02   -1.92058e+02    1.26004e+02    2.73781e-06

           Step           Time
         310000      620.00000

   Energies (kJ/mol)
           Bond            U-B    Proper Dih.  Improper Dih.      CMAP Dih.
    2.52298e+02    7.57971e+02    4.53679e+02    3.77978e+01   -1.48252e+02
          LJ-14     Coulomb-14        LJ (SR)  Disper. corr.   Coulomb (SR)
    4.10117e+02    6.19891e+03    4.98920e+04   -2.86420e+03   -3.78747e+05
   Coul. recip.      Potential    Kinetic En.   Total Energy  Conserved En.
    2.06886e+03   -3.21688e+05    6.09268e+04   -2.60761e+05   -2.59116e+05
    Temperature Pres. DC (bar) Pressure (bar)   Constr. rmsd
    2.99186e+02   -1.93229e+02    4.42231e+01    2.67113e-06

           Step           Time
         315000      630.00000

   Energies (kJ/mol)
           Bond            U-B    Proper Dih.  Improper Dih.      CMAP Dih.
    3.35186e+02    7.29067e+02    4.56936e+02    3.31506e+01   -1.37989e+02
          LJ-14     Coulomb-14        LJ (SR)  Disper. corr.   Coulomb (SR)
    3.98564e+02    6.25357e+03    5.02708e+04   -2.84675e+03   -3.78697e+05
   Coul. recip.      Potential    Kinetic En.   Total Energy  Conserved En.
    2.14342e+03   -3.21061e+05    6.11799e+04   -2.59882e+05   -2.59100e+05
    Temperature Pres. DC (bar) Pressure (bar)   Constr. rmsd
    3.00429e+02   -1.90884e+02    4.79424e+00    2.42412e-06

           Step           Time
         320000      640.00000

   Energies (kJ/mol)
           Bond            U-B    Proper Dih.  Improper Dih.      CMAP Dih.
    3.24683e+02    7.13323e+02    4.89774e+02    5.79865e+01   -1.42641e+02
          LJ-14     Coulomb-14        LJ (SR)  Disper. corr.   Coulomb (SR)
    4.19505e+02    6.06297e+03    4.95559e+04   -2.86728e+03   -3.78388e+05
   Coul. recip.      Potential    Kinetic En.   Total Energy  Conserved En.
    2.09467e+03   -3.21679e+05    6.08307e+04   -2.60848e+05   -2.59069e+05
    Temperature Pres. DC (bar) Pressure (bar)   Constr. rmsd
    2.98714e+02   -1.93645e+02   -7.76772e+01    2.39471e-06

Writing checkpoint, step 323100 at Sun Nov  8 04:55:23 2020


           Step           Time
         325000      650.00000

   Energies (kJ/mol)
           Bond            U-B    Proper Dih.  Improper Dih.      CMAP Dih.
    3.39598e+02    7.54644e+02    5.10195e+02    4.75158e+01   -1.45155e+02
          LJ-14     Coulomb-14        LJ (SR)  Disper. corr.   Coulomb (SR)
    4.23275e+02    6.07547e+03    5.08494e+04   -2.86841e+03   -3.79193e+05
   Coul. recip.      Potential    Kinetic En.   Total Energy  Conserved En.
    2.00983e+03   -3.21197e+05    6.09383e+04   -2.60259e+05   -2.59049e+05
    Temperature Pres. DC (bar) Pressure (bar)   Constr. rmsd
    2.99242e+02   -1.93796e+02    2.89827e+02    2.95758e-06

           Step           Time
         330000      660.00000

   Energies (kJ/mol)
           Bond            U-B    Proper Dih.  Improper Dih.      CMAP Dih.
    2.84300e+02    6.83457e+02    4.58295e+02    2.58030e+01   -1.33790e+02
          LJ-14     Coulomb-14        LJ (SR)  Disper. corr.   Coulomb (SR)
    4.18908e+02    6.09842e+03    5.05312e+04   -2.85150e+03   -3.79756e+05
   Coul. recip.      Potential    Kinetic En.   Total Energy  Conserved En.
    2.04866e+03   -3.22192e+05    6.05555e+04   -2.61636e+05   -2.59017e+05
    Temperature Pres. DC (bar) Pressure (bar)   Constr. rmsd
    2.97362e+02   -1.91521e+02    3.22618e+01    2.54342e-06

           Step           Time
         335000      670.00000

   Energies (kJ/mol)
           Bond            U-B    Proper Dih.  Improper Dih.      CMAP Dih.
    2.68202e+02    7.41459e+02    4.60465e+02    4.60528e+01   -1.37487e+02
          LJ-14     Coulomb-14        LJ (SR)  Disper. corr.   Coulomb (SR)
    3.91491e+02    6.04027e+03    5.09815e+04   -2.85170e+03   -3.79560e+05
   Coul. recip.      Potential    Kinetic En.   Total Energy  Conserved En.
    2.07493e+03   -3.21545e+05    6.10634e+04   -2.60482e+05   -2.58994e+05
    Temperature Pres. DC (bar) Pressure (bar)   Constr. rmsd
    2.99857e+02   -1.91548e+02    1.02814e+02    2.98363e-06

           Step           Time
         340000      680.00000

   Energies (kJ/mol)
           Bond            U-B    Proper Dih.  Improper Dih.      CMAP Dih.
    2.45449e+02    7.87182e+02    4.67797e+02    5.12892e+01   -1.32773e+02
          LJ-14     Coulomb-14        LJ (SR)  Disper. corr.   Coulomb (SR)
    4.16459e+02    6.20650e+03    4.91987e+04   -2.85664e+03   -3.78039e+05
   Coul. recip.      Potential    Kinetic En.   Total Energy  Conserved En.
    2.05138e+03   -3.21604e+05    6.11870e+04   -2.60417e+05   -2.58954e+05
    Temperature Pres. DC (bar) Pressure (bar)   Constr. rmsd
    3.00464e+02   -1.92211e+02   -1.49033e+02    2.59400e-06

           Step           Time
         345000      690.00000

   Energies (kJ/mol)
           Bond            U-B    Proper Dih.  Improper Dih.      CMAP Dih.
    2.66376e+02    7.76109e+02    4.57489e+02    4.45011e+01   -1.45697e+02
          LJ-14     Coulomb-14        LJ (SR)  Disper. corr.   Coulomb (SR)
    4.23679e+02    6.03583e+03    4.87479e+04   -2.84592e+03   -3.77570e+05
   Coul. recip.      Potential    Kinetic En.   Total Energy  Conserved En.
    2.06553e+03   -3.21745e+05    6.14351e+04   -2.60310e+05   -2.58922e+05
    Temperature Pres. DC (bar) Pressure (bar)   Constr. rmsd
    3.01682e+02   -1.90774e+02   -3.62036e+02    2.29548e-06

Writing checkpoint, step 348150 at Sun Nov  8 05:10:23 2020


           Step           Time
         350000      700.00000

   Energies (kJ/mol)
           Bond            U-B    Proper Dih.  Improper Dih.      CMAP Dih.
    3.27974e+02    6.53254e+02    4.59627e+02    3.04913e+01   -1.35572e+02
          LJ-14     Coulomb-14        LJ (SR)  Disper. corr.   Coulomb (SR)
    3.65412e+02    6.14692e+03    5.05951e+04   -2.86025e+03   -3.79897e+05
   Coul. recip.      Potential    Kinetic En.   Total Energy  Conserved En.
    2.00097e+03   -3.22313e+05    6.04830e+04   -2.61830e+05   -2.58893e+05
    Temperature Pres. DC (bar) Pressure (bar)   Constr. rmsd
    2.97006e+02   -1.92697e+02    1.73830e+01    2.52325e-06

           Step           Time
         355000      710.00000

   Energies (kJ/mol)
           Bond            U-B    Proper Dih.  Improper Dih.      CMAP Dih.
    2.85151e+02    7.11900e+02    4.59181e+02    4.90074e+01   -1.29032e+02
          LJ-14     Coulomb-14        LJ (SR)  Disper. corr.   Coulomb (SR)
    4.04481e+02    6.05659e+03    4.98047e+04   -2.85842e+03   -3.78969e+05
   Coul. recip.      Potential    Kinetic En.   Total Energy  Conserved En.
    2.04963e+03   -3.22136e+05    6.06435e+04   -2.61493e+05   -2.58857e+05
    Temperature Pres. DC (bar) Pressure (bar)   Constr. rmsd
    2.97795e+02   -1.92451e+02   -9.90243e+01    2.74215e-06

           Step           Time
         360000      720.00000

   Energies (kJ/mol)
           Bond            U-B    Proper Dih.  Improper Dih.      CMAP Dih.
    3.20992e+02    7.29619e+02    5.21826e+02    4.08555e+01   -1.40010e+02
          LJ-14     Coulomb-14        LJ (SR)  Disper. corr.   Coulomb (SR)
    4.06868e+02    6.14364e+03    5.06101e+04   -2.88166e+03   -3.79893e+05
   Coul. recip.      Potential    Kinetic En.   Total Energy  Conserved En.
    2.03005e+03   -3.22111e+05    6.17268e+04   -2.60384e+05   -2.58805e+05
    Temperature Pres. DC (bar) Pressure (bar)   Constr. rmsd
    3.03115e+02   -1.95589e+02    1.59459e+02    3.13907e-06

           Step           Time
         365000      730.00000

   Energies (kJ/mol)
           Bond            U-B    Proper Dih.  Improper Dih.      CMAP Dih.
    3.61142e+02    6.96477e+02    4.97885e+02    4.35442e+01   -1.32405e+02
          LJ-14     Coulomb-14        LJ (SR)  Disper. corr.   Coulomb (SR)
    4.13609e+02    6.14195e+03    4.96490e+04   -2.85440e+03   -3.78595e+05
   Coul. recip.      Potential    Kinetic En.   Total Energy  Conserved En.
    2.00054e+03   -3.21777e+05    6.10776e+04   -2.60700e+05   -2.58777e+05
    Temperature Pres. DC (bar) Pressure (bar)   Constr. rmsd
    2.99927e+02   -1.91911e+02   -1.20873e+02    2.22371e-06

           Step           Time
         370000      740.00000

   Energies (kJ/mol)
           Bond            U-B    Proper Dih.  Improper Dih.      CMAP Dih.
    3.10382e+02    8.17593e+02    4.65788e+02    2.26980e+01   -1.47178e+02
          LJ-14     Coulomb-14        LJ (SR)  Disper. corr.   Coulomb (SR)
    4.24350e+02    6.03505e+03    5.06119e+04   -2.87477e+03   -3.80450e+05
   Coul. recip.      Potential    Kinetic En.   Total Energy  Conserved En.
    2.08110e+03   -3.22703e+05    6.15498e+04   -2.61153e+05   -2.58750e+05
    Temperature Pres. DC (bar) Pressure (bar)   Constr. rmsd
    3.02245e+02   -1.94656e+02    1.18695e+02    2.57430e-06

Writing checkpoint, step 373150 at Sun Nov  8 05:25:23 2020


           Step           Time
         375000      750.00000

   Energies (kJ/mol)
           Bond            U-B    Proper Dih.  Improper Dih.      CMAP Dih.
    3.08213e+02    6.55146e+02    4.39918e+02    4.50473e+01   -1.27878e+02
          LJ-14     Coulomb-14        LJ (SR)  Disper. corr.   Coulomb (SR)
    4.45601e+02    6.08755e+03    5.13800e+04   -2.86272e+03   -3.81198e+05
   Coul. recip.      Potential    Kinetic En.   Total Energy  Conserved En.
    2.02916e+03   -3.22798e+05    6.13472e+04   -2.61450e+05   -2.58728e+05
    Temperature Pres. DC (bar) Pressure (bar)   Constr. rmsd
    3.01250e+02   -1.93029e+02    2.14311e+02    2.87110e-06

           Step           Time
         380000      760.00000

   Energies (kJ/mol)
           Bond            U-B    Proper Dih.  Improper Dih.      CMAP Dih.
    2.90285e+02    7.19941e+02    4.97689e+02    5.52015e+01   -1.54080e+02
          LJ-14     Coulomb-14        LJ (SR)  Disper. corr.   Coulomb (SR)
    4.15567e+02    6.12578e+03    4.99973e+04   -2.85882e+03   -3.79238e+05
   Coul. recip.      Potential    Kinetic En.   Total Energy  Conserved En.
    2.10268e+03   -3.22046e+05    6.10590e+04   -2.60987e+05   -2.58699e+05
    Temperature Pres. DC (bar) Pressure (bar)   Constr. rmsd
    2.99835e+02   -1.92505e+02   -3.97098e+01    2.85765e-06

           Step           Time
         385000      770.00000

   Energies (kJ/mol)
           Bond            U-B    Proper Dih.  Improper Dih.      CMAP Dih.
    3.57102e+02    7.30996e+02    4.96073e+02    4.08063e+01   -1.37316e+02
          LJ-14     Coulomb-14        LJ (SR)  Disper. corr.   Coulomb (SR)
    4.01049e+02    6.07049e+03    4.94638e+04   -2.86302e+03   -3.78879e+05
   Coul. recip.      Potential    Kinetic En.   Total Energy  Conserved En.
    2.12437e+03   -3.22194e+05    6.10858e+04   -2.61108e+05   -2.58666e+05
    Temperature Pres. DC (bar) Pressure (bar)   Constr. rmsd
    2.99967e+02   -1.93070e+02   -1.25272e+02    2.15427e-06

           Step           Time
         390000      780.00000

   Energies (kJ/mol)
           Bond            U-B    Proper Dih.  Improper Dih.      CMAP Dih.
    3.11893e+02    6.18178e+02    5.37606e+02    5.70803e+01   -1.39122e+02
          LJ-14     Coulomb-14        LJ (SR)  Disper. corr.   Coulomb (SR)
    4.18766e+02    6.18474e+03    5.06366e+04   -2.86214e+03   -3.79154e+05
   Coul. recip.      Potential    Kinetic En.   Total Energy  Conserved En.
    2.07183e+03   -3.21318e+05    6.12509e+04   -2.60067e+05   -2.58646e+05
    Temperature Pres. DC (bar) Pressure (bar)   Constr. rmsd
    3.00778e+02   -1.92951e+02    1.45571e+02    3.54252e-06

           Step           Time
         395000      790.00000

   Energies (kJ/mol)
           Bond            U-B    Proper Dih.  Improper Dih.      CMAP Dih.
    2.86979e+02    6.94128e+02    5.26844e+02    5.24080e+01   -1.36770e+02
          LJ-14     Coulomb-14        LJ (SR)  Disper. corr.   Coulomb (SR)
    4.40323e+02    6.01584e+03    4.85653e+04   -2.85302e+03   -3.76672e+05
   Coul. recip.      Potential    Kinetic En.   Total Energy  Conserved En.
    2.14134e+03   -3.20939e+05    6.08011e+04   -2.60138e+05   -2.58619e+05
    Temperature Pres. DC (bar) Pressure (bar)   Constr. rmsd
    2.98568e+02   -1.91725e+02   -2.76017e+02    3.12992e-06

Writing checkpoint, step 398300 at Sun Nov  8 05:40:23 2020


           Step           Time
         400000      800.00000

   Energies (kJ/mol)
           Bond            U-B    Proper Dih.  Improper Dih.      CMAP Dih.
    3.13488e+02    8.47312e+02    4.79344e+02    4.40862e+01   -1.51429e+02
          LJ-14     Coulomb-14        LJ (SR)  Disper. corr.   Coulomb (SR)
    4.22642e+02    5.99251e+03    4.98540e+04   -2.85454e+03   -3.78506e+05
   Coul. recip.      Potential    Kinetic En.   Total Energy  Conserved En.
    2.11430e+03   -3.21444e+05    6.10183e+04   -2.60426e+05   -2.58587e+05
    Temperature Pres. DC (bar) Pressure (bar)   Constr. rmsd
    2.99635e+02   -1.91929e+02   -2.50173e+01    2.57663e-06

           Step           Time
         405000      810.00000

   Energies (kJ/mol)
           Bond            U-B    Proper Dih.  Improper Dih.      CMAP Dih.
    3.24026e+02    7.55177e+02    4.86687e+02    3.82845e+01   -1.38210e+02
          LJ-14     Coulomb-14        LJ (SR)  Disper. corr.   Coulomb (SR)
    3.97133e+02    6.05187e+03    4.99326e+04   -2.87207e+03   -3.79514e+05
   Coul. recip.      Potential    Kinetic En.   Total Energy  Conserved En.
    1.97989e+03   -3.22559e+05    6.12587e+04   -2.61300e+05   -2.58553e+05
    Temperature Pres. DC (bar) Pressure (bar)   Constr. rmsd
    3.00816e+02   -1.94290e+02   -2.26369e+01    2.59359e-06

           Step           Time
         410000      820.00000

   Energies (kJ/mol)
           Bond            U-B    Proper Dih.  Improper Dih.      CMAP Dih.
    2.78308e+02    6.74768e+02    4.47174e+02    4.16985e+01   -1.50142e+02
          LJ-14     Coulomb-14        LJ (SR)  Disper. corr.   Coulomb (SR)
    4.08737e+02    6.10445e+03    5.05940e+04   -2.86548e+03   -3.80548e+05
   Coul. recip.      Potential    Kinetic En.   Total Energy  Conserved En.
    2.05306e+03   -3.22962e+05    6.05534e+04   -2.62408e+05   -2.58529e+05
    Temperature Pres. DC (bar) Pressure (bar)   Constr. rmsd
    2.97352e+02   -1.93402e+02    7.51337e+01    2.99234e-06

           Step           Time
         415000      830.00000

   Energies (kJ/mol)
           Bond            U-B    Proper Dih.  Improper Dih.      CMAP Dih.
    3.12071e+02    7.43537e+02    4.92628e+02    4.74171e+01   -1.52773e+02
          LJ-14     Coulomb-14        LJ (SR)  Disper. corr.   Coulomb (SR)
    4.04932e+02    6.15605e+03    5.04647e+04   -2.86497e+03   -3.79470e+05
   Coul. recip.      Potential    Kinetic En.   Total Energy  Conserved En.
    2.14807e+03   -3.21718e+05    6.12818e+04   -2.60436e+05   -2.58497e+05
    Temperature Pres. DC (bar) Pressure (bar)   Constr. rmsd
    3.00929e+02   -1.93332e+02    1.49118e+02    3.12003e-06

           Step           Time
         420000      840.00000

   Energies (kJ/mol)
           Bond            U-B    Proper Dih.  Improper Dih.      CMAP Dih.
    3.28708e+02    7.05558e+02    4.68434e+02    4.17715e+01   -1.52959e+02
          LJ-14     Coulomb-14        LJ (SR)  Disper. corr.   Coulomb (SR)
    3.98047e+02    6.07543e+03    5.04439e+04   -2.85870e+03   -3.80404e+05
   Coul. recip.      Potential    Kinetic En.   Total Energy  Conserved En.
    2.00640e+03   -3.22947e+05    6.07598e+04   -2.62188e+05   -2.58476e+05
    Temperature Pres. DC (bar) Pressure (bar)   Constr. rmsd
    2.98366e+02   -1.92489e+02   -3.27639e+01    2.59285e-06

Writing checkpoint, step 423350 at Sun Nov  8 05:55:24 2020


           Step           Time
         425000      850.00000

   Energies (kJ/mol)
           Bond            U-B    Proper Dih.  Improper Dih.      CMAP Dih.
    3.42258e+02    7.27370e+02    4.77687e+02    3.90497e+01   -1.39038e+02
          LJ-14     Coulomb-14        LJ (SR)  Disper. corr.   Coulomb (SR)
    3.96768e+02    6.04587e+03    4.88629e+04   -2.86072e+03   -3.76960e+05
   Coul. recip.      Potential    Kinetic En.   Total Energy  Conserved En.
    2.05068e+03   -3.21017e+05    6.07887e+04   -2.60228e+05   -2.58449e+05
    Temperature Pres. DC (bar) Pressure (bar)   Constr. rmsd
    2.98508e+02   -1.92760e+02   -3.15312e+02    1.89664e-06

           Step           Time
         430000      860.00000

   Energies (kJ/mol)
           Bond            U-B    Proper Dih.  Improper Dih.      CMAP Dih.
    3.35169e+02    7.73998e+02    5.15318e+02    5.84338e+01   -1.30941e+02
          LJ-14     Coulomb-14        LJ (SR)  Disper. corr.   Coulomb (SR)
    4.02434e+02    6.08311e+03    5.08317e+04   -2.85572e+03   -3.79166e+05
   Coul. recip.      Potential    Kinetic En.   Total Energy  Conserved En.
    2.03168e+03   -3.21121e+05    6.09819e+04   -2.60139e+05   -2.58422e+05
    Temperature Pres. DC (bar) Pressure (bar)   Constr. rmsd
    2.99457e+02   -1.92088e+02    1.40598e+02    2.55527e-06

           Step           Time
         435000      870.00000

   Energies (kJ/mol)
           Bond            U-B    Proper Dih.  Improper Dih.      CMAP Dih.
    2.94551e+02    6.27570e+02    4.75446e+02    3.66627e+01   -1.38993e+02
          LJ-14     Coulomb-14        LJ (SR)  Disper. corr.   Coulomb (SR)
    4.36818e+02    6.15868e+03    4.96434e+04   -2.86555e+03   -3.78686e+05
   Coul. recip.      Potential    Kinetic En.   Total Energy  Conserved En.
    2.04380e+03   -3.21974e+05    6.04082e+04   -2.61566e+05   -2.58397e+05
    Temperature Pres. DC (bar) Pressure (bar)   Constr. rmsd
    2.96639e+02   -1.93410e+02   -1.08797e+02    2.14849e-06

           Step           Time
         440000      880.00000

   Energies (kJ/mol)
           Bond            U-B    Proper Dih.  Improper Dih.      CMAP Dih.
    4.11125e+02    7.56984e+02    4.77992e+02    6.77815e+01   -1.49504e+02
          LJ-14     Coulomb-14        LJ (SR)  Disper. corr.   Coulomb (SR)
    4.22384e+02    5.94681e+03    5.02041e+04   -2.84807e+03   -3.78011e+05
   Coul. recip.      Potential    Kinetic En.   Total Energy  Conserved En.
    2.17207e+03   -3.20549e+05    6.13884e+04   -2.59161e+05   -2.58367e+05
    Temperature Pres. DC (bar) Pressure (bar)   Constr. rmsd
    3.01453e+02   -1.91061e+02   -5.88011e+00    3.47575e-06

           Step           Time
         445000      890.00000

   Energies (kJ/mol)
           Bond            U-B    Proper Dih.  Improper Dih.      CMAP Dih.
    3.26656e+02    6.82074e+02    4.78561e+02    5.27023e+01   -1.48246e+02
          LJ-14     Coulomb-14        LJ (SR)  Disper. corr.   Coulomb (SR)
    4.15898e+02    6.20084e+03    4.98204e+04   -2.86354e+03   -3.79430e+05
   Coul. recip.      Potential    Kinetic En.   Total Energy  Conserved En.
    2.06576e+03   -3.22399e+05    6.15716e+04   -2.60827e+05   -2.58345e+05
    Temperature Pres. DC (bar) Pressure (bar)   Constr. rmsd
    3.02352e+02   -1.93140e+02   -9.45329e+01    2.45008e-06

Writing checkpoint, step 448550 at Sun Nov  8 06:10:24 2020


           Step           Time
         450000      900.00000

   Energies (kJ/mol)
           Bond            U-B    Proper Dih.  Improper Dih.      CMAP Dih.
    3.07328e+02    7.39750e+02    4.78028e+02    4.16764e+01   -1.57337e+02
          LJ-14     Coulomb-14        LJ (SR)  Disper. corr.   Coulomb (SR)
    4.02003e+02    6.14429e+03    5.07415e+04   -2.87221e+03   -3.80377e+05
   Coul. recip.      Potential    Kinetic En.   Total Energy  Conserved En.
    2.04755e+03   -3.22504e+05    6.10197e+04   -2.61485e+05   -2.58306e+05
    Temperature Pres. DC (bar) Pressure (bar)   Constr. rmsd
    2.99642e+02   -1.94310e+02    1.66351e+02    2.18441e-06

           Step           Time
         455000      910.00000

   Energies (kJ/mol)
           Bond            U-B    Proper Dih.  Improper Dih.      CMAP Dih.
    2.66048e+02    8.07172e+02    4.47689e+02    4.91458e+01   -1.53410e+02
          LJ-14     Coulomb-14        LJ (SR)  Disper. corr.   Coulomb (SR)
    4.40680e+02    6.21643e+03    4.99843e+04   -2.86380e+03   -3.79093e+05
   Coul. recip.      Potential    Kinetic En.   Total Energy  Conserved En.
    2.10007e+03   -3.21799e+05    6.09764e+04   -2.60822e+05   -2.58274e+05
    Temperature Pres. DC (bar) Pressure (bar)   Constr. rmsd
    2.99429e+02   -1.93175e+02    8.10647e+01    2.59454e-06

           Step           Time
         460000      920.00000

   Energies (kJ/mol)
           Bond            U-B    Proper Dih.  Improper Dih.      CMAP Dih.
    2.86464e+02    6.52618e+02    4.69031e+02    6.16103e+01   -1.48887e+02
          LJ-14     Coulomb-14        LJ (SR)  Disper. corr.   Coulomb (SR)
    4.31050e+02    6.18453e+03    5.09856e+04   -2.85975e+03   -3.79478e+05
   Coul. recip.      Potential    Kinetic En.   Total Energy  Conserved En.
    2.09385e+03   -3.21322e+05    6.12268e+04   -2.60095e+05   -2.58252e+05
    Temperature Pres. DC (bar) Pressure (bar)   Constr. rmsd
    3.00659e+02   -1.92629e+02    2.89275e+02    3.97789e-06

           Step           Time
         465000      930.00000

   Energies (kJ/mol)
           Bond            U-B    Proper Dih.  Improper Dih.      CMAP Dih.
    3.07183e+02    6.90968e+02    4.66246e+02    4.00377e+01   -1.31803e+02
          LJ-14     Coulomb-14        LJ (SR)  Disper. corr.   Coulomb (SR)
    4.46096e+02    6.10572e+03    4.89945e+04   -2.86745e+03   -3.77825e+05
   Coul. recip.      Potential    Kinetic En.   Total Energy  Conserved En.
    2.13510e+03   -3.21639e+05    6.05178e+04   -2.61121e+05   -2.58215e+05
    Temperature Pres. DC (bar) Pressure (bar)   Constr. rmsd
    2.97177e+02   -1.93667e+02   -1.91148e+02    2.89557e-06

           Step           Time
         470000      940.00000

   Energies (kJ/mol)
           Bond            U-B    Proper Dih.  Improper Dih.      CMAP Dih.
    2.72623e+02    7.30490e+02    4.81508e+02    3.37327e+01   -1.43630e+02
          LJ-14     Coulomb-14        LJ (SR)  Disper. corr.   Coulomb (SR)
    4.12044e+02    6.17834e+03    5.04129e+04   -2.87375e+03   -3.79293e+05
   Coul. recip.      Potential    Kinetic En.   Total Energy  Conserved En.
    2.07428e+03   -3.21715e+05    6.07099e+04   -2.61005e+05   -2.58185e+05
    Temperature Pres. DC (bar) Pressure (bar)   Constr. rmsd
    2.98121e+02   -1.94518e+02    1.91980e+02    2.42791e-06

Writing checkpoint, step 473600 at Sun Nov  8 06:25:23 2020


           Step           Time
         475000      950.00000

   Energies (kJ/mol)
           Bond            U-B    Proper Dih.  Improper Dih.      CMAP Dih.
    3.23800e+02    7.09927e+02    4.61123e+02    4.13668e+01   -1.37471e+02
          LJ-14     Coulomb-14        LJ (SR)  Disper. corr.   Coulomb (SR)
    3.77293e+02    6.09394e+03    5.00015e+04   -2.87377e+03   -3.79246e+05
   Coul. recip.      Potential    Kinetic En.   Total Energy  Conserved En.
    2.03381e+03   -3.22214e+05    6.09015e+04   -2.61313e+05   -2.58160e+05
    Temperature Pres. DC (bar) Pressure (bar)   Constr. rmsd
    2.99062e+02   -1.94521e+02   -2.21665e+01    2.15529e-06

           Step           Time
         480000      960.00000

   Energies (kJ/mol)
           Bond            U-B    Proper Dih.  Improper Dih.      CMAP Dih.
    2.67390e+02    7.09028e+02    4.61283e+02    4.84219e+01   -1.20704e+02
          LJ-14     Coulomb-14        LJ (SR)  Disper. corr.   Coulomb (SR)
    4.20952e+02    6.15522e+03    5.05922e+04   -2.85211e+03   -3.79273e+05
   Coul. recip.      Potential    Kinetic En.   Total Energy  Conserved En.
    2.10140e+03   -3.21490e+05    6.13383e+04   -2.60152e+05   -2.58128e+05
    Temperature Pres. DC (bar) Pressure (bar)   Constr. rmsd
    3.01206e+02   -1.91602e+02    8.15755e+01    2.71093e-06

           Step           Time
         485000      970.00000

   Energies (kJ/mol)
           Bond            U-B    Proper Dih.  Improper Dih.      CMAP Dih.
    3.63268e+02    7.37103e+02    4.46371e+02    3.74671e+01   -1.44887e+02
          LJ-14     Coulomb-14        LJ (SR)  Disper. corr.   Coulomb (SR)
    3.89706e+02    6.08011e+03    5.04239e+04   -2.85589e+03   -3.79433e+05
   Coul. recip.      Potential    Kinetic En.   Total Energy  Conserved En.
    2.11025e+03   -3.21846e+05    6.06945e+04   -2.61151e+05   -2.58099e+05
    Temperature Pres. DC (bar) Pressure (bar)   Constr. rmsd
    2.98045e+02   -1.92111e+02   -1.56250e+01    3.04096e-06

           Step           Time
         490000      980.00000

   Energies (kJ/mol)
           Bond            U-B    Proper Dih.  Improper Dih.      CMAP Dih.
    2.55954e+02    6.50305e+02    4.69702e+02    3.83252e+01   -1.53555e+02
          LJ-14     Coulomb-14        LJ (SR)  Disper. corr.   Coulomb (SR)
    4.16478e+02    6.20620e+03    5.07907e+04   -2.85529e+03   -3.80961e+05
   Coul. recip.      Potential    Kinetic En.   Total Energy  Conserved En.
    2.01398e+03   -3.23128e+05    6.06456e+04   -2.62483e+05   -2.58078e+05
    Temperature Pres. DC (bar) Pressure (bar)   Constr. rmsd
    2.97805e+02   -1.92029e+02    5.76426e+01    2.46657e-06

           Step           Time
         495000      990.00000

   Energies (kJ/mol)
           Bond            U-B    Proper Dih.  Improper Dih.      CMAP Dih.
    3.19565e+02    7.10118e+02    4.66739e+02    4.50430e+01   -1.46753e+02
          LJ-14     Coulomb-14        LJ (SR)  Disper. corr.   Coulomb (SR)
    4.15670e+02    6.08948e+03    5.02289e+04   -2.85642e+03   -3.78749e+05
   Coul. recip.      Potential    Kinetic En.   Total Energy  Conserved En.
    2.07818e+03   -3.21398e+05    6.14272e+04   -2.59971e+05   -2.58057e+05
    Temperature Pres. DC (bar) Pressure (bar)   Constr. rmsd
    3.01643e+02   -1.92182e+02    5.63761e+01    2.80989e-06

Writing checkpoint, step 498850 at Sun Nov  8 06:40:24 2020


           Step           Time
         500000     1000.00000

Writing checkpoint, step 500000 at Sun Nov  8 06:41:04 2020


   Energies (kJ/mol)
           Bond            U-B    Proper Dih.  Improper Dih.      CMAP Dih.
    3.39380e+02    7.92855e+02    5.19868e+02    5.48551e+01   -1.23798e+02
          LJ-14     Coulomb-14        LJ (SR)  Disper. corr.   Coulomb (SR)
    4.15157e+02    5.98764e+03    4.97850e+04   -2.84806e+03   -3.78597e+05
   Coul. recip.      Potential    Kinetic En.   Total Energy  Conserved En.
    2.08527e+03   -3.21588e+05    6.16128e+04   -2.59976e+05   -2.58022e+05
    Temperature Pres. DC (bar) Pressure (bar)   Constr. rmsd
    3.02554e+02   -1.91060e+02   -1.23513e+02    2.62743e-06


	<======  ###############  ==>
	<====  A V E R A G E S  ====>
	<==  ###############  ======>

	Statistics over 500001 steps using 5001 frames

   Energies (kJ/mol)
           Bond            U-B    Proper Dih.  Improper Dih.      CMAP Dih.
    3.04392e+02    7.36082e+02    4.83690e+02    4.74010e+01   -1.42577e+02
          LJ-14     Coulomb-14        LJ (SR)  Disper. corr.   Coulomb (SR)
    4.10501e+02    6.10887e+03    5.01025e+04   -2.85995e+03   -3.79095e+05
   Coul. recip.      Potential    Kinetic En.   Total Energy  Conserved En.
    2.07200e+03   -3.21832e+05    6.10977e+04   -2.60734e+05   -2.59533e+05
    Temperature Pres. DC (bar) Pressure (bar)   Constr. rmsd
    3.00025e+02   -1.92658e+02    2.91937e+00    0.00000e+00

          Box-X          Box-Y          Box-Z
    6.27265e+00    6.27265e+00    6.27265e+00

   Total Virial (kJ/mol)
    2.03267e+04    4.40897e+00    1.20317e+01
    4.37572e+00    2.03405e+04   -8.26293e+00
    1.19989e+01   -8.21349e+00    2.03697e+04

   Pressure (bar)
    5.00617e+00   -1.59917e+00   -1.51797e+00
   -1.59474e+00    4.14248e+00    1.40336e-01
   -1.51367e+00    1.33684e-01   -3.90533e-01

      T-Protein  T-non-Protein
    3.00451e+02    3.00017e+02


	M E G A - F L O P S   A C C O U N T I N G

 NB=Group-cutoff nonbonded kernels    NxN=N-by-N cluster Verlet kernels
 RF=Reaction-Field  VdW=Van der Waals  QSTab=quadratic-spline table
 W3=SPC/TIP3p  W4=TIP4p (single or pairs)
 V&F=Potential and force  V=Potential only  F=Force only

 Computing:                               M-Number         M-Flops  % Flops
-----------------------------------------------------------------------------
 Pair Search distance check           79938.607162      719447.464     0.3
 NxN QSTab Elec. + LJ [F]           3060750.837096   125490784.321    51.0
 NxN QSTab Elec. + LJ [V&F]           30922.996496     1824456.793     0.7
 NxN QSTab Elec. [F]                2914672.116440    99098851.959    40.3
 NxN QSTab Elec. [V&F]                29446.188688     1207293.736     0.5
 1,4 nonbonded interactions             461.000922       41490.083     0.0
 Calc Weights                         36600.073200     1317602.635     0.5
 Spread Q Bspline                    780801.561600     1561603.123     0.6
 Gather F Bspline                    780801.561600     4684809.370     1.9
 3D-FFT                             1021812.043620     8174496.349     3.3
 Solve PME                              800.001600       51200.102     0.0
 Shift-X                                244.024400        1464.146     0.0
 Bonds                                   96.000192        5664.011     0.0
 Propers                                372.000744       85188.170     0.0
 Impropers                               31.000062        6448.013     0.0
 Virial                                1222.274445       22000.940     0.0
 Stop-CM                                122.024400        1220.244     0.0
 Calc-Ekin                             2440.048800       65881.318     0.0
 Lincs                                   88.000176        5280.011     0.0
 Lincs-Mat                              432.000864        1728.003     0.0
 Constraint-V                         12194.024388       97552.195     0.0
 Constraint-Vir                        1210.624212       29054.981     0.0
 Settle                                4006.008012     1293940.588     0.5
 CMAP                                    10.000020       17000.034     0.0
 Urey-Bradley                           324.000648       59292.119     0.0
-----------------------------------------------------------------------------
 Total                                               245863750.709   100.0
-----------------------------------------------------------------------------


     R E A L   C Y C L E   A N D   T I M E   A C C O U N T I N G

On 1 MPI rank, each using 4 OpenMP threads

 Computing:          Num   Num      Call    Wall time         Giga-Cycles
                     Ranks Threads  Count      (s)         total sum    %
-----------------------------------------------------------------------------
 Neighbor search        1    4      10001     225.100       1440.574   1.2
 Force                  1    4     500001   15169.911      97082.992  84.1
 PME mesh               1    4     500001    2069.062      13241.392  11.5
 NB X/F buffer ops.     1    4     990001     227.685       1457.116   1.3
 Write traj.            1    4        121       3.090         19.773   0.0
 Update                 1    4     500001     106.155        679.360   0.6
 Constraints            1    4     500001     174.715       1118.127   1.0
 Rest                                          66.204        423.685   0.4
-----------------------------------------------------------------------------
 Total                                      18041.921     115463.018 100.0
-----------------------------------------------------------------------------
 Breakdown of PME mesh computation
-----------------------------------------------------------------------------
 PME spread             1    4     500001     752.572       4816.242   4.2
 PME gather             1    4     500001     905.705       5796.248   5.0
 PME 3D-FFT             1    4    1000002     311.612       1994.223   1.7
 PME solve Elec         1    4     500001      89.949        575.647   0.5
-----------------------------------------------------------------------------

               Core t (s)   Wall t (s)        (%)
       Time:    72167.683    18041.921      400.0
                         5h00:41
                 (ns/day)    (hour/ns)
Performance:        4.789        5.012
Finished mdrun on rank 0 Sun Nov  8 06:41:04 2020

