                      :-) GROMACS - gmx mdrun, 2020.3 (-:

                            GROMACS is written by:
     Emile Apol      Rossen Apostolov      Paul Bauer     Herman J.C. Berendsen
    Par Bjelkmar      Christian Blau   Viacheslav Bolnykh     Kevin Boyd    
 Aldert van Buuren   Rudi van Drunen     Anton Feenstra       Alan Gray     
  Gerrit Groenhof     Anca Hamuraru    Vincent Hindriksen  M. Eric Irrgang  
  Aleksei Iupinov   Christoph Junghans     Joe Jordan     Dimitrios Karkoulis
    Peter Kasson        Jiri Kraus      Carsten Kutzner      Per Larsson    
  Justin A. Lemkul    Viveca Lindahl    Magnus Lundborg     Erik Marklund   
    Pascal Merz     Pieter Meulenhoff    Teemu Murtola       Szilard Pall   
    Sander Pronk      Roland Schulz      Michael Shirts    Alexey Shvetsov  
   Alfons Sijbers     Peter Tieleman      Jon Vincent      Teemu Virolainen 
 Christian Wennberg    Maarten Wolf      Artem Zhmurov   
                           and the project leaders:
        Mark Abraham, Berk Hess, Erik Lindahl, and David van der Spoel

Copyright (c) 1991-2000, University of Groningen, The Netherlands.
Copyright (c) 2001-2019, The GROMACS development team at
Uppsala University, Stockholm University and
the Royal Institute of Technology, Sweden.
check out http://www.gromacs.org for more information.

GROMACS is free software; you can redistribute it and/or modify it
under the terms of the GNU Lesser General Public License
as published by the Free Software Foundation; either version 2.1
of the License, or (at your option) any later version.

GROMACS:      gmx mdrun, version 2020.3
Executable:   /usr/local/gromacs/bin/gmx
Data prefix:  /usr/local/gromacs
Working dir:  /home/alan/Documentos/estancia/pdb/procesados/p1
Process ID:   11482
Command line:
  gmx mdrun -v -deffnm npt

GROMACS version:    2020.3
Verified release checksum is c0599e547549c2d0ef4fc678dc5a26ad0000eab045e938fed756f9ff5b99a197
Precision:          single
Memory model:       64 bit
MPI library:        thread_mpi
OpenMP support:     enabled (GMX_OPENMP_MAX_THREADS = 64)
GPU support:        disabled
SIMD instructions:  SSE4.1
FFT library:        fftw-3.3.8-sse2
RDTSCP usage:       enabled
TNG support:        enabled
Hwloc support:      hwloc-2.2.0
Tracing support:    disabled
C compiler:         /usr/bin/cc GNU 10.2.0
C compiler flags:   -msse4.1 -fexcess-precision=fast -funroll-all-loops -O3 -DNDEBUG
C++ compiler:       /usr/bin/c++ GNU 10.2.0
C++ compiler flags: -msse4.1 -fexcess-precision=fast -funroll-all-loops -fopenmp -O3 -DNDEBUG


Running on 1 node with total 4 cores, 4 logical cores
Hardware detected:
  CPU info:
    Vendor: Intel
    Brand:  Intel(R) Pentium(R) CPU  N3710  @ 1.60GHz
    Family: 6   Model: 76   Stepping: 4
    Features: aes apic clfsh cmov cx8 cx16 htt intel lahf mmx msr nonstop_tsc pclmuldq pdcm popcnt pse rdrnd rdtscp sse2 sse3 sse4.1 sse4.2 ssse3 tdt
  Hardware topology: Full, with devices
    Sockets, cores, and logical processors:
      Socket  0: [   0] [   1] [   2] [   3]
    Numa nodes:
      Node  0 (4035821568 bytes mem):   0   1   2   3
      Latency:
               0
         0  1.00
    Caches:
      L1: 24576 bytes, linesize 64 bytes, assoc. 6, shared 1 ways
      L2: 1048576 bytes, linesize 64 bytes, assoc. 16, shared 2 ways
    PCI devices:
      0000:00:02.0  Id: 8086:22b1  Class: 0x0300  Numa: 0
      0000:00:13.0  Id: 8086:22a3  Class: 0x0106  Numa: 0
      0000:02:00.0  Id: 8086:3166  Class: 0x0280  Numa: 0
      0000:03:00.0  Id: 10ec:8136  Class: 0x0200  Numa: 0


++++ PLEASE READ AND CITE THE FOLLOWING REFERENCE ++++
M. J. Abraham, T. Murtola, R. Schulz, S. Páll, J. C. Smith, B. Hess, E.
Lindahl
GROMACS: High performance molecular simulations through multi-level
parallelism from laptops to supercomputers
SoftwareX 1 (2015) pp. 19-25
-------- -------- --- Thank You --- -------- --------


++++ PLEASE READ AND CITE THE FOLLOWING REFERENCE ++++
S. Páll, M. J. Abraham, C. Kutzner, B. Hess, E. Lindahl
Tackling Exascale Software Challenges in Molecular Dynamics Simulations with
GROMACS
In S. Markidis & E. Laure (Eds.), Solving Software Challenges for Exascale 8759 (2015) pp. 3-27
-------- -------- --- Thank You --- -------- --------


++++ PLEASE READ AND CITE THE FOLLOWING REFERENCE ++++
S. Pronk, S. Páll, R. Schulz, P. Larsson, P. Bjelkmar, R. Apostolov, M. R.
Shirts, J. C. Smith, P. M. Kasson, D. van der Spoel, B. Hess, and E. Lindahl
GROMACS 4.5: a high-throughput and highly parallel open source molecular
simulation toolkit
Bioinformatics 29 (2013) pp. 845-54
-------- -------- --- Thank You --- -------- --------


++++ PLEASE READ AND CITE THE FOLLOWING REFERENCE ++++
B. Hess and C. Kutzner and D. van der Spoel and E. Lindahl
GROMACS 4: Algorithms for highly efficient, load-balanced, and scalable
molecular simulation
J. Chem. Theory Comput. 4 (2008) pp. 435-447
-------- -------- --- Thank You --- -------- --------


++++ PLEASE READ AND CITE THE FOLLOWING REFERENCE ++++
D. van der Spoel, E. Lindahl, B. Hess, G. Groenhof, A. E. Mark and H. J. C.
Berendsen
GROMACS: Fast, Flexible and Free
J. Comp. Chem. 26 (2005) pp. 1701-1719
-------- -------- --- Thank You --- -------- --------


++++ PLEASE READ AND CITE THE FOLLOWING REFERENCE ++++
E. Lindahl and B. Hess and D. van der Spoel
GROMACS 3.0: A package for molecular simulation and trajectory analysis
J. Mol. Mod. 7 (2001) pp. 306-317
-------- -------- --- Thank You --- -------- --------


++++ PLEASE READ AND CITE THE FOLLOWING REFERENCE ++++
H. J. C. Berendsen, D. van der Spoel and R. van Drunen
GROMACS: A message-passing parallel molecular dynamics implementation
Comp. Phys. Comm. 91 (1995) pp. 43-56
-------- -------- --- Thank You --- -------- --------


++++ PLEASE CITE THE DOI FOR THIS VERSION OF GROMACS ++++
https://doi.org/10.5281/zenodo.3923645
-------- -------- --- Thank You --- -------- --------

Input Parameters:
   integrator                     = md
   tinit                          = 0
   dt                             = 0.002
   nsteps                         = 50000
   init-step                      = 0
   simulation-part                = 1
   comm-mode                      = Linear
   nstcomm                        = 100
   bd-fric                        = 0
   ld-seed                        = -1199385449
   emtol                          = 10
   emstep                         = 0.01
   niter                          = 20
   fcstep                         = 0
   nstcgsteep                     = 1000
   nbfgscorr                      = 10
   rtpi                           = 0.05
   nstxout                        = 500
   nstvout                        = 500
   nstfout                        = 0
   nstlog                         = 500
   nstcalcenergy                  = 100
   nstenergy                      = 500
   nstxout-compressed             = 0
   compressed-x-precision         = 1000
   cutoff-scheme                  = Verlet
   nstlist                        = 10
   pbc                            = xyz
   periodic-molecules             = false
   verlet-buffer-tolerance        = 0.005
   rlist                          = 1
   coulombtype                    = PME
   coulomb-modifier               = Potential-shift
   rcoulomb-switch                = 0
   rcoulomb                       = 1
   epsilon-r                      = 1
   epsilon-rf                     = inf
   vdw-type                       = Cut-off
   vdw-modifier                   = Potential-shift
   rvdw-switch                    = 0
   rvdw                           = 1
   DispCorr                       = EnerPres
   table-extension                = 1
   fourierspacing                 = 0.16
   fourier-nx                     = 40
   fourier-ny                     = 40
   fourier-nz                     = 40
   pme-order                      = 4
   ewald-rtol                     = 1e-05
   ewald-rtol-lj                  = 0.001
   lj-pme-comb-rule               = Geometric
   ewald-geometry                 = 0
   epsilon-surface                = 0
   tcoupl                         = V-rescale
   nsttcouple                     = 10
   nh-chain-length                = 0
   print-nose-hoover-chain-variables = false
   pcoupl                         = Parrinello-Rahman
   pcoupltype                     = Isotropic
   nstpcouple                     = 10
   tau-p                          = 2
   compressibility (3x3):
      compressibility[    0]={ 4.50000e-05,  0.00000e+00,  0.00000e+00}
      compressibility[    1]={ 0.00000e+00,  4.50000e-05,  0.00000e+00}
      compressibility[    2]={ 0.00000e+00,  0.00000e+00,  4.50000e-05}
   ref-p (3x3):
      ref-p[    0]={ 1.00000e+00,  0.00000e+00,  0.00000e+00}
      ref-p[    1]={ 0.00000e+00,  1.00000e+00,  0.00000e+00}
      ref-p[    2]={ 0.00000e+00,  0.00000e+00,  1.00000e+00}
   refcoord-scaling               = COM
   posres-com (3):
      posres-com[0]= 4.96006e-01
      posres-com[1]= 5.01846e-01
      posres-com[2]= 5.00130e-01
   posres-comB (3):
      posres-comB[0]= 4.96006e-01
      posres-comB[1]= 5.01846e-01
      posres-comB[2]= 5.00130e-01
   QMMM                           = false
   QMconstraints                  = 0
   QMMMscheme                     = 0
   MMChargeScaleFactor            = 1
qm-opts:
   ngQM                           = 0
   constraint-algorithm           = Lincs
   continuation                   = true
   Shake-SOR                      = false
   shake-tol                      = 0.0001
   lincs-order                    = 4
   lincs-iter                     = 1
   lincs-warnangle                = 30
   nwall                          = 0
   wall-type                      = 9-3
   wall-r-linpot                  = -1
   wall-atomtype[0]               = -1
   wall-atomtype[1]               = -1
   wall-density[0]                = 0
   wall-density[1]                = 0
   wall-ewald-zfac                = 3
   pull                           = false
   awh                            = false
   rotation                       = false
   interactiveMD                  = false
   disre                          = No
   disre-weighting                = Conservative
   disre-mixed                    = false
   dr-fc                          = 1000
   dr-tau                         = 0
   nstdisreout                    = 100
   orire-fc                       = 0
   orire-tau                      = 0
   nstorireout                    = 100
   free-energy                    = no
   cos-acceleration               = 0
   deform (3x3):
      deform[    0]={ 0.00000e+00,  0.00000e+00,  0.00000e+00}
      deform[    1]={ 0.00000e+00,  0.00000e+00,  0.00000e+00}
      deform[    2]={ 0.00000e+00,  0.00000e+00,  0.00000e+00}
   simulated-tempering            = false
   swapcoords                     = no
   userint1                       = 0
   userint2                       = 0
   userint3                       = 0
   userint4                       = 0
   userreal1                      = 0
   userreal2                      = 0
   userreal3                      = 0
   userreal4                      = 0
   applied-forces:
     electric-field:
       x:
         E0                       = 0
         omega                    = 0
         t0                       = 0
         sigma                    = 0
       y:
         E0                       = 0
         omega                    = 0
         t0                       = 0
         sigma                    = 0
       z:
         E0                       = 0
         omega                    = 0
         t0                       = 0
         sigma                    = 0
     density-guided-simulation:
       active                     = false
       group                      = protein
       similarity-measure         = inner-product
       atom-spreading-weight      = unity
       force-constant             = 1e+09
       gaussian-transform-spreading-width = 0.2
       gaussian-transform-spreading-range-in-multiples-of-width = 4
       reference-density-filename = reference.mrc
       nst                        = 1
       normalize-densities        = true
       adaptive-force-scaling     = false
       adaptive-force-scaling-time-constant = 4
grpopts:
   nrdf:     915.944     48069.1
   ref-t:         300         300
   tau-t:         0.1         0.1
annealing:          No          No
annealing-npoints:           0           0
   acc:	           0           0           0
   nfreeze:           N           N           N
   energygrp-flags[  0]: 0

Changing nstlist from 10 to 50, rlist from 1 to 1.11

Using 1 MPI thread

Non-default thread affinity set, disabling internal thread affinity

Using 4 OpenMP threads 

System total charge: 0.000
Will do PME sum in reciprocal space for electrostatic interactions.

++++ PLEASE READ AND CITE THE FOLLOWING REFERENCE ++++
U. Essmann, L. Perera, M. L. Berkowitz, T. Darden, H. Lee and L. G. Pedersen 
A smooth particle mesh Ewald method
J. Chem. Phys. 103 (1995) pp. 8577-8592
-------- -------- --- Thank You --- -------- --------

Using a Gaussian width (1/beta) of 0.320163 nm for Ewald
Potential shift: LJ r^-12: -1.000e+00 r^-6: -1.000e+00, Ewald -1.000e-05
Initialized non-bonded Ewald tables, spacing: 9.33e-04 size: 1073

Generated table with 1055 data points for 1-4 COUL.
Tabscale = 500 points/nm
Generated table with 1055 data points for 1-4 LJ6.
Tabscale = 500 points/nm
Generated table with 1055 data points for 1-4 LJ12.
Tabscale = 500 points/nm

Using SIMD 4x4 nonbonded short-range kernels

Using a dual 4x4 pair-list setup updated with dynamic pruning:
  outer list: updated every 50 steps, buffer 0.110 nm, rlist 1.110 nm
  inner list: updated every 12 steps, buffer 0.002 nm, rlist 1.002 nm
At tolerance 0.005 kJ/mol/ps per atom, equivalent classical 1x1 list would be:
  outer list: updated every 50 steps, buffer 0.235 nm, rlist 1.235 nm
  inner list: updated every 12 steps, buffer 0.047 nm, rlist 1.047 nm

Using Lorentz-Berthelot Lennard-Jones combination rule

Long Range LJ corr.: <C6> 2.8338e-04


Initializing LINear Constraint Solver

++++ PLEASE READ AND CITE THE FOLLOWING REFERENCE ++++
B. Hess and H. Bekker and H. J. C. Berendsen and J. G. E. M. Fraaije
LINCS: A Linear Constraint Solver for molecular simulations
J. Comp. Chem. 18 (1997) pp. 1463-1472
-------- -------- --- Thank You --- -------- --------

The number of constraints is 176

++++ PLEASE READ AND CITE THE FOLLOWING REFERENCE ++++
S. Miyamoto and P. A. Kollman
SETTLE: An Analytical Version of the SHAKE and RATTLE Algorithms for Rigid
Water Models
J. Comp. Chem. 13 (1992) pp. 952-962
-------- -------- --- Thank You --- -------- --------


++++ PLEASE READ AND CITE THE FOLLOWING REFERENCE ++++
G. Bussi, D. Donadio and M. Parrinello
Canonical sampling through velocity rescaling
J. Chem. Phys. 126 (2007) pp. 014101
-------- -------- --- Thank You --- -------- --------

There are: 24400 Atoms
Center of mass motion removal mode is Linear
We have the following groups for center of mass motion removal:
  0:  rest

Started mdrun on rank 0 Wed Oct 28 22:52:06 2020

           Step           Time
              0        0.00000

   Energies (kJ/mol)
           Bond            U-B    Proper Dih.  Improper Dih.      CMAP Dih.
    3.14089e+02    7.54031e+02    5.09899e+02    4.77484e+01   -1.41745e+02
          LJ-14     Coulomb-14        LJ (SR)  Disper. corr.   Coulomb (SR)
    4.19078e+02    6.18695e+03    4.95060e+04   -2.84327e+03   -3.77482e+05
   Coul. recip. Position Rest.      Potential    Kinetic En.   Total Energy
    2.09040e+03    2.30887e-02   -3.20638e+05    6.11176e+04   -2.59521e+05
  Conserved En.    Temperature Pres. DC (bar) Pressure (bar)   Constr. rmsd
   -2.59506e+05    3.00123e+02   -1.90418e+02   -1.42302e+02    2.59639e-06

           Step           Time
            500        1.00000

   Energies (kJ/mol)
           Bond            U-B    Proper Dih.  Improper Dih.      CMAP Dih.
    2.92372e+02    6.42708e+02    4.89383e+02    4.35341e+01   -1.58888e+02
          LJ-14     Coulomb-14        LJ (SR)  Disper. corr.   Coulomb (SR)
    4.16888e+02    6.28939e+03    4.96442e+04   -2.85518e+03   -3.78696e+05
   Coul. recip. Position Rest.      Potential    Kinetic En.   Total Energy
    2.06762e+03    9.63631e+01   -3.21727e+05    6.15226e+04   -2.60205e+05
  Conserved En.    Temperature Pres. DC (bar) Pressure (bar)   Constr. rmsd
   -2.59508e+05    3.02112e+02   -1.92015e+02   -6.00926e+01    2.85537e-06

           Step           Time
           1000        2.00000

   Energies (kJ/mol)
           Bond            U-B    Proper Dih.  Improper Dih.      CMAP Dih.
    2.78350e+02    6.85407e+02    4.87429e+02    4.77558e+01   -1.46714e+02
          LJ-14     Coulomb-14        LJ (SR)  Disper. corr.   Coulomb (SR)
    3.83013e+02    6.16981e+03    5.02598e+04   -2.83227e+03   -3.79691e+05
   Coul. recip. Position Rest.      Potential    Kinetic En.   Total Energy
    2.12190e+03    1.19028e+02   -3.22118e+05    6.07274e+04   -2.61390e+05
  Conserved En.    Temperature Pres. DC (bar) Pressure (bar)   Constr. rmsd
   -2.59514e+05    2.98207e+02   -1.88949e+02   -2.12828e+02    2.65864e-06

           Step           Time
           1500        3.00000

   Energies (kJ/mol)
           Bond            U-B    Proper Dih.  Improper Dih.      CMAP Dih.
    2.92108e+02    7.95885e+02    5.21692e+02    4.76064e+01   -1.47055e+02
          LJ-14     Coulomb-14        LJ (SR)  Disper. corr.   Coulomb (SR)
    4.20582e+02    6.15541e+03    5.05953e+04   -2.85158e+03   -3.78621e+05
   Coul. recip. Position Rest.      Potential    Kinetic En.   Total Energy
    2.02656e+03    1.14368e+02   -3.20650e+05    6.08970e+04   -2.59753e+05
  Conserved En.    Temperature Pres. DC (bar) Pressure (bar)   Constr. rmsd
   -2.59497e+05    2.99039e+02   -1.91532e+02    1.81411e+02    1.94972e-06

           Step           Time
           2000        4.00000

   Energies (kJ/mol)
           Bond            U-B    Proper Dih.  Improper Dih.      CMAP Dih.
    3.14681e+02    7.15584e+02    4.81618e+02    3.44235e+01   -1.44078e+02
          LJ-14     Coulomb-14        LJ (SR)  Disper. corr.   Coulomb (SR)
    3.80290e+02    6.26039e+03    5.06715e+04   -2.88252e+03   -3.80727e+05
   Coul. recip. Position Rest.      Potential    Kinetic En.   Total Energy
    2.04567e+03    8.85597e+01   -3.22761e+05    6.15683e+04   -2.61193e+05
  Conserved En.    Temperature Pres. DC (bar) Pressure (bar)   Constr. rmsd
   -2.59498e+05    3.02336e+02   -1.95705e+02    1.57139e+02    2.46946e-06

           Step           Time
           2500        5.00000

   Energies (kJ/mol)
           Bond            U-B    Proper Dih.  Improper Dih.      CMAP Dih.
    3.38829e+02    6.85743e+02    4.81453e+02    4.81614e+01   -1.50769e+02
          LJ-14     Coulomb-14        LJ (SR)  Disper. corr.   Coulomb (SR)
    3.81316e+02    6.21425e+03    4.97308e+04   -2.83555e+03   -3.79157e+05
   Coul. recip. Position Rest.      Potential    Kinetic En.   Total Energy
    2.03655e+03    9.19432e+01   -3.22134e+05    6.07831e+04   -2.61351e+05
  Conserved En.    Temperature Pres. DC (bar) Pressure (bar)   Constr. rmsd
   -2.59496e+05    2.98480e+02   -1.89387e+02   -2.85962e+02    2.39639e-06

           Step           Time
           3000        6.00000

   Energies (kJ/mol)
           Bond            U-B    Proper Dih.  Improper Dih.      CMAP Dih.
    2.66768e+02    7.20194e+02    4.75639e+02    4.74137e+01   -1.49300e+02
          LJ-14     Coulomb-14        LJ (SR)  Disper. corr.   Coulomb (SR)
    4.30542e+02    6.16667e+03    5.02930e+04   -2.87341e+03   -3.79564e+05
   Coul. recip. Position Rest.      Potential    Kinetic En.   Total Energy
    2.07935e+03    1.22294e+02   -3.21985e+05    6.02383e+04   -2.61747e+05
  Conserved En.    Temperature Pres. DC (bar) Pressure (bar)   Constr. rmsd
   -2.59478e+05    2.95805e+02   -1.94471e+02    4.60558e+01    2.35001e-06

           Step           Time
           3500        7.00000

   Energies (kJ/mol)
           Bond            U-B    Proper Dih.  Improper Dih.      CMAP Dih.
    3.29142e+02    7.44216e+02    5.03555e+02    4.48039e+01   -1.44845e+02
          LJ-14     Coulomb-14        LJ (SR)  Disper. corr.   Coulomb (SR)
    4.11009e+02    6.28506e+03    5.07813e+04   -2.85422e+03   -3.80743e+05
   Coul. recip. Position Rest.      Potential    Kinetic En.   Total Energy
    2.14645e+03    1.15440e+02   -3.22381e+05    6.16626e+04   -2.60719e+05
  Conserved En.    Temperature Pres. DC (bar) Pressure (bar)   Constr. rmsd
   -2.59485e+05    3.02799e+02   -1.91887e+02    5.62502e+01    2.53338e-06

           Step           Time
           4000        8.00000

   Energies (kJ/mol)
           Bond            U-B    Proper Dih.  Improper Dih.      CMAP Dih.
    3.26639e+02    6.92633e+02    4.96550e+02    3.60866e+01   -1.59691e+02
          LJ-14     Coulomb-14        LJ (SR)  Disper. corr.   Coulomb (SR)
    4.37070e+02    6.20914e+03    5.07593e+04   -2.86093e+03   -3.80296e+05
   Coul. recip. Position Rest.      Potential    Kinetic En.   Total Energy
    2.01172e+03    9.69769e+01   -3.22251e+05    6.08826e+04   -2.61368e+05
  Conserved En.    Temperature Pres. DC (bar) Pressure (bar)   Constr. rmsd
   -2.59473e+05    2.98969e+02   -1.92788e+02    9.49548e+01    1.64410e-06

           Step           Time
           4500        9.00000

   Energies (kJ/mol)
           Bond            U-B    Proper Dih.  Improper Dih.      CMAP Dih.
    3.03491e+02    6.78772e+02    4.95970e+02    3.53986e+01   -1.38034e+02
          LJ-14     Coulomb-14        LJ (SR)  Disper. corr.   Coulomb (SR)
    3.83149e+02    6.21384e+03    4.96542e+04   -2.85874e+03   -3.78448e+05
   Coul. recip. Position Rest.      Potential    Kinetic En.   Total Energy
    2.07533e+03    1.14116e+02   -3.21491e+05    6.09376e+04   -2.60553e+05
  Conserved En.    Temperature Pres. DC (bar) Pressure (bar)   Constr. rmsd
   -2.59476e+05    2.99239e+02   -1.92493e+02   -6.31371e+01    2.27300e-06

           Step           Time
           5000       10.00000

   Energies (kJ/mol)
           Bond            U-B    Proper Dih.  Improper Dih.      CMAP Dih.
    3.22962e+02    6.84287e+02    5.28855e+02    5.87976e+01   -1.41920e+02
          LJ-14     Coulomb-14        LJ (SR)  Disper. corr.   Coulomb (SR)
    3.86325e+02    6.22401e+03    5.01407e+04   -2.86118e+03   -3.79354e+05
   Coul. recip. Position Rest.      Potential    Kinetic En.   Total Energy
    2.07498e+03    1.23892e+02   -3.21812e+05    6.06988e+04   -2.61113e+05
  Conserved En.    Temperature Pres. DC (bar) Pressure (bar)   Constr. rmsd
   -2.59466e+05    2.98066e+02   -1.92822e+02   -6.60238e+01    2.82222e-06

           Step           Time
           5500       11.00000

   Energies (kJ/mol)
           Bond            U-B    Proper Dih.  Improper Dih.      CMAP Dih.
    3.50648e+02    6.85748e+02    4.80394e+02    5.23971e+01   -1.51526e+02
          LJ-14     Coulomb-14        LJ (SR)  Disper. corr.   Coulomb (SR)
    3.86258e+02    6.12905e+03    4.94508e+04   -2.85145e+03   -3.77914e+05
   Coul. recip. Position Rest.      Potential    Kinetic En.   Total Energy
    2.11745e+03    1.34007e+02   -3.21130e+05    6.09049e+04   -2.60225e+05
  Conserved En.    Temperature Pres. DC (bar) Pressure (bar)   Constr. rmsd
   -2.59475e+05    2.99078e+02   -1.91514e+02   -2.26424e+02    2.83741e-06

           Step           Time
           6000       12.00000

   Energies (kJ/mol)
           Bond            U-B    Proper Dih.  Improper Dih.      CMAP Dih.
    3.05111e+02    7.22857e+02    4.82911e+02    4.59471e+01   -1.56719e+02
          LJ-14     Coulomb-14        LJ (SR)  Disper. corr.   Coulomb (SR)
    4.19801e+02    6.14805e+03    5.11767e+04   -2.84825e+03   -3.80348e+05
   Coul. recip. Position Rest.      Potential    Kinetic En.   Total Energy
    2.05371e+03    1.07008e+02   -3.21891e+05    6.12700e+04   -2.60621e+05
  Conserved En.    Temperature Pres. DC (bar) Pressure (bar)   Constr. rmsd
   -2.59471e+05    3.00871e+02   -1.91085e+02    1.50474e+02    2.14992e-06

           Step           Time
           6500       13.00000

   Energies (kJ/mol)
           Bond            U-B    Proper Dih.  Improper Dih.      CMAP Dih.
    3.14479e+02    8.05812e+02    4.76062e+02    3.63858e+01   -1.46921e+02
          LJ-14     Coulomb-14        LJ (SR)  Disper. corr.   Coulomb (SR)
    3.78878e+02    6.14654e+03    5.16290e+04   -2.87077e+03   -3.81673e+05
   Coul. recip. Position Rest.      Potential    Kinetic En.   Total Energy
    2.05705e+03    9.21965e+01   -3.22754e+05    6.15306e+04   -2.61224e+05
  Conserved En.    Temperature Pres. DC (bar) Pressure (bar)   Constr. rmsd
   -2.59469e+05    3.02151e+02   -1.94116e+02    2.77451e+02    3.15015e-06

           Step           Time
           7000       14.00000

   Energies (kJ/mol)
           Bond            U-B    Proper Dih.  Improper Dih.      CMAP Dih.
    3.04181e+02    6.72859e+02    4.80946e+02    4.38393e+01   -1.50859e+02
          LJ-14     Coulomb-14        LJ (SR)  Disper. corr.   Coulomb (SR)
    4.03403e+02    6.14152e+03    4.92740e+04   -2.83810e+03   -3.77893e+05
   Coul. recip. Position Rest.      Potential    Kinetic En.   Total Energy
    2.10240e+03    1.14664e+02   -3.21344e+05    6.06492e+04   -2.60695e+05
  Conserved En.    Temperature Pres. DC (bar) Pressure (bar)   Constr. rmsd
   -2.59484e+05    2.97823e+02   -1.89727e+02   -2.88331e+02    3.26377e-06

           Step           Time
           7500       15.00000

   Energies (kJ/mol)
           Bond            U-B    Proper Dih.  Improper Dih.      CMAP Dih.
    2.63316e+02    7.06095e+02    4.85775e+02    3.64013e+01   -1.47856e+02
          LJ-14     Coulomb-14        LJ (SR)  Disper. corr.   Coulomb (SR)
    4.01544e+02    6.26740e+03    5.01659e+04   -2.86751e+03   -3.79578e+05
   Coul. recip. Position Rest.      Potential    Kinetic En.   Total Energy
    2.05104e+03    8.97797e+01   -3.22126e+05    6.10498e+04   -2.61076e+05
  Conserved En.    Temperature Pres. DC (bar) Pressure (bar)   Constr. rmsd
   -2.59465e+05    2.99790e+02   -1.93674e+02    1.20045e+01    2.61241e-06

           Step           Time
           8000       16.00000

   Energies (kJ/mol)
           Bond            U-B    Proper Dih.  Improper Dih.      CMAP Dih.
    3.27520e+02    7.95150e+02    4.93449e+02    3.86337e+01   -1.63779e+02
          LJ-14     Coulomb-14        LJ (SR)  Disper. corr.   Coulomb (SR)
    3.91136e+02    6.22182e+03    4.96726e+04   -2.85478e+03   -3.78453e+05
   Coul. recip. Position Rest.      Potential    Kinetic En.   Total Energy
    2.05879e+03    1.11334e+02   -3.21361e+05    6.13505e+04   -2.60010e+05
  Conserved En.    Temperature Pres. DC (bar) Pressure (bar)   Constr. rmsd
   -2.59464e+05    3.01266e+02   -1.91961e+02   -9.03155e+01    2.34081e-06

           Step           Time
           8500       17.00000

   Energies (kJ/mol)
           Bond            U-B    Proper Dih.  Improper Dih.      CMAP Dih.
    2.97062e+02    7.01458e+02    5.27206e+02    5.38907e+01   -1.45892e+02
          LJ-14     Coulomb-14        LJ (SR)  Disper. corr.   Coulomb (SR)
    4.26569e+02    6.18785e+03    4.97009e+04   -2.86994e+03   -3.79481e+05
   Coul. recip. Position Rest.      Potential    Kinetic En.   Total Energy
    2.07300e+03    9.18379e+01   -3.22437e+05    6.13175e+04   -2.61120e+05
  Conserved En.    Temperature Pres. DC (bar) Pressure (bar)   Constr. rmsd
   -2.59465e+05    3.01104e+02   -1.94003e+02   -2.41975e+01    1.98668e-06

           Step           Time
           9000       18.00000

   Energies (kJ/mol)
           Bond            U-B    Proper Dih.  Improper Dih.      CMAP Dih.
    3.00849e+02    6.92775e+02    4.76714e+02    4.71492e+01   -1.44981e+02
          LJ-14     Coulomb-14        LJ (SR)  Disper. corr.   Coulomb (SR)
    4.18818e+02    6.21373e+03    5.10952e+04   -2.85813e+03   -3.80424e+05
   Coul. recip. Position Rest.      Potential    Kinetic En.   Total Energy
    2.05207e+03    1.04790e+02   -3.22025e+05    6.09344e+04   -2.61091e+05
  Conserved En.    Temperature Pres. DC (bar) Pressure (bar)   Constr. rmsd
   -2.59462e+05    2.99223e+02   -1.92411e+02    1.98053e+02    2.38570e-06

           Step           Time
           9500       19.00000

   Energies (kJ/mol)
           Bond            U-B    Proper Dih.  Improper Dih.      CMAP Dih.
    2.98106e+02    7.74833e+02    5.06500e+02    4.99102e+01   -1.57516e+02
          LJ-14     Coulomb-14        LJ (SR)  Disper. corr.   Coulomb (SR)
    3.97214e+02    6.20377e+03    5.08035e+04   -2.85738e+03   -3.79500e+05
   Coul. recip. Position Rest.      Potential    Kinetic En.   Total Energy
    2.03771e+03    1.22484e+02   -3.21321e+05    6.18924e+04   -2.59429e+05
  Conserved En.    Temperature Pres. DC (bar) Pressure (bar)   Constr. rmsd
   -2.59452e+05    3.03928e+02   -1.92311e+02    1.93800e+02    2.58026e-06

           Step           Time
          10000       20.00000

   Energies (kJ/mol)
           Bond            U-B    Proper Dih.  Improper Dih.      CMAP Dih.
    2.78943e+02    7.65107e+02    4.73901e+02    4.87517e+01   -1.47656e+02
          LJ-14     Coulomb-14        LJ (SR)  Disper. corr.   Coulomb (SR)
    4.09436e+02    6.24922e+03    5.05485e+04   -2.84950e+03   -3.79976e+05
   Coul. recip. Position Rest.      Potential    Kinetic En.   Total Energy
    2.05414e+03    9.70593e+01   -3.22048e+05    6.21026e+04   -2.59946e+05
  Conserved En.    Temperature Pres. DC (bar) Pressure (bar)   Constr. rmsd
   -2.59456e+05    3.04960e+02   -1.91253e+02    1.01452e+02    3.26559e-06

           Step           Time
          10500       21.00000

   Energies (kJ/mol)
           Bond            U-B    Proper Dih.  Improper Dih.      CMAP Dih.
    2.97585e+02    7.72215e+02    4.92536e+02    4.81841e+01   -1.53023e+02
          LJ-14     Coulomb-14        LJ (SR)  Disper. corr.   Coulomb (SR)
    3.95420e+02    6.15937e+03    5.06597e+04   -2.85474e+03   -3.79414e+05
   Coul. recip. Position Rest.      Potential    Kinetic En.   Total Energy
    2.08352e+03    9.66667e+01   -3.21416e+05    6.15181e+04   -2.59898e+05
  Conserved En.    Temperature Pres. DC (bar) Pressure (bar)   Constr. rmsd
   -2.59446e+05    3.02089e+02   -1.91956e+02    1.09847e+02    2.51593e-06

           Step           Time
          11000       22.00000

   Energies (kJ/mol)
           Bond            U-B    Proper Dih.  Improper Dih.      CMAP Dih.
    3.12707e+02    6.83567e+02    4.94483e+02    5.39741e+01   -1.52740e+02
          LJ-14     Coulomb-14        LJ (SR)  Disper. corr.   Coulomb (SR)
    4.28226e+02    6.28941e+03    5.01820e+04   -2.85227e+03   -3.78427e+05
   Coul. recip. Position Rest.      Potential    Kinetic En.   Total Energy
    2.02789e+03    9.82037e+01   -3.20862e+05    6.11588e+04   -2.59703e+05
  Conserved En.    Temperature Pres. DC (bar) Pressure (bar)   Constr. rmsd
   -2.59448e+05    3.00325e+02   -1.91624e+02    5.96558e+01    2.98171e-06

           Step           Time
          11500       23.00000

   Energies (kJ/mol)
           Bond            U-B    Proper Dih.  Improper Dih.      CMAP Dih.
    2.66805e+02    7.58195e+02    4.85021e+02    4.27494e+01   -1.50868e+02
          LJ-14     Coulomb-14        LJ (SR)  Disper. corr.   Coulomb (SR)
    4.24359e+02    6.21132e+03    5.04191e+04   -2.86902e+03   -3.78978e+05
   Coul. recip. Position Rest.      Potential    Kinetic En.   Total Energy
    2.14431e+03    9.66536e+01   -3.21149e+05    6.09733e+04   -2.60176e+05
  Conserved En.    Temperature Pres. DC (bar) Pressure (bar)   Constr. rmsd
   -2.59438e+05    2.99414e+02   -1.93879e+02    2.26009e+02    3.45633e-06

           Step           Time
          12000       24.00000

   Energies (kJ/mol)
           Bond            U-B    Proper Dih.  Improper Dih.      CMAP Dih.
    3.21096e+02    6.83902e+02    4.96625e+02    3.77336e+01   -1.42941e+02
          LJ-14     Coulomb-14        LJ (SR)  Disper. corr.   Coulomb (SR)
    4.21656e+02    6.25533e+03    4.96254e+04   -2.86739e+03   -3.78154e+05
   Coul. recip. Position Rest.      Potential    Kinetic En.   Total Energy
    2.15526e+03    1.13110e+02   -3.21054e+05    6.08935e+04   -2.60160e+05
  Conserved En.    Temperature Pres. DC (bar) Pressure (bar)   Constr. rmsd
   -2.59436e+05    2.99022e+02   -1.93659e+02   -1.75105e+01    2.57807e-06

           Step           Time
          12500       25.00000

   Energies (kJ/mol)
           Bond            U-B    Proper Dih.  Improper Dih.      CMAP Dih.
    2.56769e+02    6.88019e+02    5.29208e+02    5.61406e+01   -1.48208e+02
          LJ-14     Coulomb-14        LJ (SR)  Disper. corr.   Coulomb (SR)
    4.19445e+02    6.27315e+03    5.01955e+04   -2.86766e+03   -3.79458e+05
   Coul. recip. Position Rest.      Potential    Kinetic En.   Total Energy
    2.06615e+03    1.02701e+02   -3.21887e+05    6.12954e+04   -2.60591e+05
  Conserved En.    Temperature Pres. DC (bar) Pressure (bar)   Constr. rmsd
   -2.59445e+05    3.00996e+02   -1.93695e+02    1.38727e+02    3.02445e-06

           Step           Time
          13000       26.00000

   Energies (kJ/mol)
           Bond            U-B    Proper Dih.  Improper Dih.      CMAP Dih.
    3.25705e+02    7.38617e+02    5.02282e+02    5.02163e+01   -1.38046e+02
          LJ-14     Coulomb-14        LJ (SR)  Disper. corr.   Coulomb (SR)
    4.22902e+02    6.20771e+03    4.95662e+04   -2.84982e+03   -3.77540e+05
   Coul. recip. Position Rest.      Potential    Kinetic En.   Total Energy
    2.07094e+03    1.06595e+02   -3.20537e+05    6.04451e+04   -2.60092e+05
  Conserved En.    Temperature Pres. DC (bar) Pressure (bar)   Constr. rmsd
   -2.59431e+05    2.96820e+02   -1.91295e+02   -9.73598e+01    2.82937e-06

           Step           Time
          13500       27.00000

   Energies (kJ/mol)
           Bond            U-B    Proper Dih.  Improper Dih.      CMAP Dih.
    2.98713e+02    6.43684e+02    4.83941e+02    4.78134e+01   -1.54484e+02
          LJ-14     Coulomb-14        LJ (SR)  Disper. corr.   Coulomb (SR)
    4.24871e+02    6.26235e+03    5.13742e+04   -2.88087e+03   -3.81485e+05
   Coul. recip. Position Rest.      Potential    Kinetic En.   Total Energy
    2.03897e+03    1.29116e+02   -3.22817e+05    6.04377e+04   -2.62379e+05
  Conserved En.    Temperature Pres. DC (bar) Pressure (bar)   Constr. rmsd
   -2.59433e+05    2.96784e+02   -1.95482e+02    2.56553e+02    3.26021e-06

           Step           Time
          14000       28.00000

   Energies (kJ/mol)
           Bond            U-B    Proper Dih.  Improper Dih.      CMAP Dih.
    2.98595e+02    7.30009e+02    4.91245e+02    3.91628e+01   -1.49335e+02
          LJ-14     Coulomb-14        LJ (SR)  Disper. corr.   Coulomb (SR)
    4.19922e+02    6.23156e+03    5.05144e+04   -2.87079e+03   -3.79770e+05
   Coul. recip. Position Rest.      Potential    Kinetic En.   Total Energy
    2.04242e+03    1.01485e+02   -3.21921e+05    6.15504e+04   -2.60371e+05
  Conserved En.    Temperature Pres. DC (bar) Pressure (bar)   Constr. rmsd
   -2.59436e+05    3.02248e+02   -1.94117e+02    1.79900e+02    4.03575e-06

           Step           Time
          14500       29.00000

   Energies (kJ/mol)
           Bond            U-B    Proper Dih.  Improper Dih.      CMAP Dih.
    2.76407e+02    7.60279e+02    5.13792e+02    7.15433e+01   -1.56756e+02
          LJ-14     Coulomb-14        LJ (SR)  Disper. corr.   Coulomb (SR)
    3.96190e+02    6.27595e+03    5.03626e+04   -2.86775e+03   -3.78389e+05
   Coul. recip. Position Rest.      Potential    Kinetic En.   Total Energy
    2.09154e+03    8.73469e+01   -3.20578e+05    6.09421e+04   -2.59636e+05
  Conserved En.    Temperature Pres. DC (bar) Pressure (bar)   Constr. rmsd
   -2.59428e+05    2.99261e+02   -1.93707e+02    2.29777e+02    2.93517e-06

           Step           Time
          15000       30.00000

   Energies (kJ/mol)
           Bond            U-B    Proper Dih.  Improper Dih.      CMAP Dih.
    3.33611e+02    7.38138e+02    4.81939e+02    5.13914e+01   -1.59454e+02
          LJ-14     Coulomb-14        LJ (SR)  Disper. corr.   Coulomb (SR)
    4.08057e+02    6.26803e+03    4.98090e+04   -2.86835e+03   -3.79040e+05
   Coul. recip. Position Rest.      Potential    Kinetic En.   Total Energy
    2.10948e+03    8.67202e+01   -3.21781e+05    6.05664e+04   -2.61215e+05
  Conserved En.    Temperature Pres. DC (bar) Pressure (bar)   Constr. rmsd
   -2.59420e+05    2.97416e+02   -1.93788e+02   -2.21584e+01    2.36672e-06

           Step           Time
          15500       31.00000

   Energies (kJ/mol)
           Bond            U-B    Proper Dih.  Improper Dih.      CMAP Dih.
    2.89345e+02    7.03059e+02    4.87616e+02    5.09495e+01   -1.40765e+02
          LJ-14     Coulomb-14        LJ (SR)  Disper. corr.   Coulomb (SR)
    4.17935e+02    6.21415e+03    4.96050e+04   -2.85431e+03   -3.78695e+05
   Coul. recip. Position Rest.      Potential    Kinetic En.   Total Energy
    2.03502e+03    1.02261e+02   -3.21785e+05    6.08371e+04   -2.60948e+05
  Conserved En.    Temperature Pres. DC (bar) Pressure (bar)   Constr. rmsd
   -2.59432e+05    2.98745e+02   -1.91898e+02   -1.19168e+02    2.59221e-06

           Step           Time
          16000       32.00000

   Energies (kJ/mol)
           Bond            U-B    Proper Dih.  Improper Dih.      CMAP Dih.
    2.82914e+02    7.20961e+02    4.96594e+02    4.18455e+01   -1.50733e+02
          LJ-14     Coulomb-14        LJ (SR)  Disper. corr.   Coulomb (SR)
    3.99743e+02    6.18473e+03    4.92958e+04   -2.85824e+03   -3.78767e+05
   Coul. recip. Position Rest.      Potential    Kinetic En.   Total Energy
    2.05773e+03    1.07968e+02   -3.22187e+05    6.15236e+04   -2.60664e+05
  Conserved En.    Temperature Pres. DC (bar) Pressure (bar)   Constr. rmsd
   -2.59428e+05    3.02117e+02   -1.92426e+02   -1.91952e+02    2.58831e-06

           Step           Time
          16500       33.00000

   Energies (kJ/mol)
           Bond            U-B    Proper Dih.  Improper Dih.      CMAP Dih.
    3.19238e+02    6.39860e+02    4.67192e+02    6.24179e+01   -1.40051e+02
          LJ-14     Coulomb-14        LJ (SR)  Disper. corr.   Coulomb (SR)
    3.98568e+02    6.25290e+03    5.04325e+04   -2.86486e+03   -3.80054e+05
   Coul. recip. Position Rest.      Potential    Kinetic En.   Total Energy
    2.03553e+03    1.09584e+02   -3.22342e+05    6.09191e+04   -2.61422e+05
  Conserved En.    Temperature Pres. DC (bar) Pressure (bar)   Constr. rmsd
   -2.59430e+05    2.99148e+02   -1.93317e+02    1.93372e+01    2.46941e-06

           Step           Time
          17000       34.00000

   Energies (kJ/mol)
           Bond            U-B    Proper Dih.  Improper Dih.      CMAP Dih.
    2.66340e+02    6.57605e+02    5.13466e+02    5.44528e+01   -1.50216e+02
          LJ-14     Coulomb-14        LJ (SR)  Disper. corr.   Coulomb (SR)
    4.24077e+02    6.22222e+03    5.02322e+04   -2.85705e+03   -3.80156e+05
   Coul. recip. Position Rest.      Potential    Kinetic En.   Total Energy
    2.08931e+03    1.08495e+02   -3.22595e+05    6.04041e+04   -2.62191e+05
  Conserved En.    Temperature Pres. DC (bar) Pressure (bar)   Constr. rmsd
   -2.59428e+05    2.96619e+02   -1.92267e+02   -2.38789e+01    1.78795e-06

           Step           Time
          17500       35.00000

   Energies (kJ/mol)
           Bond            U-B    Proper Dih.  Improper Dih.      CMAP Dih.
    2.55101e+02    7.13182e+02    4.85543e+02    4.71081e+01   -1.52172e+02
          LJ-14     Coulomb-14        LJ (SR)  Disper. corr.   Coulomb (SR)
    4.07693e+02    6.21752e+03    4.98314e+04   -2.85372e+03   -3.78707e+05
   Coul. recip. Position Rest.      Potential    Kinetic En.   Total Energy
    2.08148e+03    1.01389e+02   -3.21572e+05    6.10414e+04   -2.60531e+05
  Conserved En.    Temperature Pres. DC (bar) Pressure (bar)   Constr. rmsd
   -2.59431e+05    2.99749e+02   -1.91819e+02   -5.49228e+01    2.73139e-06

           Step           Time
          18000       36.00000

   Energies (kJ/mol)
           Bond            U-B    Proper Dih.  Improper Dih.      CMAP Dih.
    3.31771e+02    7.22177e+02    4.56312e+02    4.46777e+01   -1.64286e+02
          LJ-14     Coulomb-14        LJ (SR)  Disper. corr.   Coulomb (SR)
    3.69802e+02    6.22011e+03    5.05324e+04   -2.86904e+03   -3.79885e+05
   Coul. recip. Position Rest.      Potential    Kinetic En.   Total Energy
    2.08163e+03    9.80182e+01   -3.22061e+05    6.10617e+04   -2.60999e+05
  Conserved En.    Temperature Pres. DC (bar) Pressure (bar)   Constr. rmsd
   -2.59420e+05    2.99848e+02   -1.93881e+02   -1.02449e+01    3.32742e-06

           Step           Time
          18500       37.00000

   Energies (kJ/mol)
           Bond            U-B    Proper Dih.  Improper Dih.      CMAP Dih.
    2.71517e+02    7.67220e+02    4.84752e+02    5.57724e+01   -1.42657e+02
          LJ-14     Coulomb-14        LJ (SR)  Disper. corr.   Coulomb (SR)
    3.98936e+02    6.18970e+03    5.07549e+04   -2.84029e+03   -3.80149e+05
   Coul. recip. Position Rest.      Potential    Kinetic En.   Total Energy
    2.08154e+03    1.04341e+02   -3.22023e+05    6.05563e+04   -2.61467e+05
  Conserved En.    Temperature Pres. DC (bar) Pressure (bar)   Constr. rmsd
   -2.59407e+05    2.97366e+02   -1.90020e+02    3.46305e+01    3.35402e-06

Writing checkpoint, step 18900 at Wed Oct 28 23:07:07 2020


           Step           Time
          19000       38.00000

   Energies (kJ/mol)
           Bond            U-B    Proper Dih.  Improper Dih.      CMAP Dih.
    2.78398e+02    6.89070e+02    4.82153e+02    5.30960e+01   -1.46460e+02
          LJ-14     Coulomb-14        LJ (SR)  Disper. corr.   Coulomb (SR)
    4.14353e+02    6.24755e+03    5.04851e+04   -2.85364e+03   -3.79664e+05
   Coul. recip. Position Rest.      Potential    Kinetic En.   Total Energy
    2.13543e+03    1.34436e+02   -3.21744e+05    6.08938e+04   -2.60851e+05
  Conserved En.    Temperature Pres. DC (bar) Pressure (bar)   Constr. rmsd
   -2.59399e+05    2.99024e+02   -1.91809e+02    9.30927e+01    2.74884e-06

           Step           Time
          19500       39.00000

   Energies (kJ/mol)
           Bond            U-B    Proper Dih.  Improper Dih.      CMAP Dih.
    3.27393e+02    7.00126e+02    5.12298e+02    4.45784e+01   -1.63862e+02
          LJ-14     Coulomb-14        LJ (SR)  Disper. corr.   Coulomb (SR)
    3.74496e+02    6.16587e+03    4.96679e+04   -2.87039e+03   -3.78427e+05
   Coul. recip. Position Rest.      Potential    Kinetic En.   Total Energy
    2.00328e+03    1.36084e+02   -3.21530e+05    6.08401e+04   -2.60690e+05
  Conserved En.    Temperature Pres. DC (bar) Pressure (bar)   Constr. rmsd
   -2.59424e+05    2.98760e+02   -1.94064e+02   -5.44319e+01    2.90608e-06

           Step           Time
          20000       40.00000

   Energies (kJ/mol)
           Bond            U-B    Proper Dih.  Improper Dih.      CMAP Dih.
    3.08245e+02    7.56932e+02    4.86361e+02    6.11131e+01   -1.41596e+02
          LJ-14     Coulomb-14        LJ (SR)  Disper. corr.   Coulomb (SR)
    4.36346e+02    6.17217e+03    4.98458e+04   -2.86737e+03   -3.79236e+05
   Coul. recip. Position Rest.      Potential    Kinetic En.   Total Energy
    2.02789e+03    1.11203e+02   -3.22038e+05    6.12756e+04   -2.60763e+05
  Conserved En.    Temperature Pres. DC (bar) Pressure (bar)   Constr. rmsd
   -2.59404e+05    3.00899e+02   -1.93656e+02    7.61711e+01    2.31531e-06

           Step           Time
          20500       41.00000

   Energies (kJ/mol)
           Bond            U-B    Proper Dih.  Improper Dih.      CMAP Dih.
    3.03297e+02    6.37058e+02    5.46719e+02    4.17088e+01   -1.50370e+02
          LJ-14     Coulomb-14        LJ (SR)  Disper. corr.   Coulomb (SR)
    4.03778e+02    6.16165e+03    4.99206e+04   -2.83990e+03   -3.78096e+05
   Coul. recip. Position Rest.      Potential    Kinetic En.   Total Energy
    2.01655e+03    1.13176e+02   -3.20942e+05    6.09290e+04   -2.60013e+05
  Conserved En.    Temperature Pres. DC (bar) Pressure (bar)   Constr. rmsd
   -2.59415e+05    2.99197e+02   -1.89968e+02   -8.50067e+01    3.20689e-06

           Step           Time
          21000       42.00000

   Energies (kJ/mol)
           Bond            U-B    Proper Dih.  Improper Dih.      CMAP Dih.
    3.04380e+02    7.38272e+02    5.25166e+02    4.77622e+01   -1.49720e+02
          LJ-14     Coulomb-14        LJ (SR)  Disper. corr.   Coulomb (SR)
    4.00259e+02    6.11851e+03    5.03558e+04   -2.86629e+03   -3.79746e+05
   Coul. recip. Position Rest.      Potential    Kinetic En.   Total Energy
    2.05316e+03    9.18025e+01   -3.22127e+05    6.16112e+04   -2.60516e+05
  Conserved En.    Temperature Pres. DC (bar) Pressure (bar)   Constr. rmsd
   -2.59408e+05    3.02546e+02   -1.93510e+02    1.98204e+01    2.43887e-06

           Step           Time
          21500       43.00000

   Energies (kJ/mol)
           Bond            U-B    Proper Dih.  Improper Dih.      CMAP Dih.
    2.38754e+02    6.42821e+02    5.14843e+02    4.70823e+01   -1.52418e+02
          LJ-14     Coulomb-14        LJ (SR)  Disper. corr.   Coulomb (SR)
    4.14663e+02    6.27352e+03    5.01918e+04   -2.85727e+03   -3.81412e+05
   Coul. recip. Position Rest.      Potential    Kinetic En.   Total Energy
    2.00873e+03    9.49480e+01   -3.23995e+05    6.06932e+04   -2.63302e+05
  Conserved En.    Temperature Pres. DC (bar) Pressure (bar)   Constr. rmsd
   -2.59404e+05    2.98039e+02   -1.92296e+02   -2.37492e+02    2.49812e-06

           Step           Time
          22000       44.00000

   Energies (kJ/mol)
           Bond            U-B    Proper Dih.  Improper Dih.      CMAP Dih.
    3.11807e+02    7.35790e+02    4.92933e+02    4.57450e+01   -1.49599e+02
          LJ-14     Coulomb-14        LJ (SR)  Disper. corr.   Coulomb (SR)
    3.52357e+02    6.21041e+03    5.01906e+04   -2.86420e+03   -3.79642e+05
   Coul. recip. Position Rest.      Potential    Kinetic En.   Total Energy
    2.07969e+03    1.09779e+02   -3.22127e+05    6.08151e+04   -2.61312e+05
  Conserved En.    Temperature Pres. DC (bar) Pressure (bar)   Constr. rmsd
   -2.59390e+05    2.98637e+02   -1.93229e+02   -1.77967e+02    2.45295e-06

           Step           Time
          22500       45.00000

   Energies (kJ/mol)
           Bond            U-B    Proper Dih.  Improper Dih.      CMAP Dih.
    2.82446e+02    7.07988e+02    4.74500e+02    4.81243e+01   -1.45790e+02
          LJ-14     Coulomb-14        LJ (SR)  Disper. corr.   Coulomb (SR)
    4.34418e+02    6.21315e+03    5.00839e+04   -2.86878e+03   -3.79743e+05
   Coul. recip. Position Rest.      Potential    Kinetic En.   Total Energy
    2.06292e+03    1.05042e+02   -3.22345e+05    6.07282e+04   -2.61617e+05
  Conserved En.    Temperature Pres. DC (bar) Pressure (bar)   Constr. rmsd
   -2.59385e+05    2.98211e+02   -1.93846e+02    3.30896e+01    2.68476e-06

           Step           Time
          23000       46.00000

   Energies (kJ/mol)
           Bond            U-B    Proper Dih.  Improper Dih.      CMAP Dih.
    3.14083e+02    7.61141e+02    4.97125e+02    4.68580e+01   -1.50560e+02
          LJ-14     Coulomb-14        LJ (SR)  Disper. corr.   Coulomb (SR)
    4.41887e+02    6.21929e+03    4.99881e+04   -2.86041e+03   -3.79145e+05
   Coul. recip. Position Rest.      Potential    Kinetic En.   Total Energy
    2.12010e+03    1.08020e+02   -3.21659e+05    6.16923e+04   -2.59967e+05
  Conserved En.    Temperature Pres. DC (bar) Pressure (bar)   Constr. rmsd
   -2.59389e+05    3.02945e+02   -1.92718e+02    8.74714e+01    2.25272e-06

           Step           Time
          23500       47.00000

   Energies (kJ/mol)
           Bond            U-B    Proper Dih.  Improper Dih.      CMAP Dih.
    2.83907e+02    7.27893e+02    4.92703e+02    3.92201e+01   -1.35475e+02
          LJ-14     Coulomb-14        LJ (SR)  Disper. corr.   Coulomb (SR)
    4.04130e+02    6.33765e+03    4.96262e+04   -2.85553e+03   -3.78495e+05
   Coul. recip. Position Rest.      Potential    Kinetic En.   Total Energy
    2.14702e+03    9.26732e+01   -3.21334e+05    6.15893e+04   -2.59745e+05
  Conserved En.    Temperature Pres. DC (bar) Pressure (bar)   Constr. rmsd
   -2.59386e+05    3.02439e+02   -1.92062e+02   -8.20225e+01    3.07347e-06

           Step           Time
          24000       48.00000

   Energies (kJ/mol)
           Bond            U-B    Proper Dih.  Improper Dih.      CMAP Dih.
    3.73962e+02    7.20920e+02    4.87794e+02    4.73817e+01   -1.48665e+02
          LJ-14     Coulomb-14        LJ (SR)  Disper. corr.   Coulomb (SR)
    3.98116e+02    6.32212e+03    4.98130e+04   -2.86706e+03   -3.78272e+05
   Coul. recip. Position Rest.      Potential    Kinetic En.   Total Energy
    2.08735e+03    1.28911e+02   -3.20908e+05    6.14946e+04   -2.59413e+05
  Conserved En.    Temperature Pres. DC (bar) Pressure (bar)   Constr. rmsd
   -2.59382e+05    3.01974e+02   -1.93614e+02    2.08800e+01    2.39548e-06

           Step           Time
          24500       49.00000

   Energies (kJ/mol)
           Bond            U-B    Proper Dih.  Improper Dih.      CMAP Dih.
    3.03116e+02    6.72312e+02    4.51690e+02    4.81978e+01   -1.41712e+02
          LJ-14     Coulomb-14        LJ (SR)  Disper. corr.   Coulomb (SR)
    4.17435e+02    6.19829e+03    5.04121e+04   -2.84586e+03   -3.79281e+05
   Coul. recip. Position Rest.      Potential    Kinetic En.   Total Energy
    2.15269e+03    9.05448e+01   -3.21522e+05    6.03363e+04   -2.61186e+05
  Conserved En.    Temperature Pres. DC (bar) Pressure (bar)   Constr. rmsd
   -2.59380e+05    2.96286e+02   -1.90765e+02   -5.31278e+01    2.26282e-06

           Step           Time
          25000       50.00000

   Energies (kJ/mol)
           Bond            U-B    Proper Dih.  Improper Dih.      CMAP Dih.
    2.84717e+02    6.51454e+02    4.61816e+02    4.57563e+01   -1.45585e+02
          LJ-14     Coulomb-14        LJ (SR)  Disper. corr.   Coulomb (SR)
    4.24122e+02    6.19218e+03    4.99554e+04   -2.86757e+03   -3.79743e+05
   Coul. recip. Position Rest.      Potential    Kinetic En.   Total Energy
    2.07353e+03    1.05426e+02   -3.22562e+05    6.03924e+04   -2.62170e+05
  Conserved En.    Temperature Pres. DC (bar) Pressure (bar)   Constr. rmsd
   -2.59371e+05    2.96562e+02   -1.93684e+02   -6.17095e+01    2.82856e-06

           Step           Time
          25500       51.00000

   Energies (kJ/mol)
           Bond            U-B    Proper Dih.  Improper Dih.      CMAP Dih.
    3.20061e+02    7.54871e+02    4.78275e+02    4.46509e+01   -1.50832e+02
          LJ-14     Coulomb-14        LJ (SR)  Disper. corr.   Coulomb (SR)
    3.95328e+02    6.19739e+03    5.08966e+04   -2.85787e+03   -3.80266e+05
   Coul. recip. Position Rest.      Potential    Kinetic En.   Total Energy
    2.10462e+03    1.27771e+02   -3.21955e+05    6.09867e+04   -2.60969e+05
  Conserved En.    Temperature Pres. DC (bar) Pressure (bar)   Constr. rmsd
   -2.59353e+05    2.99480e+02   -1.92377e+02    6.33232e+01    2.17485e-06

           Step           Time
          26000       52.00000

   Energies (kJ/mol)
           Bond            U-B    Proper Dih.  Improper Dih.      CMAP Dih.
    2.60290e+02    7.05611e+02    4.62531e+02    3.63828e+01   -1.40569e+02
          LJ-14     Coulomb-14        LJ (SR)  Disper. corr.   Coulomb (SR)
    4.14304e+02    6.16771e+03    5.01456e+04   -2.85537e+03   -3.79908e+05
   Coul. recip. Position Rest.      Potential    Kinetic En.   Total Energy
    2.07206e+03    1.03798e+02   -3.22535e+05    6.03877e+04   -2.62147e+05
  Conserved En.    Temperature Pres. DC (bar) Pressure (bar)   Constr. rmsd
   -2.59377e+05    2.96538e+02   -1.92041e+02   -8.74157e+01    3.84427e-06

           Step           Time
          26500       53.00000

   Energies (kJ/mol)
           Bond            U-B    Proper Dih.  Improper Dih.      CMAP Dih.
    2.85700e+02    6.99568e+02    4.65918e+02    3.36174e+01   -1.49471e+02
          LJ-14     Coulomb-14        LJ (SR)  Disper. corr.   Coulomb (SR)
    4.10115e+02    6.26791e+03    5.04635e+04   -2.86396e+03   -3.79463e+05
   Coul. recip. Position Rest.      Potential    Kinetic En.   Total Energy
    2.05612e+03    1.06005e+02   -3.21688e+05    6.10981e+04   -2.60590e+05
  Conserved En.    Temperature Pres. DC (bar) Pressure (bar)   Constr. rmsd
   -2.59373e+05    3.00027e+02   -1.93196e+02    9.18936e+01    2.58578e-06

           Step           Time
          27000       54.00000

   Energies (kJ/mol)
           Bond            U-B    Proper Dih.  Improper Dih.      CMAP Dih.
    3.12656e+02    6.83699e+02    4.83386e+02    4.06715e+01   -1.47327e+02
          LJ-14     Coulomb-14        LJ (SR)  Disper. corr.   Coulomb (SR)
    4.18542e+02    6.22026e+03    5.04131e+04   -2.85664e+03   -3.79490e+05
   Coul. recip. Position Rest.      Potential    Kinetic En.   Total Energy
    2.10744e+03    1.08502e+02   -3.21705e+05    6.10495e+04   -2.60656e+05
  Conserved En.    Temperature Pres. DC (bar) Pressure (bar)   Constr. rmsd
   -2.59369e+05    2.99789e+02   -1.92211e+02    8.59444e+01    2.70395e-06

           Step           Time
          27500       55.00000

   Energies (kJ/mol)
           Bond            U-B    Proper Dih.  Improper Dih.      CMAP Dih.
    3.48062e+02    7.42196e+02    5.01049e+02    4.91798e+01   -1.50586e+02
          LJ-14     Coulomb-14        LJ (SR)  Disper. corr.   Coulomb (SR)
    3.83755e+02    6.16728e+03    4.97443e+04   -2.85681e+03   -3.78839e+05
   Coul. recip. Position Rest.      Potential    Kinetic En.   Total Energy
    2.11213e+03    1.23344e+02   -3.21675e+05    6.15698e+04   -2.60105e+05
  Conserved En.    Temperature Pres. DC (bar) Pressure (bar)   Constr. rmsd
   -2.59372e+05    3.02343e+02   -1.92234e+02   -1.60863e+02    2.57735e-06

           Step           Time
          28000       56.00000

   Energies (kJ/mol)
           Bond            U-B    Proper Dih.  Improper Dih.      CMAP Dih.
    2.82460e+02    7.59969e+02    4.79274e+02    5.19222e+01   -1.47415e+02
          LJ-14     Coulomb-14        LJ (SR)  Disper. corr.   Coulomb (SR)
    4.06081e+02    6.18758e+03    5.08330e+04   -2.86251e+03   -3.80098e+05
   Coul. recip. Position Rest.      Potential    Kinetic En.   Total Energy
    2.05146e+03    1.13312e+02   -3.21942e+05    6.08547e+04   -2.61088e+05
  Conserved En.    Temperature Pres. DC (bar) Pressure (bar)   Constr. rmsd
   -2.59366e+05    2.98832e+02   -1.93001e+02    1.77265e+02    2.69181e-06

           Step           Time
          28500       57.00000

   Energies (kJ/mol)
           Bond            U-B    Proper Dih.  Improper Dih.      CMAP Dih.
    3.33572e+02    7.39263e+02    4.78055e+02    3.91472e+01   -1.44847e+02
          LJ-14     Coulomb-14        LJ (SR)  Disper. corr.   Coulomb (SR)
    4.11568e+02    6.20508e+03    5.00578e+04   -2.86664e+03   -3.79002e+05
   Coul. recip. Position Rest.      Potential    Kinetic En.   Total Energy
    2.06446e+03    1.13234e+02   -3.21571e+05    6.14873e+04   -2.60084e+05
  Conserved En.    Temperature Pres. DC (bar) Pressure (bar)   Constr. rmsd
   -2.59364e+05    3.01938e+02   -1.93558e+02    3.91904e+01    2.43014e-06

           Step           Time
          29000       58.00000

   Energies (kJ/mol)
           Bond            U-B    Proper Dih.  Improper Dih.      CMAP Dih.
    3.01668e+02    7.14223e+02    4.35883e+02    4.35823e+01   -1.58995e+02
          LJ-14     Coulomb-14        LJ (SR)  Disper. corr.   Coulomb (SR)
    4.13018e+02    6.19822e+03    4.96530e+04   -2.85361e+03   -3.79191e+05
   Coul. recip. Position Rest.      Potential    Kinetic En.   Total Energy
    2.00226e+03    1.15811e+02   -3.22326e+05    6.14324e+04   -2.60894e+05
  Conserved En.    Temperature Pres. DC (bar) Pressure (bar)   Constr. rmsd
   -2.59366e+05    3.01669e+02   -1.91805e+02   -1.90044e+02    3.02054e-06

           Step           Time
          29500       59.00000

   Energies (kJ/mol)
           Bond            U-B    Proper Dih.  Improper Dih.      CMAP Dih.
    2.98015e+02    7.22646e+02    4.63258e+02    5.06234e+01   -1.53266e+02
          LJ-14     Coulomb-14        LJ (SR)  Disper. corr.   Coulomb (SR)
    4.24726e+02    6.27508e+03    4.95148e+04   -2.86558e+03   -3.78612e+05
   Coul. recip. Position Rest.      Potential    Kinetic En.   Total Energy
    2.10411e+03    1.06059e+02   -3.21671e+05    6.09481e+04   -2.60723e+05
  Conserved En.    Temperature Pres. DC (bar) Pressure (bar)   Constr. rmsd
   -2.59350e+05    2.99290e+02   -1.93415e+02   -9.02996e+01    1.85574e-06

           Step           Time
          30000       60.00000

   Energies (kJ/mol)
           Bond            U-B    Proper Dih.  Improper Dih.      CMAP Dih.
    2.93758e+02    8.44740e+02    4.82158e+02    4.42897e+01   -1.33248e+02
          LJ-14     Coulomb-14        LJ (SR)  Disper. corr.   Coulomb (SR)
    3.91104e+02    6.13614e+03    4.93193e+04   -2.86509e+03   -3.77900e+05
   Coul. recip. Position Rest.      Potential    Kinetic En.   Total Energy
    2.03040e+03    9.16243e+01   -3.21265e+05    6.16894e+04   -2.59575e+05
  Conserved En.    Temperature Pres. DC (bar) Pressure (bar)   Constr. rmsd
   -2.59353e+05    3.02931e+02   -1.93348e+02   -1.52092e+02    2.48294e-06

           Step           Time
          30500       61.00000

   Energies (kJ/mol)
           Bond            U-B    Proper Dih.  Improper Dih.      CMAP Dih.
    2.39117e+02    7.91097e+02    4.42108e+02    4.77332e+01   -1.45376e+02
          LJ-14     Coulomb-14        LJ (SR)  Disper. corr.   Coulomb (SR)
    3.94266e+02    6.15829e+03    5.04571e+04   -2.86893e+03   -3.79496e+05
   Coul. recip. Position Rest.      Potential    Kinetic En.   Total Energy
    2.09438e+03    1.21764e+02   -3.21764e+05    6.10881e+04   -2.60676e+05
  Conserved En.    Temperature Pres. DC (bar) Pressure (bar)   Constr. rmsd
   -2.59344e+05    2.99978e+02   -1.93867e+02    9.63474e+01    3.27509e-06

           Step           Time
          31000       62.00000

   Energies (kJ/mol)
           Bond            U-B    Proper Dih.  Improper Dih.      CMAP Dih.
    3.03022e+02    7.59630e+02    4.59472e+02    4.42963e+01   -1.49623e+02
          LJ-14     Coulomb-14        LJ (SR)  Disper. corr.   Coulomb (SR)
    3.98600e+02    6.17388e+03    4.98605e+04   -2.86666e+03   -3.79322e+05
   Coul. recip. Position Rest.      Potential    Kinetic En.   Total Energy
    2.10998e+03    1.05485e+02   -3.22123e+05    6.13815e+04   -2.60741e+05
  Conserved En.    Temperature Pres. DC (bar) Pressure (bar)   Constr. rmsd
   -2.59356e+05    3.01419e+02   -1.93561e+02   -1.00093e+02    2.84616e-06

           Step           Time
          31500       63.00000

   Energies (kJ/mol)
           Bond            U-B    Proper Dih.  Improper Dih.      CMAP Dih.
    2.58201e+02    7.40856e+02    4.41648e+02    4.09701e+01   -1.54798e+02
          LJ-14     Coulomb-14        LJ (SR)  Disper. corr.   Coulomb (SR)
    3.95670e+02    6.20520e+03    5.08430e+04   -2.87502e+03   -3.81074e+05
   Coul. recip. Position Rest.      Potential    Kinetic En.   Total Energy
    2.01784e+03    1.11727e+02   -3.23049e+05    6.06866e+04   -2.62362e+05
  Conserved En.    Temperature Pres. DC (bar) Pressure (bar)   Constr. rmsd
   -2.59335e+05    2.98006e+02   -1.94690e+02    1.96720e+02    1.82561e-06

           Step           Time
          32000       64.00000

   Energies (kJ/mol)
           Bond            U-B    Proper Dih.  Improper Dih.      CMAP Dih.
    3.64633e+02    7.14331e+02    4.93150e+02    5.78693e+01   -1.54254e+02
          LJ-14     Coulomb-14        LJ (SR)  Disper. corr.   Coulomb (SR)
    3.99576e+02    6.22944e+03    5.00682e+04   -2.85135e+03   -3.78941e+05
   Coul. recip. Position Rest.      Potential    Kinetic En.   Total Energy
    2.12249e+03    9.49811e+01   -3.21402e+05    6.09645e+04   -2.60438e+05
  Conserved En.    Temperature Pres. DC (bar) Pressure (bar)   Constr. rmsd
   -2.59342e+05    2.99371e+02   -1.91501e+02   -9.95747e+00    3.57570e-06

           Step           Time
          32500       65.00000

   Energies (kJ/mol)
           Bond            U-B    Proper Dih.  Improper Dih.      CMAP Dih.
    3.17995e+02    6.83999e+02    4.83119e+02    5.04472e+01   -1.52569e+02
          LJ-14     Coulomb-14        LJ (SR)  Disper. corr.   Coulomb (SR)
    3.98716e+02    6.20905e+03    4.98495e+04   -2.84503e+03   -3.78833e+05
   Coul. recip. Position Rest.      Potential    Kinetic En.   Total Energy
    2.10848e+03    9.46914e+01   -3.21634e+05    6.12149e+04   -2.60419e+05
  Conserved En.    Temperature Pres. DC (bar) Pressure (bar)   Constr. rmsd
   -2.59338e+05    3.00601e+02   -1.90653e+02   -1.59042e+02    2.26820e-06

           Step           Time
          33000       66.00000

   Energies (kJ/mol)
           Bond            U-B    Proper Dih.  Improper Dih.      CMAP Dih.
    2.95328e+02    7.81258e+02    4.64356e+02    5.79931e+01   -1.47549e+02
          LJ-14     Coulomb-14        LJ (SR)  Disper. corr.   Coulomb (SR)
    4.23611e+02    6.16547e+03    4.98020e+04   -2.86569e+03   -3.78024e+05
   Coul. recip. Position Rest.      Potential    Kinetic En.   Total Energy
    2.10563e+03    1.23112e+02   -3.20819e+05    6.15769e+04   -2.59242e+05
  Conserved En.    Temperature Pres. DC (bar) Pressure (bar)   Constr. rmsd
   -2.59333e+05    3.02378e+02   -1.93429e+02    6.42680e+01    2.18711e-06

           Step           Time
          33500       67.00000

   Energies (kJ/mol)
           Bond            U-B    Proper Dih.  Improper Dih.      CMAP Dih.
    3.28610e+02    7.78520e+02    4.98238e+02    5.38604e+01   -1.39967e+02
          LJ-14     Coulomb-14        LJ (SR)  Disper. corr.   Coulomb (SR)
    4.08557e+02    6.19126e+03    4.96105e+04   -2.84220e+03   -3.77748e+05
   Coul. recip. Position Rest.      Potential    Kinetic En.   Total Energy
    2.19960e+03    1.17244e+02   -3.20544e+05    6.13823e+04   -2.59162e+05
  Conserved En.    Temperature Pres. DC (bar) Pressure (bar)   Constr. rmsd
   -2.59332e+05    3.01422e+02   -1.90275e+02   -1.22409e+02    3.66757e-06

           Step           Time
          34000       68.00000

   Energies (kJ/mol)
           Bond            U-B    Proper Dih.  Improper Dih.      CMAP Dih.
    2.90699e+02    7.38685e+02    5.21619e+02    3.96389e+01   -1.57435e+02
          LJ-14     Coulomb-14        LJ (SR)  Disper. corr.   Coulomb (SR)
    3.69862e+02    6.21212e+03    4.98995e+04   -2.85947e+03   -3.78589e+05
   Coul. recip. Position Rest.      Potential    Kinetic En.   Total Energy
    2.11302e+03    9.12480e+01   -3.21329e+05    6.12515e+04   -2.60078e+05
  Conserved En.    Temperature Pres. DC (bar) Pressure (bar)   Constr. rmsd
   -2.59324e+05    3.00780e+02   -1.92592e+02   -7.12075e+01    2.63230e-06

           Step           Time
          34500       69.00000

   Energies (kJ/mol)
           Bond            U-B    Proper Dih.  Improper Dih.      CMAP Dih.
    3.72588e+02    6.92683e+02    4.66067e+02    4.88311e+01   -1.52223e+02
          LJ-14     Coulomb-14        LJ (SR)  Disper. corr.   Coulomb (SR)
    3.92668e+02    6.23832e+03    5.05898e+04   -2.86024e+03   -3.79120e+05
   Coul. recip. Position Rest.      Potential    Kinetic En.   Total Energy
    2.08191e+03    1.16948e+02   -3.21132e+05    6.08332e+04   -2.60299e+05
  Conserved En.    Temperature Pres. DC (bar) Pressure (bar)   Constr. rmsd
   -2.59313e+05    2.98727e+02   -1.92695e+02    1.08720e+02    2.60240e-06

           Step           Time
          35000       70.00000

   Energies (kJ/mol)
           Bond            U-B    Proper Dih.  Improper Dih.      CMAP Dih.
    3.09155e+02    7.10702e+02    4.79577e+02    3.74738e+01   -1.52271e+02
          LJ-14     Coulomb-14        LJ (SR)  Disper. corr.   Coulomb (SR)
    4.14630e+02    6.29217e+03    5.00943e+04   -2.86378e+03   -3.78525e+05
   Coul. recip. Position Rest.      Potential    Kinetic En.   Total Energy
    2.11608e+03    1.14404e+02   -3.20972e+05    6.12818e+04   -2.59691e+05
  Conserved En.    Temperature Pres. DC (bar) Pressure (bar)   Constr. rmsd
   -2.59320e+05    3.00929e+02   -1.93172e+02    9.98940e+01    2.79201e-06

           Step           Time
          35500       71.00000

   Energies (kJ/mol)
           Bond            U-B    Proper Dih.  Improper Dih.      CMAP Dih.
    2.73985e+02    7.20725e+02    5.14906e+02    3.19653e+01   -1.47958e+02
          LJ-14     Coulomb-14        LJ (SR)  Disper. corr.   Coulomb (SR)
    4.40104e+02    6.17052e+03    4.97104e+04   -2.85940e+03   -3.78660e+05
   Coul. recip. Position Rest.      Potential    Kinetic En.   Total Energy
    2.06544e+03    1.13783e+02   -3.21626e+05    6.10185e+04   -2.60607e+05
  Conserved En.    Temperature Pres. DC (bar) Pressure (bar)   Constr. rmsd
   -2.59318e+05    2.99636e+02   -1.92582e+02   -4.20812e+01    1.94788e-06

           Step           Time
          36000       72.00000

   Energies (kJ/mol)
           Bond            U-B    Proper Dih.  Improper Dih.      CMAP Dih.
    3.40826e+02    8.71161e+02    4.95049e+02    4.50861e+01   -1.41663e+02
          LJ-14     Coulomb-14        LJ (SR)  Disper. corr.   Coulomb (SR)
    4.01366e+02    6.22750e+03    5.01155e+04   -2.85021e+03   -3.78656e+05
   Coul. recip. Position Rest.      Potential    Kinetic En.   Total Energy
    2.07544e+03    1.19167e+02   -3.20957e+05    6.17627e+04   -2.59194e+05
  Conserved En.    Temperature Pres. DC (bar) Pressure (bar)   Constr. rmsd
   -2.59318e+05    3.03291e+02   -1.91347e+02   -4.46838e-01    2.25425e-06

           Step           Time
          36500       73.00000

   Energies (kJ/mol)
           Bond            U-B    Proper Dih.  Improper Dih.      CMAP Dih.
    3.43178e+02    6.67495e+02    5.06163e+02    5.54033e+01   -1.41815e+02
          LJ-14     Coulomb-14        LJ (SR)  Disper. corr.   Coulomb (SR)
    3.91563e+02    6.22957e+03    5.01651e+04   -2.86406e+03   -3.79881e+05
   Coul. recip. Position Rest.      Potential    Kinetic En.   Total Energy
    2.03762e+03    1.26960e+02   -3.22364e+05    6.12506e+04   -2.61113e+05
  Conserved En.    Temperature Pres. DC (bar) Pressure (bar)   Constr. rmsd
   -2.59319e+05    3.00776e+02   -1.93210e+02   -8.64687e+01    2.26236e-06

           Step           Time
          37000       74.00000

   Energies (kJ/mol)
           Bond            U-B    Proper Dih.  Improper Dih.      CMAP Dih.
    3.18252e+02    6.99438e+02    5.03394e+02    5.50398e+01   -1.54586e+02
          LJ-14     Coulomb-14        LJ (SR)  Disper. corr.   Coulomb (SR)
    4.27121e+02    6.23969e+03    4.98365e+04   -2.86026e+03   -3.79118e+05
   Coul. recip. Position Rest.      Potential    Kinetic En.   Total Energy
    1.99695e+03    8.83422e+01   -3.21968e+05    6.13094e+04   -2.60658e+05
  Conserved En.    Temperature Pres. DC (bar) Pressure (bar)   Constr. rmsd
   -2.59316e+05    3.01065e+02   -1.92699e+02   -9.99030e+01    2.64036e-06

Writing checkpoint, step 37150 at Wed Oct 28 23:22:07 2020


           Step           Time
          37500       75.00000

   Energies (kJ/mol)
           Bond            U-B    Proper Dih.  Improper Dih.      CMAP Dih.
    3.19884e+02    7.78819e+02    5.20874e+02    4.89443e+01   -1.44653e+02
          LJ-14     Coulomb-14        LJ (SR)  Disper. corr.   Coulomb (SR)
    3.97222e+02    6.12704e+03    4.93952e+04   -2.84769e+03   -3.77250e+05
   Coul. recip. Position Rest.      Potential    Kinetic En.   Total Energy
    2.10961e+03    1.16400e+02   -3.20428e+05    6.13713e+04   -2.59057e+05
  Conserved En.    Temperature Pres. DC (bar) Pressure (bar)   Constr. rmsd
   -2.59306e+05    3.01369e+02   -1.91010e+02   -1.12253e+02    2.59579e-06

           Step           Time
          38000       76.00000

   Energies (kJ/mol)
           Bond            U-B    Proper Dih.  Improper Dih.      CMAP Dih.
    2.73760e+02    6.83994e+02    4.73874e+02    4.10876e+01   -1.49441e+02
          LJ-14     Coulomb-14        LJ (SR)  Disper. corr.   Coulomb (SR)
    4.15815e+02    6.19050e+03    4.98594e+04   -2.86918e+03   -3.79528e+05
   Coul. recip. Position Rest.      Potential    Kinetic En.   Total Energy
    2.04645e+03    9.82497e+01   -3.22464e+05    6.00135e+04   -2.62450e+05
  Conserved En.    Temperature Pres. DC (bar) Pressure (bar)   Constr. rmsd
   -2.59302e+05    2.94701e+02   -1.93901e+02   -6.60613e+01    2.31423e-06

           Step           Time
          38500       77.00000

   Energies (kJ/mol)
           Bond            U-B    Proper Dih.  Improper Dih.      CMAP Dih.
    3.00564e+02    7.49963e+02    4.80855e+02    3.73816e+01   -1.48921e+02
          LJ-14     Coulomb-14        LJ (SR)  Disper. corr.   Coulomb (SR)
    3.92239e+02    6.21617e+03    5.00724e+04   -2.84984e+03   -3.79708e+05
   Coul. recip. Position Rest.      Potential    Kinetic En.   Total Energy
    2.05571e+03    1.00565e+02   -3.22301e+05    6.14040e+04   -2.60897e+05
  Conserved En.    Temperature Pres. DC (bar) Pressure (bar)   Constr. rmsd
   -2.59317e+05    3.01529e+02   -1.91298e+02   -1.39726e+02    2.23596e-06

           Step           Time
          39000       78.00000

   Energies (kJ/mol)
           Bond            U-B    Proper Dih.  Improper Dih.      CMAP Dih.
    2.78075e+02    6.65531e+02    5.24441e+02    4.42258e+01   -1.43746e+02
          LJ-14     Coulomb-14        LJ (SR)  Disper. corr.   Coulomb (SR)
    4.17827e+02    6.38136e+03    5.11352e+04   -2.86520e+03   -3.81134e+05
   Coul. recip. Position Rest.      Potential    Kinetic En.   Total Energy
    2.05910e+03    1.28525e+02   -3.22509e+05    6.12078e+04   -2.61301e+05
  Conserved En.    Temperature Pres. DC (bar) Pressure (bar)   Constr. rmsd
   -2.59305e+05    3.00566e+02   -1.93363e+02    1.89042e+02    2.65061e-06

           Step           Time
          39500       79.00000

   Energies (kJ/mol)
           Bond            U-B    Proper Dih.  Improper Dih.      CMAP Dih.
    3.09889e+02    7.26219e+02    4.96984e+02    3.70268e+01   -1.62746e+02
          LJ-14     Coulomb-14        LJ (SR)  Disper. corr.   Coulomb (SR)
    4.38295e+02    6.26394e+03    4.92570e+04   -2.85596e+03   -3.77915e+05
   Coul. recip. Position Rest.      Potential    Kinetic En.   Total Energy
    2.07887e+03    1.07594e+02   -3.21217e+05    6.10796e+04   -2.60138e+05
  Conserved En.    Temperature Pres. DC (bar) Pressure (bar)   Constr. rmsd
   -2.59291e+05    2.99936e+02   -1.92119e+02   -1.18661e+02    2.64065e-06

           Step           Time
          40000       80.00000

   Energies (kJ/mol)
           Bond            U-B    Proper Dih.  Improper Dih.      CMAP Dih.
    3.31137e+02    7.92026e+02    4.99747e+02    4.00998e+01   -1.63111e+02
          LJ-14     Coulomb-14        LJ (SR)  Disper. corr.   Coulomb (SR)
    3.90360e+02    6.29000e+03    4.98320e+04   -2.85502e+03   -3.78355e+05
   Coul. recip. Position Rest.      Potential    Kinetic En.   Total Energy
    2.13922e+03    9.40197e+01   -3.20964e+05    6.16158e+04   -2.59348e+05
  Conserved En.    Temperature Pres. DC (bar) Pressure (bar)   Constr. rmsd
   -2.59297e+05    3.02569e+02   -1.91994e+02   -3.00075e+01    2.32552e-06

           Step           Time
          40500       81.00000

   Energies (kJ/mol)
           Bond            U-B    Proper Dih.  Improper Dih.      CMAP Dih.
    2.60626e+02    7.14368e+02    4.87575e+02    3.99020e+01   -1.53129e+02
          LJ-14     Coulomb-14        LJ (SR)  Disper. corr.   Coulomb (SR)
    4.23435e+02    6.30307e+03    5.11389e+04   -2.83937e+03   -3.80167e+05
   Coul. recip. Position Rest.      Potential    Kinetic En.   Total Energy
    2.08723e+03    9.29489e+01   -3.21611e+05    6.01024e+04   -2.61509e+05
  Conserved En.    Temperature Pres. DC (bar) Pressure (bar)   Constr. rmsd
   -2.59295e+05    2.95138e+02   -1.89897e+02    1.15955e+02    2.76506e-06

           Step           Time
          41000       82.00000

   Energies (kJ/mol)
           Bond            U-B    Proper Dih.  Improper Dih.      CMAP Dih.
    3.04571e+02    6.90856e+02    5.08573e+02    5.73267e+01   -1.41100e+02
          LJ-14     Coulomb-14        LJ (SR)  Disper. corr.   Coulomb (SR)
    3.98395e+02    6.15838e+03    5.04255e+04   -2.85770e+03   -3.79411e+05
   Coul. recip. Position Rest.      Potential    Kinetic En.   Total Energy
    2.13450e+03    1.10243e+02   -3.21622e+05    6.08143e+04   -2.60808e+05
  Conserved En.    Temperature Pres. DC (bar) Pressure (bar)   Constr. rmsd
   -2.59296e+05    2.98633e+02   -1.92354e+02    9.10040e+01    2.29374e-06

           Step           Time
          41500       83.00000

   Energies (kJ/mol)
           Bond            U-B    Proper Dih.  Improper Dih.      CMAP Dih.
    3.01811e+02    7.71864e+02    4.68315e+02    2.44383e+01   -1.63324e+02
          LJ-14     Coulomb-14        LJ (SR)  Disper. corr.   Coulomb (SR)
    4.23491e+02    6.20674e+03    4.98368e+04   -2.86810e+03   -3.78747e+05
   Coul. recip. Position Rest.      Potential    Kinetic En.   Total Energy
    2.00984e+03    1.02455e+02   -3.21632e+05    6.11430e+04   -2.60489e+05
  Conserved En.    Temperature Pres. DC (bar) Pressure (bar)   Constr. rmsd
   -2.59292e+05    3.00247e+02   -1.93755e+02   -2.16238e+00    2.32033e-06

           Step           Time
          42000       84.00000

   Energies (kJ/mol)
           Bond            U-B    Proper Dih.  Improper Dih.      CMAP Dih.
    3.27175e+02    7.26227e+02    5.03721e+02    5.01159e+01   -1.54411e+02
          LJ-14     Coulomb-14        LJ (SR)  Disper. corr.   Coulomb (SR)
    4.15737e+02    6.20790e+03    4.96050e+04   -2.85792e+03   -3.78509e+05
   Coul. recip. Position Rest.      Potential    Kinetic En.   Total Energy
    2.05302e+03    1.08482e+02   -3.21524e+05    6.13342e+04   -2.60190e+05
  Conserved En.    Temperature Pres. DC (bar) Pressure (bar)   Constr. rmsd
   -2.59292e+05    3.01186e+02   -1.92383e+02   -1.01389e+02    2.33387e-06

           Step           Time
          42500       85.00000

   Energies (kJ/mol)
           Bond            U-B    Proper Dih.  Improper Dih.      CMAP Dih.
    3.47080e+02    7.26797e+02    4.74313e+02    4.88697e+01   -1.47749e+02
          LJ-14     Coulomb-14        LJ (SR)  Disper. corr.   Coulomb (SR)
    3.83132e+02    6.19001e+03    5.05964e+04   -2.87139e+03   -3.79898e+05
   Coul. recip. Position Rest.      Potential    Kinetic En.   Total Energy
    2.07968e+03    1.09813e+02   -3.21961e+05    6.06496e+04   -2.61311e+05
  Conserved En.    Temperature Pres. DC (bar) Pressure (bar)   Constr. rmsd
   -2.59280e+05    2.97825e+02   -1.94199e+02    1.32321e+01    2.00112e-06

           Step           Time
          43000       86.00000

   Energies (kJ/mol)
           Bond            U-B    Proper Dih.  Improper Dih.      CMAP Dih.
    3.10990e+02    7.29383e+02    4.96234e+02    4.31743e+01   -1.56399e+02
          LJ-14     Coulomb-14        LJ (SR)  Disper. corr.   Coulomb (SR)
    3.90708e+02    6.13274e+03    4.96930e+04   -2.85775e+03   -3.78621e+05
   Coul. recip. Position Rest.      Potential    Kinetic En.   Total Energy
    2.07407e+03    1.19820e+02   -3.21645e+05    6.14399e+04   -2.60205e+05
  Conserved En.    Temperature Pres. DC (bar) Pressure (bar)   Constr. rmsd
   -2.59288e+05    3.01705e+02   -1.92360e+02   -8.17468e+01    2.38342e-06

           Step           Time
          43500       87.00000

   Energies (kJ/mol)
           Bond            U-B    Proper Dih.  Improper Dih.      CMAP Dih.
    2.44216e+02    6.79701e+02    4.68205e+02    4.27965e+01   -1.40398e+02
          LJ-14     Coulomb-14        LJ (SR)  Disper. corr.   Coulomb (SR)
    4.32104e+02    6.22563e+03    5.02076e+04   -2.86018e+03   -3.80044e+05
   Coul. recip. Position Rest.      Potential    Kinetic En.   Total Energy
    2.07991e+03    1.05385e+02   -3.22559e+05    6.05430e+04   -2.62016e+05
  Conserved En.    Temperature Pres. DC (bar) Pressure (bar)   Constr. rmsd
   -2.59278e+05    2.97301e+02   -1.92688e+02   -4.58595e+01    2.42663e-06

           Step           Time
          44000       88.00000

   Energies (kJ/mol)
           Bond            U-B    Proper Dih.  Improper Dih.      CMAP Dih.
    2.59706e+02    7.49017e+02    4.83645e+02    6.40823e+01   -1.52144e+02
          LJ-14     Coulomb-14        LJ (SR)  Disper. corr.   Coulomb (SR)
    4.22760e+02    6.19986e+03    5.05824e+04   -2.86077e+03   -3.79887e+05
   Coul. recip. Position Rest.      Potential    Kinetic En.   Total Energy
    2.00905e+03    1.06012e+02   -3.22023e+05    6.12448e+04   -2.60778e+05
  Conserved En.    Temperature Pres. DC (bar) Pressure (bar)   Constr. rmsd
   -2.59288e+05    3.00747e+02   -1.92767e+02    7.27321e+01    2.78939e-06

           Step           Time
          44500       89.00000

   Energies (kJ/mol)
           Bond            U-B    Proper Dih.  Improper Dih.      CMAP Dih.
    2.98502e+02    7.80399e+02    4.69148e+02    5.06894e+01   -1.46791e+02
          LJ-14     Coulomb-14        LJ (SR)  Disper. corr.   Coulomb (SR)
    4.06458e+02    6.13781e+03    5.00781e+04   -2.87521e+03   -3.79582e+05
   Coul. recip. Position Rest.      Potential    Kinetic En.   Total Energy
    2.06212e+03    1.40894e+02   -3.22180e+05    6.17110e+04   -2.60469e+05
  Conserved En.    Temperature Pres. DC (bar) Pressure (bar)   Constr. rmsd
   -2.59285e+05    3.03037e+02   -1.94716e+02   -4.81773e+00    2.56862e-06

           Step           Time
          45000       90.00000

   Energies (kJ/mol)
           Bond            U-B    Proper Dih.  Improper Dih.      CMAP Dih.
    3.11188e+02    7.25650e+02    4.61630e+02    5.33866e+01   -1.35180e+02
          LJ-14     Coulomb-14        LJ (SR)  Disper. corr.   Coulomb (SR)
    4.10167e+02    6.22661e+03    4.93937e+04   -2.86507e+03   -3.78004e+05
   Coul. recip. Position Rest.      Potential    Kinetic En.   Total Energy
    2.08133e+03    1.23061e+02   -3.21218e+05    6.07603e+04   -2.60458e+05
  Conserved En.    Temperature Pres. DC (bar) Pressure (bar)   Constr. rmsd
   -2.59281e+05    2.98368e+02   -1.93346e+02   -4.03025e+01    2.08737e-06

           Step           Time
          45500       91.00000

   Energies (kJ/mol)
           Bond            U-B    Proper Dih.  Improper Dih.      CMAP Dih.
    3.04367e+02    7.09546e+02    4.70733e+02    3.00163e+01   -1.45770e+02
          LJ-14     Coulomb-14        LJ (SR)  Disper. corr.   Coulomb (SR)
    4.10823e+02    6.19759e+03    4.99097e+04   -2.85733e+03   -3.80043e+05
   Coul. recip. Position Rest.      Potential    Kinetic En.   Total Energy
    1.99825e+03    8.89509e+01   -3.22927e+05    6.11310e+04   -2.61796e+05
  Conserved En.    Temperature Pres. DC (bar) Pressure (bar)   Constr. rmsd
   -2.59277e+05    3.00189e+02   -1.92304e+02   -2.65416e+02    1.87217e-06

           Step           Time
          46000       92.00000

   Energies (kJ/mol)
           Bond            U-B    Proper Dih.  Improper Dih.      CMAP Dih.
    2.75541e+02    7.24484e+02    4.98050e+02    5.73054e+01   -1.57433e+02
          LJ-14     Coulomb-14        LJ (SR)  Disper. corr.   Coulomb (SR)
    3.98852e+02    6.15326e+03    4.94495e+04   -2.86536e+03   -3.77947e+05
   Coul. recip. Position Rest.      Potential    Kinetic En.   Total Energy
    2.10011e+03    9.02069e+01   -3.21223e+05    6.15269e+04   -2.59696e+05
  Conserved En.    Temperature Pres. DC (bar) Pressure (bar)   Constr. rmsd
   -2.59287e+05    3.02133e+02   -1.93385e+02   -3.02657e+01    2.12078e-06

           Step           Time
          46500       93.00000

   Energies (kJ/mol)
           Bond            U-B    Proper Dih.  Improper Dih.      CMAP Dih.
    3.25779e+02    6.94708e+02    4.75658e+02    4.00582e+01   -1.48986e+02
          LJ-14     Coulomb-14        LJ (SR)  Disper. corr.   Coulomb (SR)
    3.99729e+02    6.15681e+03    5.06319e+04   -2.86677e+03   -3.80843e+05
   Coul. recip. Position Rest.      Potential    Kinetic En.   Total Energy
    2.10665e+03    9.46745e+01   -3.22933e+05    6.14211e+04   -2.61512e+05
  Conserved En.    Temperature Pres. DC (bar) Pressure (bar)   Constr. rmsd
   -2.59279e+05    3.01613e+02   -1.93575e+02    9.25547e+01    2.82350e-06

           Step           Time
          47000       94.00000

   Energies (kJ/mol)
           Bond            U-B    Proper Dih.  Improper Dih.      CMAP Dih.
    3.10438e+02    7.69477e+02    4.72850e+02    2.87351e+01   -1.37554e+02
          LJ-14     Coulomb-14        LJ (SR)  Disper. corr.   Coulomb (SR)
    3.89953e+02    6.16721e+03    4.97272e+04   -2.86440e+03   -3.78844e+05
   Coul. recip. Position Rest.      Potential    Kinetic En.   Total Energy
    2.09103e+03    1.23156e+02   -3.21766e+05    6.07855e+04   -2.60980e+05
  Conserved En.    Temperature Pres. DC (bar) Pressure (bar)   Constr. rmsd
   -2.59266e+05    2.98492e+02   -1.93256e+02   -1.16143e+02    2.56555e-06

           Step           Time
          47500       95.00000

   Energies (kJ/mol)
           Bond            U-B    Proper Dih.  Improper Dih.      CMAP Dih.
    2.97569e+02    7.45325e+02    5.10095e+02    5.39179e+01   -1.63640e+02
          LJ-14     Coulomb-14        LJ (SR)  Disper. corr.   Coulomb (SR)
    4.10967e+02    6.16032e+03    4.85988e+04   -2.86088e+03   -3.77899e+05
   Coul. recip. Position Rest.      Potential    Kinetic En.   Total Energy
    2.06757e+03    9.31868e+01   -3.21985e+05    6.08408e+04   -2.61145e+05
  Conserved En.    Temperature Pres. DC (bar) Pressure (bar)   Constr. rmsd
   -2.59268e+05    2.98764e+02   -1.92782e+02   -2.95125e+02    2.34284e-06

           Step           Time
          48000       96.00000

   Energies (kJ/mol)
           Bond            U-B    Proper Dih.  Improper Dih.      CMAP Dih.
    3.47849e+02    7.63627e+02    4.90418e+02    6.25989e+01   -1.57764e+02
          LJ-14     Coulomb-14        LJ (SR)  Disper. corr.   Coulomb (SR)
    3.94358e+02    6.18197e+03    4.98560e+04   -2.86919e+03   -3.78750e+05
   Coul. recip. Position Rest.      Potential    Kinetic En.   Total Energy
    2.11469e+03    1.37105e+02   -3.21429e+05    6.15108e+04   -2.59918e+05
  Conserved En.    Temperature Pres. DC (bar) Pressure (bar)   Constr. rmsd
   -2.59270e+05    3.02054e+02   -1.93902e+02    3.46866e+00    2.36357e-06

           Step           Time
          48500       97.00000

   Energies (kJ/mol)
           Bond            U-B    Proper Dih.  Improper Dih.      CMAP Dih.
    3.08717e+02    7.42934e+02    4.67070e+02    5.00564e+01   -1.53860e+02
          LJ-14     Coulomb-14        LJ (SR)  Disper. corr.   Coulomb (SR)
    4.10405e+02    6.26553e+03    5.02391e+04   -2.86971e+03   -3.79643e+05
   Coul. recip. Position Rest.      Potential    Kinetic En.   Total Energy
    2.04343e+03    1.38682e+02   -3.22000e+05    6.15958e+04   -2.60405e+05
  Conserved En.    Temperature Pres. DC (bar) Pressure (bar)   Constr. rmsd
   -2.59269e+05    3.02471e+02   -1.93973e+02    7.37735e+01    3.17922e-06

           Step           Time
          49000       98.00000

   Energies (kJ/mol)
           Bond            U-B    Proper Dih.  Improper Dih.      CMAP Dih.
    2.75775e+02    7.35668e+02    4.78067e+02    4.38940e+01   -1.60686e+02
          LJ-14     Coulomb-14        LJ (SR)  Disper. corr.   Coulomb (SR)
    4.00462e+02    6.22235e+03    5.00044e+04   -2.85864e+03   -3.79703e+05
   Coul. recip. Position Rest.      Potential    Kinetic En.   Total Energy
    2.06877e+03    1.17433e+02   -3.22376e+05    6.13501e+04   -2.61026e+05
  Conserved En.    Temperature Pres. DC (bar) Pressure (bar)   Constr. rmsd
   -2.59270e+05    3.01264e+02   -1.92481e+02   -8.07119e+01    2.63830e-06

           Step           Time
          49500       99.00000

   Energies (kJ/mol)
           Bond            U-B    Proper Dih.  Improper Dih.      CMAP Dih.
    2.73661e+02    7.53680e+02    4.88907e+02    4.94254e+01   -1.53360e+02
          LJ-14     Coulomb-14        LJ (SR)  Disper. corr.   Coulomb (SR)
    4.34712e+02    6.18001e+03    5.00809e+04   -2.85970e+03   -3.78192e+05
   Coul. recip. Position Rest.      Potential    Kinetic En.   Total Energy
    2.02033e+03    9.35897e+01   -3.20830e+05    6.11202e+04   -2.59710e+05
  Conserved En.    Temperature Pres. DC (bar) Pressure (bar)   Constr. rmsd
   -2.59253e+05    3.00136e+02   -1.92623e+02    1.29810e+02    2.71250e-06

           Step           Time
          50000      100.00000

Writing checkpoint, step 50000 at Wed Oct 28 23:31:51 2020


   Energies (kJ/mol)
           Bond            U-B    Proper Dih.  Improper Dih.      CMAP Dih.
    2.96766e+02    7.31145e+02    4.71529e+02    4.94831e+01   -1.49624e+02
          LJ-14     Coulomb-14        LJ (SR)  Disper. corr.   Coulomb (SR)
    3.93909e+02    6.20970e+03    5.01034e+04   -2.85609e+03   -3.78767e+05
   Coul. recip. Position Rest.      Potential    Kinetic En.   Total Energy
    2.03131e+03    1.00861e+02   -3.21384e+05    6.03557e+04   -2.61029e+05
  Conserved En.    Temperature Pres. DC (bar) Pressure (bar)   Constr. rmsd
   -2.59256e+05    2.96382e+02   -1.92137e+02   -2.81310e+01    2.52590e-06


	<======  ###############  ==>
	<====  A V E R A G E S  ====>
	<==  ###############  ======>

	Statistics over 50001 steps using 501 frames

   Energies (kJ/mol)
           Bond            U-B    Proper Dih.  Improper Dih.      CMAP Dih.
    3.02891e+02    7.23080e+02    4.86329e+02    4.58787e+01   -1.49179e+02
          LJ-14     Coulomb-14        LJ (SR)  Disper. corr.   Coulomb (SR)
    4.05565e+02    6.21506e+03    5.01266e+04   -2.85983e+03   -3.79290e+05
   Coul. recip. Position Rest.      Potential    Kinetic En.   Total Energy
    2.07518e+03    1.06515e+02   -3.21812e+05    6.10726e+04   -2.60739e+05
  Conserved En.    Temperature Pres. DC (bar) Pressure (bar)   Constr. rmsd
   -2.59378e+05    2.99902e+02   -1.92642e+02   -5.30098e+00    0.00000e+00

          Box-X          Box-Y          Box-Z
    6.27273e+00    6.27273e+00    6.27273e+00

   Total Virial (kJ/mol)
    2.04009e+04    2.70555e+01    4.79301e+01
    2.76214e+01    2.03881e+04    6.03924e+01
    4.76211e+01    5.99192e+01    2.04063e+04

   Pressure (bar)
   -8.23721e+00   -2.39674e+00   -7.04608e+00
   -2.47279e+00   -1.69848e-01   -9.11959e+00
   -7.00418e+00   -9.05572e+00   -7.49589e+00

      T-Protein  T-non-Protein
    2.98937e+02    2.99920e+02


	M E G A - F L O P S   A C C O U N T I N G

 NB=Group-cutoff nonbonded kernels    NxN=N-by-N cluster Verlet kernels
 RF=Reaction-Field  VdW=Van der Waals  QSTab=quadratic-spline table
 W3=SPC/TIP3p  W4=TIP4p (single or pairs)
 V&F=Potential and force  V=Potential only  F=Force only

 Computing:                               M-Number         M-Flops  % Flops
-----------------------------------------------------------------------------
 Pair Search distance check            8001.555618       72014.001     0.3
 NxN QSTab Elec. + LJ [F]            306075.568104    12549098.292    51.0
 NxN QSTab Elec. + LJ [V&F]            3097.658016      182761.823     0.7
 NxN QSTab Elec. [F]                 291487.806008     9910585.404    40.3
 NxN QSTab Elec. [V&F]                 2949.957584      120948.261     0.5
 1,4 nonbonded interactions              46.100922        4149.083     0.0
 Calc Weights                          3660.073200      131762.635     0.5
 Spread Q Bspline                     78081.561600      156163.123     0.6
 Gather F Bspline                     78081.561600      468489.370     1.9
 3D-FFT                              102183.043620      817464.349     3.3
 Solve PME                               80.001600        5120.102     0.0
 Shift-X                                 24.424400         146.546     0.0
 Bonds                                    9.600192         566.411     0.0
 Propers                                 37.200744        8518.970     0.0
 Impropers                                3.100062         644.813     0.0
 Pos. Restr.                              9.400188         470.009     0.0
 Virial                                 122.249445        2200.490     0.0
 Stop-CM                                 12.224400         122.244     0.0
 Calc-Ekin                              244.048800        6589.318     0.0
 Lincs                                    8.800176         528.011     0.0
 Lincs-Mat                               43.200864         172.803     0.0
 Constraint-V                          1219.424388        9755.395     0.0
 Constraint-Vir                         121.084212        2906.021     0.0
 Settle                                 400.608012      129396.388     0.5
 CMAP                                     1.000020        1700.034     0.0
 Urey-Bradley                            32.400648        5929.319     0.0
-----------------------------------------------------------------------------
 Total                                                24588203.216   100.0
-----------------------------------------------------------------------------


     R E A L   C Y C L E   A N D   T I M E   A C C O U N T I N G

On 1 MPI rank, each using 4 OpenMP threads

 Computing:          Num   Num      Call    Wall time         Giga-Cycles
                     Ranks Threads  Count      (s)         total sum    %
-----------------------------------------------------------------------------
 Neighbor search        1    4       1001      28.466        182.180   1.2
 Force                  1    4      50001    1922.211      12302.152  80.6
 PME mesh               1    4      50001     304.206       1946.917  12.7
 NB X/F buffer ops.     1    4      99001      62.414        399.451   2.6
 Write traj.            1    4        103       3.037         19.438   0.1
 Update                 1    4      50001      23.961        153.352   1.0
 Constraints            1    4      50001      31.598        202.226   1.3
 Rest                                          10.328         66.097   0.4
-----------------------------------------------------------------------------
 Total                                       2386.221      15271.814 100.0
-----------------------------------------------------------------------------
 Breakdown of PME mesh computation
-----------------------------------------------------------------------------
 PME spread             1    4      50001     113.512        726.476   4.8
 PME gather             1    4      50001     127.349        815.036   5.3
 PME 3D-FFT             1    4     100002      49.257        315.243   2.1
 PME solve Elec         1    4      50001      10.461         66.950   0.4
-----------------------------------------------------------------------------

               Core t (s)   Wall t (s)        (%)
       Time:     9544.361     2386.221      400.0
                         39:46
                 (ns/day)    (hour/ns)
Performance:        3.621        6.628
Finished mdrun on rank 0 Wed Oct 28 23:31:52 2020

