                      :-) GROMACS - gmx mdrun, 2020.3 (-:

                            GROMACS is written by:
     Emile Apol      Rossen Apostolov      Paul Bauer     Herman J.C. Berendsen
    Par Bjelkmar      Christian Blau   Viacheslav Bolnykh     Kevin Boyd    
 Aldert van Buuren   Rudi van Drunen     Anton Feenstra       Alan Gray     
  Gerrit Groenhof     Anca Hamuraru    Vincent Hindriksen  M. Eric Irrgang  
  Aleksei Iupinov   Christoph Junghans     Joe Jordan     Dimitrios Karkoulis
    Peter Kasson        Jiri Kraus      Carsten Kutzner      Per Larsson    
  Justin A. Lemkul    Viveca Lindahl    Magnus Lundborg     Erik Marklund   
    Pascal Merz     Pieter Meulenhoff    Teemu Murtola       Szilard Pall   
    Sander Pronk      Roland Schulz      Michael Shirts    Alexey Shvetsov  
   Alfons Sijbers     Peter Tieleman      Jon Vincent      Teemu Virolainen 
 Christian Wennberg    Maarten Wolf      Artem Zhmurov   
                           and the project leaders:
        Mark Abraham, Berk Hess, Erik Lindahl, and David van der Spoel

Copyright (c) 1991-2000, University of Groningen, The Netherlands.
Copyright (c) 2001-2019, The GROMACS development team at
Uppsala University, Stockholm University and
the Royal Institute of Technology, Sweden.
check out http://www.gromacs.org for more information.

GROMACS is free software; you can redistribute it and/or modify it
under the terms of the GNU Lesser General Public License
as published by the Free Software Foundation; either version 2.1
of the License, or (at your option) any later version.

GROMACS:      gmx mdrun, version 2020.3
Executable:   /usr/local/gromacs/bin/gmx
Data prefix:  /usr/local/gromacs
Working dir:  /home/alan/Documentos/estancia/pdb/procesados/p1
Process ID:   8547
Command line:
  gmx mdrun -v -deffnm nvt

GROMACS version:    2020.3
Verified release checksum is c0599e547549c2d0ef4fc678dc5a26ad0000eab045e938fed756f9ff5b99a197
Precision:          single
Memory model:       64 bit
MPI library:        thread_mpi
OpenMP support:     enabled (GMX_OPENMP_MAX_THREADS = 64)
GPU support:        disabled
SIMD instructions:  SSE4.1
FFT library:        fftw-3.3.8-sse2
RDTSCP usage:       enabled
TNG support:        enabled
Hwloc support:      hwloc-2.2.0
Tracing support:    disabled
C compiler:         /usr/bin/cc GNU 10.2.0
C compiler flags:   -msse4.1 -fexcess-precision=fast -funroll-all-loops -O3 -DNDEBUG
C++ compiler:       /usr/bin/c++ GNU 10.2.0
C++ compiler flags: -msse4.1 -fexcess-precision=fast -funroll-all-loops -fopenmp -O3 -DNDEBUG


Running on 1 node with total 4 cores, 4 logical cores
Hardware detected:
  CPU info:
    Vendor: Intel
    Brand:  Intel(R) Pentium(R) CPU  N3710  @ 1.60GHz
    Family: 6   Model: 76   Stepping: 4
    Features: aes apic clfsh cmov cx8 cx16 htt intel lahf mmx msr nonstop_tsc pclmuldq pdcm popcnt pse rdrnd rdtscp sse2 sse3 sse4.1 sse4.2 ssse3 tdt
  Hardware topology: Full, with devices
    Sockets, cores, and logical processors:
      Socket  0: [   0] [   1] [   2] [   3]
    Numa nodes:
      Node  0 (4035821568 bytes mem):   0   1   2   3
      Latency:
               0
         0  1.00
    Caches:
      L1: 24576 bytes, linesize 64 bytes, assoc. 6, shared 1 ways
      L2: 1048576 bytes, linesize 64 bytes, assoc. 16, shared 2 ways
    PCI devices:
      0000:00:02.0  Id: 8086:22b1  Class: 0x0300  Numa: 0
      0000:00:13.0  Id: 8086:22a3  Class: 0x0106  Numa: 0
      0000:02:00.0  Id: 8086:3166  Class: 0x0280  Numa: 0
      0000:03:00.0  Id: 10ec:8136  Class: 0x0200  Numa: 0


++++ PLEASE READ AND CITE THE FOLLOWING REFERENCE ++++
M. J. Abraham, T. Murtola, R. Schulz, S. Páll, J. C. Smith, B. Hess, E.
Lindahl
GROMACS: High performance molecular simulations through multi-level
parallelism from laptops to supercomputers
SoftwareX 1 (2015) pp. 19-25
-------- -------- --- Thank You --- -------- --------


++++ PLEASE READ AND CITE THE FOLLOWING REFERENCE ++++
S. Páll, M. J. Abraham, C. Kutzner, B. Hess, E. Lindahl
Tackling Exascale Software Challenges in Molecular Dynamics Simulations with
GROMACS
In S. Markidis & E. Laure (Eds.), Solving Software Challenges for Exascale 8759 (2015) pp. 3-27
-------- -------- --- Thank You --- -------- --------


++++ PLEASE READ AND CITE THE FOLLOWING REFERENCE ++++
S. Pronk, S. Páll, R. Schulz, P. Larsson, P. Bjelkmar, R. Apostolov, M. R.
Shirts, J. C. Smith, P. M. Kasson, D. van der Spoel, B. Hess, and E. Lindahl
GROMACS 4.5: a high-throughput and highly parallel open source molecular
simulation toolkit
Bioinformatics 29 (2013) pp. 845-54
-------- -------- --- Thank You --- -------- --------


++++ PLEASE READ AND CITE THE FOLLOWING REFERENCE ++++
B. Hess and C. Kutzner and D. van der Spoel and E. Lindahl
GROMACS 4: Algorithms for highly efficient, load-balanced, and scalable
molecular simulation
J. Chem. Theory Comput. 4 (2008) pp. 435-447
-------- -------- --- Thank You --- -------- --------


++++ PLEASE READ AND CITE THE FOLLOWING REFERENCE ++++
D. van der Spoel, E. Lindahl, B. Hess, G. Groenhof, A. E. Mark and H. J. C.
Berendsen
GROMACS: Fast, Flexible and Free
J. Comp. Chem. 26 (2005) pp. 1701-1719
-------- -------- --- Thank You --- -------- --------


++++ PLEASE READ AND CITE THE FOLLOWING REFERENCE ++++
E. Lindahl and B. Hess and D. van der Spoel
GROMACS 3.0: A package for molecular simulation and trajectory analysis
J. Mol. Mod. 7 (2001) pp. 306-317
-------- -------- --- Thank You --- -------- --------


++++ PLEASE READ AND CITE THE FOLLOWING REFERENCE ++++
H. J. C. Berendsen, D. van der Spoel and R. van Drunen
GROMACS: A message-passing parallel molecular dynamics implementation
Comp. Phys. Comm. 91 (1995) pp. 43-56
-------- -------- --- Thank You --- -------- --------


++++ PLEASE CITE THE DOI FOR THIS VERSION OF GROMACS ++++
https://doi.org/10.5281/zenodo.3923645
-------- -------- --- Thank You --- -------- --------

Input Parameters:
   integrator                     = md
   tinit                          = 0
   dt                             = 0.002
   nsteps                         = 50000
   init-step                      = 0
   simulation-part                = 1
   comm-mode                      = Linear
   nstcomm                        = 100
   bd-fric                        = 0
   ld-seed                        = 99857276
   emtol                          = 10
   emstep                         = 0.01
   niter                          = 20
   fcstep                         = 0
   nstcgsteep                     = 1000
   nbfgscorr                      = 10
   rtpi                           = 0.05
   nstxout                        = 500
   nstvout                        = 500
   nstfout                        = 0
   nstlog                         = 500
   nstcalcenergy                  = 100
   nstenergy                      = 500
   nstxout-compressed             = 0
   compressed-x-precision         = 1000
   cutoff-scheme                  = Verlet
   nstlist                        = 10
   pbc                            = xyz
   periodic-molecules             = false
   verlet-buffer-tolerance        = 0.005
   rlist                          = 1
   coulombtype                    = PME
   coulomb-modifier               = Potential-shift
   rcoulomb-switch                = 0
   rcoulomb                       = 1
   epsilon-r                      = 1
   epsilon-rf                     = inf
   vdw-type                       = Cut-off
   vdw-modifier                   = Potential-shift
   rvdw-switch                    = 0
   rvdw                           = 1
   DispCorr                       = EnerPres
   table-extension                = 1
   fourierspacing                 = 0.16
   fourier-nx                     = 40
   fourier-ny                     = 40
   fourier-nz                     = 40
   pme-order                      = 4
   ewald-rtol                     = 1e-05
   ewald-rtol-lj                  = 0.001
   lj-pme-comb-rule               = Geometric
   ewald-geometry                 = 0
   epsilon-surface                = 0
   tcoupl                         = V-rescale
   nsttcouple                     = 10
   nh-chain-length                = 0
   print-nose-hoover-chain-variables = false
   pcoupl                         = No
   pcoupltype                     = Isotropic
   nstpcouple                     = -1
   tau-p                          = 1
   compressibility (3x3):
      compressibility[    0]={ 0.00000e+00,  0.00000e+00,  0.00000e+00}
      compressibility[    1]={ 0.00000e+00,  0.00000e+00,  0.00000e+00}
      compressibility[    2]={ 0.00000e+00,  0.00000e+00,  0.00000e+00}
   ref-p (3x3):
      ref-p[    0]={ 0.00000e+00,  0.00000e+00,  0.00000e+00}
      ref-p[    1]={ 0.00000e+00,  0.00000e+00,  0.00000e+00}
      ref-p[    2]={ 0.00000e+00,  0.00000e+00,  0.00000e+00}
   refcoord-scaling               = No
   posres-com (3):
      posres-com[0]= 0.00000e+00
      posres-com[1]= 0.00000e+00
      posres-com[2]= 0.00000e+00
   posres-comB (3):
      posres-comB[0]= 0.00000e+00
      posres-comB[1]= 0.00000e+00
      posres-comB[2]= 0.00000e+00
   QMMM                           = false
   QMconstraints                  = 0
   QMMMscheme                     = 0
   MMChargeScaleFactor            = 1
qm-opts:
   ngQM                           = 0
   constraint-algorithm           = Lincs
   continuation                   = false
   Shake-SOR                      = false
   shake-tol                      = 0.0001
   lincs-order                    = 4
   lincs-iter                     = 1
   lincs-warnangle                = 30
   nwall                          = 0
   wall-type                      = 9-3
   wall-r-linpot                  = -1
   wall-atomtype[0]               = -1
   wall-atomtype[1]               = -1
   wall-density[0]                = 0
   wall-density[1]                = 0
   wall-ewald-zfac                = 3
   pull                           = false
   awh                            = false
   rotation                       = false
   interactiveMD                  = false
   disre                          = No
   disre-weighting                = Conservative
   disre-mixed                    = false
   dr-fc                          = 1000
   dr-tau                         = 0
   nstdisreout                    = 100
   orire-fc                       = 0
   orire-tau                      = 0
   nstorireout                    = 100
   free-energy                    = no
   cos-acceleration               = 0
   deform (3x3):
      deform[    0]={ 0.00000e+00,  0.00000e+00,  0.00000e+00}
      deform[    1]={ 0.00000e+00,  0.00000e+00,  0.00000e+00}
      deform[    2]={ 0.00000e+00,  0.00000e+00,  0.00000e+00}
   simulated-tempering            = false
   swapcoords                     = no
   userint1                       = 0
   userint2                       = 0
   userint3                       = 0
   userint4                       = 0
   userreal1                      = 0
   userreal2                      = 0
   userreal3                      = 0
   userreal4                      = 0
   applied-forces:
     electric-field:
       x:
         E0                       = 0
         omega                    = 0
         t0                       = 0
         sigma                    = 0
       y:
         E0                       = 0
         omega                    = 0
         t0                       = 0
         sigma                    = 0
       z:
         E0                       = 0
         omega                    = 0
         t0                       = 0
         sigma                    = 0
     density-guided-simulation:
       active                     = false
       group                      = protein
       similarity-measure         = inner-product
       atom-spreading-weight      = unity
       force-constant             = 1e+09
       gaussian-transform-spreading-width = 0.2
       gaussian-transform-spreading-range-in-multiples-of-width = 4
       reference-density-filename = reference.mrc
       nst                        = 1
       normalize-densities        = true
       adaptive-force-scaling     = false
       adaptive-force-scaling-time-constant = 4
grpopts:
   nrdf:     915.944     48069.1
   ref-t:         300         300
   tau-t:         0.1         0.1
annealing:          No          No
annealing-npoints:           0           0
   acc:	           0           0           0
   nfreeze:           N           N           N
   energygrp-flags[  0]: 0

Changing nstlist from 10 to 50, rlist from 1 to 1.11

Using 1 MPI thread

Non-default thread affinity set, disabling internal thread affinity

Using 4 OpenMP threads 

System total charge: 0.000
Will do PME sum in reciprocal space for electrostatic interactions.

++++ PLEASE READ AND CITE THE FOLLOWING REFERENCE ++++
U. Essmann, L. Perera, M. L. Berkowitz, T. Darden, H. Lee and L. G. Pedersen 
A smooth particle mesh Ewald method
J. Chem. Phys. 103 (1995) pp. 8577-8592
-------- -------- --- Thank You --- -------- --------

Using a Gaussian width (1/beta) of 0.320163 nm for Ewald
Potential shift: LJ r^-12: -1.000e+00 r^-6: -1.000e+00, Ewald -1.000e-05
Initialized non-bonded Ewald tables, spacing: 9.33e-04 size: 1073

Generated table with 1055 data points for 1-4 COUL.
Tabscale = 500 points/nm
Generated table with 1055 data points for 1-4 LJ6.
Tabscale = 500 points/nm
Generated table with 1055 data points for 1-4 LJ12.
Tabscale = 500 points/nm

Using SIMD 4x4 nonbonded short-range kernels

Using a dual 4x4 pair-list setup updated with dynamic pruning:
  outer list: updated every 50 steps, buffer 0.110 nm, rlist 1.110 nm
  inner list: updated every 12 steps, buffer 0.002 nm, rlist 1.002 nm
At tolerance 0.005 kJ/mol/ps per atom, equivalent classical 1x1 list would be:
  outer list: updated every 50 steps, buffer 0.235 nm, rlist 1.235 nm
  inner list: updated every 12 steps, buffer 0.047 nm, rlist 1.047 nm

Using Lorentz-Berthelot Lennard-Jones combination rule

Long Range LJ corr.: <C6> 2.8338e-04

Removing pbc first time

Initializing LINear Constraint Solver

++++ PLEASE READ AND CITE THE FOLLOWING REFERENCE ++++
B. Hess and H. Bekker and H. J. C. Berendsen and J. G. E. M. Fraaije
LINCS: A Linear Constraint Solver for molecular simulations
J. Comp. Chem. 18 (1997) pp. 1463-1472
-------- -------- --- Thank You --- -------- --------

The number of constraints is 176

++++ PLEASE READ AND CITE THE FOLLOWING REFERENCE ++++
S. Miyamoto and P. A. Kollman
SETTLE: An Analytical Version of the SHAKE and RATTLE Algorithms for Rigid
Water Models
J. Comp. Chem. 13 (1992) pp. 952-962
-------- -------- --- Thank You --- -------- --------


++++ PLEASE READ AND CITE THE FOLLOWING REFERENCE ++++
G. Bussi, D. Donadio and M. Parrinello
Canonical sampling through velocity rescaling
J. Chem. Phys. 126 (2007) pp. 014101
-------- -------- --- Thank You --- -------- --------

There are: 24400 Atoms

Constraining the starting coordinates (step 0)

Constraining the coordinates at t0-dt (step 0)
Center of mass motion removal mode is Linear
We have the following groups for center of mass motion removal:
  0:  rest
RMS relative constraint deviation after constraining: 3.03e-06
Initial temperature: 298.871 K

Started mdrun on rank 0 Wed Oct 28 21:40:04 2020

           Step           Time
              0        0.00000

   Energies (kJ/mol)
           Bond            U-B    Proper Dih.  Improper Dih.      CMAP Dih.
    7.64683e+01    2.25060e+02    3.41560e+02    9.94693e+00   -1.38317e+02
          LJ-14     Coulomb-14        LJ (SR)  Disper. corr.   Coulomb (SR)
    3.88885e+02    6.24837e+03    5.22644e+04   -2.84327e+03   -4.33568e+05
   Coul. recip. Position Rest.      Potential    Kinetic En.   Total Energy
    1.40349e+03    1.13762e-04   -3.75592e+05    6.08788e+04   -3.14713e+05
  Conserved En.    Temperature Pres. DC (bar) Pressure (bar)   Constr. rmsd
   -3.14713e+05    2.98950e+02   -1.90418e+02   -4.61033e+03    2.97558e-06

           Step           Time
            500        1.00000

   Energies (kJ/mol)
           Bond            U-B    Proper Dih.  Improper Dih.      CMAP Dih.
    3.03135e+02    6.33206e+02    4.73569e+02    5.08738e+01   -1.36918e+02
          LJ-14     Coulomb-14        LJ (SR)  Disper. corr.   Coulomb (SR)
    4.13207e+02    6.33649e+03    5.07806e+04   -2.84327e+03   -3.81080e+05
   Coul. recip. Position Rest.      Potential    Kinetic En.   Total Energy
    2.02104e+03    1.38852e+02   -3.22909e+05    6.01820e+04   -2.62728e+05
  Conserved En.    Temperature Pres. DC (bar) Pressure (bar)   Constr. rmsd
   -3.14254e+05    2.95528e+02   -1.90418e+02   -2.09646e+02    2.35869e-06

           Step           Time
           1000        2.00000

   Energies (kJ/mol)
           Bond            U-B    Proper Dih.  Improper Dih.      CMAP Dih.
    2.79552e+02    7.89729e+02    4.41667e+02    3.95196e+01   -1.46074e+02
          LJ-14     Coulomb-14        LJ (SR)  Disper. corr.   Coulomb (SR)
    3.82011e+02    6.20169e+03    5.12805e+04   -2.84327e+03   -3.79624e+05
   Coul. recip. Position Rest.      Potential    Kinetic En.   Total Energy
    2.06330e+03    1.01546e+02   -3.21033e+05    6.15326e+04   -2.59501e+05
  Conserved En.    Temperature Pres. DC (bar) Pressure (bar)   Constr. rmsd
   -3.14255e+05    3.02161e+02   -1.90418e+02    2.73701e+02    2.24103e-06

           Step           Time
           1500        3.00000

   Energies (kJ/mol)
           Bond            U-B    Proper Dih.  Improper Dih.      CMAP Dih.
    2.71295e+02    7.43876e+02    4.65726e+02    4.44172e+01   -1.52008e+02
          LJ-14     Coulomb-14        LJ (SR)  Disper. corr.   Coulomb (SR)
    4.13682e+02    6.19027e+03    4.99797e+04   -2.84327e+03   -3.79133e+05
   Coul. recip. Position Rest.      Potential    Kinetic En.   Total Energy
    2.02948e+03    1.10728e+02   -3.21879e+05    6.12491e+04   -2.60630e+05
  Conserved En.    Temperature Pres. DC (bar) Pressure (bar)   Constr. rmsd
   -3.14257e+05    3.00768e+02   -1.90418e+02   -1.87998e+02    3.18009e-06

           Step           Time
           2000        4.00000

   Energies (kJ/mol)
           Bond            U-B    Proper Dih.  Improper Dih.      CMAP Dih.
    3.40720e+02    7.86017e+02    4.91805e+02    5.85123e+01   -1.42986e+02
          LJ-14     Coulomb-14        LJ (SR)  Disper. corr.   Coulomb (SR)
    4.06983e+02    6.18277e+03    4.92823e+04   -2.84327e+03   -3.77481e+05
   Coul. recip. Position Rest.      Potential    Kinetic En.   Total Energy
    2.09013e+03    1.10376e+02   -3.20717e+05    6.13377e+04   -2.59380e+05
  Conserved En.    Temperature Pres. DC (bar) Pressure (bar)   Constr. rmsd
   -3.14248e+05    3.01204e+02   -1.90418e+02   -2.54139e+02    2.05869e-06

           Step           Time
           2500        5.00000

   Energies (kJ/mol)
           Bond            U-B    Proper Dih.  Improper Dih.      CMAP Dih.
    2.73184e+02    7.15903e+02    4.81799e+02    4.53607e+01   -1.50025e+02
          LJ-14     Coulomb-14        LJ (SR)  Disper. corr.   Coulomb (SR)
    4.32430e+02    6.30602e+03    4.88496e+04   -2.84327e+03   -3.76927e+05
   Coul. recip. Position Rest.      Potential    Kinetic En.   Total Energy
    2.04138e+03    1.16678e+02   -3.20658e+05    6.12576e+04   -2.59400e+05
  Conserved En.    Temperature Pres. DC (bar) Pressure (bar)   Constr. rmsd
   -3.14251e+05    3.00810e+02   -1.90418e+02   -2.44020e+02    2.17857e-06

           Step           Time
           3000        6.00000

   Energies (kJ/mol)
           Bond            U-B    Proper Dih.  Improper Dih.      CMAP Dih.
    2.89482e+02    6.94179e+02    4.84353e+02    4.56096e+01   -1.51081e+02
          LJ-14     Coulomb-14        LJ (SR)  Disper. corr.   Coulomb (SR)
    3.90524e+02    6.29008e+03    5.00851e+04   -2.84327e+03   -3.79547e+05
   Coul. recip. Position Rest.      Potential    Kinetic En.   Total Energy
    2.06830e+03    1.06092e+02   -3.22088e+05    6.10027e+04   -2.61085e+05
  Conserved En.    Temperature Pres. DC (bar) Pressure (bar)   Constr. rmsd
   -3.14251e+05    2.99558e+02   -1.90418e+02   -2.99366e+02    2.03425e-06

           Step           Time
           3500        7.00000

   Energies (kJ/mol)
           Bond            U-B    Proper Dih.  Improper Dih.      CMAP Dih.
    2.62699e+02    7.13921e+02    4.63553e+02    5.77489e+01   -1.29978e+02
          LJ-14     Coulomb-14        LJ (SR)  Disper. corr.   Coulomb (SR)
    4.10235e+02    6.28221e+03    5.05083e+04   -2.84327e+03   -3.79875e+05
   Coul. recip. Position Rest.      Potential    Kinetic En.   Total Energy
    2.09644e+03    9.74971e+01   -3.21956e+05    6.08066e+04   -2.61149e+05
  Conserved En.    Temperature Pres. DC (bar) Pressure (bar)   Constr. rmsd
   -3.14249e+05    2.98595e+02   -1.90418e+02    1.93742e+01    2.04312e-06

           Step           Time
           4000        8.00000

   Energies (kJ/mol)
           Bond            U-B    Proper Dih.  Improper Dih.      CMAP Dih.
    2.97882e+02    7.67749e+02    4.91465e+02    5.00010e+01   -1.43724e+02
          LJ-14     Coulomb-14        LJ (SR)  Disper. corr.   Coulomb (SR)
    4.05490e+02    6.30578e+03    5.02117e+04   -2.84327e+03   -3.78325e+05
   Coul. recip. Position Rest.      Potential    Kinetic En.   Total Energy
    2.11950e+03    8.73316e+01   -3.20575e+05    6.09965e+04   -2.59579e+05
  Conserved En.    Temperature Pres. DC (bar) Pressure (bar)   Constr. rmsd
   -3.14244e+05    2.99528e+02   -1.90418e+02    8.64959e+01    2.46198e-06

           Step           Time
           4500        9.00000

   Energies (kJ/mol)
           Bond            U-B    Proper Dih.  Improper Dih.      CMAP Dih.
    2.69128e+02    7.20094e+02    4.57775e+02    4.32256e+01   -1.46870e+02
          LJ-14     Coulomb-14        LJ (SR)  Disper. corr.   Coulomb (SR)
    4.11465e+02    6.15065e+03    4.98158e+04   -2.84327e+03   -3.78538e+05
   Coul. recip. Position Rest.      Potential    Kinetic En.   Total Energy
    2.04401e+03    9.79592e+01   -3.21518e+05    6.05730e+04   -2.60945e+05
  Conserved En.    Temperature Pres. DC (bar) Pressure (bar)   Constr. rmsd
   -3.14250e+05    2.97448e+02   -1.90418e+02   -1.34076e+02    2.66250e-06

           Step           Time
           5000       10.00000

   Energies (kJ/mol)
           Bond            U-B    Proper Dih.  Improper Dih.      CMAP Dih.
    2.88719e+02    7.29543e+02    5.22427e+02    4.39345e+01   -1.58940e+02
          LJ-14     Coulomb-14        LJ (SR)  Disper. corr.   Coulomb (SR)
    4.01303e+02    6.18436e+03    4.92159e+04   -2.84327e+03   -3.77899e+05
   Coul. recip. Position Rest.      Potential    Kinetic En.   Total Energy
    2.14219e+03    1.25350e+02   -3.21248e+05    6.05149e+04   -2.60733e+05
  Conserved En.    Temperature Pres. DC (bar) Pressure (bar)   Constr. rmsd
   -3.14237e+05    2.97163e+02   -1.90418e+02   -1.74696e+02    2.08971e-06

           Step           Time
           5500       11.00000

   Energies (kJ/mol)
           Bond            U-B    Proper Dih.  Improper Dih.      CMAP Dih.
    2.74024e+02    7.63824e+02    4.75529e+02    5.02113e+01   -1.48861e+02
          LJ-14     Coulomb-14        LJ (SR)  Disper. corr.   Coulomb (SR)
    3.97492e+02    6.28451e+03    5.00253e+04   -2.84327e+03   -3.78438e+05
   Coul. recip. Position Rest.      Potential    Kinetic En.   Total Energy
    2.13257e+03    9.43660e+01   -3.20932e+05    6.12125e+04   -2.59719e+05
  Conserved En.    Temperature Pres. DC (bar) Pressure (bar)   Constr. rmsd
   -3.14234e+05    3.00589e+02   -1.90418e+02    6.08153e+00    2.98235e-06

           Step           Time
           6000       12.00000

   Energies (kJ/mol)
           Bond            U-B    Proper Dih.  Improper Dih.      CMAP Dih.
    2.77077e+02    7.89241e+02    4.89579e+02    3.51788e+01   -1.42905e+02
          LJ-14     Coulomb-14        LJ (SR)  Disper. corr.   Coulomb (SR)
    3.91856e+02    6.17179e+03    4.93917e+04   -2.84327e+03   -3.78415e+05
   Coul. recip. Position Rest.      Potential    Kinetic En.   Total Energy
    2.00415e+03    1.04980e+02   -3.21746e+05    6.08064e+04   -2.60939e+05
  Conserved En.    Temperature Pres. DC (bar) Pressure (bar)   Constr. rmsd
   -3.14243e+05    2.98595e+02   -1.90418e+02   -2.58035e+02    2.38292e-06

           Step           Time
           6500       13.00000

   Energies (kJ/mol)
           Bond            U-B    Proper Dih.  Improper Dih.      CMAP Dih.
    3.20400e+02    7.54175e+02    4.53273e+02    4.93572e+01   -1.47860e+02
          LJ-14     Coulomb-14        LJ (SR)  Disper. corr.   Coulomb (SR)
    4.06459e+02    6.22496e+03    5.01545e+04   -2.84327e+03   -3.79591e+05
   Coul. recip. Position Rest.      Potential    Kinetic En.   Total Energy
    2.10895e+03    9.45032e+01   -3.22016e+05    6.19713e+04   -2.60044e+05
  Conserved En.    Temperature Pres. DC (bar) Pressure (bar)   Constr. rmsd
   -3.14249e+05    3.04315e+02   -1.90418e+02   -1.19371e+02    2.74130e-06

           Step           Time
           7000       14.00000

   Energies (kJ/mol)
           Bond            U-B    Proper Dih.  Improper Dih.      CMAP Dih.
    2.75670e+02    7.02672e+02    4.89431e+02    4.94695e+01   -1.47333e+02
          LJ-14     Coulomb-14        LJ (SR)  Disper. corr.   Coulomb (SR)
    4.18778e+02    6.27968e+03    5.11512e+04   -2.84327e+03   -3.80639e+05
   Coul. recip. Position Rest.      Potential    Kinetic En.   Total Energy
    2.05931e+03    8.44482e+01   -3.22118e+05    6.12289e+04   -2.60890e+05
  Conserved En.    Temperature Pres. DC (bar) Pressure (bar)   Constr. rmsd
   -3.14238e+05    3.00669e+02   -1.90418e+02    7.09200e+01    2.08894e-06

           Step           Time
           7500       15.00000

   Energies (kJ/mol)
           Bond            U-B    Proper Dih.  Improper Dih.      CMAP Dih.
    3.05206e+02    7.44212e+02    4.63766e+02    4.88086e+01   -1.39390e+02
          LJ-14     Coulomb-14        LJ (SR)  Disper. corr.   Coulomb (SR)
    4.13027e+02    6.12664e+03    5.00752e+04   -2.84327e+03   -3.78294e+05
   Coul. recip. Position Rest.      Potential    Kinetic En.   Total Energy
    2.05469e+03    1.28759e+02   -3.20916e+05    5.99590e+04   -2.60957e+05
  Conserved En.    Temperature Pres. DC (bar) Pressure (bar)   Constr. rmsd
   -3.14232e+05    2.94434e+02   -1.90418e+02   -2.00108e+02    2.38970e-06

           Step           Time
           8000       16.00000

   Energies (kJ/mol)
           Bond            U-B    Proper Dih.  Improper Dih.      CMAP Dih.
    3.13002e+02    7.14727e+02    5.17184e+02    2.82655e+01   -1.48875e+02
          LJ-14     Coulomb-14        LJ (SR)  Disper. corr.   Coulomb (SR)
    3.79925e+02    6.22108e+03    4.96843e+04   -2.84327e+03   -3.77571e+05
   Coul. recip. Position Rest.      Potential    Kinetic En.   Total Energy
    2.11692e+03    1.34555e+02   -3.20454e+05    6.13035e+04   -2.59150e+05
  Conserved En.    Temperature Pres. DC (bar) Pressure (bar)   Constr. rmsd
   -3.14248e+05    3.01036e+02   -1.90418e+02   -2.43108e+02    4.43797e-06

           Step           Time
           8500       17.00000

   Energies (kJ/mol)
           Bond            U-B    Proper Dih.  Improper Dih.      CMAP Dih.
    2.59649e+02    7.13917e+02    4.78824e+02    4.10128e+01   -1.35030e+02
          LJ-14     Coulomb-14        LJ (SR)  Disper. corr.   Coulomb (SR)
    3.87839e+02    6.21534e+03    5.01721e+04   -2.84327e+03   -3.79480e+05
   Coul. recip. Position Rest.      Potential    Kinetic En.   Total Energy
    2.03254e+03    1.33979e+02   -3.22023e+05    6.06494e+04   -2.61374e+05
  Conserved En.    Temperature Pres. DC (bar) Pressure (bar)   Constr. rmsd
   -3.14245e+05    2.97824e+02   -1.90418e+02   -2.35378e+01    3.00490e-06

           Step           Time
           9000       18.00000

   Energies (kJ/mol)
           Bond            U-B    Proper Dih.  Improper Dih.      CMAP Dih.
    2.99565e+02    6.58271e+02    4.71486e+02    5.61813e+01   -1.35877e+02
          LJ-14     Coulomb-14        LJ (SR)  Disper. corr.   Coulomb (SR)
    4.20161e+02    6.23423e+03    4.93149e+04   -2.84327e+03   -3.78065e+05
   Coul. recip. Position Rest.      Potential    Kinetic En.   Total Energy
    2.04370e+03    1.01600e+02   -3.21444e+05    6.05291e+04   -2.60915e+05
  Conserved En.    Temperature Pres. DC (bar) Pressure (bar)   Constr. rmsd
   -3.14233e+05    2.97233e+02   -1.90418e+02   -1.75028e+02    2.68787e-06

           Step           Time
           9500       19.00000

   Energies (kJ/mol)
           Bond            U-B    Proper Dih.  Improper Dih.      CMAP Dih.
    2.82634e+02    7.56522e+02    4.59851e+02    5.11118e+01   -1.53212e+02
          LJ-14     Coulomb-14        LJ (SR)  Disper. corr.   Coulomb (SR)
    4.02985e+02    6.24531e+03    4.96624e+04   -2.84327e+03   -3.77953e+05
   Coul. recip. Position Rest.      Potential    Kinetic En.   Total Energy
    2.07159e+03    1.12231e+02   -3.20905e+05    6.09958e+04   -2.59909e+05
  Conserved En.    Temperature Pres. DC (bar) Pressure (bar)   Constr. rmsd
   -3.14238e+05    2.99525e+02   -1.90418e+02   -1.01672e+02    2.17253e-06

           Step           Time
          10000       20.00000

   Energies (kJ/mol)
           Bond            U-B    Proper Dih.  Improper Dih.      CMAP Dih.
    3.12086e+02    7.33862e+02    4.96669e+02    3.97979e+01   -1.45955e+02
          LJ-14     Coulomb-14        LJ (SR)  Disper. corr.   Coulomb (SR)
    4.11499e+02    6.15389e+03    4.98357e+04   -2.84327e+03   -3.78306e+05
   Coul. recip. Position Rest.      Potential    Kinetic En.   Total Energy
    2.09429e+03    1.14452e+02   -3.21103e+05    6.06984e+04   -2.60405e+05
  Conserved En.    Temperature Pres. DC (bar) Pressure (bar)   Constr. rmsd
   -3.14230e+05    2.98064e+02   -1.90418e+02   -1.66727e+02    2.31415e-06

           Step           Time
          10500       21.00000

   Energies (kJ/mol)
           Bond            U-B    Proper Dih.  Improper Dih.      CMAP Dih.
    3.20227e+02    7.46037e+02    5.17584e+02    4.64776e+01   -1.52067e+02
          LJ-14     Coulomb-14        LJ (SR)  Disper. corr.   Coulomb (SR)
    3.62652e+02    6.16971e+03    5.01218e+04   -2.84327e+03   -3.78679e+05
   Coul. recip. Position Rest.      Potential    Kinetic En.   Total Energy
    2.04240e+03    1.16406e+02   -3.21231e+05    6.08841e+04   -2.60347e+05
  Conserved En.    Temperature Pres. DC (bar) Pressure (bar)   Constr. rmsd
   -3.14234e+05    2.98976e+02   -1.90418e+02   -1.42563e+02    2.96988e-06

           Step           Time
          11000       22.00000

   Energies (kJ/mol)
           Bond            U-B    Proper Dih.  Improper Dih.      CMAP Dih.
    2.79772e+02    7.25180e+02    4.87256e+02    4.17634e+01   -1.38250e+02
          LJ-14     Coulomb-14        LJ (SR)  Disper. corr.   Coulomb (SR)
    4.44639e+02    6.21409e+03    4.94694e+04   -2.84327e+03   -3.78517e+05
   Coul. recip. Position Rest.      Potential    Kinetic En.   Total Energy
    2.04222e+03    1.32429e+02   -3.21661e+05    6.18532e+04   -2.59808e+05
  Conserved En.    Temperature Pres. DC (bar) Pressure (bar)   Constr. rmsd
   -3.14234e+05    3.03735e+02   -1.90418e+02   -1.80546e+02    2.49404e-06

           Step           Time
          11500       23.00000

   Energies (kJ/mol)
           Bond            U-B    Proper Dih.  Improper Dih.      CMAP Dih.
    2.88960e+02    7.28278e+02    4.56385e+02    5.87466e+01   -1.57938e+02
          LJ-14     Coulomb-14        LJ (SR)  Disper. corr.   Coulomb (SR)
    4.15071e+02    6.21890e+03    5.08501e+04   -2.84327e+03   -3.80232e+05
   Coul. recip. Position Rest.      Potential    Kinetic En.   Total Energy
    2.10870e+03    9.81623e+01   -3.22010e+05    6.04903e+04   -2.61520e+05
  Conserved En.    Temperature Pres. DC (bar) Pressure (bar)   Constr. rmsd
   -3.14214e+05    2.97042e+02   -1.90418e+02   -1.67056e+01    2.25611e-06

           Step           Time
          12000       24.00000

   Energies (kJ/mol)
           Bond            U-B    Proper Dih.  Improper Dih.      CMAP Dih.
    3.20091e+02    8.75627e+02    4.95990e+02    7.30507e+01   -1.64222e+02
          LJ-14     Coulomb-14        LJ (SR)  Disper. corr.   Coulomb (SR)
    4.08954e+02    6.11955e+03    4.95850e+04   -2.84327e+03   -3.78035e+05
   Coul. recip. Position Rest.      Potential    Kinetic En.   Total Energy
    2.06755e+03    1.21869e+02   -3.20974e+05    6.16361e+04   -2.59338e+05
  Conserved En.    Temperature Pres. DC (bar) Pressure (bar)   Constr. rmsd
   -3.14222e+05    3.02669e+02   -1.90418e+02   -1.42240e+02    3.73224e-06

           Step           Time
          12500       25.00000

   Energies (kJ/mol)
           Bond            U-B    Proper Dih.  Improper Dih.      CMAP Dih.
    2.90166e+02    7.27077e+02    4.68483e+02    3.38197e+01   -1.43569e+02
          LJ-14     Coulomb-14        LJ (SR)  Disper. corr.   Coulomb (SR)
    3.78052e+02    6.25382e+03    5.17773e+04   -2.84327e+03   -3.81379e+05
   Coul. recip. Position Rest.      Potential    Kinetic En.   Total Energy
    2.07379e+03    1.21917e+02   -3.22241e+05    6.06123e+04   -2.61629e+05
  Conserved En.    Temperature Pres. DC (bar) Pressure (bar)   Constr. rmsd
   -3.14217e+05    2.97641e+02   -1.90418e+02    1.21940e+02    2.15398e-06

           Step           Time
          13000       26.00000

   Energies (kJ/mol)
           Bond            U-B    Proper Dih.  Improper Dih.      CMAP Dih.
    2.99173e+02    7.39840e+02    4.86235e+02    4.75202e+01   -1.48363e+02
          LJ-14     Coulomb-14        LJ (SR)  Disper. corr.   Coulomb (SR)
    4.35339e+02    6.21555e+03    4.96448e+04   -2.84327e+03   -3.78623e+05
   Coul. recip. Position Rest.      Potential    Kinetic En.   Total Energy
    2.10207e+03    1.20359e+02   -3.21524e+05    6.11562e+04   -2.60368e+05
  Conserved En.    Temperature Pres. DC (bar) Pressure (bar)   Constr. rmsd
   -3.14218e+05    3.00312e+02   -1.90418e+02    5.12695e+00    2.46018e-06

           Step           Time
          13500       27.00000

   Energies (kJ/mol)
           Bond            U-B    Proper Dih.  Improper Dih.      CMAP Dih.
    2.84605e+02    8.04062e+02    4.54717e+02    3.36951e+01   -1.42375e+02
          LJ-14     Coulomb-14        LJ (SR)  Disper. corr.   Coulomb (SR)
    4.07546e+02    6.21178e+03    4.90915e+04   -2.84327e+03   -3.78254e+05
   Coul. recip. Position Rest.      Potential    Kinetic En.   Total Energy
    2.06679e+03    1.24342e+02   -3.21761e+05    6.12289e+04   -2.60532e+05
  Conserved En.    Temperature Pres. DC (bar) Pressure (bar)   Constr. rmsd
   -3.14224e+05    3.00669e+02   -1.90418e+02   -2.69208e+02    2.31616e-06

           Step           Time
          14000       28.00000

   Energies (kJ/mol)
           Bond            U-B    Proper Dih.  Improper Dih.      CMAP Dih.
    3.26930e+02    7.16482e+02    5.35569e+02    3.97957e+01   -1.35992e+02
          LJ-14     Coulomb-14        LJ (SR)  Disper. corr.   Coulomb (SR)
    3.82071e+02    6.23864e+03    4.99919e+04   -2.84327e+03   -3.78205e+05
   Coul. recip. Position Rest.      Potential    Kinetic En.   Total Energy
    2.16553e+03    1.28802e+02   -3.20659e+05    6.15393e+04   -2.59119e+05
  Conserved En.    Temperature Pres. DC (bar) Pressure (bar)   Constr. rmsd
   -3.14219e+05    3.02194e+02   -1.90418e+02   -3.10900e+02    2.32634e-06

           Step           Time
          14500       29.00000

   Energies (kJ/mol)
           Bond            U-B    Proper Dih.  Improper Dih.      CMAP Dih.
    3.12926e+02    7.67115e+02    4.99834e+02    3.74571e+01   -1.54578e+02
          LJ-14     Coulomb-14        LJ (SR)  Disper. corr.   Coulomb (SR)
    4.10391e+02    6.08530e+03    5.01263e+04   -2.84327e+03   -3.78298e+05
   Coul. recip. Position Rest.      Potential    Kinetic En.   Total Energy
    2.06769e+03    1.01393e+02   -3.20887e+05    6.11704e+04   -2.59717e+05
  Conserved En.    Temperature Pres. DC (bar) Pressure (bar)   Constr. rmsd
   -3.14216e+05    3.00382e+02   -1.90418e+02   -7.17953e+01    2.08175e-06

           Step           Time
          15000       30.00000

   Energies (kJ/mol)
           Bond            U-B    Proper Dih.  Improper Dih.      CMAP Dih.
    3.35541e+02    7.09003e+02    4.67213e+02    4.87834e+01   -1.43424e+02
          LJ-14     Coulomb-14        LJ (SR)  Disper. corr.   Coulomb (SR)
    3.78171e+02    6.17903e+03    5.09238e+04   -2.84327e+03   -3.79250e+05
   Coul. recip. Position Rest.      Potential    Kinetic En.   Total Energy
    2.11629e+03    1.38741e+02   -3.20940e+05    6.12512e+04   -2.59689e+05
  Conserved En.    Temperature Pres. DC (bar) Pressure (bar)   Constr. rmsd
   -3.14227e+05    3.00779e+02   -1.90418e+02    6.05960e+01    3.03074e-06

           Step           Time
          15500       31.00000

   Energies (kJ/mol)
           Bond            U-B    Proper Dih.  Improper Dih.      CMAP Dih.
    3.20691e+02    7.78008e+02    4.82135e+02    3.77749e+01   -1.61933e+02
          LJ-14     Coulomb-14        LJ (SR)  Disper. corr.   Coulomb (SR)
    3.87646e+02    6.25731e+03    5.01907e+04   -2.84327e+03   -3.79437e+05
   Coul. recip. Position Rest.      Potential    Kinetic En.   Total Energy
    2.19177e+03    1.11803e+02   -3.21684e+05    6.18829e+04   -2.59801e+05
  Conserved En.    Temperature Pres. DC (bar) Pressure (bar)   Constr. rmsd
   -3.14221e+05    3.03881e+02   -1.90418e+02    8.06629e+01    1.99002e-06

           Step           Time
          16000       32.00000

   Energies (kJ/mol)
           Bond            U-B    Proper Dih.  Improper Dih.      CMAP Dih.
    2.94163e+02    7.68132e+02    4.52538e+02    4.30055e+01   -1.45494e+02
          LJ-14     Coulomb-14        LJ (SR)  Disper. corr.   Coulomb (SR)
    3.94528e+02    6.20027e+03    4.89505e+04   -2.84327e+03   -3.76513e+05
   Coul. recip. Position Rest.      Potential    Kinetic En.   Total Energy
    2.15017e+03    7.90359e+01   -3.20169e+05    6.12458e+04   -2.58923e+05
  Conserved En.    Temperature Pres. DC (bar) Pressure (bar)   Constr. rmsd
   -3.14220e+05    3.00753e+02   -1.90418e+02   -2.39916e+02    2.09896e-06

           Step           Time
          16500       33.00000

   Energies (kJ/mol)
           Bond            U-B    Proper Dih.  Improper Dih.      CMAP Dih.
    3.13178e+02    6.94326e+02    4.82574e+02    5.44753e+01   -1.57570e+02
          LJ-14     Coulomb-14        LJ (SR)  Disper. corr.   Coulomb (SR)
    4.17923e+02    6.25790e+03    5.02826e+04   -2.84327e+03   -3.78296e+05
   Coul. recip. Position Rest.      Potential    Kinetic En.   Total Energy
    2.12047e+03    1.15847e+02   -3.20558e+05    6.08825e+04   -2.59675e+05
  Conserved En.    Temperature Pres. DC (bar) Pressure (bar)   Constr. rmsd
   -3.14209e+05    2.98968e+02   -1.90418e+02    1.24284e+01    2.65318e-06

           Step           Time
          17000       34.00000

   Energies (kJ/mol)
           Bond            U-B    Proper Dih.  Improper Dih.      CMAP Dih.
    3.05665e+02    6.56475e+02    4.76773e+02    3.29400e+01   -1.54252e+02
          LJ-14     Coulomb-14        LJ (SR)  Disper. corr.   Coulomb (SR)
    4.37086e+02    6.28225e+03    5.04940e+04   -2.84327e+03   -3.79689e+05
   Coul. recip. Position Rest.      Potential    Kinetic En.   Total Energy
    2.08453e+03    9.45344e+01   -3.21823e+05    6.06904e+04   -2.61132e+05
  Conserved En.    Temperature Pres. DC (bar) Pressure (bar)   Constr. rmsd
   -3.14213e+05    2.98025e+02   -1.90418e+02    1.17485e+00    1.83475e-06

           Step           Time
          17500       35.00000

   Energies (kJ/mol)
           Bond            U-B    Proper Dih.  Improper Dih.      CMAP Dih.
    3.62166e+02    7.59706e+02    4.88585e+02    3.60839e+01   -1.51224e+02
          LJ-14     Coulomb-14        LJ (SR)  Disper. corr.   Coulomb (SR)
    3.73247e+02    6.20899e+03    5.07698e+04   -2.84327e+03   -3.79114e+05
   Coul. recip. Position Rest.      Potential    Kinetic En.   Total Energy
    2.09774e+03    1.10174e+02   -3.20902e+05    6.12205e+04   -2.59681e+05
  Conserved En.    Temperature Pres. DC (bar) Pressure (bar)   Constr. rmsd
   -3.14206e+05    3.00628e+02   -1.90418e+02   -4.27445e+01    2.88095e-06

           Step           Time
          18000       36.00000

   Energies (kJ/mol)
           Bond            U-B    Proper Dih.  Improper Dih.      CMAP Dih.
    3.53030e+02    7.69375e+02    4.56347e+02    3.55376e+01   -1.53569e+02
          LJ-14     Coulomb-14        LJ (SR)  Disper. corr.   Coulomb (SR)
    4.21595e+02    6.14317e+03    4.96542e+04   -2.84327e+03   -3.78454e+05
   Coul. recip. Position Rest.      Potential    Kinetic En.   Total Energy
    2.12307e+03    1.24197e+02   -3.21371e+05    6.13865e+04   -2.59984e+05
  Conserved En.    Temperature Pres. DC (bar) Pressure (bar)   Constr. rmsd
   -3.14204e+05    3.01443e+02   -1.90418e+02   -3.83040e+02    2.02776e-06

           Step           Time
          18500       37.00000

   Energies (kJ/mol)
           Bond            U-B    Proper Dih.  Improper Dih.      CMAP Dih.
    2.34083e+02    7.19990e+02    4.57607e+02    3.85947e+01   -1.42958e+02
          LJ-14     Coulomb-14        LJ (SR)  Disper. corr.   Coulomb (SR)
    4.20978e+02    6.26576e+03    5.09231e+04   -2.84327e+03   -3.80460e+05
   Coul. recip. Position Rest.      Potential    Kinetic En.   Total Energy
    2.09725e+03    1.02251e+02   -3.22186e+05    6.04956e+04   -2.61690e+05
  Conserved En.    Temperature Pres. DC (bar) Pressure (bar)   Constr. rmsd
   -3.14199e+05    2.97069e+02   -1.90418e+02    2.18557e+02    2.94974e-06

           Step           Time
          19000       38.00000

   Energies (kJ/mol)
           Bond            U-B    Proper Dih.  Improper Dih.      CMAP Dih.
    3.39030e+02    7.47424e+02    5.07758e+02    5.50754e+01   -1.43967e+02
          LJ-14     Coulomb-14        LJ (SR)  Disper. corr.   Coulomb (SR)
    3.85679e+02    6.22347e+03    5.03486e+04   -2.84327e+03   -3.79401e+05
   Coul. recip. Position Rest.      Potential    Kinetic En.   Total Energy
    2.08666e+03    1.38884e+02   -3.21556e+05    6.05995e+04   -2.60956e+05
  Conserved En.    Temperature Pres. DC (bar) Pressure (bar)   Constr. rmsd
   -3.14201e+05    2.97578e+02   -1.90418e+02   -4.38677e+01    2.51931e-06

           Step           Time
          19500       39.00000

   Energies (kJ/mol)
           Bond            U-B    Proper Dih.  Improper Dih.      CMAP Dih.
    3.28822e+02    7.35895e+02    4.72500e+02    4.59599e+01   -1.38123e+02
          LJ-14     Coulomb-14        LJ (SR)  Disper. corr.   Coulomb (SR)
    3.89214e+02    6.21272e+03    5.08950e+04   -2.84327e+03   -3.80069e+05
   Coul. recip. Position Rest.      Potential    Kinetic En.   Total Energy
    2.14176e+03    1.15999e+02   -3.21713e+05    6.14834e+04   -2.60230e+05
  Conserved En.    Temperature Pres. DC (bar) Pressure (bar)   Constr. rmsd
   -3.14206e+05    3.01919e+02   -1.90418e+02    1.00929e+02    2.39344e-06

Writing checkpoint, step 19750 at Wed Oct 28 21:55:05 2020


           Step           Time
          20000       40.00000

   Energies (kJ/mol)
           Bond            U-B    Proper Dih.  Improper Dih.      CMAP Dih.
    2.92232e+02    8.07451e+02    4.93484e+02    4.54230e+01   -1.40837e+02
          LJ-14     Coulomb-14        LJ (SR)  Disper. corr.   Coulomb (SR)
    4.11781e+02    6.21198e+03    4.98696e+04   -2.84327e+03   -3.78587e+05
   Coul. recip. Position Rest.      Potential    Kinetic En.   Total Energy
    2.14670e+03    1.10783e+02   -3.21182e+05    6.15093e+04   -2.59672e+05
  Conserved En.    Temperature Pres. DC (bar) Pressure (bar)   Constr. rmsd
   -3.14199e+05    3.02046e+02   -1.90418e+02   -2.50294e+02    2.53692e-06

           Step           Time
          20500       41.00000

   Energies (kJ/mol)
           Bond            U-B    Proper Dih.  Improper Dih.      CMAP Dih.
    3.45510e+02    6.79721e+02    4.52778e+02    4.13700e+01   -1.47290e+02
          LJ-14     Coulomb-14        LJ (SR)  Disper. corr.   Coulomb (SR)
    4.07170e+02    6.20343e+03    4.84263e+04   -2.84327e+03   -3.77888e+05
   Coul. recip. Position Rest.      Potential    Kinetic En.   Total Energy
    2.11640e+03    1.00705e+02   -3.22105e+05    6.06616e+04   -2.61443e+05
  Conserved En.    Temperature Pres. DC (bar) Pressure (bar)   Constr. rmsd
   -3.14203e+05    2.97884e+02   -1.90418e+02   -5.37342e+02    2.50429e-06

           Step           Time
          21000       42.00000

   Energies (kJ/mol)
           Bond            U-B    Proper Dih.  Improper Dih.      CMAP Dih.
    3.10966e+02    7.81371e+02    4.96081e+02    5.62021e+01   -1.46567e+02
          LJ-14     Coulomb-14        LJ (SR)  Disper. corr.   Coulomb (SR)
    4.14552e+02    6.28113e+03    4.91851e+04   -2.84327e+03   -3.77827e+05
   Coul. recip. Position Rest.      Potential    Kinetic En.   Total Energy
    1.99684e+03    1.06774e+02   -3.21188e+05    6.13642e+04   -2.59824e+05
  Conserved En.    Temperature Pres. DC (bar) Pressure (bar)   Constr. rmsd
   -3.14198e+05    3.01334e+02   -1.90418e+02   -1.41698e+02    2.76707e-06

           Step           Time
          21500       43.00000

   Energies (kJ/mol)
           Bond            U-B    Proper Dih.  Improper Dih.      CMAP Dih.
    2.96019e+02    8.00881e+02    4.93470e+02    3.71893e+01   -1.58488e+02
          LJ-14     Coulomb-14        LJ (SR)  Disper. corr.   Coulomb (SR)
    3.99505e+02    6.23914e+03    4.92240e+04   -2.84327e+03   -3.77998e+05
   Coul. recip. Position Rest.      Potential    Kinetic En.   Total Energy
    2.01672e+03    1.32268e+02   -3.21361e+05    6.11391e+04   -2.60222e+05
  Conserved En.    Temperature Pres. DC (bar) Pressure (bar)   Constr. rmsd
   -3.14184e+05    3.00228e+02   -1.90418e+02   -3.44233e+02    3.11450e-06

           Step           Time
          22000       44.00000

   Energies (kJ/mol)
           Bond            U-B    Proper Dih.  Improper Dih.      CMAP Dih.
    2.58464e+02    7.56425e+02    4.73248e+02    4.15964e+01   -1.49105e+02
          LJ-14     Coulomb-14        LJ (SR)  Disper. corr.   Coulomb (SR)
    4.10500e+02    6.23056e+03    4.99291e+04   -2.84327e+03   -3.78435e+05
   Coul. recip. Position Rest.      Potential    Kinetic En.   Total Energy
    2.06975e+03    1.10306e+02   -3.21148e+05    6.12732e+04   -2.59875e+05
  Conserved En.    Temperature Pres. DC (bar) Pressure (bar)   Constr. rmsd
   -3.14193e+05    3.00887e+02   -1.90418e+02   -6.29390e+01    2.59349e-06

           Step           Time
          22500       45.00000

   Energies (kJ/mol)
           Bond            U-B    Proper Dih.  Improper Dih.      CMAP Dih.
    2.99089e+02    6.82551e+02    4.55781e+02    3.66460e+01   -1.62463e+02
          LJ-14     Coulomb-14        LJ (SR)  Disper. corr.   Coulomb (SR)
    3.89194e+02    6.33604e+03    4.91436e+04   -2.84327e+03   -3.77259e+05
   Coul. recip. Position Rest.      Potential    Kinetic En.   Total Energy
    2.04428e+03    1.06633e+02   -3.20771e+05    6.10006e+04   -2.59770e+05
  Conserved En.    Temperature Pres. DC (bar) Pressure (bar)   Constr. rmsd
   -3.14197e+05    2.99548e+02   -1.90418e+02   -2.36664e+02    2.71380e-06

           Step           Time
          23000       46.00000

   Energies (kJ/mol)
           Bond            U-B    Proper Dih.  Improper Dih.      CMAP Dih.
    2.68498e+02    7.40203e+02    4.78427e+02    5.31474e+01   -1.47453e+02
          LJ-14     Coulomb-14        LJ (SR)  Disper. corr.   Coulomb (SR)
    4.03991e+02    6.18280e+03    5.05095e+04   -2.84327e+03   -3.79295e+05
   Coul. recip. Position Rest.      Potential    Kinetic En.   Total Energy
    2.05848e+03    1.26216e+02   -3.21465e+05    6.08583e+04   -2.60606e+05
  Conserved En.    Temperature Pres. DC (bar) Pressure (bar)   Constr. rmsd
   -3.14191e+05    2.98850e+02   -1.90418e+02   -8.39885e+01    2.48586e-06

           Step           Time
          23500       47.00000

   Energies (kJ/mol)
           Bond            U-B    Proper Dih.  Improper Dih.      CMAP Dih.
    2.63896e+02    6.21155e+02    4.35178e+02    2.58984e+01   -1.40638e+02
          LJ-14     Coulomb-14        LJ (SR)  Disper. corr.   Coulomb (SR)
    4.19778e+02    6.23046e+03    4.96719e+04   -2.84327e+03   -3.79757e+05
   Coul. recip. Position Rest.      Potential    Kinetic En.   Total Energy
    1.99626e+03    1.16758e+02   -3.22960e+05    6.05998e+04   -2.62360e+05
  Conserved En.    Temperature Pres. DC (bar) Pressure (bar)   Constr. rmsd
   -3.14200e+05    2.97580e+02   -1.90418e+02   -2.94237e+02    2.61849e-06

           Step           Time
          24000       48.00000

   Energies (kJ/mol)
           Bond            U-B    Proper Dih.  Improper Dih.      CMAP Dih.
    2.98122e+02    7.08025e+02    4.98719e+02    4.56517e+01   -1.38822e+02
          LJ-14     Coulomb-14        LJ (SR)  Disper. corr.   Coulomb (SR)
    4.13490e+02    6.23003e+03    5.05151e+04   -2.84327e+03   -3.79036e+05
   Coul. recip. Position Rest.      Potential    Kinetic En.   Total Energy
    2.12499e+03    1.45585e+02   -3.21039e+05    6.11029e+04   -2.59936e+05
  Conserved En.    Temperature Pres. DC (bar) Pressure (bar)   Constr. rmsd
   -3.14196e+05    3.00051e+02   -1.90418e+02    2.50460e+02    2.34780e-06

           Step           Time
          24500       49.00000

   Energies (kJ/mol)
           Bond            U-B    Proper Dih.  Improper Dih.      CMAP Dih.
    3.76086e+02    7.60796e+02    4.51744e+02    4.99096e+01   -1.47283e+02
          LJ-14     Coulomb-14        LJ (SR)  Disper. corr.   Coulomb (SR)
    3.93402e+02    6.21652e+03    5.02658e+04   -2.84327e+03   -3.79036e+05
   Coul. recip. Position Rest.      Potential    Kinetic En.   Total Energy
    2.14440e+03    1.21200e+02   -3.21246e+05    6.20280e+04   -2.59218e+05
  Conserved En.    Temperature Pres. DC (bar) Pressure (bar)   Constr. rmsd
   -3.14187e+05    3.04593e+02   -1.90418e+02   -1.74889e+02    3.62428e-06

           Step           Time
          25000       50.00000

   Energies (kJ/mol)
           Bond            U-B    Proper Dih.  Improper Dih.      CMAP Dih.
    2.88458e+02    7.08051e+02    4.43610e+02    2.87199e+01   -1.36062e+02
          LJ-14     Coulomb-14        LJ (SR)  Disper. corr.   Coulomb (SR)
    3.91323e+02    6.31189e+03    4.98401e+04   -2.84327e+03   -3.78776e+05
   Coul. recip. Position Rest.      Potential    Kinetic En.   Total Energy
    2.11703e+03    9.31171e+01   -3.21533e+05    6.05348e+04   -2.60998e+05
  Conserved En.    Temperature Pres. DC (bar) Pressure (bar)   Constr. rmsd
   -3.14178e+05    2.97261e+02   -1.90418e+02   -2.00260e+02    2.52468e-06

           Step           Time
          25500       51.00000

   Energies (kJ/mol)
           Bond            U-B    Proper Dih.  Improper Dih.      CMAP Dih.
    2.69527e+02    6.98264e+02    4.69254e+02    4.02644e+01   -1.42155e+02
          LJ-14     Coulomb-14        LJ (SR)  Disper. corr.   Coulomb (SR)
    3.97515e+02    6.25501e+03    5.05109e+04   -2.84327e+03   -3.79098e+05
   Coul. recip. Position Rest.      Potential    Kinetic En.   Total Energy
    2.05866e+03    1.15307e+02   -3.21269e+05    6.11244e+04   -2.60145e+05
  Conserved En.    Temperature Pres. DC (bar) Pressure (bar)   Constr. rmsd
   -3.14187e+05    3.00156e+02   -1.90418e+02    1.14461e+02    2.26482e-06

           Step           Time
          26000       52.00000

   Energies (kJ/mol)
           Bond            U-B    Proper Dih.  Improper Dih.      CMAP Dih.
    3.14697e+02    7.52162e+02    5.01655e+02    5.40180e+01   -1.51545e+02
          LJ-14     Coulomb-14        LJ (SR)  Disper. corr.   Coulomb (SR)
    3.98150e+02    6.23231e+03    4.99916e+04   -2.84327e+03   -3.78952e+05
   Coul. recip. Position Rest.      Potential    Kinetic En.   Total Energy
    2.02268e+03    1.26310e+02   -3.21553e+05    6.10083e+04   -2.60544e+05
  Conserved En.    Temperature Pres. DC (bar) Pressure (bar)   Constr. rmsd
   -3.14182e+05    2.99586e+02   -1.90418e+02   -2.15422e+02    2.08728e-06

           Step           Time
          26500       53.00000

   Energies (kJ/mol)
           Bond            U-B    Proper Dih.  Improper Dih.      CMAP Dih.
    2.31222e+02    7.47524e+02    4.88228e+02    6.70583e+01   -1.51774e+02
          LJ-14     Coulomb-14        LJ (SR)  Disper. corr.   Coulomb (SR)
    4.20439e+02    6.28576e+03    5.00533e+04   -2.84327e+03   -3.79421e+05
   Coul. recip. Position Rest.      Potential    Kinetic En.   Total Energy
    2.05345e+03    1.06141e+02   -3.21963e+05    6.05474e+04   -2.61415e+05
  Conserved En.    Temperature Pres. DC (bar) Pressure (bar)   Constr. rmsd
   -3.14176e+05    2.97323e+02   -1.90418e+02   -2.26769e+02    2.34653e-06

           Step           Time
          27000       54.00000

   Energies (kJ/mol)
           Bond            U-B    Proper Dih.  Improper Dih.      CMAP Dih.
    2.49948e+02    7.75999e+02    4.62657e+02    3.41759e+01   -1.51852e+02
          LJ-14     Coulomb-14        LJ (SR)  Disper. corr.   Coulomb (SR)
    3.99382e+02    6.19440e+03    4.95750e+04   -2.84327e+03   -3.77952e+05
   Coul. recip. Position Rest.      Potential    Kinetic En.   Total Energy
    2.08719e+03    9.45895e+01   -3.21074e+05    6.03697e+04   -2.60704e+05
  Conserved En.    Temperature Pres. DC (bar) Pressure (bar)   Constr. rmsd
   -3.14192e+05    2.96450e+02   -1.90418e+02   -3.18271e+02    2.00864e-06

           Step           Time
          27500       55.00000

   Energies (kJ/mol)
           Bond            U-B    Proper Dih.  Improper Dih.      CMAP Dih.
    2.84141e+02    7.95711e+02    4.68212e+02    3.97407e+01   -1.26364e+02
          LJ-14     Coulomb-14        LJ (SR)  Disper. corr.   Coulomb (SR)
    4.15448e+02    6.16667e+03    4.98065e+04   -2.84327e+03   -3.77698e+05
   Coul. recip. Position Rest.      Potential    Kinetic En.   Total Energy
    2.06662e+03    1.40228e+02   -3.20484e+05    6.10040e+04   -2.59480e+05
  Conserved En.    Temperature Pres. DC (bar) Pressure (bar)   Constr. rmsd
   -3.14177e+05    2.99565e+02   -1.90418e+02    2.91687e-01    2.89548e-06

           Step           Time
          28000       56.00000

   Energies (kJ/mol)
           Bond            U-B    Proper Dih.  Improper Dih.      CMAP Dih.
    2.99495e+02    7.08636e+02    5.13982e+02    3.69755e+01   -1.41094e+02
          LJ-14     Coulomb-14        LJ (SR)  Disper. corr.   Coulomb (SR)
    4.02943e+02    6.23371e+03    5.05944e+04   -2.84327e+03   -3.79809e+05
   Coul. recip. Position Rest.      Potential    Kinetic En.   Total Energy
    2.06039e+03    1.29597e+02   -3.21813e+05    6.10572e+04   -2.60756e+05
  Conserved En.    Temperature Pres. DC (bar) Pressure (bar)   Constr. rmsd
   -3.14175e+05    2.99826e+02   -1.90418e+02    1.56300e+02    2.01411e-06

           Step           Time
          28500       57.00000

   Energies (kJ/mol)
           Bond            U-B    Proper Dih.  Improper Dih.      CMAP Dih.
    2.85540e+02    7.67512e+02    4.59748e+02    3.20037e+01   -1.61893e+02
          LJ-14     Coulomb-14        LJ (SR)  Disper. corr.   Coulomb (SR)
    4.00048e+02    6.23577e+03    4.96531e+04   -2.84327e+03   -3.78789e+05
   Coul. recip. Position Rest.      Potential    Kinetic En.   Total Energy
    2.08977e+03    1.23448e+02   -3.21747e+05    6.08626e+04   -2.60884e+05
  Conserved En.    Temperature Pres. DC (bar) Pressure (bar)   Constr. rmsd
   -3.14173e+05    2.98871e+02   -1.90418e+02   -1.70069e+02    2.07246e-06

           Step           Time
          29000       58.00000

   Energies (kJ/mol)
           Bond            U-B    Proper Dih.  Improper Dih.      CMAP Dih.
    2.43636e+02    8.29988e+02    4.96602e+02    4.93038e+01   -1.60690e+02
          LJ-14     Coulomb-14        LJ (SR)  Disper. corr.   Coulomb (SR)
    4.16236e+02    6.20983e+03    5.07244e+04   -2.84327e+03   -3.79840e+05
   Coul. recip. Position Rest.      Potential    Kinetic En.   Total Energy
    2.05683e+03    1.11826e+02   -3.21706e+05    6.14313e+04   -2.60274e+05
  Conserved En.    Temperature Pres. DC (bar) Pressure (bar)   Constr. rmsd
   -3.14180e+05    3.01663e+02   -1.90418e+02   -1.07252e+01    3.04461e-06

           Step           Time
          29500       59.00000

   Energies (kJ/mol)
           Bond            U-B    Proper Dih.  Improper Dih.      CMAP Dih.
    3.12359e+02    7.57359e+02    4.73936e+02    4.49539e+01   -1.49363e+02
          LJ-14     Coulomb-14        LJ (SR)  Disper. corr.   Coulomb (SR)
    3.98415e+02    6.17128e+03    4.96949e+04   -2.84327e+03   -3.78181e+05
   Coul. recip. Position Rest.      Potential    Kinetic En.   Total Energy
    2.03569e+03    9.29086e+01   -3.21192e+05    6.13414e+04   -2.59850e+05
  Conserved En.    Temperature Pres. DC (bar) Pressure (bar)   Constr. rmsd
   -3.14183e+05    3.01222e+02   -1.90418e+02   -2.14907e+02    2.65022e-06

           Step           Time
          30000       60.00000

   Energies (kJ/mol)
           Bond            U-B    Proper Dih.  Improper Dih.      CMAP Dih.
    2.96285e+02    7.82641e+02    5.02552e+02    4.79820e+01   -1.43101e+02
          LJ-14     Coulomb-14        LJ (SR)  Disper. corr.   Coulomb (SR)
    4.13425e+02    6.12437e+03    5.02453e+04   -2.84327e+03   -3.78219e+05
   Coul. recip. Position Rest.      Potential    Kinetic En.   Total Energy
    2.06113e+03    1.14897e+02   -3.20617e+05    6.10542e+04   -2.59563e+05
  Conserved En.    Temperature Pres. DC (bar) Pressure (bar)   Constr. rmsd
   -3.14185e+05    2.99811e+02   -1.90418e+02    1.54311e+02    2.18998e-06

           Step           Time
          30500       61.00000

   Energies (kJ/mol)
           Bond            U-B    Proper Dih.  Improper Dih.      CMAP Dih.
    3.09705e+02    7.49043e+02    4.41400e+02    5.62497e+01   -1.48885e+02
          LJ-14     Coulomb-14        LJ (SR)  Disper. corr.   Coulomb (SR)
    4.10116e+02    6.23629e+03    4.94101e+04   -2.84327e+03   -3.77845e+05
   Coul. recip. Position Rest.      Potential    Kinetic En.   Total Energy
    2.07006e+03    1.17668e+02   -3.21037e+05    6.09220e+04   -2.60115e+05
  Conserved En.    Temperature Pres. DC (bar) Pressure (bar)   Constr. rmsd
   -3.14180e+05    2.99162e+02   -1.90418e+02   -1.39467e+02    2.34109e-06

           Step           Time
          31000       62.00000

   Energies (kJ/mol)
           Bond            U-B    Proper Dih.  Improper Dih.      CMAP Dih.
    2.95641e+02    7.20563e+02    4.81055e+02    4.28733e+01   -1.54471e+02
          LJ-14     Coulomb-14        LJ (SR)  Disper. corr.   Coulomb (SR)
    4.06258e+02    6.13692e+03    4.99686e+04   -2.84327e+03   -3.78296e+05
   Coul. recip. Position Rest.      Potential    Kinetic En.   Total Energy
    2.07780e+03    1.09472e+02   -3.21054e+05    6.09488e+04   -2.60105e+05
  Conserved En.    Temperature Pres. DC (bar) Pressure (bar)   Constr. rmsd
   -3.14180e+05    2.99294e+02   -1.90418e+02   -1.06938e+02    2.63713e-06

           Step           Time
          31500       63.00000

   Energies (kJ/mol)
           Bond            U-B    Proper Dih.  Improper Dih.      CMAP Dih.
    2.87087e+02    7.36481e+02    5.11018e+02    4.38205e+01   -1.57570e+02
          LJ-14     Coulomb-14        LJ (SR)  Disper. corr.   Coulomb (SR)
    4.16173e+02    6.20300e+03    5.00773e+04   -2.84327e+03   -3.78917e+05
   Coul. recip. Position Rest.      Potential    Kinetic En.   Total Energy
    2.11692e+03    1.02566e+02   -3.21423e+05    6.07810e+04   -2.60642e+05
  Conserved En.    Temperature Pres. DC (bar) Pressure (bar)   Constr. rmsd
   -3.14171e+05    2.98470e+02   -1.90418e+02   -5.98586e+01    2.09368e-06

           Step           Time
          32000       64.00000

   Energies (kJ/mol)
           Bond            U-B    Proper Dih.  Improper Dih.      CMAP Dih.
    2.83255e+02    7.79581e+02    4.33028e+02    4.06392e+01   -1.52647e+02
          LJ-14     Coulomb-14        LJ (SR)  Disper. corr.   Coulomb (SR)
    3.94153e+02    6.20312e+03    4.99877e+04   -2.84327e+03   -3.79161e+05
   Coul. recip. Position Rest.      Potential    Kinetic En.   Total Energy
    2.15686e+03    1.03608e+02   -3.21775e+05    6.10088e+04   -2.60766e+05
  Conserved En.    Temperature Pres. DC (bar) Pressure (bar)   Constr. rmsd
   -3.14167e+05    2.99589e+02   -1.90418e+02   -2.16765e+02    2.20707e-06

           Step           Time
          32500       65.00000

   Energies (kJ/mol)
           Bond            U-B    Proper Dih.  Improper Dih.      CMAP Dih.
    3.15275e+02    6.87047e+02    4.64982e+02    6.05625e+01   -1.35413e+02
          LJ-14     Coulomb-14        LJ (SR)  Disper. corr.   Coulomb (SR)
    3.76344e+02    6.23510e+03    5.07768e+04   -2.84327e+03   -3.79754e+05
   Coul. recip. Position Rest.      Potential    Kinetic En.   Total Energy
    2.10346e+03    9.88776e+01   -3.21614e+05    6.15441e+04   -2.60070e+05
  Conserved En.    Temperature Pres. DC (bar) Pressure (bar)   Constr. rmsd
   -3.14171e+05    3.02217e+02   -1.90418e+02   -2.14143e+00    3.23887e-06

           Step           Time
          33000       66.00000

   Energies (kJ/mol)
           Bond            U-B    Proper Dih.  Improper Dih.      CMAP Dih.
    2.84898e+02    6.64427e+02    4.66882e+02    3.21524e+01   -1.52552e+02
          LJ-14     Coulomb-14        LJ (SR)  Disper. corr.   Coulomb (SR)
    3.97240e+02    6.22763e+03    4.98273e+04   -2.84327e+03   -3.79340e+05
   Coul. recip. Position Rest.      Potential    Kinetic En.   Total Energy
    2.07871e+03    1.09951e+02   -3.22247e+05    6.02934e+04   -2.61953e+05
  Conserved En.    Temperature Pres. DC (bar) Pressure (bar)   Constr. rmsd
   -3.14161e+05    2.96075e+02   -1.90418e+02   -2.47250e+02    2.85941e-06

           Step           Time
          33500       67.00000

   Energies (kJ/mol)
           Bond            U-B    Proper Dih.  Improper Dih.      CMAP Dih.
    2.78719e+02    7.75059e+02    4.65058e+02    4.39467e+01   -1.43044e+02
          LJ-14     Coulomb-14        LJ (SR)  Disper. corr.   Coulomb (SR)
    3.75302e+02    6.22241e+03    4.96759e+04   -2.84327e+03   -3.78620e+05
   Coul. recip. Position Rest.      Potential    Kinetic En.   Total Energy
    2.09101e+03    9.65830e+01   -3.21582e+05    6.07513e+04   -2.60831e+05
  Conserved En.    Temperature Pres. DC (bar) Pressure (bar)   Constr. rmsd
   -3.14152e+05    2.98324e+02   -1.90418e+02   -1.38251e+02    2.17962e-06

           Step           Time
          34000       68.00000

   Energies (kJ/mol)
           Bond            U-B    Proper Dih.  Improper Dih.      CMAP Dih.
    3.05534e+02    7.38035e+02    4.84111e+02    3.72242e+01   -1.47011e+02
          LJ-14     Coulomb-14        LJ (SR)  Disper. corr.   Coulomb (SR)
    4.08076e+02    6.17064e+03    5.00048e+04   -2.84327e+03   -3.78769e+05
   Coul. recip. Position Rest.      Potential    Kinetic En.   Total Energy
    2.08040e+03    1.03646e+02   -3.21427e+05    6.08561e+04   -2.60571e+05
  Conserved En.    Temperature Pres. DC (bar) Pressure (bar)   Constr. rmsd
   -3.14161e+05    2.98839e+02   -1.90418e+02   -1.13447e+02    2.07922e-06

           Step           Time
          34500       69.00000

   Energies (kJ/mol)
           Bond            U-B    Proper Dih.  Improper Dih.      CMAP Dih.
    3.68221e+02    7.22077e+02    4.83669e+02    6.10800e+01   -1.49812e+02
          LJ-14     Coulomb-14        LJ (SR)  Disper. corr.   Coulomb (SR)
    3.88348e+02    6.19253e+03    4.97902e+04   -2.84327e+03   -3.78429e+05
   Coul. recip. Position Rest.      Potential    Kinetic En.   Total Energy
    2.08100e+03    1.16291e+02   -3.21218e+05    6.07520e+04   -2.60466e+05
  Conserved En.    Temperature Pres. DC (bar) Pressure (bar)   Constr. rmsd
   -3.14155e+05    2.98327e+02   -1.90418e+02   -3.12525e+02    1.82253e-06

           Step           Time
          35000       70.00000

   Energies (kJ/mol)
           Bond            U-B    Proper Dih.  Improper Dih.      CMAP Dih.
    3.48053e+02    7.19138e+02    4.79574e+02    5.49044e+01   -1.56405e+02
          LJ-14     Coulomb-14        LJ (SR)  Disper. corr.   Coulomb (SR)
    4.22933e+02    6.19667e+03    4.95327e+04   -2.84327e+03   -3.78264e+05
   Coul. recip. Position Rest.      Potential    Kinetic En.   Total Energy
    2.04553e+03    1.17904e+02   -3.21346e+05    6.12169e+04   -2.60129e+05
  Conserved En.    Temperature Pres. DC (bar) Pressure (bar)   Constr. rmsd
   -3.14156e+05    3.00610e+02   -1.90418e+02   -3.59705e+02    1.62131e-06

           Step           Time
          35500       71.00000

Writing checkpoint, step 35500 at Wed Oct 28 22:10:07 2020


   Energies (kJ/mol)
           Bond            U-B    Proper Dih.  Improper Dih.      CMAP Dih.
    3.08856e+02    7.73360e+02    4.86498e+02    3.65496e+01   -1.37854e+02
          LJ-14     Coulomb-14        LJ (SR)  Disper. corr.   Coulomb (SR)
    4.20445e+02    6.20036e+03    4.90171e+04   -2.84327e+03   -3.77447e+05
   Coul. recip. Position Rest.      Potential    Kinetic En.   Total Energy
    2.01048e+03    1.06385e+02   -3.21068e+05    6.15426e+04   -2.59526e+05
  Conserved En.    Temperature Pres. DC (bar) Pressure (bar)   Constr. rmsd
   -3.14157e+05    3.02210e+02   -1.90418e+02   -2.99884e+02    2.14726e-06

           Step           Time
          36000       72.00000

   Energies (kJ/mol)
           Bond            U-B    Proper Dih.  Improper Dih.      CMAP Dih.
    2.95957e+02    7.48556e+02    4.50795e+02    6.38168e+01   -1.45124e+02
          LJ-14     Coulomb-14        LJ (SR)  Disper. corr.   Coulomb (SR)
    3.96902e+02    6.25801e+03    5.04069e+04   -2.84327e+03   -3.79258e+05
   Coul. recip. Position Rest.      Potential    Kinetic En.   Total Energy
    2.05386e+03    1.20893e+02   -3.21451e+05    6.14702e+04   -2.59981e+05
  Conserved En.    Temperature Pres. DC (bar) Pressure (bar)   Constr. rmsd
   -3.14151e+05    3.01854e+02   -1.90418e+02    1.79781e+01    2.52908e-06

           Step           Time
          36500       73.00000

   Energies (kJ/mol)
           Bond            U-B    Proper Dih.  Improper Dih.      CMAP Dih.
    3.14217e+02    7.35287e+02    4.49676e+02    4.07598e+01   -1.50641e+02
          LJ-14     Coulomb-14        LJ (SR)  Disper. corr.   Coulomb (SR)
    3.98964e+02    6.21173e+03    4.91064e+04   -2.84327e+03   -3.77990e+05
   Coul. recip. Position Rest.      Potential    Kinetic En.   Total Energy
    2.08078e+03    9.87773e+01   -3.21547e+05    6.06902e+04   -2.60857e+05
  Conserved En.    Temperature Pres. DC (bar) Pressure (bar)   Constr. rmsd
   -3.14151e+05    2.98024e+02   -1.90418e+02   -3.63593e+02    2.22255e-06

           Step           Time
          37000       74.00000

   Energies (kJ/mol)
           Bond            U-B    Proper Dih.  Improper Dih.      CMAP Dih.
    3.24100e+02    6.53670e+02    4.70347e+02    4.56912e+01   -1.48406e+02
          LJ-14     Coulomb-14        LJ (SR)  Disper. corr.   Coulomb (SR)
    4.21399e+02    6.24616e+03    4.99911e+04   -2.84327e+03   -3.79234e+05
   Coul. recip. Position Rest.      Potential    Kinetic En.   Total Energy
    2.13255e+03    1.24816e+02   -3.21816e+05    6.05252e+04   -2.61290e+05
  Conserved En.    Temperature Pres. DC (bar) Pressure (bar)   Constr. rmsd
   -3.14150e+05    2.97214e+02   -1.90418e+02   -2.79851e+02    2.13883e-06

           Step           Time
          37500       75.00000

   Energies (kJ/mol)
           Bond            U-B    Proper Dih.  Improper Dih.      CMAP Dih.
    3.03767e+02    7.23892e+02    5.07362e+02    4.04679e+01   -1.42978e+02
          LJ-14     Coulomb-14        LJ (SR)  Disper. corr.   Coulomb (SR)
    4.10134e+02    6.25468e+03    4.96862e+04   -2.84327e+03   -3.78504e+05
   Coul. recip. Position Rest.      Potential    Kinetic En.   Total Energy
    2.01878e+03    1.22853e+02   -3.21422e+05    6.09616e+04   -2.60460e+05
  Conserved En.    Temperature Pres. DC (bar) Pressure (bar)   Constr. rmsd
   -3.14161e+05    2.99357e+02   -1.90418e+02   -2.38647e+02    2.40822e-06

           Step           Time
          38000       76.00000

   Energies (kJ/mol)
           Bond            U-B    Proper Dih.  Improper Dih.      CMAP Dih.
    2.51931e+02    7.28132e+02    5.06878e+02    7.16007e+01   -1.48771e+02
          LJ-14     Coulomb-14        LJ (SR)  Disper. corr.   Coulomb (SR)
    4.24358e+02    6.31283e+03    5.07665e+04   -2.84327e+03   -3.79326e+05
   Coul. recip. Position Rest.      Potential    Kinetic En.   Total Energy
    2.08283e+03    1.04521e+02   -3.21068e+05    6.10411e+04   -2.60027e+05
  Conserved En.    Temperature Pres. DC (bar) Pressure (bar)   Constr. rmsd
   -3.14155e+05    2.99747e+02   -1.90418e+02    1.24336e+02    3.19850e-06

           Step           Time
          38500       77.00000

   Energies (kJ/mol)
           Bond            U-B    Proper Dih.  Improper Dih.      CMAP Dih.
    3.13702e+02    7.25971e+02    4.55212e+02    3.88327e+01   -1.47185e+02
          LJ-14     Coulomb-14        LJ (SR)  Disper. corr.   Coulomb (SR)
    4.06200e+02    6.22175e+03    5.06309e+04   -2.84327e+03   -3.79790e+05
   Coul. recip. Position Rest.      Potential    Kinetic En.   Total Energy
    2.06937e+03    1.26335e+02   -3.21792e+05    6.13933e+04   -2.60399e+05
  Conserved En.    Temperature Pres. DC (bar) Pressure (bar)   Constr. rmsd
   -3.14154e+05    3.01477e+02   -1.90418e+02   -5.26319e+01    3.12015e-06

           Step           Time
          39000       78.00000

   Energies (kJ/mol)
           Bond            U-B    Proper Dih.  Improper Dih.      CMAP Dih.
    3.15384e+02    7.63452e+02    4.69504e+02    7.05262e+01   -1.53671e+02
          LJ-14     Coulomb-14        LJ (SR)  Disper. corr.   Coulomb (SR)
    3.89088e+02    6.15379e+03    4.91765e+04   -2.84327e+03   -3.77541e+05
   Coul. recip. Position Rest.      Potential    Kinetic En.   Total Energy
    2.06852e+03    1.17060e+02   -3.21014e+05    6.09616e+04   -2.60053e+05
  Conserved En.    Temperature Pres. DC (bar) Pressure (bar)   Constr. rmsd
   -3.14155e+05    2.99357e+02   -1.90418e+02   -3.53314e+02    3.16020e-06

           Step           Time
          39500       79.00000

   Energies (kJ/mol)
           Bond            U-B    Proper Dih.  Improper Dih.      CMAP Dih.
    3.38912e+02    7.06777e+02    5.09179e+02    5.29202e+01   -1.44330e+02
          LJ-14     Coulomb-14        LJ (SR)  Disper. corr.   Coulomb (SR)
    4.43270e+02    6.19786e+03    4.91440e+04   -2.84327e+03   -3.76275e+05
   Coul. recip. Position Rest.      Potential    Kinetic En.   Total Energy
    2.11347e+03    1.10646e+02   -3.19645e+05    6.03258e+04   -2.59320e+05
  Conserved En.    Temperature Pres. DC (bar) Pressure (bar)   Constr. rmsd
   -3.14139e+05    2.96234e+02   -1.90418e+02   -1.14586e+02    2.83542e-06

           Step           Time
          40000       80.00000

   Energies (kJ/mol)
           Bond            U-B    Proper Dih.  Improper Dih.      CMAP Dih.
    2.99357e+02    7.19801e+02    4.87072e+02    5.32231e+01   -1.62361e+02
          LJ-14     Coulomb-14        LJ (SR)  Disper. corr.   Coulomb (SR)
    3.87053e+02    6.29306e+03    4.93934e+04   -2.84327e+03   -3.78201e+05
   Coul. recip. Position Rest.      Potential    Kinetic En.   Total Energy
    2.11047e+03    1.37375e+02   -3.21325e+05    6.12509e+04   -2.60075e+05
  Conserved En.    Temperature Pres. DC (bar) Pressure (bar)   Constr. rmsd
   -3.14151e+05    3.00777e+02   -1.90418e+02   -2.56697e+02    1.98334e-06

           Step           Time
          40500       81.00000

   Energies (kJ/mol)
           Bond            U-B    Proper Dih.  Improper Dih.      CMAP Dih.
    3.04117e+02    7.27361e+02    4.68515e+02    3.99252e+01   -1.38121e+02
          LJ-14     Coulomb-14        LJ (SR)  Disper. corr.   Coulomb (SR)
    3.86482e+02    6.17452e+03    4.97762e+04   -2.84327e+03   -3.78658e+05
   Coul. recip. Position Rest.      Potential    Kinetic En.   Total Energy
    2.14665e+03    1.00248e+02   -3.21516e+05    6.10713e+04   -2.60444e+05
  Conserved En.    Temperature Pres. DC (bar) Pressure (bar)   Constr. rmsd
   -3.14157e+05    2.99896e+02   -1.90418e+02   -1.68519e+02    2.50389e-06

           Step           Time
          41000       82.00000

   Energies (kJ/mol)
           Bond            U-B    Proper Dih.  Improper Dih.      CMAP Dih.
    3.37384e+02    7.71243e+02    5.13914e+02    5.51933e+01   -1.49761e+02
          LJ-14     Coulomb-14        LJ (SR)  Disper. corr.   Coulomb (SR)
    4.06909e+02    6.20125e+03    4.99436e+04   -2.84327e+03   -3.78363e+05
   Coul. recip. Position Rest.      Potential    Kinetic En.   Total Energy
    2.08738e+03    1.01707e+02   -3.20938e+05    6.14629e+04   -2.59475e+05
  Conserved En.    Temperature Pres. DC (bar) Pressure (bar)   Constr. rmsd
   -3.14147e+05    3.01818e+02   -1.90418e+02   -2.05532e+02    2.47977e-06

           Step           Time
          41500       83.00000

   Energies (kJ/mol)
           Bond            U-B    Proper Dih.  Improper Dih.      CMAP Dih.
    3.07255e+02    7.04066e+02    5.13696e+02    4.99940e+01   -1.46513e+02
          LJ-14     Coulomb-14        LJ (SR)  Disper. corr.   Coulomb (SR)
    4.12212e+02    6.22009e+03    4.93463e+04   -2.84327e+03   -3.77447e+05
   Coul. recip. Position Rest.      Potential    Kinetic En.   Total Energy
    2.09384e+03    1.06472e+02   -3.20683e+05    6.11096e+04   -2.59573e+05
  Conserved En.    Temperature Pres. DC (bar) Pressure (bar)   Constr. rmsd
   -3.14143e+05    3.00084e+02   -1.90418e+02   -2.55644e+02    2.97836e-06

           Step           Time
          42000       84.00000

   Energies (kJ/mol)
           Bond            U-B    Proper Dih.  Improper Dih.      CMAP Dih.
    2.79026e+02    7.56125e+02    4.81888e+02    4.90566e+01   -1.49457e+02
          LJ-14     Coulomb-14        LJ (SR)  Disper. corr.   Coulomb (SR)
    4.00290e+02    6.18079e+03    4.98824e+04   -2.84327e+03   -3.78377e+05
   Coul. recip. Position Rest.      Potential    Kinetic En.   Total Energy
    2.11231e+03    1.35370e+02   -3.21092e+05    6.07459e+04   -2.60347e+05
  Conserved En.    Temperature Pres. DC (bar) Pressure (bar)   Constr. rmsd
   -3.14136e+05    2.98297e+02   -1.90418e+02   -4.89510e+01    2.11964e-06

           Step           Time
          42500       85.00000

   Energies (kJ/mol)
           Bond            U-B    Proper Dih.  Improper Dih.      CMAP Dih.
    2.83049e+02    7.43564e+02    4.88627e+02    5.49365e+01   -1.56163e+02
          LJ-14     Coulomb-14        LJ (SR)  Disper. corr.   Coulomb (SR)
    4.06546e+02    6.26660e+03    5.07780e+04   -2.84327e+03   -3.79539e+05
   Coul. recip. Position Rest.      Potential    Kinetic En.   Total Energy
    2.08496e+03    1.26287e+02   -3.21306e+05    6.11036e+04   -2.60203e+05
  Conserved En.    Temperature Pres. DC (bar) Pressure (bar)   Constr. rmsd
   -3.14129e+05    3.00054e+02   -1.90418e+02    8.12757e+01    2.65589e-06

           Step           Time
          43000       86.00000

   Energies (kJ/mol)
           Bond            U-B    Proper Dih.  Improper Dih.      CMAP Dih.
    2.77220e+02    7.78337e+02    4.74345e+02    4.19281e+01   -1.39636e+02
          LJ-14     Coulomb-14        LJ (SR)  Disper. corr.   Coulomb (SR)
    4.29042e+02    6.10135e+03    5.01553e+04   -2.84327e+03   -3.78668e+05
   Coul. recip. Position Rest.      Potential    Kinetic En.   Total Energy
    2.07892e+03    1.07803e+02   -3.21207e+05    6.09606e+04   -2.60246e+05
  Conserved En.    Temperature Pres. DC (bar) Pressure (bar)   Constr. rmsd
   -3.14133e+05    2.99352e+02   -1.90418e+02   -2.72601e+01    2.30712e-06

           Step           Time
          43500       87.00000

   Energies (kJ/mol)
           Bond            U-B    Proper Dih.  Improper Dih.      CMAP Dih.
    3.14085e+02    6.56117e+02    4.59564e+02    3.74692e+01   -1.43287e+02
          LJ-14     Coulomb-14        LJ (SR)  Disper. corr.   Coulomb (SR)
    4.06062e+02    6.28845e+03    4.98108e+04   -2.84327e+03   -3.79046e+05
   Coul. recip. Position Rest.      Potential    Kinetic En.   Total Energy
    2.03565e+03    1.02871e+02   -3.21922e+05    6.07821e+04   -2.61140e+05
  Conserved En.    Temperature Pres. DC (bar) Pressure (bar)   Constr. rmsd
   -3.14138e+05    2.98475e+02   -1.90418e+02   -1.29618e+02    2.56149e-06

           Step           Time
          44000       88.00000

   Energies (kJ/mol)
           Bond            U-B    Proper Dih.  Improper Dih.      CMAP Dih.
    2.88824e+02    6.85774e+02    5.14735e+02    6.03109e+01   -1.54304e+02
          LJ-14     Coulomb-14        LJ (SR)  Disper. corr.   Coulomb (SR)
    3.91582e+02    6.18859e+03    5.03582e+04   -2.84327e+03   -3.79480e+05
   Coul. recip. Position Rest.      Potential    Kinetic En.   Total Energy
    2.10293e+03    1.18308e+02   -3.21769e+05    6.13606e+04   -2.60408e+05
  Conserved En.    Temperature Pres. DC (bar) Pressure (bar)   Constr. rmsd
   -3.14141e+05    3.01316e+02   -1.90418e+02   -2.26539e+01    2.25298e-06

           Step           Time
          44500       89.00000

   Energies (kJ/mol)
           Bond            U-B    Proper Dih.  Improper Dih.      CMAP Dih.
    3.11511e+02    7.60157e+02    4.70108e+02    6.08607e+01   -1.37971e+02
          LJ-14     Coulomb-14        LJ (SR)  Disper. corr.   Coulomb (SR)
    3.90039e+02    6.14796e+03    5.07866e+04   -2.84327e+03   -3.79224e+05
   Coul. recip. Position Rest.      Potential    Kinetic En.   Total Energy
    2.06704e+03    1.43706e+02   -3.21068e+05    6.22105e+04   -2.58857e+05
  Conserved En.    Temperature Pres. DC (bar) Pressure (bar)   Constr. rmsd
   -3.14138e+05    3.05489e+02   -1.90418e+02    2.22830e+02    2.70111e-06

           Step           Time
          45000       90.00000

   Energies (kJ/mol)
           Bond            U-B    Proper Dih.  Improper Dih.      CMAP Dih.
    3.51846e+02    7.35451e+02    4.78210e+02    4.84518e+01   -1.50165e+02
          LJ-14     Coulomb-14        LJ (SR)  Disper. corr.   Coulomb (SR)
    3.88967e+02    6.29258e+03    5.01806e+04   -2.84327e+03   -3.78533e+05
   Coul. recip. Position Rest.      Potential    Kinetic En.   Total Energy
    2.07957e+03    1.12584e+02   -3.20858e+05    6.13100e+04   -2.59548e+05
  Conserved En.    Temperature Pres. DC (bar) Pressure (bar)   Constr. rmsd
   -3.14118e+05    3.01068e+02   -1.90418e+02    8.92680e+01    2.19950e-06

           Step           Time
          45500       91.00000

   Energies (kJ/mol)
           Bond            U-B    Proper Dih.  Improper Dih.      CMAP Dih.
    3.15262e+02    7.08017e+02    4.69991e+02    4.89475e+01   -1.52336e+02
          LJ-14     Coulomb-14        LJ (SR)  Disper. corr.   Coulomb (SR)
    4.10830e+02    6.24651e+03    4.90426e+04   -2.84327e+03   -3.78042e+05
   Coul. recip. Position Rest.      Potential    Kinetic En.   Total Energy
    2.15569e+03    1.32173e+02   -3.21507e+05    6.15129e+04   -2.59994e+05
  Conserved En.    Temperature Pres. DC (bar) Pressure (bar)   Constr. rmsd
   -3.14137e+05    3.02064e+02   -1.90418e+02   -5.16969e+02    1.97964e-06

           Step           Time
          46000       92.00000

   Energies (kJ/mol)
           Bond            U-B    Proper Dih.  Improper Dih.      CMAP Dih.
    2.82799e+02    7.38989e+02    4.99418e+02    5.10932e+01   -1.54504e+02
          LJ-14     Coulomb-14        LJ (SR)  Disper. corr.   Coulomb (SR)
    4.00928e+02    6.18709e+03    5.04593e+04   -2.84327e+03   -3.79432e+05
   Coul. recip. Position Rest.      Potential    Kinetic En.   Total Energy
    2.01037e+03    1.22319e+02   -3.21677e+05    6.14956e+04   -2.60182e+05
  Conserved En.    Temperature Pres. DC (bar) Pressure (bar)   Constr. rmsd
   -3.14127e+05    3.01979e+02   -1.90418e+02   -6.68021e+01    2.14161e-06

           Step           Time
          46500       93.00000

   Energies (kJ/mol)
           Bond            U-B    Proper Dih.  Improper Dih.      CMAP Dih.
    3.29611e+02    7.52470e+02    4.59164e+02    3.26647e+01   -1.37644e+02
          LJ-14     Coulomb-14        LJ (SR)  Disper. corr.   Coulomb (SR)
    4.15506e+02    6.28435e+03    4.93386e+04   -2.84327e+03   -3.77107e+05
   Coul. recip. Position Rest.      Potential    Kinetic En.   Total Energy
    2.05769e+03    1.02210e+02   -3.20316e+05    6.14052e+04   -2.58910e+05
  Conserved En.    Temperature Pres. DC (bar) Pressure (bar)   Constr. rmsd
   -3.14135e+05    3.01535e+02   -1.90418e+02   -1.15969e+02    2.59282e-06

           Step           Time
          47000       94.00000

   Energies (kJ/mol)
           Bond            U-B    Proper Dih.  Improper Dih.      CMAP Dih.
    3.47882e+02    7.71527e+02    4.37246e+02    2.90892e+01   -1.53301e+02
          LJ-14     Coulomb-14        LJ (SR)  Disper. corr.   Coulomb (SR)
    3.95472e+02    6.20157e+03    4.96869e+04   -2.84327e+03   -3.78532e+05
   Coul. recip. Position Rest.      Potential    Kinetic En.   Total Energy
    2.10817e+03    9.77805e+01   -3.21453e+05    6.15602e+04   -2.59892e+05
  Conserved En.    Temperature Pres. DC (bar) Pressure (bar)   Constr. rmsd
   -3.14131e+05    3.02296e+02   -1.90418e+02   -3.00059e+02    2.69984e-06

Writing checkpoint, step 47400 at Wed Oct 28 22:25:06 2020


           Step           Time
          47500       95.00000

   Energies (kJ/mol)
           Bond            U-B    Proper Dih.  Improper Dih.      CMAP Dih.
    2.60547e+02    6.73549e+02    4.90315e+02    2.73791e+01   -1.59423e+02
          LJ-14     Coulomb-14        LJ (SR)  Disper. corr.   Coulomb (SR)
    4.37897e+02    6.16987e+03    4.98528e+04   -2.84327e+03   -3.79775e+05
   Coul. recip. Position Rest.      Potential    Kinetic En.   Total Energy
    2.02460e+03    1.16068e+02   -3.22725e+05    6.11012e+04   -2.61624e+05
  Conserved En.    Temperature Pres. DC (bar) Pressure (bar)   Constr. rmsd
   -3.14133e+05    3.00043e+02   -1.90418e+02   -2.51947e+02    1.88819e-06

           Step           Time
          48000       96.00000

   Energies (kJ/mol)
           Bond            U-B    Proper Dih.  Improper Dih.      CMAP Dih.
    2.78526e+02    7.74405e+02    4.89982e+02    3.43562e+01   -1.42365e+02
          LJ-14     Coulomb-14        LJ (SR)  Disper. corr.   Coulomb (SR)
    3.90869e+02    6.31105e+03    5.00214e+04   -2.84327e+03   -3.78617e+05
   Coul. recip. Position Rest.      Potential    Kinetic En.   Total Energy
    2.09813e+03    1.27942e+02   -3.21076e+05    6.13529e+04   -2.59724e+05
  Conserved En.    Temperature Pres. DC (bar) Pressure (bar)   Constr. rmsd
   -3.14122e+05    3.01278e+02   -1.90418e+02   -2.38919e+02    1.93430e-06

           Step           Time
          48500       97.00000

   Energies (kJ/mol)
           Bond            U-B    Proper Dih.  Improper Dih.      CMAP Dih.
    3.00976e+02    7.68774e+02    4.77345e+02    4.79037e+01   -1.54606e+02
          LJ-14     Coulomb-14        LJ (SR)  Disper. corr.   Coulomb (SR)
    3.92317e+02    6.24856e+03    4.97418e+04   -2.84327e+03   -3.77801e+05
   Coul. recip. Position Rest.      Potential    Kinetic En.   Total Energy
    2.10655e+03    9.73160e+01   -3.20618e+05    6.10011e+04   -2.59616e+05
  Conserved En.    Temperature Pres. DC (bar) Pressure (bar)   Constr. rmsd
   -3.14124e+05    2.99551e+02   -1.90418e+02   -1.95763e+02    2.16432e-06

           Step           Time
          49000       98.00000

   Energies (kJ/mol)
           Bond            U-B    Proper Dih.  Improper Dih.      CMAP Dih.
    2.64347e+02    7.46771e+02    4.82118e+02    5.26432e+01   -1.54329e+02
          LJ-14     Coulomb-14        LJ (SR)  Disper. corr.   Coulomb (SR)
    3.92076e+02    6.20266e+03    5.05449e+04   -2.84327e+03   -3.79704e+05
   Coul. recip. Position Rest.      Potential    Kinetic En.   Total Energy
    2.07622e+03    1.21541e+02   -3.21818e+05    6.09751e+04   -2.60843e+05
  Conserved En.    Temperature Pres. DC (bar) Pressure (bar)   Constr. rmsd
   -3.14126e+05    2.99423e+02   -1.90418e+02   -9.58002e+00    1.79225e-06

           Step           Time
          49500       99.00000

   Energies (kJ/mol)
           Bond            U-B    Proper Dih.  Improper Dih.      CMAP Dih.
    3.10619e+02    7.55488e+02    4.68681e+02    4.08305e+01   -1.45804e+02
          LJ-14     Coulomb-14        LJ (SR)  Disper. corr.   Coulomb (SR)
    4.05785e+02    6.20796e+03    4.93229e+04   -2.84327e+03   -3.78119e+05
   Coul. recip. Position Rest.      Potential    Kinetic En.   Total Energy
    2.14570e+03    8.75834e+01   -3.21363e+05    6.10850e+04   -2.60278e+05
  Conserved En.    Temperature Pres. DC (bar) Pressure (bar)   Constr. rmsd
   -3.14122e+05    2.99963e+02   -1.90418e+02   -3.25093e+02    2.55631e-06

           Step           Time
          50000      100.00000

Writing checkpoint, step 50000 at Wed Oct 28 22:27:02 2020


   Energies (kJ/mol)
           Bond            U-B    Proper Dih.  Improper Dih.      CMAP Dih.
    3.14089e+02    7.54031e+02    5.09899e+02    4.77484e+01   -1.41745e+02
          LJ-14     Coulomb-14        LJ (SR)  Disper. corr.   Coulomb (SR)
    4.19078e+02    6.18695e+03    4.95060e+04   -2.84327e+03   -3.77482e+05
   Coul. recip. Position Rest.      Potential    Kinetic En.   Total Energy
    2.09040e+03    1.13798e+02   -3.20525e+05    6.11175e+04   -2.59407e+05
  Conserved En.    Temperature Pres. DC (bar) Pressure (bar)   Constr. rmsd
   -3.14123e+05    3.00122e+02   -1.90418e+02   -1.40056e+02    2.58914e-06


	<======  ###############  ==>
	<====  A V E R A G E S  ====>
	<==  ###############  ======>

	Statistics over 50001 steps using 501 frames

   Energies (kJ/mol)
           Bond            U-B    Proper Dih.  Improper Dih.      CMAP Dih.
    3.01566e+02    7.31815e+02    4.77004e+02    4.60624e+01   -1.47082e+02
          LJ-14     Coulomb-14        LJ (SR)  Disper. corr.   Coulomb (SR)
    4.06290e+02    6.22281e+03    4.99607e+04   -2.84327e+03   -3.78873e+05
   Coul. recip. Position Rest.      Potential    Kinetic En.   Total Energy
    2.08192e+03    1.11550e+02   -3.21524e+05    6.10602e+04   -2.60463e+05
  Conserved En.    Temperature Pres. DC (bar) Pressure (bar)   Constr. rmsd
   -3.14189e+05    2.99841e+02   -1.90418e+02   -1.11876e+02    0.00000e+00

   Total Virial (kJ/mol)
    2.11508e+04   -1.46528e+01   -9.47417e+01
   -1.38448e+01    2.12415e+04    2.86958e+01
   -9.44884e+01    2.82096e+01    2.11767e+04

   Pressure (bar)
   -1.07163e+02    3.42264e+00    1.25749e+01
    3.31455e+00   -1.14985e+02   -5.17603e+00
    1.25410e+01   -5.11098e+00   -1.13481e+02

      T-Protein  T-non-Protein
    2.99732e+02    2.99843e+02


	M E G A - F L O P S   A C C O U N T I N G

 NB=Group-cutoff nonbonded kernels    NxN=N-by-N cluster Verlet kernels
 RF=Reaction-Field  VdW=Van der Waals  QSTab=quadratic-spline table
 W3=SPC/TIP3p  W4=TIP4p (single or pairs)
 V&F=Potential and force  V=Potential only  F=Force only

 Computing:                               M-Number         M-Flops  % Flops
-----------------------------------------------------------------------------
 Pair Search distance check            7969.325716       71723.931     0.3
 NxN QSTab Elec. + LJ [F]            304556.561752    12486819.032    51.0
 NxN QSTab Elec. + LJ [V&F]            3082.327808      181857.341     0.7
 NxN QSTab Elec. [F]                 290087.318024     9862968.813    40.3
 NxN QSTab Elec. [V&F]                 2936.207920      120384.525     0.5
 1,4 nonbonded interactions              46.100922        4149.083     0.0
 Calc Weights                          3660.073200      131762.635     0.5
 Spread Q Bspline                     78081.561600      156163.123     0.6
 Gather F Bspline                     78081.561600      468489.370     1.9
 3D-FFT                              102183.043620      817464.349     3.3
 Solve PME                               80.001600        5120.102     0.0
 Shift-X                                 24.424400         146.546     0.0
 Bonds                                    9.600192         566.411     0.0
 Propers                                 37.200744        8518.970     0.0
 Impropers                                3.100062         644.813     0.0
 Pos. Restr.                              9.400188         470.009     0.0
 Virial                                  12.246945         220.445     0.0
 Stop-CM                                 12.248800         122.488     0.0
 Calc-Ekin                              244.048800        6589.318     0.0
 Lincs                                    8.800528         528.032     0.0
 Lincs-Mat                               43.202592         172.810     0.0
 Constraint-V                          1219.448776        9755.590     0.0
 Constraint-Vir                          12.130212         291.125     0.0
 Settle                                 400.624036      129401.564     0.5
 CMAP                                     1.000020        1700.034     0.0
 Urey-Bradley                            32.400648        5929.319     0.0
-----------------------------------------------------------------------------
 Total                                                24471959.778   100.0
-----------------------------------------------------------------------------


     R E A L   C Y C L E   A N D   T I M E   A C C O U N T I N G

On 1 MPI rank, each using 4 OpenMP threads

 Computing:          Num   Num      Call    Wall time         Giga-Cycles
                     Ranks Threads  Count      (s)         total sum    %
-----------------------------------------------------------------------------
 Neighbor search        1    4       1001      30.795        197.090   1.1
 Force                  1    4      50001    2075.747      13284.779  73.7
 PME mesh               1    4      50001     452.853       2898.261  16.1
 NB X/F buffer ops.     1    4      99001     123.689        791.607   4.4
 Write traj.            1    4        103       2.740         17.534   0.1
 Update                 1    4      50001      57.464        367.772   2.0
 Constraints            1    4      50003      64.914        415.449   2.3
 Rest                                           9.825         62.878   0.3
-----------------------------------------------------------------------------
 Total                                       2818.027      18035.369 100.0
-----------------------------------------------------------------------------
 Breakdown of PME mesh computation
-----------------------------------------------------------------------------
 PME spread             1    4      50001     168.193       1076.438   6.0
 PME gather             1    4      50001     181.004       1158.423   6.4
 PME 3D-FFT             1    4     100002      83.034        531.420   2.9
 PME solve Elec         1    4      50001       9.062         57.995   0.3
-----------------------------------------------------------------------------

               Core t (s)   Wall t (s)        (%)
       Time:    11271.973     2818.027      400.0
                         46:58
                 (ns/day)    (hour/ns)
Performance:        3.066        7.828
Finished mdrun on rank 0 Wed Oct 28 22:27:02 2020

