                      :-) GROMACS - gmx mdrun, 2020.3 (-:

                            GROMACS is written by:
     Emile Apol      Rossen Apostolov      Paul Bauer     Herman J.C. Berendsen
    Par Bjelkmar      Christian Blau   Viacheslav Bolnykh     Kevin Boyd    
 Aldert van Buuren   Rudi van Drunen     Anton Feenstra       Alan Gray     
  Gerrit Groenhof     Anca Hamuraru    Vincent Hindriksen  M. Eric Irrgang  
  Aleksei Iupinov   Christoph Junghans     Joe Jordan     Dimitrios Karkoulis
    Peter Kasson        Jiri Kraus      Carsten Kutzner      Per Larsson    
  Justin A. Lemkul    Viveca Lindahl    Magnus Lundborg     Erik Marklund   
    Pascal Merz     Pieter Meulenhoff    Teemu Murtola       Szilard Pall   
    Sander Pronk      Roland Schulz      Michael Shirts    Alexey Shvetsov  
   Alfons Sijbers     Peter Tieleman      Jon Vincent      Teemu Virolainen 
 Christian Wennberg    Maarten Wolf      Artem Zhmurov   
                           and the project leaders:
        Mark Abraham, Berk Hess, Erik Lindahl, and David van der Spoel

Copyright (c) 1991-2000, University of Groningen, The Netherlands.
Copyright (c) 2001-2019, The GROMACS development team at
Uppsala University, Stockholm University and
the Royal Institute of Technology, Sweden.
check out http://www.gromacs.org for more information.

GROMACS is free software; you can redistribute it and/or modify it
under the terms of the GNU Lesser General Public License
as published by the Free Software Foundation; either version 2.1
of the License, or (at your option) any later version.

GROMACS:      gmx mdrun, version 2020.3
Executable:   /usr/local/gromacs/bin/gmx
Data prefix:  /usr/local/gromacs
Working dir:  /home/alan/Documentos/estancia/pdb/procesados/p3
Process ID:   2190
Command line:
  gmx mdrun -v -deffnm md_0_3

GROMACS version:    2020.3
Verified release checksum is c0599e547549c2d0ef4fc678dc5a26ad0000eab045e938fed756f9ff5b99a197
Precision:          single
Memory model:       64 bit
MPI library:        thread_mpi
OpenMP support:     enabled (GMX_OPENMP_MAX_THREADS = 64)
GPU support:        disabled
SIMD instructions:  SSE4.1
FFT library:        fftw-3.3.8-sse2
RDTSCP usage:       enabled
TNG support:        enabled
Hwloc support:      hwloc-2.2.0
Tracing support:    disabled
C compiler:         /usr/bin/cc GNU 10.2.0
C compiler flags:   -msse4.1 -fexcess-precision=fast -funroll-all-loops -O3 -DNDEBUG
C++ compiler:       /usr/bin/c++ GNU 10.2.0
C++ compiler flags: -msse4.1 -fexcess-precision=fast -funroll-all-loops -fopenmp -O3 -DNDEBUG


Running on 1 node with total 4 cores, 4 logical cores
Hardware detected:
  CPU info:
    Vendor: Intel
    Brand:  Intel(R) Pentium(R) CPU  N3710  @ 1.60GHz
    Family: 6   Model: 76   Stepping: 4
    Features: aes apic clfsh cmov cx8 cx16 htt intel lahf mmx msr nonstop_tsc pclmuldq pdcm popcnt pse rdrnd rdtscp sse2 sse3 sse4.1 sse4.2 ssse3 tdt
  Hardware topology: Full, with devices
    Sockets, cores, and logical processors:
      Socket  0: [   0] [   1] [   2] [   3]
    Numa nodes:
      Node  0 (4035821568 bytes mem):   0   1   2   3
      Latency:
               0
         0  1.00
    Caches:
      L1: 24576 bytes, linesize 64 bytes, assoc. 6, shared 1 ways
      L2: 1048576 bytes, linesize 64 bytes, assoc. 16, shared 2 ways
    PCI devices:
      0000:00:02.0  Id: 8086:22b1  Class: 0x0300  Numa: 0
      0000:00:13.0  Id: 8086:22a3  Class: 0x0106  Numa: 0
      0000:02:00.0  Id: 8086:3166  Class: 0x0280  Numa: 0
      0000:03:00.0  Id: 10ec:8136  Class: 0x0200  Numa: 0


++++ PLEASE READ AND CITE THE FOLLOWING REFERENCE ++++
M. J. Abraham, T. Murtola, R. Schulz, S. Páll, J. C. Smith, B. Hess, E.
Lindahl
GROMACS: High performance molecular simulations through multi-level
parallelism from laptops to supercomputers
SoftwareX 1 (2015) pp. 19-25
-------- -------- --- Thank You --- -------- --------


++++ PLEASE READ AND CITE THE FOLLOWING REFERENCE ++++
S. Páll, M. J. Abraham, C. Kutzner, B. Hess, E. Lindahl
Tackling Exascale Software Challenges in Molecular Dynamics Simulations with
GROMACS
In S. Markidis & E. Laure (Eds.), Solving Software Challenges for Exascale 8759 (2015) pp. 3-27
-------- -------- --- Thank You --- -------- --------


++++ PLEASE READ AND CITE THE FOLLOWING REFERENCE ++++
S. Pronk, S. Páll, R. Schulz, P. Larsson, P. Bjelkmar, R. Apostolov, M. R.
Shirts, J. C. Smith, P. M. Kasson, D. van der Spoel, B. Hess, and E. Lindahl
GROMACS 4.5: a high-throughput and highly parallel open source molecular
simulation toolkit
Bioinformatics 29 (2013) pp. 845-54
-------- -------- --- Thank You --- -------- --------


++++ PLEASE READ AND CITE THE FOLLOWING REFERENCE ++++
B. Hess and C. Kutzner and D. van der Spoel and E. Lindahl
GROMACS 4: Algorithms for highly efficient, load-balanced, and scalable
molecular simulation
J. Chem. Theory Comput. 4 (2008) pp. 435-447
-------- -------- --- Thank You --- -------- --------


++++ PLEASE READ AND CITE THE FOLLOWING REFERENCE ++++
D. van der Spoel, E. Lindahl, B. Hess, G. Groenhof, A. E. Mark and H. J. C.
Berendsen
GROMACS: Fast, Flexible and Free
J. Comp. Chem. 26 (2005) pp. 1701-1719
-------- -------- --- Thank You --- -------- --------


++++ PLEASE READ AND CITE THE FOLLOWING REFERENCE ++++
E. Lindahl and B. Hess and D. van der Spoel
GROMACS 3.0: A package for molecular simulation and trajectory analysis
J. Mol. Mod. 7 (2001) pp. 306-317
-------- -------- --- Thank You --- -------- --------


++++ PLEASE READ AND CITE THE FOLLOWING REFERENCE ++++
H. J. C. Berendsen, D. van der Spoel and R. van Drunen
GROMACS: A message-passing parallel molecular dynamics implementation
Comp. Phys. Comm. 91 (1995) pp. 43-56
-------- -------- --- Thank You --- -------- --------


++++ PLEASE CITE THE DOI FOR THIS VERSION OF GROMACS ++++
https://doi.org/10.5281/zenodo.3923645
-------- -------- --- Thank You --- -------- --------

Input Parameters:
   integrator                     = md
   tinit                          = 0
   dt                             = 0.002
   nsteps                         = 500000
   init-step                      = 0
   simulation-part                = 1
   comm-mode                      = Linear
   nstcomm                        = 100
   bd-fric                        = 0
   ld-seed                        = 952572874
   emtol                          = 10
   emstep                         = 0.01
   niter                          = 20
   fcstep                         = 0
   nstcgsteep                     = 1000
   nbfgscorr                      = 10
   rtpi                           = 0.05
   nstxout                        = 0
   nstvout                        = 0
   nstfout                        = 0
   nstlog                         = 5000
   nstcalcenergy                  = 100
   nstenergy                      = 5000
   nstxout-compressed             = 5000
   compressed-x-precision         = 1000
   cutoff-scheme                  = Verlet
   nstlist                        = 10
   pbc                            = xyz
   periodic-molecules             = false
   verlet-buffer-tolerance        = 0.005
   rlist                          = 1
   coulombtype                    = PME
   coulomb-modifier               = Potential-shift
   rcoulomb-switch                = 0
   rcoulomb                       = 1
   epsilon-r                      = 1
   epsilon-rf                     = inf
   vdw-type                       = Cut-off
   vdw-modifier                   = Potential-shift
   rvdw-switch                    = 0
   rvdw                           = 1
   DispCorr                       = EnerPres
   table-extension                = 1
   fourierspacing                 = 0.16
   fourier-nx                     = 42
   fourier-ny                     = 42
   fourier-nz                     = 42
   pme-order                      = 4
   ewald-rtol                     = 1e-05
   ewald-rtol-lj                  = 0.001
   lj-pme-comb-rule               = Geometric
   ewald-geometry                 = 0
   epsilon-surface                = 0
   tcoupl                         = V-rescale
   nsttcouple                     = 10
   nh-chain-length                = 0
   print-nose-hoover-chain-variables = false
   pcoupl                         = Parrinello-Rahman
   pcoupltype                     = Isotropic
   nstpcouple                     = 10
   tau-p                          = 2
   compressibility (3x3):
      compressibility[    0]={ 4.50000e-05,  0.00000e+00,  0.00000e+00}
      compressibility[    1]={ 0.00000e+00,  4.50000e-05,  0.00000e+00}
      compressibility[    2]={ 0.00000e+00,  0.00000e+00,  4.50000e-05}
   ref-p (3x3):
      ref-p[    0]={ 1.00000e+00,  0.00000e+00,  0.00000e+00}
      ref-p[    1]={ 0.00000e+00,  1.00000e+00,  0.00000e+00}
      ref-p[    2]={ 0.00000e+00,  0.00000e+00,  1.00000e+00}
   refcoord-scaling               = No
   posres-com (3):
      posres-com[0]= 0.00000e+00
      posres-com[1]= 0.00000e+00
      posres-com[2]= 0.00000e+00
   posres-comB (3):
      posres-comB[0]= 0.00000e+00
      posres-comB[1]= 0.00000e+00
      posres-comB[2]= 0.00000e+00
   QMMM                           = false
   QMconstraints                  = 0
   QMMMscheme                     = 0
   MMChargeScaleFactor            = 1
qm-opts:
   ngQM                           = 0
   constraint-algorithm           = Lincs
   continuation                   = true
   Shake-SOR                      = false
   shake-tol                      = 0.0001
   lincs-order                    = 4
   lincs-iter                     = 1
   lincs-warnangle                = 30
   nwall                          = 0
   wall-type                      = 9-3
   wall-r-linpot                  = -1
   wall-atomtype[0]               = -1
   wall-atomtype[1]               = -1
   wall-density[0]                = 0
   wall-density[1]                = 0
   wall-ewald-zfac                = 3
   pull                           = false
   awh                            = false
   rotation                       = false
   interactiveMD                  = false
   disre                          = No
   disre-weighting                = Conservative
   disre-mixed                    = false
   dr-fc                          = 1000
   dr-tau                         = 0
   nstdisreout                    = 100
   orire-fc                       = 0
   orire-tau                      = 0
   nstorireout                    = 100
   free-energy                    = no
   cos-acceleration               = 0
   deform (3x3):
      deform[    0]={ 0.00000e+00,  0.00000e+00,  0.00000e+00}
      deform[    1]={ 0.00000e+00,  0.00000e+00,  0.00000e+00}
      deform[    2]={ 0.00000e+00,  0.00000e+00,  0.00000e+00}
   simulated-tempering            = false
   swapcoords                     = no
   userint1                       = 0
   userint2                       = 0
   userint3                       = 0
   userint4                       = 0
   userreal1                      = 0
   userreal2                      = 0
   userreal3                      = 0
   userreal4                      = 0
   applied-forces:
     electric-field:
       x:
         E0                       = 0
         omega                    = 0
         t0                       = 0
         sigma                    = 0
       y:
         E0                       = 0
         omega                    = 0
         t0                       = 0
         sigma                    = 0
       z:
         E0                       = 0
         omega                    = 0
         t0                       = 0
         sigma                    = 0
     density-guided-simulation:
       active                     = false
       group                      = protein
       similarity-measure         = inner-product
       atom-spreading-weight      = unity
       force-constant             = 1e+09
       gaussian-transform-spreading-width = 0.2
       gaussian-transform-spreading-range-in-multiples-of-width = 4
       reference-density-filename = reference.mrc
       nst                        = 1
       normalize-densities        = true
       adaptive-force-scaling     = false
       adaptive-force-scaling-time-constant = 4
grpopts:
   nrdf:     1279.93     54417.1
   ref-t:         300         300
   tau-t:         0.1         0.1
annealing:          No          No
annealing-npoints:           0           0
   acc:	           0           0           0
   nfreeze:           N           N           N
   energygrp-flags[  0]: 0

Changing nstlist from 10 to 50, rlist from 1 to 1.11

Using 1 MPI thread

Non-default thread affinity set, disabling internal thread affinity

Using 4 OpenMP threads 

System total charge: 0.000
Will do PME sum in reciprocal space for electrostatic interactions.

++++ PLEASE READ AND CITE THE FOLLOWING REFERENCE ++++
U. Essmann, L. Perera, M. L. Berkowitz, T. Darden, H. Lee and L. G. Pedersen 
A smooth particle mesh Ewald method
J. Chem. Phys. 103 (1995) pp. 8577-8592
-------- -------- --- Thank You --- -------- --------

Using a Gaussian width (1/beta) of 0.320163 nm for Ewald
Potential shift: LJ r^-12: -1.000e+00 r^-6: -1.000e+00, Ewald -1.000e-05
Initialized non-bonded Ewald tables, spacing: 9.33e-04 size: 1073

Generated table with 1055 data points for 1-4 COUL.
Tabscale = 500 points/nm
Generated table with 1055 data points for 1-4 LJ6.
Tabscale = 500 points/nm
Generated table with 1055 data points for 1-4 LJ12.
Tabscale = 500 points/nm

Using SIMD 4x4 nonbonded short-range kernels

Using a dual 4x4 pair-list setup updated with dynamic pruning:
  outer list: updated every 50 steps, buffer 0.110 nm, rlist 1.110 nm
  inner list: updated every 12 steps, buffer 0.002 nm, rlist 1.002 nm
At tolerance 0.005 kJ/mol/ps per atom, equivalent classical 1x1 list would be:
  outer list: updated every 50 steps, buffer 0.235 nm, rlist 1.235 nm
  inner list: updated every 12 steps, buffer 0.047 nm, rlist 1.047 nm

Using Lorentz-Berthelot Lennard-Jones combination rule

Long Range LJ corr.: <C6> 2.8470e-04


Initializing LINear Constraint Solver

++++ PLEASE READ AND CITE THE FOLLOWING REFERENCE ++++
B. Hess and H. Bekker and H. J. C. Berendsen and J. G. E. M. Fraaije
LINCS: A Linear Constraint Solver for molecular simulations
J. Comp. Chem. 18 (1997) pp. 1463-1472
-------- -------- --- Thank You --- -------- --------

The number of constraints is 256

++++ PLEASE READ AND CITE THE FOLLOWING REFERENCE ++++
S. Miyamoto and P. A. Kollman
SETTLE: An Analytical Version of the SHAKE and RATTLE Algorithms for Rigid
Water Models
J. Comp. Chem. 13 (1992) pp. 952-962
-------- -------- --- Thank You --- -------- --------


++++ PLEASE READ AND CITE THE FOLLOWING REFERENCE ++++
G. Bussi, D. Donadio and M. Parrinello
Canonical sampling through velocity rescaling
J. Chem. Phys. 126 (2007) pp. 014101
-------- -------- --- Thank You --- -------- --------

There are: 27722 Atoms
Center of mass motion removal mode is Linear
We have the following groups for center of mass motion removal:
  0:  rest

Started mdrun on rank 0 Sun Nov  8 23:56:06 2020

           Step           Time
              0        0.00000

   Energies (kJ/mol)
           Bond            U-B    Proper Dih.  Improper Dih.      CMAP Dih.
    4.12353e+02    1.09975e+03    7.22951e+02    7.59621e+01   -1.96704e+02
          LJ-14     Coulomb-14        LJ (SR)  Disper. corr.   Coulomb (SR)
    4.70654e+02    9.11397e+03    5.61418e+04   -3.26304e+03   -4.30262e+05
   Coul. recip.      Potential    Kinetic En.   Total Energy  Conserved En.
    2.38472e+03   -3.63300e+05    6.95932e+04   -2.93707e+05   -2.93690e+05
    Temperature Pres. DC (bar) Pressure (bar)   Constr. rmsd
    3.00560e+02   -1.93382e+02   -1.11298e+02    2.74418e-06

           Step           Time
           5000       10.00000

   Energies (kJ/mol)
           Bond            U-B    Proper Dih.  Improper Dih.      CMAP Dih.
    5.01168e+02    1.01210e+03    7.37072e+02    6.41662e+01   -1.94119e+02
          LJ-14     Coulomb-14        LJ (SR)  Disper. corr.   Coulomb (SR)
    5.14205e+02    9.29707e+03    5.59693e+04   -3.26894e+03   -4.30631e+05
   Coul. recip.      Potential    Kinetic En.   Total Energy  Conserved En.
    2.34354e+03   -3.63656e+05    6.95970e+04   -2.94059e+05   -2.93656e+05
    Temperature Pres. DC (bar) Pressure (bar)   Constr. rmsd
    3.00576e+02   -1.94081e+02   -7.27892e+01    2.31095e-06

           Step           Time
          10000       20.00000

   Energies (kJ/mol)
           Bond            U-B    Proper Dih.  Improper Dih.      CMAP Dih.
    4.70222e+02    1.04065e+03    7.45452e+02    5.91416e+01   -1.69437e+02
          LJ-14     Coulomb-14        LJ (SR)  Disper. corr.   Coulomb (SR)
    4.66527e+02    9.28982e+03    5.68959e+04   -3.25659e+03   -4.30305e+05
   Coul. recip.      Potential    Kinetic En.   Total Energy  Conserved En.
    2.39921e+03   -3.62364e+05    6.91790e+04   -2.93185e+05   -2.93625e+05
    Temperature Pres. DC (bar) Pressure (bar)   Constr. rmsd
    2.98771e+02   -1.92619e+02    1.67366e+01    2.38031e-06

           Step           Time
          15000       30.00000

   Energies (kJ/mol)
           Bond            U-B    Proper Dih.  Improper Dih.      CMAP Dih.
    4.11108e+02    1.00717e+03    7.30484e+02    5.72232e+01   -1.99054e+02
          LJ-14     Coulomb-14        LJ (SR)  Disper. corr.   Coulomb (SR)
    4.86020e+02    9.37180e+03    5.58939e+04   -3.27176e+03   -4.29902e+05
   Coul. recip.      Potential    Kinetic En.   Total Energy  Conserved En.
    2.35513e+03   -3.63060e+05    6.94794e+04   -2.93581e+05   -2.93601e+05
    Temperature Pres. DC (bar) Pressure (bar)   Constr. rmsd
    3.00068e+02   -1.94415e+02   -8.08466e+01    2.41343e-06

           Step           Time
          20000       40.00000

   Energies (kJ/mol)
           Bond            U-B    Proper Dih.  Improper Dih.      CMAP Dih.
    3.67729e+02    1.11786e+03    7.63779e+02    7.38859e+01   -2.07467e+02
          LJ-14     Coulomb-14        LJ (SR)  Disper. corr.   Coulomb (SR)
    4.82597e+02    9.20317e+03    5.69092e+04   -3.27273e+03   -4.30578e+05
   Coul. recip.      Potential    Kinetic En.   Total Energy  Conserved En.
    2.32708e+03   -3.62812e+05    6.96323e+04   -2.93180e+05   -2.93573e+05
    Temperature Pres. DC (bar) Pressure (bar)   Constr. rmsd
    3.00729e+02   -1.94531e+02    1.70235e+02    2.81472e-06

Writing checkpoint, step 22550 at Mon Nov  9 00:11:07 2020


           Step           Time
          25000       50.00000

   Energies (kJ/mol)
           Bond            U-B    Proper Dih.  Improper Dih.      CMAP Dih.
    3.88495e+02    9.96485e+02    7.69213e+02    7.54895e+01   -1.66959e+02
          LJ-14     Coulomb-14        LJ (SR)  Disper. corr.   Coulomb (SR)
    5.13428e+02    9.13017e+03    5.58082e+04   -3.27551e+03   -4.29360e+05
   Coul. recip.      Potential    Kinetic En.   Total Energy  Conserved En.
    2.34143e+03   -3.62780e+05    6.91991e+04   -2.93581e+05   -2.93544e+05
    Temperature Pres. DC (bar) Pressure (bar)   Constr. rmsd
    2.98858e+02   -1.94861e+02   -4.85919e+01    2.77259e-06

           Step           Time
          30000       60.00000

   Energies (kJ/mol)
           Bond            U-B    Proper Dih.  Improper Dih.      CMAP Dih.
    4.13750e+02    1.13433e+03    7.47001e+02    3.99871e+01   -1.92015e+02
          LJ-14     Coulomb-14        LJ (SR)  Disper. corr.   Coulomb (SR)
    4.77561e+02    9.23181e+03    5.81255e+04   -3.26827e+03   -4.32795e+05
   Coul. recip.      Potential    Kinetic En.   Total Energy  Conserved En.
    2.39648e+03   -3.63689e+05    6.98777e+04   -2.93811e+05   -2.93503e+05
    Temperature Pres. DC (bar) Pressure (bar)   Constr. rmsd
    3.01789e+02   -1.94002e+02    3.10220e+02    2.16364e-06

           Step           Time
          35000       70.00000

   Energies (kJ/mol)
           Bond            U-B    Proper Dih.  Improper Dih.      CMAP Dih.
    4.37855e+02    1.09120e+03    7.62427e+02    7.80548e+01   -2.07358e+02
          LJ-14     Coulomb-14        LJ (SR)  Disper. corr.   Coulomb (SR)
    4.64280e+02    9.26190e+03    5.72000e+04   -3.26225e+03   -4.31753e+05
   Coul. recip.      Potential    Kinetic En.   Total Energy  Conserved En.
    2.31286e+03   -3.63614e+05    6.92407e+04   -2.94373e+05   -2.93478e+05
    Temperature Pres. DC (bar) Pressure (bar)   Constr. rmsd
    2.99037e+02   -1.93289e+02    3.93925e+01    2.63138e-06

           Step           Time
          40000       80.00000

   Energies (kJ/mol)
           Bond            U-B    Proper Dih.  Improper Dih.      CMAP Dih.
    4.91455e+02    1.01846e+03    7.38386e+02    5.49130e+01   -1.98953e+02
          LJ-14     Coulomb-14        LJ (SR)  Disper. corr.   Coulomb (SR)
    4.81339e+02    9.35865e+03    5.64672e+04   -3.26958e+03   -4.31259e+05
   Coul. recip.      Potential    Kinetic En.   Total Energy  Conserved En.
    2.31701e+03   -3.63801e+05    7.00758e+04   -2.93725e+05   -2.93452e+05
    Temperature Pres. DC (bar) Pressure (bar)   Constr. rmsd
    3.02644e+02   -1.94158e+02   -6.81920e+01    3.27468e-06

Writing checkpoint, step 43800 at Mon Nov  9 00:26:08 2020


           Step           Time
          45000       90.00000

   Energies (kJ/mol)
           Bond            U-B    Proper Dih.  Improper Dih.      CMAP Dih.
    4.08599e+02    1.08985e+03    7.59518e+02    7.44918e+01   -1.94890e+02
          LJ-14     Coulomb-14        LJ (SR)  Disper. corr.   Coulomb (SR)
    4.88055e+02    9.18510e+03    5.68734e+04   -3.26643e+03   -4.31051e+05
   Coul. recip.      Potential    Kinetic En.   Total Energy  Conserved En.
    2.45425e+03   -3.63179e+05    6.96409e+04   -2.93538e+05   -2.93418e+05
    Temperature Pres. DC (bar) Pressure (bar)   Constr. rmsd
    3.00766e+02   -1.93784e+02   -1.32346e+01    2.36634e-06

           Step           Time
          50000      100.00000

   Energies (kJ/mol)
           Bond            U-B    Proper Dih.  Improper Dih.      CMAP Dih.
    4.45057e+02    1.02070e+03    7.20823e+02    6.74138e+01   -1.73768e+02
          LJ-14     Coulomb-14        LJ (SR)  Disper. corr.   Coulomb (SR)
    4.81320e+02    9.10295e+03    5.58196e+04   -3.22897e+03   -4.28431e+05
   Coul. recip.      Potential    Kinetic En.   Total Energy  Conserved En.
    2.49311e+03   -3.61683e+05    6.97990e+04   -2.91884e+05   -2.93388e+05
    Temperature Pres. DC (bar) Pressure (bar)   Constr. rmsd
    3.01449e+02   -1.89369e+02   -2.51263e+02    2.56309e-06

           Step           Time
          55000      110.00000

   Energies (kJ/mol)
           Bond            U-B    Proper Dih.  Improper Dih.      CMAP Dih.
    3.48980e+02    9.60305e+02    7.49675e+02    6.21876e+01   -1.84606e+02
          LJ-14     Coulomb-14        LJ (SR)  Disper. corr.   Coulomb (SR)
    5.11774e+02    9.38699e+03    5.59731e+04   -3.26679e+03   -4.30120e+05
   Coul. recip.      Potential    Kinetic En.   Total Energy  Conserved En.
    2.36434e+03   -3.63214e+05    6.96632e+04   -2.93550e+05   -2.93365e+05
    Temperature Pres. DC (bar) Pressure (bar)   Constr. rmsd
    3.00862e+02   -1.93826e+02   -6.01002e+01    2.39551e-06

           Step           Time
          60000      120.00000

   Energies (kJ/mol)
           Bond            U-B    Proper Dih.  Improper Dih.      CMAP Dih.
    4.17840e+02    1.05603e+03    7.55234e+02    5.44797e+01   -1.87424e+02
          LJ-14     Coulomb-14        LJ (SR)  Disper. corr.   Coulomb (SR)
    4.76824e+02    9.28969e+03    5.85330e+04   -3.26679e+03   -4.32197e+05
   Coul. recip.      Potential    Kinetic En.   Total Energy  Conserved En.
    2.41692e+03   -3.62651e+05    6.94245e+04   -2.93227e+05   -2.93310e+05
    Temperature Pres. DC (bar) Pressure (bar)   Constr. rmsd
    2.99831e+02   -1.93827e+02    4.40107e+02    2.45906e-06

Writing checkpoint, step 64850 at Mon Nov  9 00:41:09 2020


           Step           Time
          65000      130.00000

   Energies (kJ/mol)
           Bond            U-B    Proper Dih.  Improper Dih.      CMAP Dih.
    4.68399e+02    1.08447e+03    7.65651e+02    6.53736e+01   -1.91592e+02
          LJ-14     Coulomb-14        LJ (SR)  Disper. corr.   Coulomb (SR)
    4.52088e+02    9.28554e+03    5.60201e+04   -3.25018e+03   -4.29627e+05
   Coul. recip.      Potential    Kinetic En.   Total Energy  Conserved En.
    2.35169e+03   -3.62576e+05    7.04293e+04   -2.92146e+05   -2.93296e+05
    Temperature Pres. DC (bar) Pressure (bar)   Constr. rmsd
    3.04171e+02   -1.91863e+02   -1.44049e+02    2.50302e-06

           Step           Time
          70000      140.00000

   Energies (kJ/mol)
           Bond            U-B    Proper Dih.  Improper Dih.      CMAP Dih.
    4.40134e+02    1.04016e+03    7.16330e+02    6.44214e+01   -2.05935e+02
          LJ-14     Coulomb-14        LJ (SR)  Disper. corr.   Coulomb (SR)
    4.59415e+02    9.12169e+03    5.59795e+04   -3.28759e+03   -4.31203e+05
   Coul. recip.      Potential    Kinetic En.   Total Energy  Conserved En.
    2.34580e+03   -3.64529e+05    6.86412e+04   -2.95887e+05   -2.93248e+05
    Temperature Pres. DC (bar) Pressure (bar)   Constr. rmsd
    2.96448e+02   -1.96299e+02   -1.22481e+02    2.55270e-06

           Step           Time
          75000      150.00000

   Energies (kJ/mol)
           Bond            U-B    Proper Dih.  Improper Dih.      CMAP Dih.
    3.89365e+02    1.02357e+03    7.47823e+02    5.39932e+01   -1.88708e+02
          LJ-14     Coulomb-14        LJ (SR)  Disper. corr.   Coulomb (SR)
    4.72052e+02    9.27517e+03    5.70814e+04   -3.26488e+03   -4.30799e+05
   Coul. recip.      Potential    Kinetic En.   Total Energy  Conserved En.
    2.41966e+03   -3.62790e+05    6.94158e+04   -2.93374e+05   -2.93219e+05
    Temperature Pres. DC (bar) Pressure (bar)   Constr. rmsd
    2.99793e+02   -1.93600e+02    2.19504e+02    2.63343e-06

           Step           Time
          80000      160.00000

   Energies (kJ/mol)
           Bond            U-B    Proper Dih.  Improper Dih.      CMAP Dih.
    3.82989e+02    1.00296e+03    7.91697e+02    6.66028e+01   -1.85519e+02
          LJ-14     Coulomb-14        LJ (SR)  Disper. corr.   Coulomb (SR)
    4.57169e+02    9.26191e+03    5.54659e+04   -3.27103e+03   -4.29462e+05
   Coul. recip.      Potential    Kinetic En.   Total Energy  Conserved En.
    2.36402e+03   -3.63125e+05    6.89016e+04   -2.94223e+05   -2.93196e+05
    Temperature Pres. DC (bar) Pressure (bar)   Constr. rmsd
    2.97573e+02   -1.94329e+02   -2.41506e+02    2.29210e-06

           Step           Time
          85000      170.00000

   Energies (kJ/mol)
           Bond            U-B    Proper Dih.  Improper Dih.      CMAP Dih.
    3.74408e+02    1.03813e+03    7.55759e+02    7.04157e+01   -2.18191e+02
          LJ-14     Coulomb-14        LJ (SR)  Disper. corr.   Coulomb (SR)
    4.77419e+02    9.23672e+03    5.59493e+04   -3.25316e+03   -4.30077e+05
   Coul. recip.      Potential    Kinetic En.   Total Energy  Conserved En.
    2.32275e+03   -3.63324e+05    6.86999e+04   -2.94624e+05   -2.93175e+05
    Temperature Pres. DC (bar) Pressure (bar)   Constr. rmsd
    2.96702e+02   -1.92214e+02   -2.38560e+02    2.45144e-06

Writing checkpoint, step 85800 at Mon Nov  9 00:56:08 2020


           Step           Time
          90000      180.00000

   Energies (kJ/mol)
           Bond            U-B    Proper Dih.  Improper Dih.      CMAP Dih.
    3.97103e+02    1.08825e+03    7.63067e+02    5.77402e+01   -2.09195e+02
          LJ-14     Coulomb-14        LJ (SR)  Disper. corr.   Coulomb (SR)
    4.77909e+02    9.24318e+03    5.62170e+04   -3.25962e+03   -4.29193e+05
   Coul. recip.      Potential    Kinetic En.   Total Energy  Conserved En.
    2.36894e+03   -3.62049e+05    7.00306e+04   -2.92018e+05   -2.93139e+05
    Temperature Pres. DC (bar) Pressure (bar)   Constr. rmsd
    3.02449e+02   -1.92978e+02   -7.61499e+00    2.81851e-06

           Step           Time
          95000      190.00000

   Energies (kJ/mol)
           Bond            U-B    Proper Dih.  Improper Dih.      CMAP Dih.
    4.04286e+02    1.02830e+03    7.23610e+02    6.85702e+01   -1.94419e+02
          LJ-14     Coulomb-14        LJ (SR)  Disper. corr.   Coulomb (SR)
    4.68719e+02    9.28064e+03    5.72154e+04   -3.26984e+03   -4.32017e+05
   Coul. recip.      Potential    Kinetic En.   Total Energy  Conserved En.
    2.38201e+03   -3.63910e+05    6.89564e+04   -2.94954e+05   -2.93087e+05
    Temperature Pres. DC (bar) Pressure (bar)   Constr. rmsd
    2.97810e+02   -1.94188e+02    1.37252e+02    2.32380e-06

           Step           Time
         100000      200.00000

   Energies (kJ/mol)
           Bond            U-B    Proper Dih.  Improper Dih.      CMAP Dih.
    3.81623e+02    9.90291e+02    8.02362e+02    5.76823e+01   -2.02534e+02
          LJ-14     Coulomb-14        LJ (SR)  Disper. corr.   Coulomb (SR)
    5.34140e+02    9.24684e+03    5.72004e+04   -3.26858e+03   -4.31451e+05
   Coul. recip.      Potential    Kinetic En.   Total Energy  Conserved En.
    2.35768e+03   -3.63351e+05    6.90010e+04   -2.94350e+05   -2.93054e+05
    Temperature Pres. DC (bar) Pressure (bar)   Constr. rmsd
    2.98002e+02   -1.94038e+02    1.00609e+02    2.64713e-06

           Step           Time
         105000      210.00000

   Energies (kJ/mol)
           Bond            U-B    Proper Dih.  Improper Dih.      CMAP Dih.
    3.86660e+02    1.00247e+03    7.68034e+02    3.60923e+01   -2.09812e+02
          LJ-14     Coulomb-14        LJ (SR)  Disper. corr.   Coulomb (SR)
    5.08149e+02    9.33342e+03    5.73077e+04   -3.26938e+03   -4.30583e+05
   Coul. recip.      Potential    Kinetic En.   Total Energy  Conserved En.
    2.40775e+03   -3.62312e+05    6.92273e+04   -2.93084e+05   -2.93038e+05
    Temperature Pres. DC (bar) Pressure (bar)   Constr. rmsd
    2.98980e+02   -1.94133e+02    2.52992e+02    2.69966e-06

Writing checkpoint, step 106700 at Mon Nov  9 01:11:07 2020


           Step           Time
         110000      220.00000

   Energies (kJ/mol)
           Bond            U-B    Proper Dih.  Improper Dih.      CMAP Dih.
    4.26270e+02    1.03125e+03    7.22033e+02    4.78142e+01   -2.04004e+02
          LJ-14     Coulomb-14        LJ (SR)  Disper. corr.   Coulomb (SR)
    4.60525e+02    9.19871e+03    5.71945e+04   -3.26314e+03   -4.32158e+05
   Coul. recip.      Potential    Kinetic En.   Total Energy  Conserved En.
    2.36819e+03   -3.64176e+05    6.91742e+04   -2.95002e+05   -2.93009e+05
    Temperature Pres. DC (bar) Pressure (bar)   Constr. rmsd
    2.98750e+02   -1.93394e+02    2.75174e+01    2.23893e-06

           Step           Time
         115000      230.00000

   Energies (kJ/mol)
           Bond            U-B    Proper Dih.  Improper Dih.      CMAP Dih.
    4.28227e+02    1.03323e+03    7.64409e+02    8.05786e+01   -2.01927e+02
          LJ-14     Coulomb-14        LJ (SR)  Disper. corr.   Coulomb (SR)
    4.76026e+02    9.35282e+03    5.52281e+04   -3.25504e+03   -4.28757e+05
   Coul. recip.      Potential    Kinetic En.   Total Energy  Conserved En.
    2.32770e+03   -3.62523e+05    6.96922e+04   -2.92831e+05   -2.92994e+05
    Temperature Pres. DC (bar) Pressure (bar)   Constr. rmsd
    3.00988e+02   -1.92436e+02   -2.94033e+02    3.14190e-06

           Step           Time
         120000      240.00000

   Energies (kJ/mol)
           Bond            U-B    Proper Dih.  Improper Dih.      CMAP Dih.
    4.01049e+02    9.96347e+02    7.20213e+02    5.03437e+01   -2.15656e+02
          LJ-14     Coulomb-14        LJ (SR)  Disper. corr.   Coulomb (SR)
    4.78094e+02    9.22959e+03    5.57738e+04   -3.25538e+03   -4.30284e+05
   Coul. recip.      Potential    Kinetic En.   Total Energy  Conserved En.
    2.37415e+03   -3.63732e+05    6.96858e+04   -2.94046e+05   -2.92979e+05
    Temperature Pres. DC (bar) Pressure (bar)   Constr. rmsd
    3.00960e+02   -1.92476e+02   -2.51911e+02    2.21321e-06

           Step           Time
         125000      250.00000

   Energies (kJ/mol)
           Bond            U-B    Proper Dih.  Improper Dih.      CMAP Dih.
    4.09892e+02    1.03406e+03    7.56816e+02    7.83852e+01   -2.17502e+02
          LJ-14     Coulomb-14        LJ (SR)  Disper. corr.   Coulomb (SR)
    4.66236e+02    9.35434e+03    5.63751e+04   -3.26642e+03   -4.30782e+05
   Coul. recip.      Potential    Kinetic En.   Total Energy  Conserved En.
    2.37942e+03   -3.63411e+05    6.95092e+04   -2.93902e+05   -2.92943e+05
    Temperature Pres. DC (bar) Pressure (bar)   Constr. rmsd
    3.00197e+02   -1.93783e+02    1.23851e+01    2.47678e-06

Writing checkpoint, step 127750 at Mon Nov  9 01:26:06 2020


           Step           Time
         130000      260.00000

   Energies (kJ/mol)
           Bond            U-B    Proper Dih.  Improper Dih.      CMAP Dih.
    4.32205e+02    9.91534e+02    7.68674e+02    6.65229e+01   -2.00616e+02
          LJ-14     Coulomb-14        LJ (SR)  Disper. corr.   Coulomb (SR)
    4.78852e+02    9.37947e+03    5.66308e+04   -3.27508e+03   -4.31606e+05
   Coul. recip.      Potential    Kinetic En.   Total Energy  Conserved En.
    2.33531e+03   -3.63998e+05    6.98045e+04   -2.94194e+05   -2.92918e+05
    Temperature Pres. DC (bar) Pressure (bar)   Constr. rmsd
    3.01472e+02   -1.94810e+02   -8.47472e+00    2.96751e-06

           Step           Time
         135000      270.00000

   Energies (kJ/mol)
           Bond            U-B    Proper Dih.  Improper Dih.      CMAP Dih.
    4.14392e+02    1.08483e+03    7.45009e+02    5.60569e+01   -1.80600e+02
          LJ-14     Coulomb-14        LJ (SR)  Disper. corr.   Coulomb (SR)
    4.51420e+02    9.21734e+03    5.65545e+04   -3.27581e+03   -4.30370e+05
   Coul. recip.      Potential    Kinetic En.   Total Energy  Conserved En.
    2.38118e+03   -3.62922e+05    7.00311e+04   -2.92890e+05   -2.92888e+05
    Temperature Pres. DC (bar) Pressure (bar)   Constr. rmsd
    3.02451e+02   -1.94896e+02    7.67424e+01    2.36766e-06

           Step           Time
         140000      280.00000

   Energies (kJ/mol)
           Bond            U-B    Proper Dih.  Improper Dih.      CMAP Dih.
    3.68384e+02    1.03967e+03    7.32473e+02    5.41822e+01   -1.88743e+02
          LJ-14     Coulomb-14        LJ (SR)  Disper. corr.   Coulomb (SR)
    5.17206e+02    9.38298e+03    5.71111e+04   -3.28541e+03   -4.31882e+05
   Coul. recip.      Potential    Kinetic En.   Total Energy  Conserved En.
    2.29983e+03   -3.63851e+05    6.92378e+04   -2.94613e+05   -2.92857e+05
    Temperature Pres. DC (bar) Pressure (bar)   Constr. rmsd
    2.99025e+02   -1.96040e+02    1.93899e+02    2.20350e-06

           Step           Time
         145000      290.00000

   Energies (kJ/mol)
           Bond            U-B    Proper Dih.  Improper Dih.      CMAP Dih.
    3.98641e+02    9.91837e+02    7.02670e+02    6.59530e+01   -1.60997e+02
          LJ-14     Coulomb-14        LJ (SR)  Disper. corr.   Coulomb (SR)
    4.69926e+02    9.36711e+03    5.80048e+04   -3.27049e+03   -4.32131e+05
   Coul. recip.      Potential    Kinetic En.   Total Energy  Conserved En.
    2.42905e+03   -3.63132e+05    6.93937e+04   -2.93738e+05   -2.92816e+05
    Temperature Pres. DC (bar) Pressure (bar)   Constr. rmsd
    2.99698e+02   -1.94265e+02    2.31536e+02    2.40415e-06

Writing checkpoint, step 148700 at Mon Nov  9 01:41:07 2020


           Step           Time
         150000      300.00000

   Energies (kJ/mol)
           Bond            U-B    Proper Dih.  Improper Dih.      CMAP Dih.
    3.23169e+02    1.07876e+03    7.15798e+02    4.96332e+01   -2.01449e+02
          LJ-14     Coulomb-14        LJ (SR)  Disper. corr.   Coulomb (SR)
    4.69789e+02    9.33248e+03    5.52461e+04   -3.26100e+03   -4.29062e+05
   Coul. recip.      Potential    Kinetic En.   Total Energy  Conserved En.
    2.37663e+03   -3.62932e+05    6.93539e+04   -2.93578e+05   -2.92802e+05
    Temperature Pres. DC (bar) Pressure (bar)   Constr. rmsd
    2.99526e+02   -1.93141e+02   -1.73544e+02    2.58803e-06

           Step           Time
         155000      310.00000

   Energies (kJ/mol)
           Bond            U-B    Proper Dih.  Improper Dih.      CMAP Dih.
    3.69324e+02    1.13707e+03    7.67012e+02    4.95978e+01   -2.06773e+02
          LJ-14     Coulomb-14        LJ (SR)  Disper. corr.   Coulomb (SR)
    4.43088e+02    9.25240e+03    5.70654e+04   -3.27435e+03   -4.30707e+05
   Coul. recip.      Potential    Kinetic En.   Total Energy  Conserved En.
    2.42486e+03   -3.62680e+05    6.96806e+04   -2.92999e+05   -2.92756e+05
    Temperature Pres. DC (bar) Pressure (bar)   Constr. rmsd
    3.00937e+02   -1.94723e+02    1.86049e+02    2.89553e-06

           Step           Time
         160000      320.00000

   Energies (kJ/mol)
           Bond            U-B    Proper Dih.  Improper Dih.      CMAP Dih.
    4.54173e+02    1.06611e+03    7.50278e+02    5.82456e+01   -2.16189e+02
          LJ-14     Coulomb-14        LJ (SR)  Disper. corr.   Coulomb (SR)
    4.32885e+02    9.12951e+03    5.63992e+04   -3.26032e+03   -4.29802e+05
   Coul. recip.      Potential    Kinetic En.   Total Energy  Conserved En.
    2.39176e+03   -3.62596e+05    6.90656e+04   -2.93530e+05   -2.92745e+05
    Temperature Pres. DC (bar) Pressure (bar)   Constr. rmsd
    2.98281e+02   -1.93060e+02   -7.90916e+01    2.52843e-06

           Step           Time
         165000      330.00000

   Energies (kJ/mol)
           Bond            U-B    Proper Dih.  Improper Dih.      CMAP Dih.
    4.22319e+02    1.01349e+03    7.39421e+02    9.23523e+01   -2.12252e+02
          LJ-14     Coulomb-14        LJ (SR)  Disper. corr.   Coulomb (SR)
    4.68345e+02    9.29912e+03    5.58186e+04   -3.25528e+03   -4.29524e+05
   Coul. recip.      Potential    Kinetic En.   Total Energy  Conserved En.
    2.34916e+03   -3.62789e+05    6.89805e+04   -2.93809e+05   -2.92699e+05
    Temperature Pres. DC (bar) Pressure (bar)   Constr. rmsd
    2.97913e+02   -1.92464e+02   -1.73866e+02    2.43321e-06

Writing checkpoint, step 169650 at Mon Nov  9 01:56:08 2020


           Step           Time
         170000      340.00000

   Energies (kJ/mol)
           Bond            U-B    Proper Dih.  Improper Dih.      CMAP Dih.
    4.17887e+02    1.08284e+03    7.54621e+02    6.05882e+01   -1.82755e+02
          LJ-14     Coulomb-14        LJ (SR)  Disper. corr.   Coulomb (SR)
    4.77338e+02    9.13903e+03    5.70997e+04   -3.26520e+03   -4.31148e+05
   Coul. recip.      Potential    Kinetic En.   Total Energy  Conserved En.
    2.38133e+03   -3.63183e+05    6.92491e+04   -2.93934e+05   -2.92650e+05
    Temperature Pres. DC (bar) Pressure (bar)   Constr. rmsd
    2.99073e+02   -1.93638e+02    1.44461e+02    2.60660e-06

           Step           Time
         175000      350.00000

   Energies (kJ/mol)
           Bond            U-B    Proper Dih.  Improper Dih.      CMAP Dih.
    4.03343e+02    1.10514e+03    6.83967e+02    7.11246e+01   -1.90460e+02
          LJ-14     Coulomb-14        LJ (SR)  Disper. corr.   Coulomb (SR)
    4.63760e+02    9.20306e+03    5.60778e+04   -3.25334e+03   -4.28036e+05
   Coul. recip.      Potential    Kinetic En.   Total Energy  Conserved En.
    2.36700e+03   -3.61104e+05    7.02121e+04   -2.90892e+05   -2.92633e+05
    Temperature Pres. DC (bar) Pressure (bar)   Constr. rmsd
    3.03232e+02   -1.92235e+02    2.99770e+01    3.91023e-06

           Step           Time
         180000      360.00000

   Energies (kJ/mol)
           Bond            U-B    Proper Dih.  Improper Dih.      CMAP Dih.
    3.98636e+02    9.66749e+02    7.48495e+02    5.67080e+01   -2.26308e+02
          LJ-14     Coulomb-14        LJ (SR)  Disper. corr.   Coulomb (SR)
    4.61642e+02    9.29733e+03    5.71760e+04   -3.25557e+03   -4.31087e+05
   Coul. recip.      Potential    Kinetic En.   Total Energy  Conserved En.
    2.38962e+03   -3.63074e+05    6.93241e+04   -2.93750e+05   -2.92597e+05
    Temperature Pres. DC (bar) Pressure (bar)   Constr. rmsd
    2.99398e+02   -1.92499e+02    7.92648e+01    2.19595e-06

           Step           Time
         185000      370.00000

   Energies (kJ/mol)
           Bond            U-B    Proper Dih.  Improper Dih.      CMAP Dih.
    4.18659e+02    1.03991e+03    7.36644e+02    5.28094e+01   -2.09066e+02
          LJ-14     Coulomb-14        LJ (SR)  Disper. corr.   Coulomb (SR)
    4.65845e+02    9.29479e+03    5.59618e+04   -3.26316e+03   -4.29529e+05
   Coul. recip.      Potential    Kinetic En.   Total Energy  Conserved En.
    2.38939e+03   -3.62641e+05    6.96637e+04   -2.92977e+05   -2.92574e+05
    Temperature Pres. DC (bar) Pressure (bar)   Constr. rmsd
    3.00864e+02   -1.93397e+02   -1.69037e+02    2.41457e-06

           Step           Time
         190000      380.00000

   Energies (kJ/mol)
           Bond            U-B    Proper Dih.  Improper Dih.      CMAP Dih.
    4.13427e+02    1.06348e+03    8.18107e+02    5.94977e+01   -1.92843e+02
          LJ-14     Coulomb-14        LJ (SR)  Disper. corr.   Coulomb (SR)
    5.15146e+02    9.10928e+03    5.69647e+04   -3.25283e+03   -4.29197e+05
   Coul. recip.      Potential    Kinetic En.   Total Energy  Conserved En.
    2.41354e+03   -3.61286e+05    6.97936e+04   -2.91492e+05   -2.92541e+05
    Temperature Pres. DC (bar) Pressure (bar)   Constr. rmsd
    3.01425e+02   -1.92175e+02    1.99503e+02    2.93952e-06

Writing checkpoint, step 190850 at Mon Nov  9 02:11:07 2020


           Step           Time
         195000      390.00000

   Energies (kJ/mol)
           Bond            U-B    Proper Dih.  Improper Dih.      CMAP Dih.
    4.45998e+02    1.00853e+03    7.81308e+02    7.43105e+01   -2.08933e+02
          LJ-14     Coulomb-14        LJ (SR)  Disper. corr.   Coulomb (SR)
    4.63832e+02    9.41056e+03    5.64390e+04   -3.25961e+03   -4.30779e+05
   Coul. recip.      Potential    Kinetic En.   Total Energy  Conserved En.
    2.36025e+03   -3.63264e+05    6.97699e+04   -2.93494e+05   -2.92506e+05
    Temperature Pres. DC (bar) Pressure (bar)   Constr. rmsd
    3.01323e+02   -1.92976e+02   -1.01252e+02    2.93416e-06

           Step           Time
         200000      400.00000

   Energies (kJ/mol)
           Bond            U-B    Proper Dih.  Improper Dih.      CMAP Dih.
    3.99335e+02    1.02633e+03    7.76163e+02    6.01503e+01   -1.99773e+02
          LJ-14     Coulomb-14        LJ (SR)  Disper. corr.   Coulomb (SR)
    4.67246e+02    9.37125e+03    5.62789e+04   -3.26666e+03   -4.30289e+05
   Coul. recip.      Potential    Kinetic En.   Total Energy  Conserved En.
    2.34122e+03   -3.63034e+05    7.01996e+04   -2.92835e+05   -2.92483e+05
    Temperature Pres. DC (bar) Pressure (bar)   Constr. rmsd
    3.03179e+02   -1.93811e+02   -2.60097e+01    2.84449e-06

           Step           Time
         205000      410.00000

   Energies (kJ/mol)
           Bond            U-B    Proper Dih.  Improper Dih.      CMAP Dih.
    4.16980e+02    9.87585e+02    7.51211e+02    6.44388e+01   -1.97169e+02
          LJ-14     Coulomb-14        LJ (SR)  Disper. corr.   Coulomb (SR)
    4.92315e+02    9.37862e+03    5.59010e+04   -3.26835e+03   -4.29689e+05
   Coul. recip.      Potential    Kinetic En.   Total Energy  Conserved En.
    2.33607e+03   -3.62826e+05    6.90830e+04   -2.93743e+05   -2.92445e+05
    Temperature Pres. DC (bar) Pressure (bar)   Constr. rmsd
    2.98356e+02   -1.94011e+02   -8.48524e+01    1.98329e-06

           Step           Time
         210000      420.00000

   Energies (kJ/mol)
           Bond            U-B    Proper Dih.  Improper Dih.      CMAP Dih.
    3.94315e+02    1.09041e+03    7.61909e+02    6.18901e+01   -1.86916e+02
          LJ-14     Coulomb-14        LJ (SR)  Disper. corr.   Coulomb (SR)
    4.68370e+02    9.31045e+03    5.59980e+04   -3.27268e+03   -4.29534e+05
   Coul. recip.      Potential    Kinetic En.   Total Energy  Conserved En.
    2.37062e+03   -3.62537e+05    7.00665e+04   -2.92471e+05   -2.92418e+05
    Temperature Pres. DC (bar) Pressure (bar)   Constr. rmsd
    3.02604e+02   -1.94525e+02   -4.34158e+01    3.35781e-06

Writing checkpoint, step 211900 at Mon Nov  9 02:26:08 2020


           Step           Time
         215000      430.00000

   Energies (kJ/mol)
           Bond            U-B    Proper Dih.  Improper Dih.      CMAP Dih.
    3.70720e+02    1.01976e+03    7.29539e+02    5.73876e+01   -2.01443e+02
          LJ-14     Coulomb-14        LJ (SR)  Disper. corr.   Coulomb (SR)
    4.97570e+02    9.24707e+03    5.61102e+04   -3.27743e+03   -4.30062e+05
   Coul. recip.      Potential    Kinetic En.   Total Energy  Conserved En.
    2.34734e+03   -3.63161e+05    6.98143e+04   -2.93347e+05   -2.92383e+05
    Temperature Pres. DC (bar) Pressure (bar)   Constr. rmsd
    3.01515e+02   -1.95089e+02   -2.83242e+01    3.19055e-06

           Step           Time
         220000      440.00000

   Energies (kJ/mol)
           Bond            U-B    Proper Dih.  Improper Dih.      CMAP Dih.
    3.94381e+02    9.66782e+02    7.05212e+02    7.25934e+01   -1.76912e+02
          LJ-14     Coulomb-14        LJ (SR)  Disper. corr.   Coulomb (SR)
    4.79876e+02    9.20592e+03    5.73932e+04   -3.27783e+03   -4.31946e+05
   Coul. recip.      Potential    Kinetic En.   Total Energy  Conserved En.
    2.20658e+03   -3.63976e+05    6.94153e+04   -2.94561e+05   -2.92347e+05
    Temperature Pres. DC (bar) Pressure (bar)   Constr. rmsd
    2.99792e+02   -1.95137e+02    1.00456e+02    2.92906e-06

           Step           Time
         225000      450.00000

   Energies (kJ/mol)
           Bond            U-B    Proper Dih.  Improper Dih.      CMAP Dih.
    3.72998e+02    1.04296e+03    7.78044e+02    7.83261e+01   -1.85879e+02
          LJ-14     Coulomb-14        LJ (SR)  Disper. corr.   Coulomb (SR)
    5.24567e+02    9.35910e+03    5.69424e+04   -3.25900e+03   -4.31003e+05
   Coul. recip.      Potential    Kinetic En.   Total Energy  Conserved En.
    2.35639e+03   -3.62993e+05    6.94949e+04   -2.93498e+05   -2.92322e+05
    Temperature Pres. DC (bar) Pressure (bar)   Constr. rmsd
    3.00135e+02   -1.92904e+02    5.96976e+01    2.50495e-06

           Step           Time
         230000      460.00000

   Energies (kJ/mol)
           Bond            U-B    Proper Dih.  Improper Dih.      CMAP Dih.
    4.52597e+02    1.00904e+03    7.72304e+02    5.31743e+01   -2.07142e+02
          LJ-14     Coulomb-14        LJ (SR)  Disper. corr.   Coulomb (SR)
    4.91704e+02    9.03110e+03    5.68460e+04   -3.27371e+03   -4.30868e+05
   Coul. recip.      Potential    Kinetic En.   Total Energy  Conserved En.
    2.42483e+03   -3.63268e+05    6.91701e+04   -2.94098e+05   -2.92295e+05
    Temperature Pres. DC (bar) Pressure (bar)   Constr. rmsd
    2.98733e+02   -1.94647e+02    2.83099e+01    3.02191e-06

Writing checkpoint, step 233050 at Mon Nov  9 02:41:07 2020


           Step           Time
         235000      470.00000

   Energies (kJ/mol)
           Bond            U-B    Proper Dih.  Improper Dih.      CMAP Dih.
    3.45531e+02    1.05425e+03    7.22891e+02    6.09547e+01   -2.23359e+02
          LJ-14     Coulomb-14        LJ (SR)  Disper. corr.   Coulomb (SR)
    5.25088e+02    9.31813e+03    5.59898e+04   -3.27330e+03   -4.29686e+05
   Coul. recip.      Potential    Kinetic En.   Total Energy  Conserved En.
    2.40561e+03   -3.62760e+05    6.89004e+04   -2.93860e+05   -2.92265e+05
    Temperature Pres. DC (bar) Pressure (bar)   Constr. rmsd
    2.97568e+02   -1.94599e+02    4.08407e+01    2.01410e-06

           Step           Time
         240000      480.00000

   Energies (kJ/mol)
           Bond            U-B    Proper Dih.  Improper Dih.      CMAP Dih.
    4.31682e+02    1.03041e+03    7.54849e+02    6.87652e+01   -2.04148e+02
          LJ-14     Coulomb-14        LJ (SR)  Disper. corr.   Coulomb (SR)
    4.44238e+02    9.21371e+03    5.62888e+04   -3.27614e+03   -4.30172e+05
   Coul. recip.      Potential    Kinetic En.   Total Energy  Conserved En.
    2.33759e+03   -3.63083e+05    6.91546e+04   -2.93928e+05   -2.92251e+05
    Temperature Pres. DC (bar) Pressure (bar)   Constr. rmsd
    2.98665e+02   -1.94936e+02    3.11361e+01    2.02262e-06

           Step           Time
         245000      490.00000

   Energies (kJ/mol)
           Bond            U-B    Proper Dih.  Improper Dih.      CMAP Dih.
    3.91045e+02    9.99937e+02    7.35303e+02    9.39796e+01   -2.10589e+02
          LJ-14     Coulomb-14        LJ (SR)  Disper. corr.   Coulomb (SR)
    4.86009e+02    9.23295e+03    5.57468e+04   -3.26019e+03   -4.29278e+05
   Coul. recip.      Potential    Kinetic En.   Total Energy  Conserved En.
    2.35316e+03   -3.62709e+05    6.94026e+04   -2.93307e+05   -2.92213e+05
    Temperature Pres. DC (bar) Pressure (bar)   Constr. rmsd
    2.99736e+02   -1.93045e+02   -9.63773e+01    3.14366e-06

           Step           Time
         250000      500.00000

   Energies (kJ/mol)
           Bond            U-B    Proper Dih.  Improper Dih.      CMAP Dih.
    4.51688e+02    1.02852e+03    7.67729e+02    8.19596e+01   -1.94132e+02
          LJ-14     Coulomb-14        LJ (SR)  Disper. corr.   Coulomb (SR)
    4.52780e+02    9.15563e+03    5.73966e+04   -3.27131e+03   -4.32066e+05
   Coul. recip.      Potential    Kinetic En.   Total Energy  Conserved En.
    2.39842e+03   -3.63798e+05    6.97905e+04   -2.94007e+05   -2.92197e+05
    Temperature Pres. DC (bar) Pressure (bar)   Constr. rmsd
    3.01412e+02   -1.94362e+02    1.05286e+02    2.33675e-06

Writing checkpoint, step 254150 at Mon Nov  9 02:56:07 2020


           Step           Time
         255000      510.00000

   Energies (kJ/mol)
           Bond            U-B    Proper Dih.  Improper Dih.      CMAP Dih.
    4.13449e+02    1.03366e+03    7.70980e+02    6.17617e+01   -1.94991e+02
          LJ-14     Coulomb-14        LJ (SR)  Disper. corr.   Coulomb (SR)
    4.82327e+02    9.15510e+03    5.68002e+04   -3.26506e+03   -4.30552e+05
   Coul. recip.      Potential    Kinetic En.   Total Energy  Conserved En.
    2.42610e+03   -3.62868e+05    6.95099e+04   -2.93358e+05   -2.92162e+05
    Temperature Pres. DC (bar) Pressure (bar)   Constr. rmsd
    3.00200e+02   -1.93621e+02    1.25934e+02    2.50473e-06

           Step           Time
         260000      520.00000

   Energies (kJ/mol)
           Bond            U-B    Proper Dih.  Improper Dih.      CMAP Dih.
    4.63203e+02    1.04535e+03    7.74390e+02    5.56018e+01   -2.19925e+02
          LJ-14     Coulomb-14        LJ (SR)  Disper. corr.   Coulomb (SR)
    4.84870e+02    9.15264e+03    5.56267e+04   -3.28689e+03   -4.29039e+05
   Coul. recip.      Potential    Kinetic En.   Total Energy  Conserved En.
    2.32039e+03   -3.62623e+05    6.93447e+04   -2.93278e+05   -2.92130e+05
    Temperature Pres. DC (bar) Pressure (bar)   Constr. rmsd
    2.99486e+02   -1.96216e+02    2.52134e+01    2.41991e-06

           Step           Time
         265000      530.00000

   Energies (kJ/mol)
           Bond            U-B    Proper Dih.  Improper Dih.      CMAP Dih.
    4.35797e+02    1.06602e+03    7.30991e+02    4.91904e+01   -1.96475e+02
          LJ-14     Coulomb-14        LJ (SR)  Disper. corr.   Coulomb (SR)
    4.62208e+02    9.20194e+03    5.73003e+04   -3.26982e+03   -4.31611e+05
   Coul. recip.      Potential    Kinetic En.   Total Energy  Conserved En.
    2.34700e+03   -3.63484e+05    6.91554e+04   -2.94328e+05   -2.92110e+05
    Temperature Pres. DC (bar) Pressure (bar)   Constr. rmsd
    2.98669e+02   -1.94185e+02    1.62868e+02    2.76838e-06

           Step           Time
         270000      540.00000

   Energies (kJ/mol)
           Bond            U-B    Proper Dih.  Improper Dih.      CMAP Dih.
    4.17717e+02    9.82305e+02    7.53401e+02    5.30919e+01   -2.09630e+02
          LJ-14     Coulomb-14        LJ (SR)  Disper. corr.   Coulomb (SR)
    4.77906e+02    9.31547e+03    5.65200e+04   -3.26570e+03   -4.30864e+05
   Coul. recip.      Potential    Kinetic En.   Total Energy  Conserved En.
    2.34649e+03   -3.63473e+05    6.96750e+04   -2.93798e+05   -2.92083e+05
    Temperature Pres. DC (bar) Pressure (bar)   Constr. rmsd
    3.00913e+02   -1.93697e+02   -6.49907e+01    2.11590e-06

           Step           Time
         275000      550.00000

   Energies (kJ/mol)
           Bond            U-B    Proper Dih.  Improper Dih.      CMAP Dih.
    4.24063e+02    9.77516e+02    7.42691e+02    4.81824e+01   -1.92771e+02
          LJ-14     Coulomb-14        LJ (SR)  Disper. corr.   Coulomb (SR)
    4.41053e+02    9.25864e+03    5.64496e+04   -3.26503e+03   -4.30795e+05
   Coul. recip.      Potential    Kinetic En.   Total Energy  Conserved En.
    2.34396e+03   -3.63567e+05    6.91459e+04   -2.94421e+05   -2.92067e+05
    Temperature Pres. DC (bar) Pressure (bar)   Constr. rmsd
    2.98628e+02   -1.93618e+02   -1.61903e+02    2.61786e-06

Writing checkpoint, step 275400 at Mon Nov  9 03:11:08 2020


           Step           Time
         280000      560.00000

   Energies (kJ/mol)
           Bond            U-B    Proper Dih.  Improper Dih.      CMAP Dih.
    4.36145e+02    1.08095e+03    7.45413e+02    7.88474e+01   -2.13287e+02
          LJ-14     Coulomb-14        LJ (SR)  Disper. corr.   Coulomb (SR)
    4.50888e+02    9.28044e+03    5.62102e+04   -3.24913e+03   -4.30282e+05
   Coul. recip.      Potential    Kinetic En.   Total Energy  Conserved En.
    2.40910e+03   -3.63053e+05    6.94990e+04   -2.93554e+05   -2.92029e+05
    Temperature Pres. DC (bar) Pressure (bar)   Constr. rmsd
    3.00153e+02   -1.91739e+02   -1.02523e+02    2.37224e-06

           Step           Time
         285000      570.00000

   Energies (kJ/mol)
           Bond            U-B    Proper Dih.  Improper Dih.      CMAP Dih.
    3.98632e+02    1.09557e+03    7.97115e+02    5.82767e+01   -2.05086e+02
          LJ-14     Coulomb-14        LJ (SR)  Disper. corr.   Coulomb (SR)
    4.88469e+02    9.31993e+03    5.73641e+04   -3.25713e+03   -4.31624e+05
   Coul. recip.      Potential    Kinetic En.   Total Energy  Conserved En.
    2.44968e+03   -3.63115e+05    7.01749e+04   -2.92940e+05   -2.92001e+05
    Temperature Pres. DC (bar) Pressure (bar)   Constr. rmsd
    3.03072e+02   -1.92683e+02    1.66185e+02    2.48135e-06

           Step           Time
         290000      580.00000

   Energies (kJ/mol)
           Bond            U-B    Proper Dih.  Improper Dih.      CMAP Dih.
    4.46365e+02    9.91042e+02    7.47313e+02    7.60635e+01   -1.94198e+02
          LJ-14     Coulomb-14        LJ (SR)  Disper. corr.   Coulomb (SR)
    4.69693e+02    9.14480e+03    5.73480e+04   -3.27392e+03   -4.31751e+05
   Coul. recip.      Potential    Kinetic En.   Total Energy  Conserved En.
    2.38940e+03   -3.63607e+05    6.90105e+04   -2.94596e+05   -2.91963e+05
    Temperature Pres. DC (bar) Pressure (bar)   Constr. rmsd
    2.98043e+02   -1.94672e+02    9.01245e+01    1.97508e-06

           Step           Time
         295000      590.00000

   Energies (kJ/mol)
           Bond            U-B    Proper Dih.  Improper Dih.      CMAP Dih.
    4.50560e+02    1.11831e+03    7.61789e+02    6.94587e+01   -1.96428e+02
          LJ-14     Coulomb-14        LJ (SR)  Disper. corr.   Coulomb (SR)
    4.68576e+02    9.16148e+03    5.62238e+04   -3.25531e+03   -4.28491e+05
   Coul. recip.      Potential    Kinetic En.   Total Energy  Conserved En.
    2.34868e+03   -3.61340e+05    7.02075e+04   -2.91132e+05   -2.91945e+05
    Temperature Pres. DC (bar) Pressure (bar)   Constr. rmsd
    3.03213e+02   -1.92468e+02    6.86900e+00    2.36006e-06

Writing checkpoint, step 296600 at Mon Nov  9 03:26:08 2020


           Step           Time
         300000      600.00000

   Energies (kJ/mol)
           Bond            U-B    Proper Dih.  Improper Dih.      CMAP Dih.
    4.49142e+02    1.01317e+03    7.46470e+02    5.34917e+01   -2.23475e+02
          LJ-14     Coulomb-14        LJ (SR)  Disper. corr.   Coulomb (SR)
    5.09452e+02    9.23157e+03    5.67789e+04   -3.25602e+03   -4.30775e+05
   Coul. recip.      Potential    Kinetic En.   Total Energy  Conserved En.
    2.39162e+03   -3.63080e+05    6.91667e+04   -2.93914e+05   -2.91919e+05
    Temperature Pres. DC (bar) Pressure (bar)   Constr. rmsd
    2.98718e+02   -1.92552e+02   -2.50192e+00    2.10863e-06

           Step           Time
         305000      610.00000

   Energies (kJ/mol)
           Bond            U-B    Proper Dih.  Improper Dih.      CMAP Dih.
    3.80915e+02    1.06960e+03    7.55594e+02    4.76623e+01   -2.01807e+02
          LJ-14     Coulomb-14        LJ (SR)  Disper. corr.   Coulomb (SR)
    4.46208e+02    9.30428e+03    5.60868e+04   -3.26228e+03   -4.29942e+05
   Coul. recip.      Potential    Kinetic En.   Total Energy  Conserved En.
    2.30910e+03   -3.63006e+05    6.94735e+04   -2.93532e+05   -2.91900e+05
    Temperature Pres. DC (bar) Pressure (bar)   Constr. rmsd
    3.00043e+02   -1.93293e+02   -1.34778e+02    3.36824e-06

           Step           Time
         310000      620.00000

   Energies (kJ/mol)
           Bond            U-B    Proper Dih.  Improper Dih.      CMAP Dih.
    4.23503e+02    1.02934e+03    7.58436e+02    6.90604e+01   -1.79656e+02
          LJ-14     Coulomb-14        LJ (SR)  Disper. corr.   Coulomb (SR)
    4.83120e+02    9.12115e+03    5.70953e+04   -3.27176e+03   -4.31617e+05
   Coul. recip.      Potential    Kinetic En.   Total Energy  Conserved En.
    2.36042e+03   -3.63728e+05    7.03404e+04   -2.93388e+05   -2.91870e+05
    Temperature Pres. DC (bar) Pressure (bar)   Constr. rmsd
    3.03787e+02   -1.94416e+02    1.08902e+02    2.27692e-06

           Step           Time
         315000      630.00000

   Energies (kJ/mol)
           Bond            U-B    Proper Dih.  Improper Dih.      CMAP Dih.
    4.17843e+02    9.46251e+02    7.14312e+02    5.53875e+01   -2.00718e+02
          LJ-14     Coulomb-14        LJ (SR)  Disper. corr.   Coulomb (SR)
    4.62514e+02    9.16755e+03    5.67961e+04   -3.27592e+03   -4.31066e+05
   Coul. recip.      Potential    Kinetic En.   Total Energy  Conserved En.
    2.35223e+03   -3.63630e+05    6.94507e+04   -2.94179e+05   -2.91850e+05
    Temperature Pres. DC (bar) Pressure (bar)   Constr. rmsd
    2.99944e+02   -1.94910e+02   -2.35339e+01    2.55997e-06

Writing checkpoint, step 317800 at Mon Nov  9 03:41:08 2020


           Step           Time
         320000      640.00000

   Energies (kJ/mol)
           Bond            U-B    Proper Dih.  Improper Dih.      CMAP Dih.
    4.29433e+02    1.01839e+03    7.64391e+02    6.82722e+01   -1.97851e+02
          LJ-14     Coulomb-14        LJ (SR)  Disper. corr.   Coulomb (SR)
    4.52717e+02    9.16679e+03    5.75157e+04   -3.27781e+03   -4.31350e+05
   Coul. recip.      Potential    Kinetic En.   Total Energy  Conserved En.
    2.40592e+03   -3.63004e+05    6.91740e+04   -2.93830e+05   -2.91808e+05
    Temperature Pres. DC (bar) Pressure (bar)   Constr. rmsd
    2.98749e+02   -1.95135e+02    1.78401e+02    2.35865e-06

           Step           Time
         325000      650.00000

   Energies (kJ/mol)
           Bond            U-B    Proper Dih.  Improper Dih.      CMAP Dih.
    4.25724e+02    1.04955e+03    7.10076e+02    5.15182e+01   -2.00721e+02
          LJ-14     Coulomb-14        LJ (SR)  Disper. corr.   Coulomb (SR)
    4.97577e+02    9.23487e+03    5.57400e+04   -3.25544e+03   -4.29729e+05
   Coul. recip.      Potential    Kinetic En.   Total Energy  Conserved En.
    2.39583e+03   -3.63080e+05    6.92940e+04   -2.93786e+05   -2.91778e+05
    Temperature Pres. DC (bar) Pressure (bar)   Constr. rmsd
    2.99268e+02   -1.92484e+02   -1.75095e+02    2.55248e-06

           Step           Time
         330000      660.00000

   Energies (kJ/mol)
           Bond            U-B    Proper Dih.  Improper Dih.      CMAP Dih.
    4.16942e+02    9.80479e+02    7.86791e+02    8.29856e+01   -1.87200e+02
          LJ-14     Coulomb-14        LJ (SR)  Disper. corr.   Coulomb (SR)
    4.77758e+02    9.25020e+03    5.70527e+04   -3.26097e+03   -4.30458e+05
   Coul. recip.      Potential    Kinetic En.   Total Energy  Conserved En.
    2.40238e+03   -3.62456e+05    6.94037e+04   -2.93052e+05   -2.91748e+05
    Temperature Pres. DC (bar) Pressure (bar)   Constr. rmsd
    2.99741e+02   -1.93137e+02    1.23076e+02    2.49409e-06

           Step           Time
         335000      670.00000

   Energies (kJ/mol)
           Bond            U-B    Proper Dih.  Improper Dih.      CMAP Dih.
    4.46934e+02    1.09644e+03    7.59705e+02    5.73381e+01   -2.02634e+02
          LJ-14     Coulomb-14        LJ (SR)  Disper. corr.   Coulomb (SR)
    4.49306e+02    9.34458e+03    5.57175e+04   -3.26794e+03   -4.29274e+05
   Coul. recip.      Potential    Kinetic En.   Total Energy  Conserved En.
    2.41460e+03   -3.62458e+05    6.89356e+04   -2.93522e+05   -2.91716e+05
    Temperature Pres. DC (bar) Pressure (bar)   Constr. rmsd
    2.97720e+02   -1.93963e+02   -2.12855e+02    2.00889e-06

Writing checkpoint, step 339150 at Mon Nov  9 03:56:07 2020


           Step           Time
         340000      680.00000

   Energies (kJ/mol)
           Bond            U-B    Proper Dih.  Improper Dih.      CMAP Dih.
    4.16076e+02    1.02463e+03    7.88045e+02    7.89335e+01   -2.05522e+02
          LJ-14     Coulomb-14        LJ (SR)  Disper. corr.   Coulomb (SR)
    4.65720e+02    9.27515e+03    5.62653e+04   -3.24765e+03   -4.29955e+05
   Coul. recip.      Potential    Kinetic En.   Total Energy  Conserved En.
    2.41588e+03   -3.62678e+05    6.98492e+04   -2.92829e+05   -2.91700e+05
    Temperature Pres. DC (bar) Pressure (bar)   Constr. rmsd
    3.01665e+02   -1.91565e+02   -9.55108e+01    2.66068e-06

           Step           Time
         345000      690.00000

   Energies (kJ/mol)
           Bond            U-B    Proper Dih.  Improper Dih.      CMAP Dih.
    4.40571e+02    9.67814e+02    7.29745e+02    6.27771e+01   -1.57302e+02
          LJ-14     Coulomb-14        LJ (SR)  Disper. corr.   Coulomb (SR)
    4.80367e+02    9.10683e+03    5.61942e+04   -3.26453e+03   -4.30157e+05
   Coul. recip.      Potential    Kinetic En.   Total Energy  Conserved En.
    2.33177e+03   -3.63264e+05    6.90829e+04   -2.94182e+05   -2.91677e+05
    Temperature Pres. DC (bar) Pressure (bar)   Constr. rmsd
    2.98356e+02   -1.93559e+02   -9.22767e+01    2.46102e-06

           Step           Time
         350000      700.00000

   Energies (kJ/mol)
           Bond            U-B    Proper Dih.  Improper Dih.      CMAP Dih.
    4.38269e+02    9.65464e+02    7.62315e+02    7.00781e+01   -1.92760e+02
          LJ-14     Coulomb-14        LJ (SR)  Disper. corr.   Coulomb (SR)
    4.95274e+02    9.26505e+03    5.74090e+04   -3.25060e+03   -4.32084e+05
   Coul. recip.      Potential    Kinetic En.   Total Energy  Conserved En.
    2.33765e+03   -3.63784e+05    6.95842e+04   -2.94200e+05   -2.91643e+05
    Temperature Pres. DC (bar) Pressure (bar)   Constr. rmsd
    3.00521e+02   -1.91912e+02   -1.48429e+01    2.57248e-06

           Step           Time
         355000      710.00000

   Energies (kJ/mol)
           Bond            U-B    Proper Dih.  Improper Dih.      CMAP Dih.
    4.52222e+02    1.03405e+03    7.18494e+02    4.51012e+01   -2.04260e+02
          LJ-14     Coulomb-14        LJ (SR)  Disper. corr.   Coulomb (SR)
    4.86055e+02    9.34206e+03    5.63828e+04   -3.27331e+03   -4.30218e+05
   Coul. recip.      Potential    Kinetic En.   Total Energy  Conserved En.
    2.31668e+03   -3.62918e+05    6.97140e+04   -2.93204e+05   -2.91620e+05
    Temperature Pres. DC (bar) Pressure (bar)   Constr. rmsd
    3.01081e+02   -1.94600e+02    5.54640e+01    4.67100e-06

           Step           Time
         360000      720.00000

   Energies (kJ/mol)
           Bond            U-B    Proper Dih.  Improper Dih.      CMAP Dih.
    4.14061e+02    1.00777e+03    7.43178e+02    5.07957e+01   -1.98831e+02
          LJ-14     Coulomb-14        LJ (SR)  Disper. corr.   Coulomb (SR)
    4.71856e+02    9.36433e+03    5.73896e+04   -3.25999e+03   -4.31607e+05
   Coul. recip.      Potential    Kinetic En.   Total Energy  Conserved En.
    2.32593e+03   -3.63298e+05    7.00820e+04   -2.93216e+05   -2.91587e+05
    Temperature Pres. DC (bar) Pressure (bar)   Constr. rmsd
    3.02671e+02   -1.93022e+02    1.54197e+02    2.34110e-06

Writing checkpoint, step 360400 at Mon Nov  9 04:11:09 2020


           Step           Time
         365000      730.00000

   Energies (kJ/mol)
           Bond            U-B    Proper Dih.  Improper Dih.      CMAP Dih.
    4.14276e+02    1.07085e+03    7.34114e+02    4.76396e+01   -1.96129e+02
          LJ-14     Coulomb-14        LJ (SR)  Disper. corr.   Coulomb (SR)
    4.80384e+02    9.37394e+03    5.71228e+04   -3.27095e+03   -4.30746e+05
   Coul. recip.      Potential    Kinetic En.   Total Energy  Conserved En.
    2.33030e+03   -3.62639e+05    6.97255e+04   -2.92914e+05   -2.91565e+05
    Temperature Pres. DC (bar) Pressure (bar)   Constr. rmsd
    3.01131e+02   -1.94320e+02    2.28563e+02    2.82993e-06

           Step           Time
         370000      740.00000

   Energies (kJ/mol)
           Bond            U-B    Proper Dih.  Improper Dih.      CMAP Dih.
    4.16097e+02    1.00664e+03    7.82074e+02    6.86733e+01   -2.00534e+02
          LJ-14     Coulomb-14        LJ (SR)  Disper. corr.   Coulomb (SR)
    4.84767e+02    9.30194e+03    5.62636e+04   -3.26497e+03   -4.30554e+05
   Coul. recip.      Potential    Kinetic En.   Total Energy  Conserved En.
    2.38381e+03   -3.63312e+05    6.94808e+04   -2.93832e+05   -2.91542e+05
    Temperature Pres. DC (bar) Pressure (bar)   Constr. rmsd
    3.00074e+02   -1.93610e+02   -1.02440e+02    3.69015e-06

           Step           Time
         375000      750.00000

   Energies (kJ/mol)
           Bond            U-B    Proper Dih.  Improper Dih.      CMAP Dih.
    4.14488e+02    1.00805e+03    7.90041e+02    7.64646e+01   -1.79548e+02
          LJ-14     Coulomb-14        LJ (SR)  Disper. corr.   Coulomb (SR)
    4.89897e+02    9.35073e+03    5.58155e+04   -3.25486e+03   -4.28708e+05
   Coul. recip.      Potential    Kinetic En.   Total Energy  Conserved En.
    2.41469e+03   -3.61783e+05    6.99280e+04   -2.91854e+05   -2.91524e+05
    Temperature Pres. DC (bar) Pressure (bar)   Constr. rmsd
    3.02006e+02   -1.92415e+02   -8.35498e+01    2.53443e-06

           Step           Time
         380000      760.00000

   Energies (kJ/mol)
           Bond            U-B    Proper Dih.  Improper Dih.      CMAP Dih.
    4.24284e+02    1.10980e+03    7.44451e+02    5.34651e+01   -1.79979e+02
          LJ-14     Coulomb-14        LJ (SR)  Disper. corr.   Coulomb (SR)
    4.70088e+02    9.23319e+03    5.70216e+04   -3.26866e+03   -4.31821e+05
   Coul. recip.      Potential    Kinetic En.   Total Energy  Conserved En.
    2.34553e+03   -3.63867e+05    7.01327e+04   -2.93734e+05   -2.91475e+05
    Temperature Pres. DC (bar) Pressure (bar)   Constr. rmsd
    3.02890e+02   -1.94048e+02    9.40933e+01    2.54657e-06

Writing checkpoint, step 381700 at Mon Nov  9 04:26:07 2020


           Step           Time
         385000      770.00000

   Energies (kJ/mol)
           Bond            U-B    Proper Dih.  Improper Dih.      CMAP Dih.
    4.37688e+02    1.06334e+03    7.23633e+02    6.92596e+01   -1.74251e+02
          LJ-14     Coulomb-14        LJ (SR)  Disper. corr.   Coulomb (SR)
    4.74476e+02    9.32290e+03    5.66931e+04   -3.27494e+03   -4.31596e+05
   Coul. recip.      Potential    Kinetic En.   Total Energy  Conserved En.
    2.36025e+03   -3.63901e+05    6.92143e+04   -2.94686e+05   -2.91435e+05
    Temperature Pres. DC (bar) Pressure (bar)   Constr. rmsd
    2.98923e+02   -1.94794e+02   -3.87369e+01    2.33367e-06

           Step           Time
         390000      780.00000

   Energies (kJ/mol)
           Bond            U-B    Proper Dih.  Improper Dih.      CMAP Dih.
    3.52440e+02    1.05149e+03    7.49060e+02    8.09887e+01   -1.87588e+02
          LJ-14     Coulomb-14        LJ (SR)  Disper. corr.   Coulomb (SR)
    5.04825e+02    9.35855e+03    5.64213e+04   -3.28328e+03   -4.29390e+05
   Coul. recip.      Potential    Kinetic En.   Total Energy  Conserved En.
    2.39329e+03   -3.61949e+05    6.88737e+04   -2.93075e+05   -2.91413e+05
    Temperature Pres. DC (bar) Pressure (bar)   Constr. rmsd
    2.97452e+02   -1.95786e+02    1.15680e+02    2.23667e-06

           Step           Time
         395000      790.00000

   Energies (kJ/mol)
           Bond            U-B    Proper Dih.  Improper Dih.      CMAP Dih.
    4.03128e+02    9.63433e+02    8.21786e+02    5.90967e+01   -2.01756e+02
          LJ-14     Coulomb-14        LJ (SR)  Disper. corr.   Coulomb (SR)
    4.78570e+02    9.34418e+03    5.59204e+04   -3.26649e+03   -4.30392e+05
   Coul. recip.      Potential    Kinetic En.   Total Energy  Conserved En.
    2.33368e+03   -3.63535e+05    6.93902e+04   -2.94145e+05   -2.91399e+05
    Temperature Pres. DC (bar) Pressure (bar)   Constr. rmsd
    2.99683e+02   -1.93791e+02   -1.78653e+02    2.40378e-06

           Step           Time
         400000      800.00000

   Energies (kJ/mol)
           Bond            U-B    Proper Dih.  Improper Dih.      CMAP Dih.
    3.89054e+02    1.03283e+03    7.84741e+02    7.44120e+01   -2.15018e+02
          LJ-14     Coulomb-14        LJ (SR)  Disper. corr.   Coulomb (SR)
    4.79203e+02    9.36215e+03    5.69960e+04   -3.26893e+03   -4.30952e+05
   Coul. recip.      Potential    Kinetic En.   Total Energy  Conserved En.
    2.38385e+03   -3.62933e+05    6.99800e+04   -2.92953e+05   -2.91356e+05
    Temperature Pres. DC (bar) Pressure (bar)   Constr. rmsd
    3.02230e+02   -1.94080e+02    1.94446e+02    2.17454e-06

Writing checkpoint, step 403100 at Mon Nov  9 04:41:08 2020


           Step           Time
         405000      810.00000

   Energies (kJ/mol)
           Bond            U-B    Proper Dih.  Improper Dih.      CMAP Dih.
    4.17526e+02    1.02895e+03    7.83937e+02    6.03290e+01   -1.91999e+02
          LJ-14     Coulomb-14        LJ (SR)  Disper. corr.   Coulomb (SR)
    4.60420e+02    9.30453e+03    5.54491e+04   -3.25076e+03   -4.30017e+05
   Coul. recip.      Potential    Kinetic En.   Total Energy  Conserved En.
    2.39844e+03   -3.63557e+05    7.01452e+04   -2.93411e+05   -2.91331e+05
    Temperature Pres. DC (bar) Pressure (bar)   Constr. rmsd
    3.02944e+02   -1.91931e+02   -3.18294e+02    2.49577e-06

           Step           Time
         410000      820.00000

   Energies (kJ/mol)
           Bond            U-B    Proper Dih.  Improper Dih.      CMAP Dih.
    3.78590e+02    1.03613e+03    7.80431e+02    8.21288e+01   -2.04275e+02
          LJ-14     Coulomb-14        LJ (SR)  Disper. corr.   Coulomb (SR)
    4.87781e+02    9.24600e+03    5.59654e+04   -3.25557e+03   -4.29324e+05
   Coul. recip.      Potential    Kinetic En.   Total Energy  Conserved En.
    2.34257e+03   -3.62464e+05    6.90723e+04   -2.93392e+05   -2.91303e+05
    Temperature Pres. DC (bar) Pressure (bar)   Constr. rmsd
    2.98310e+02   -1.92498e+02   -6.40492e+01    2.28811e-06

           Step           Time
         415000      830.00000

   Energies (kJ/mol)
           Bond            U-B    Proper Dih.  Improper Dih.      CMAP Dih.
    4.44048e+02    1.03516e+03    7.43288e+02    5.08106e+01   -1.95381e+02
          LJ-14     Coulomb-14        LJ (SR)  Disper. corr.   Coulomb (SR)
    4.27521e+02    9.28886e+03    5.62520e+04   -3.28230e+03   -4.30721e+05
   Coul. recip.      Potential    Kinetic En.   Total Energy  Conserved En.
    2.27474e+03   -3.63682e+05    6.89220e+04   -2.94760e+05   -2.91255e+05
    Temperature Pres. DC (bar) Pressure (bar)   Constr. rmsd
    2.97661e+02   -1.95669e+02   -6.78220e+01    1.93804e-06

           Step           Time
         420000      840.00000

   Energies (kJ/mol)
           Bond            U-B    Proper Dih.  Improper Dih.      CMAP Dih.
    4.25795e+02    1.11991e+03    7.52252e+02    7.41029e+01   -1.84543e+02
          LJ-14     Coulomb-14        LJ (SR)  Disper. corr.   Coulomb (SR)
    4.90032e+02    9.29055e+03    5.73541e+04   -3.27185e+03   -4.31334e+05
   Coul. recip.      Potential    Kinetic En.   Total Energy  Conserved En.
    2.34347e+03   -3.62941e+05    7.05173e+04   -2.92423e+05   -2.91228e+05
    Temperature Pres. DC (bar) Pressure (bar)   Constr. rmsd
    3.04551e+02   -1.94427e+02    2.41031e+02    2.36487e-06

Writing checkpoint, step 424250 at Mon Nov  9 04:56:07 2020


           Step           Time
         425000      850.00000

   Energies (kJ/mol)
           Bond            U-B    Proper Dih.  Improper Dih.      CMAP Dih.
    4.05194e+02    1.06449e+03    7.70561e+02    6.72918e+01   -1.71913e+02
          LJ-14     Coulomb-14        LJ (SR)  Disper. corr.   Coulomb (SR)
    4.50290e+02    9.44583e+03    5.57241e+04   -3.25035e+03   -4.30030e+05
   Coul. recip.      Potential    Kinetic En.   Total Energy  Conserved En.
    2.43129e+03   -3.63093e+05    6.97207e+04   -2.93373e+05   -2.91204e+05
    Temperature Pres. DC (bar) Pressure (bar)   Constr. rmsd
    3.01110e+02   -1.91883e+02   -3.13417e+02    2.59197e-06

           Step           Time
         430000      860.00000

   Energies (kJ/mol)
           Bond            U-B    Proper Dih.  Improper Dih.      CMAP Dih.
    4.09904e+02    9.33523e+02    7.32336e+02    6.22168e+01   -1.84397e+02
          LJ-14     Coulomb-14        LJ (SR)  Disper. corr.   Coulomb (SR)
    5.04552e+02    9.34434e+03    5.66699e+04   -3.27066e+03   -4.30713e+05
   Coul. recip.      Potential    Kinetic En.   Total Energy  Conserved En.
    2.31636e+03   -3.63195e+05    6.91800e+04   -2.94015e+05   -2.91178e+05
    Temperature Pres. DC (bar) Pressure (bar)   Constr. rmsd
    2.98775e+02   -1.94285e+02    5.60901e+01    2.55905e-06

           Step           Time
         435000      870.00000

   Energies (kJ/mol)
           Bond            U-B    Proper Dih.  Improper Dih.      CMAP Dih.
    4.24195e+02    1.08598e+03    7.39284e+02    4.79009e+01   -2.11769e+02
          LJ-14     Coulomb-14        LJ (SR)  Disper. corr.   Coulomb (SR)
    4.98273e+02    9.29672e+03    5.72068e+04   -3.25709e+03   -4.30359e+05
   Coul. recip.      Potential    Kinetic En.   Total Energy  Conserved En.
    2.39055e+03   -3.62138e+05    6.93043e+04   -2.92834e+05   -2.91155e+05
    Temperature Pres. DC (bar) Pressure (bar)   Constr. rmsd
    2.99312e+02   -1.92679e+02    1.59654e+02    3.28825e-06

           Step           Time
         440000      880.00000

   Energies (kJ/mol)
           Bond            U-B    Proper Dih.  Improper Dih.      CMAP Dih.
    4.20870e+02    1.04376e+03    7.48128e+02    5.37273e+01   -2.13862e+02
          LJ-14     Coulomb-14        LJ (SR)  Disper. corr.   Coulomb (SR)
    4.62733e+02    9.38173e+03    5.59647e+04   -3.26467e+03   -4.30025e+05
   Coul. recip.      Potential    Kinetic En.   Total Energy  Conserved En.
    2.31065e+03   -3.63117e+05    6.93295e+04   -2.93788e+05   -2.91112e+05
    Temperature Pres. DC (bar) Pressure (bar)   Constr. rmsd
    2.99421e+02   -1.93575e+02   -7.48239e+01    2.01876e-06

           Step           Time
         445000      890.00000

   Energies (kJ/mol)
           Bond            U-B    Proper Dih.  Improper Dih.      CMAP Dih.
    3.98551e+02    1.03242e+03    7.46042e+02    5.91251e+01   -2.16239e+02
          LJ-14     Coulomb-14        LJ (SR)  Disper. corr.   Coulomb (SR)
    4.81274e+02    9.27912e+03    5.65985e+04   -3.25958e+03   -4.30963e+05
   Coul. recip.      Potential    Kinetic En.   Total Energy  Conserved En.
    2.32428e+03   -3.63519e+05    6.90028e+04   -2.94517e+05   -2.91082e+05
    Temperature Pres. DC (bar) Pressure (bar)   Constr. rmsd
    2.98010e+02   -1.92973e+02   -1.43045e+01    2.35725e-06

Writing checkpoint, step 445600 at Mon Nov  9 05:11:07 2020


           Step           Time
         450000      900.00000

   Energies (kJ/mol)
           Bond            U-B    Proper Dih.  Improper Dih.      CMAP Dih.
    4.53516e+02    1.04832e+03    7.56371e+02    5.93643e+01   -1.90698e+02
          LJ-14     Coulomb-14        LJ (SR)  Disper. corr.   Coulomb (SR)
    4.62261e+02    9.30619e+03    5.63622e+04   -3.27243e+03   -4.30067e+05
   Coul. recip.      Potential    Kinetic En.   Total Energy  Conserved En.
    2.46664e+03   -3.62616e+05    7.03011e+04   -2.92314e+05   -2.91045e+05
    Temperature Pres. DC (bar) Pressure (bar)   Constr. rmsd
    3.03617e+02   -1.94495e+02    3.56771e+01    2.62936e-06

           Step           Time
         455000      910.00000

   Energies (kJ/mol)
           Bond            U-B    Proper Dih.  Improper Dih.      CMAP Dih.
    4.07786e+02    9.98495e+02    7.98454e+02    5.45852e+01   -2.29293e+02
          LJ-14     Coulomb-14        LJ (SR)  Disper. corr.   Coulomb (SR)
    4.61270e+02    9.31900e+03    5.61596e+04   -3.25658e+03   -4.30867e+05
   Coul. recip.      Potential    Kinetic En.   Total Energy  Conserved En.
    2.37164e+03   -3.63782e+05    6.92344e+04   -2.94548e+05   -2.91019e+05
    Temperature Pres. DC (bar) Pressure (bar)   Constr. rmsd
    2.99010e+02   -1.92618e+02   -2.34518e+02    2.39413e-06

           Step           Time
         460000      920.00000

   Energies (kJ/mol)
           Bond            U-B    Proper Dih.  Improper Dih.      CMAP Dih.
    4.06175e+02    1.02074e+03    7.68408e+02    8.16572e+01   -1.92695e+02
          LJ-14     Coulomb-14        LJ (SR)  Disper. corr.   Coulomb (SR)
    4.52709e+02    9.31935e+03    5.64903e+04   -3.26582e+03   -4.30509e+05
   Coul. recip.      Potential    Kinetic En.   Total Energy  Conserved En.
    2.41016e+03   -3.63018e+05    6.97397e+04   -2.93278e+05   -2.90990e+05
    Temperature Pres. DC (bar) Pressure (bar)   Constr. rmsd
    3.01192e+02   -1.93711e+02    7.24872e+00    2.01619e-06

           Step           Time
         465000      930.00000

   Energies (kJ/mol)
           Bond            U-B    Proper Dih.  Improper Dih.      CMAP Dih.
    4.34851e+02    1.01795e+03    7.41756e+02    5.05886e+01   -1.94485e+02
          LJ-14     Coulomb-14        LJ (SR)  Disper. corr.   Coulomb (SR)
    4.87011e+02    9.32896e+03    5.59574e+04   -3.26129e+03   -4.29306e+05
   Coul. recip.      Potential    Kinetic En.   Total Energy  Conserved En.
    2.36247e+03   -3.62381e+05    6.89983e+04   -2.93383e+05   -2.90955e+05
    Temperature Pres. DC (bar) Pressure (bar)   Constr. rmsd
    2.97990e+02   -1.93175e+02   -9.66441e+01    2.13979e-06

Writing checkpoint, step 466800 at Mon Nov  9 05:26:08 2020


           Step           Time
         470000      940.00000

   Energies (kJ/mol)
           Bond            U-B    Proper Dih.  Improper Dih.      CMAP Dih.
    3.95371e+02    1.05914e+03    7.72162e+02    6.97189e+01   -1.97514e+02
          LJ-14     Coulomb-14        LJ (SR)  Disper. corr.   Coulomb (SR)
    4.60190e+02    9.22726e+03    5.59702e+04   -3.24392e+03   -4.28986e+05
   Coul. recip.      Potential    Kinetic En.   Total Energy  Conserved En.
    2.48470e+03   -3.61989e+05    6.97448e+04   -2.92244e+05   -2.90936e+05
    Temperature Pres. DC (bar) Pressure (bar)   Constr. rmsd
    3.01214e+02   -1.91126e+02   -1.75158e+02    2.69764e-06

           Step           Time
         475000      950.00000

   Energies (kJ/mol)
           Bond            U-B    Proper Dih.  Improper Dih.      CMAP Dih.
    4.45285e+02    1.10762e+03    7.40031e+02    7.05463e+01   -1.85929e+02
          LJ-14     Coulomb-14        LJ (SR)  Disper. corr.   Coulomb (SR)
    4.62162e+02    9.34578e+03    5.53967e+04   -3.24648e+03   -4.28674e+05
   Coul. recip.      Potential    Kinetic En.   Total Energy  Conserved En.
    2.39057e+03   -3.62148e+05    6.97408e+04   -2.92407e+05   -2.90901e+05
    Temperature Pres. DC (bar) Pressure (bar)   Constr. rmsd
    3.01197e+02   -1.91426e+02   -2.26344e+02    2.97383e-06

           Step           Time
         480000      960.00000

   Energies (kJ/mol)
           Bond            U-B    Proper Dih.  Improper Dih.      CMAP Dih.
    4.07430e+02    1.01448e+03    7.50757e+02    6.29030e+01   -1.93014e+02
          LJ-14     Coulomb-14        LJ (SR)  Disper. corr.   Coulomb (SR)
    4.52376e+02    9.25816e+03    5.67625e+04   -3.26219e+03   -4.30641e+05
   Coul. recip.      Potential    Kinetic En.   Total Energy  Conserved En.
    2.27268e+03   -3.63115e+05    6.93242e+04   -2.93790e+05   -2.90876e+05
    Temperature Pres. DC (bar) Pressure (bar)   Constr. rmsd
    2.99398e+02   -1.93282e+02    2.98922e+01    2.23777e-06

           Step           Time
         485000      970.00000

   Energies (kJ/mol)
           Bond            U-B    Proper Dih.  Improper Dih.      CMAP Dih.
    3.84699e+02    1.15420e+03    7.01555e+02    4.91011e+01   -2.01736e+02
          LJ-14     Coulomb-14        LJ (SR)  Disper. corr.   Coulomb (SR)
    5.23351e+02    9.12474e+03    5.49299e+04   -3.23945e+03   -4.27802e+05
   Coul. recip.      Potential    Kinetic En.   Total Energy  Conserved En.
    2.30685e+03   -3.62069e+05    6.95064e+04   -2.92562e+05   -2.90843e+05
    Temperature Pres. DC (bar) Pressure (bar)   Constr. rmsd
    3.00185e+02   -1.90600e+02   -3.02282e+02    3.20857e-06

Writing checkpoint, step 487950 at Mon Nov  9 05:41:06 2020


           Step           Time
         490000      980.00000

   Energies (kJ/mol)
           Bond            U-B    Proper Dih.  Improper Dih.      CMAP Dih.
    4.58091e+02    1.04452e+03    7.15147e+02    9.76061e+01   -1.89520e+02
          LJ-14     Coulomb-14        LJ (SR)  Disper. corr.   Coulomb (SR)
    4.56853e+02    9.19711e+03    5.50140e+04   -3.26184e+03   -4.27872e+05
   Coul. recip.      Potential    Kinetic En.   Total Energy  Conserved En.
    2.35115e+03   -3.61988e+05    6.92648e+04   -2.92724e+05   -2.90805e+05
    Temperature Pres. DC (bar) Pressure (bar)   Constr. rmsd
    2.99142e+02   -1.93240e+02   -2.15433e+02    2.57836e-06

           Step           Time
         495000      990.00000

   Energies (kJ/mol)
           Bond            U-B    Proper Dih.  Improper Dih.      CMAP Dih.
    4.24554e+02    1.01534e+03    7.30195e+02    6.37579e+01   -1.63562e+02
          LJ-14     Coulomb-14        LJ (SR)  Disper. corr.   Coulomb (SR)
    5.00954e+02    9.18830e+03    5.66478e+04   -3.27637e+03   -4.31270e+05
   Coul. recip.      Potential    Kinetic En.   Total Energy  Conserved En.
    2.32899e+03   -3.63810e+05    6.90793e+04   -2.94730e+05   -2.90786e+05
    Temperature Pres. DC (bar) Pressure (bar)   Constr. rmsd
    2.98340e+02   -1.94963e+02    7.50552e+00    1.76250e-06

           Step           Time
         500000     1000.00000

Writing checkpoint, step 500000 at Mon Nov  9 05:49:29 2020


   Energies (kJ/mol)
           Bond            U-B    Proper Dih.  Improper Dih.      CMAP Dih.
    3.98128e+02    1.02443e+03    7.55353e+02    7.31719e+01   -2.09014e+02
          LJ-14     Coulomb-14        LJ (SR)  Disper. corr.   Coulomb (SR)
    4.97934e+02    9.36156e+03    5.77150e+04   -3.28734e+03   -4.32055e+05
   Coul. recip.      Potential    Kinetic En.   Total Energy  Conserved En.
    2.37986e+03   -3.63346e+05    6.96683e+04   -2.93678e+05   -2.90750e+05
    Temperature Pres. DC (bar) Pressure (bar)   Constr. rmsd
    3.00884e+02   -1.96270e+02    3.27365e+02    2.04644e-06


	<======  ###############  ==>
	<====  A V E R A G E S  ====>
	<==  ###############  ======>

	Statistics over 500001 steps using 5001 frames

   Energies (kJ/mol)
           Bond            U-B    Proper Dih.  Improper Dih.      CMAP Dih.
    4.12866e+02    1.03549e+03    7.50319e+02    6.12124e+01   -1.97756e+02
          LJ-14     Coulomb-14        LJ (SR)  Disper. corr.   Coulomb (SR)
    4.77306e+02    9.26231e+03    5.65171e+04   -3.26586e+03   -4.30511e+05
   Coul. recip.      Potential    Kinetic En.   Total Energy  Conserved En.
    2.36729e+03   -3.63091e+05    6.94768e+04   -2.93614e+05   -2.92213e+05
    Temperature Pres. DC (bar) Pressure (bar)   Constr. rmsd
    3.00057e+02   -1.93718e+02    5.37019e-01    0.00000e+00

          Box-X          Box-Y          Box-Z
    6.54439e+00    6.54439e+00    6.54439e+00

   Total Virial (kJ/mol)
    2.31494e+04    4.14484e+01    4.53850e+00
    4.15522e+01    2.31502e+04   -9.22752e+00
    4.67371e+00   -9.00685e+00    2.31676e+04

   Pressure (bar)
    5.93771e-01   -5.41330e+00    5.30327e-01
   -5.42562e+00    2.34619e+00    9.07221e-01
    5.14249e-01    8.81042e-01   -1.32890e+00

      T-Protein  T-non-Protein
    3.00410e+02    3.00049e+02


	M E G A - F L O P S   A C C O U N T I N G

 NB=Group-cutoff nonbonded kernels    NxN=N-by-N cluster Verlet kernels
 RF=Reaction-Field  VdW=Van der Waals  QSTab=quadratic-spline table
 W3=SPC/TIP3p  W4=TIP4p (single or pairs)
 V&F=Potential and force  V=Potential only  F=Force only

 Computing:                               M-Number         M-Flops  % Flops
-----------------------------------------------------------------------------
 Pair Search distance check           91409.242856      822683.186     0.3
 NxN QSTab Elec. + LJ [F]           3488953.310608   143047085.735    51.1
 NxN QSTab Elec. + LJ [V&F]           35248.788208     2079678.504     0.7
 NxN QSTab Elec. [F]                3297801.797616   112125261.119    40.1
 NxN QSTab Elec. [V&F]                33317.866640     1366032.532     0.5
 1,4 nonbonded interactions             660.001320       59400.119     0.0
 Calc Weights                         41583.083166     1496990.994     0.5
 Spread Q Bspline                    887105.774208     1774211.548     0.6
 Gather F Bspline                    887105.774208     5322634.645     1.9
 3D-FFT                             1198520.397036     9588163.176     3.4
 Solve PME                              882.001764       56448.113     0.0
 Shift-X                                277.247722        1663.486     0.0
 Bonds                                  130.000260        7670.015     0.0
 Propers                                553.001106      126637.253     0.0
 Impropers                               37.000074        7696.015     0.0
 Virial                                1388.377767       24990.800     0.0
 Stop-CM                                138.637722        1386.377     0.0
 Calc-Ekin                             2772.255444       74850.897     0.0
 Lincs                                  128.000256        7680.015     0.0
 Lincs-Mat                              684.001368        2736.005     0.0
 Constraint-V                         13861.027722      110888.222     0.0
 Constraint-Vir                        1373.327466       32959.859     0.0
 Settle                                4535.009070     1464807.930     0.5
 CMAP                                    15.000030       25500.051     0.0
 Urey-Bradley                           460.000920       84180.168     0.0
-----------------------------------------------------------------------------
 Total                                               279712236.767   100.0
-----------------------------------------------------------------------------


     R E A L   C Y C L E   A N D   T I M E   A C C O U N T I N G

On 1 MPI rank, each using 4 OpenMP threads

 Computing:          Num   Num      Call    Wall time         Giga-Cycles
                     Ranks Threads  Count      (s)         total sum    %
-----------------------------------------------------------------------------
 Neighbor search        1    4      10001     267.146       1709.725   1.3
 Force                  1    4     500001   17751.166     113606.851  83.7
 PME mesh               1    4     500001    2531.907      16204.118  11.9
 NB X/F buffer ops.     1    4     990001     253.615       1623.127   1.2
 Write traj.            1    4        124       3.765         24.097   0.0
 Update                 1    4     500001     120.784        773.011   0.6
 Constraints            1    4     500001     202.548       1296.298   1.0
 Rest                                          72.825        466.078   0.3
-----------------------------------------------------------------------------
 Total                                      21203.755     135703.306 100.0
-----------------------------------------------------------------------------
 Breakdown of PME mesh computation
-----------------------------------------------------------------------------
 PME spread             1    4     500001     880.423       5634.675   4.2
 PME gather             1    4     500001    1051.228       6727.824   5.0
 PME 3D-FFT             1    4    1000002     479.622       3069.567   2.3
 PME solve Elec         1    4     500001     111.449        713.268   0.5
-----------------------------------------------------------------------------

               Core t (s)   Wall t (s)        (%)
       Time:    84815.020    21203.755      400.0
                         5h53:23
                 (ns/day)    (hour/ns)
Performance:        4.075        5.890
Finished mdrun on rank 0 Mon Nov  9 05:49:30 2020

