                      :-) GROMACS - gmx mdrun, 2020.3 (-:

                            GROMACS is written by:
     Emile Apol      Rossen Apostolov      Paul Bauer     Herman J.C. Berendsen
    Par Bjelkmar      Christian Blau   Viacheslav Bolnykh     Kevin Boyd    
 Aldert van Buuren   Rudi van Drunen     Anton Feenstra       Alan Gray     
  Gerrit Groenhof     Anca Hamuraru    Vincent Hindriksen  M. Eric Irrgang  
  Aleksei Iupinov   Christoph Junghans     Joe Jordan     Dimitrios Karkoulis
    Peter Kasson        Jiri Kraus      Carsten Kutzner      Per Larsson    
  Justin A. Lemkul    Viveca Lindahl    Magnus Lundborg     Erik Marklund   
    Pascal Merz     Pieter Meulenhoff    Teemu Murtola       Szilard Pall   
    Sander Pronk      Roland Schulz      Michael Shirts    Alexey Shvetsov  
   Alfons Sijbers     Peter Tieleman      Jon Vincent      Teemu Virolainen 
 Christian Wennberg    Maarten Wolf      Artem Zhmurov   
                           and the project leaders:
        Mark Abraham, Berk Hess, Erik Lindahl, and David van der Spoel

Copyright (c) 1991-2000, University of Groningen, The Netherlands.
Copyright (c) 2001-2019, The GROMACS development team at
Uppsala University, Stockholm University and
the Royal Institute of Technology, Sweden.
check out http://www.gromacs.org for more information.

GROMACS is free software; you can redistribute it and/or modify it
under the terms of the GNU Lesser General Public License
as published by the Free Software Foundation; either version 2.1
of the License, or (at your option) any later version.

GROMACS:      gmx mdrun, version 2020.3
Executable:   /usr/local/gromacs/bin/gmx
Data prefix:  /usr/local/gromacs
Working dir:  /home/alan/Documentos/estancia/pdb/procesados/p3
Process ID:   94905
Command line:
  gmx mdrun -v -deffnm npt

GROMACS version:    2020.3
Verified release checksum is c0599e547549c2d0ef4fc678dc5a26ad0000eab045e938fed756f9ff5b99a197
Precision:          single
Memory model:       64 bit
MPI library:        thread_mpi
OpenMP support:     enabled (GMX_OPENMP_MAX_THREADS = 64)
GPU support:        disabled
SIMD instructions:  SSE4.1
FFT library:        fftw-3.3.8-sse2
RDTSCP usage:       enabled
TNG support:        enabled
Hwloc support:      hwloc-2.2.0
Tracing support:    disabled
C compiler:         /usr/bin/cc GNU 10.2.0
C compiler flags:   -msse4.1 -fexcess-precision=fast -funroll-all-loops -O3 -DNDEBUG
C++ compiler:       /usr/bin/c++ GNU 10.2.0
C++ compiler flags: -msse4.1 -fexcess-precision=fast -funroll-all-loops -fopenmp -O3 -DNDEBUG


Running on 1 node with total 4 cores, 4 logical cores
Hardware detected:
  CPU info:
    Vendor: Intel
    Brand:  Intel(R) Pentium(R) CPU  N3710  @ 1.60GHz
    Family: 6   Model: 76   Stepping: 4
    Features: aes apic clfsh cmov cx8 cx16 htt intel lahf mmx msr nonstop_tsc pclmuldq pdcm popcnt pse rdrnd rdtscp sse2 sse3 sse4.1 sse4.2 ssse3 tdt
  Hardware topology: Full, with devices
    Sockets, cores, and logical processors:
      Socket  0: [   0] [   1] [   2] [   3]
    Numa nodes:
      Node  0 (4035821568 bytes mem):   0   1   2   3
      Latency:
               0
         0  1.00
    Caches:
      L1: 24576 bytes, linesize 64 bytes, assoc. 6, shared 1 ways
      L2: 1048576 bytes, linesize 64 bytes, assoc. 16, shared 2 ways
    PCI devices:
      0000:00:02.0  Id: 8086:22b1  Class: 0x0300  Numa: 0
      0000:00:13.0  Id: 8086:22a3  Class: 0x0106  Numa: 0
      0000:02:00.0  Id: 8086:3166  Class: 0x0280  Numa: 0
      0000:03:00.0  Id: 10ec:8136  Class: 0x0200  Numa: 0


++++ PLEASE READ AND CITE THE FOLLOWING REFERENCE ++++
M. J. Abraham, T. Murtola, R. Schulz, S. Páll, J. C. Smith, B. Hess, E.
Lindahl
GROMACS: High performance molecular simulations through multi-level
parallelism from laptops to supercomputers
SoftwareX 1 (2015) pp. 19-25
-------- -------- --- Thank You --- -------- --------


++++ PLEASE READ AND CITE THE FOLLOWING REFERENCE ++++
S. Páll, M. J. Abraham, C. Kutzner, B. Hess, E. Lindahl
Tackling Exascale Software Challenges in Molecular Dynamics Simulations with
GROMACS
In S. Markidis & E. Laure (Eds.), Solving Software Challenges for Exascale 8759 (2015) pp. 3-27
-------- -------- --- Thank You --- -------- --------


++++ PLEASE READ AND CITE THE FOLLOWING REFERENCE ++++
S. Pronk, S. Páll, R. Schulz, P. Larsson, P. Bjelkmar, R. Apostolov, M. R.
Shirts, J. C. Smith, P. M. Kasson, D. van der Spoel, B. Hess, and E. Lindahl
GROMACS 4.5: a high-throughput and highly parallel open source molecular
simulation toolkit
Bioinformatics 29 (2013) pp. 845-54
-------- -------- --- Thank You --- -------- --------


++++ PLEASE READ AND CITE THE FOLLOWING REFERENCE ++++
B. Hess and C. Kutzner and D. van der Spoel and E. Lindahl
GROMACS 4: Algorithms for highly efficient, load-balanced, and scalable
molecular simulation
J. Chem. Theory Comput. 4 (2008) pp. 435-447
-------- -------- --- Thank You --- -------- --------


++++ PLEASE READ AND CITE THE FOLLOWING REFERENCE ++++
D. van der Spoel, E. Lindahl, B. Hess, G. Groenhof, A. E. Mark and H. J. C.
Berendsen
GROMACS: Fast, Flexible and Free
J. Comp. Chem. 26 (2005) pp. 1701-1719
-------- -------- --- Thank You --- -------- --------


++++ PLEASE READ AND CITE THE FOLLOWING REFERENCE ++++
E. Lindahl and B. Hess and D. van der Spoel
GROMACS 3.0: A package for molecular simulation and trajectory analysis
J. Mol. Mod. 7 (2001) pp. 306-317
-------- -------- --- Thank You --- -------- --------


++++ PLEASE READ AND CITE THE FOLLOWING REFERENCE ++++
H. J. C. Berendsen, D. van der Spoel and R. van Drunen
GROMACS: A message-passing parallel molecular dynamics implementation
Comp. Phys. Comm. 91 (1995) pp. 43-56
-------- -------- --- Thank You --- -------- --------


++++ PLEASE CITE THE DOI FOR THIS VERSION OF GROMACS ++++
https://doi.org/10.5281/zenodo.3923645
-------- -------- --- Thank You --- -------- --------

Input Parameters:
   integrator                     = md
   tinit                          = 0
   dt                             = 0.002
   nsteps                         = 50000
   init-step                      = 0
   simulation-part                = 1
   comm-mode                      = Linear
   nstcomm                        = 100
   bd-fric                        = 0
   ld-seed                        = -971502659
   emtol                          = 10
   emstep                         = 0.01
   niter                          = 20
   fcstep                         = 0
   nstcgsteep                     = 1000
   nbfgscorr                      = 10
   rtpi                           = 0.05
   nstxout                        = 500
   nstvout                        = 500
   nstfout                        = 0
   nstlog                         = 500
   nstcalcenergy                  = 100
   nstenergy                      = 500
   nstxout-compressed             = 0
   compressed-x-precision         = 1000
   cutoff-scheme                  = Verlet
   nstlist                        = 10
   pbc                            = xyz
   periodic-molecules             = false
   verlet-buffer-tolerance        = 0.005
   rlist                          = 1
   coulombtype                    = PME
   coulomb-modifier               = Potential-shift
   rcoulomb-switch                = 0
   rcoulomb                       = 1
   epsilon-r                      = 1
   epsilon-rf                     = inf
   vdw-type                       = Cut-off
   vdw-modifier                   = Potential-shift
   rvdw-switch                    = 0
   rvdw                           = 1
   DispCorr                       = EnerPres
   table-extension                = 1
   fourierspacing                 = 0.16
   fourier-nx                     = 42
   fourier-ny                     = 42
   fourier-nz                     = 42
   pme-order                      = 4
   ewald-rtol                     = 1e-05
   ewald-rtol-lj                  = 0.001
   lj-pme-comb-rule               = Geometric
   ewald-geometry                 = 0
   epsilon-surface                = 0
   tcoupl                         = V-rescale
   nsttcouple                     = 10
   nh-chain-length                = 0
   print-nose-hoover-chain-variables = false
   pcoupl                         = Parrinello-Rahman
   pcoupltype                     = Isotropic
   nstpcouple                     = 10
   tau-p                          = 2
   compressibility (3x3):
      compressibility[    0]={ 4.50000e-05,  0.00000e+00,  0.00000e+00}
      compressibility[    1]={ 0.00000e+00,  4.50000e-05,  0.00000e+00}
      compressibility[    2]={ 0.00000e+00,  0.00000e+00,  4.50000e-05}
   ref-p (3x3):
      ref-p[    0]={ 1.00000e+00,  0.00000e+00,  0.00000e+00}
      ref-p[    1]={ 0.00000e+00,  1.00000e+00,  0.00000e+00}
      ref-p[    2]={ 0.00000e+00,  0.00000e+00,  1.00000e+00}
   refcoord-scaling               = COM
   posres-com (3):
      posres-com[0]= 5.02847e-01
      posres-com[1]= 5.00153e-01
      posres-com[2]= 4.98582e-01
   posres-comB (3):
      posres-comB[0]= 5.02847e-01
      posres-comB[1]= 5.00153e-01
      posres-comB[2]= 4.98582e-01
   QMMM                           = false
   QMconstraints                  = 0
   QMMMscheme                     = 0
   MMChargeScaleFactor            = 1
qm-opts:
   ngQM                           = 0
   constraint-algorithm           = Lincs
   continuation                   = true
   Shake-SOR                      = false
   shake-tol                      = 0.0001
   lincs-order                    = 4
   lincs-iter                     = 1
   lincs-warnangle                = 30
   nwall                          = 0
   wall-type                      = 9-3
   wall-r-linpot                  = -1
   wall-atomtype[0]               = -1
   wall-atomtype[1]               = -1
   wall-density[0]                = 0
   wall-density[1]                = 0
   wall-ewald-zfac                = 3
   pull                           = false
   awh                            = false
   rotation                       = false
   interactiveMD                  = false
   disre                          = No
   disre-weighting                = Conservative
   disre-mixed                    = false
   dr-fc                          = 1000
   dr-tau                         = 0
   nstdisreout                    = 100
   orire-fc                       = 0
   orire-tau                      = 0
   nstorireout                    = 100
   free-energy                    = no
   cos-acceleration               = 0
   deform (3x3):
      deform[    0]={ 0.00000e+00,  0.00000e+00,  0.00000e+00}
      deform[    1]={ 0.00000e+00,  0.00000e+00,  0.00000e+00}
      deform[    2]={ 0.00000e+00,  0.00000e+00,  0.00000e+00}
   simulated-tempering            = false
   swapcoords                     = no
   userint1                       = 0
   userint2                       = 0
   userint3                       = 0
   userint4                       = 0
   userreal1                      = 0
   userreal2                      = 0
   userreal3                      = 0
   userreal4                      = 0
   applied-forces:
     electric-field:
       x:
         E0                       = 0
         omega                    = 0
         t0                       = 0
         sigma                    = 0
       y:
         E0                       = 0
         omega                    = 0
         t0                       = 0
         sigma                    = 0
       z:
         E0                       = 0
         omega                    = 0
         t0                       = 0
         sigma                    = 0
     density-guided-simulation:
       active                     = false
       group                      = protein
       similarity-measure         = inner-product
       atom-spreading-weight      = unity
       force-constant             = 1e+09
       gaussian-transform-spreading-width = 0.2
       gaussian-transform-spreading-range-in-multiples-of-width = 4
       reference-density-filename = reference.mrc
       nst                        = 1
       normalize-densities        = true
       adaptive-force-scaling     = false
       adaptive-force-scaling-time-constant = 4
grpopts:
   nrdf:     1279.93     54417.1
   ref-t:         300         300
   tau-t:         0.1         0.1
annealing:          No          No
annealing-npoints:           0           0
   acc:	           0           0           0
   nfreeze:           N           N           N
   energygrp-flags[  0]: 0

Changing nstlist from 10 to 50, rlist from 1 to 1.109

Using 1 MPI thread

Non-default thread affinity set, disabling internal thread affinity

Using 4 OpenMP threads 

System total charge: 0.000
Will do PME sum in reciprocal space for electrostatic interactions.

++++ PLEASE READ AND CITE THE FOLLOWING REFERENCE ++++
U. Essmann, L. Perera, M. L. Berkowitz, T. Darden, H. Lee and L. G. Pedersen 
A smooth particle mesh Ewald method
J. Chem. Phys. 103 (1995) pp. 8577-8592
-------- -------- --- Thank You --- -------- --------

Using a Gaussian width (1/beta) of 0.320163 nm for Ewald
Potential shift: LJ r^-12: -1.000e+00 r^-6: -1.000e+00, Ewald -1.000e-05
Initialized non-bonded Ewald tables, spacing: 9.33e-04 size: 1073

Generated table with 1054 data points for 1-4 COUL.
Tabscale = 500 points/nm
Generated table with 1054 data points for 1-4 LJ6.
Tabscale = 500 points/nm
Generated table with 1054 data points for 1-4 LJ12.
Tabscale = 500 points/nm

Using SIMD 4x4 nonbonded short-range kernels

Using a dual 4x4 pair-list setup updated with dynamic pruning:
  outer list: updated every 50 steps, buffer 0.109 nm, rlist 1.109 nm
  inner list: updated every 12 steps, buffer 0.002 nm, rlist 1.002 nm
At tolerance 0.005 kJ/mol/ps per atom, equivalent classical 1x1 list would be:
  outer list: updated every 50 steps, buffer 0.235 nm, rlist 1.235 nm
  inner list: updated every 12 steps, buffer 0.047 nm, rlist 1.047 nm

Using Lorentz-Berthelot Lennard-Jones combination rule

Long Range LJ corr.: <C6> 2.8470e-04


Initializing LINear Constraint Solver

++++ PLEASE READ AND CITE THE FOLLOWING REFERENCE ++++
B. Hess and H. Bekker and H. J. C. Berendsen and J. G. E. M. Fraaije
LINCS: A Linear Constraint Solver for molecular simulations
J. Comp. Chem. 18 (1997) pp. 1463-1472
-------- -------- --- Thank You --- -------- --------

The number of constraints is 256

++++ PLEASE READ AND CITE THE FOLLOWING REFERENCE ++++
S. Miyamoto and P. A. Kollman
SETTLE: An Analytical Version of the SHAKE and RATTLE Algorithms for Rigid
Water Models
J. Comp. Chem. 13 (1992) pp. 952-962
-------- -------- --- Thank You --- -------- --------


++++ PLEASE READ AND CITE THE FOLLOWING REFERENCE ++++
G. Bussi, D. Donadio and M. Parrinello
Canonical sampling through velocity rescaling
J. Chem. Phys. 126 (2007) pp. 014101
-------- -------- --- Thank You --- -------- --------

There are: 27722 Atoms
Center of mass motion removal mode is Linear
We have the following groups for center of mass motion removal:
  0:  rest

Started mdrun on rank 0 Thu Oct 29 00:43:06 2020

           Step           Time
              0        0.00000

   Energies (kJ/mol)
           Bond            U-B    Proper Dih.  Improper Dih.      CMAP Dih.
    3.80558e+02    1.00089e+03    7.17951e+02    6.44799e+01   -1.97871e+02
          LJ-14     Coulomb-14        LJ (SR)  Disper. corr.   Coulomb (SR)
    5.11956e+02    9.24576e+03    5.59059e+04   -3.23720e+03   -4.28912e+05
   Coul. recip. Position Rest.      Potential    Kinetic En.   Total Energy
    2.35109e+03    3.24419e-02   -3.62169e+05    6.97599e+04   -2.92409e+05
  Conserved En.    Temperature Pres. DC (bar) Pressure (bar)   Constr. rmsd
   -2.92392e+05    3.01280e+02   -1.90336e+02   -1.03705e+02    2.41571e-06

           Step           Time
            500        1.00000

   Energies (kJ/mol)
           Bond            U-B    Proper Dih.  Improper Dih.      CMAP Dih.
    3.99624e+02    1.03016e+03    7.16410e+02    6.88338e+01   -1.97689e+02
          LJ-14     Coulomb-14        LJ (SR)  Disper. corr.   Coulomb (SR)
    4.83900e+02    9.34048e+03    5.81471e+04   -3.27494e+03   -4.32255e+05
   Coul. recip. Position Rest.      Potential    Kinetic En.   Total Energy
    2.40602e+03    1.13068e+02   -3.63022e+05    6.96207e+04   -2.93402e+05
  Conserved En.    Temperature Pres. DC (bar) Pressure (bar)   Constr. rmsd
   -2.92377e+05    3.00679e+02   -1.94793e+02    3.98408e+02    2.67789e-06

           Step           Time
           1000        2.00000

   Energies (kJ/mol)
           Bond            U-B    Proper Dih.  Improper Dih.      CMAP Dih.
    3.81828e+02    1.19830e+03    7.02604e+02    6.17299e+01   -1.66665e+02
          LJ-14     Coulomb-14        LJ (SR)  Disper. corr.   Coulomb (SR)
    5.24524e+02    9.29407e+03    5.62136e+04   -3.25006e+03   -4.28884e+05
   Coul. recip. Position Rest.      Potential    Kinetic En.   Total Energy
    2.36669e+03    1.52668e+02   -3.61405e+05    7.05947e+04   -2.90810e+05
  Conserved En.    Temperature Pres. DC (bar) Pressure (bar)   Constr. rmsd
   -2.92386e+05    3.04885e+02   -1.91849e+02    2.31920e+01    3.34390e-06

           Step           Time
           1500        3.00000

   Energies (kJ/mol)
           Bond            U-B    Proper Dih.  Improper Dih.      CMAP Dih.
    4.04994e+02    9.80995e+02    7.28340e+02    5.70638e+01   -2.02021e+02
          LJ-14     Coulomb-14        LJ (SR)  Disper. corr.   Coulomb (SR)
    5.06184e+02    9.24900e+03    5.55301e+04   -3.27195e+03   -4.29570e+05
   Coul. recip. Position Rest.      Potential    Kinetic En.   Total Energy
    2.38905e+03    1.19064e+02   -3.63079e+05    6.85351e+04   -2.94544e+05
  Conserved En.    Temperature Pres. DC (bar) Pressure (bar)   Constr. rmsd
   -2.92376e+05    2.95990e+02   -1.94439e+02   -1.44098e+02    2.46881e-06

           Step           Time
           2000        4.00000

   Energies (kJ/mol)
           Bond            U-B    Proper Dih.  Improper Dih.      CMAP Dih.
    4.19969e+02    1.06499e+03    6.99443e+02    6.80722e+01   -1.95811e+02
          LJ-14     Coulomb-14        LJ (SR)  Disper. corr.   Coulomb (SR)
    4.56821e+02    9.27798e+03    5.56884e+04   -3.25765e+03   -4.29709e+05
   Coul. recip. Position Rest.      Potential    Kinetic En.   Total Energy
    2.42746e+03    1.27858e+02   -3.62931e+05    6.99805e+04   -2.92950e+05
  Conserved En.    Temperature Pres. DC (bar) Pressure (bar)   Constr. rmsd
   -2.92381e+05    3.02233e+02   -1.92745e+02   -2.26262e+02    3.56051e-06

           Step           Time
           2500        5.00000

   Energies (kJ/mol)
           Bond            U-B    Proper Dih.  Improper Dih.      CMAP Dih.
    3.83386e+02    1.00781e+03    7.49504e+02    4.25946e+01   -2.14377e+02
          LJ-14     Coulomb-14        LJ (SR)  Disper. corr.   Coulomb (SR)
    5.09834e+02    9.41869e+03    5.52727e+04   -3.27368e+03   -4.29180e+05
   Coul. recip. Position Rest.      Potential    Kinetic En.   Total Energy
    2.36015e+03    1.46918e+02   -3.62776e+05    6.88581e+04   -2.93918e+05
  Conserved En.    Temperature Pres. DC (bar) Pressure (bar)   Constr. rmsd
   -2.92373e+05    2.97385e+02   -1.94644e+02   -7.72198e+01    2.68990e-06

           Step           Time
           3000        6.00000

   Energies (kJ/mol)
           Bond            U-B    Proper Dih.  Improper Dih.      CMAP Dih.
    3.40963e+02    1.07883e+03    7.22263e+02    4.92833e+01   -1.94354e+02
          LJ-14     Coulomb-14        LJ (SR)  Disper. corr.   Coulomb (SR)
    4.81615e+02    9.28162e+03    5.67668e+04   -3.27088e+03   -4.31925e+05
   Coul. recip. Position Rest.      Potential    Kinetic En.   Total Energy
    2.41161e+03    1.30976e+02   -3.64126e+05    6.91784e+04   -2.94948e+05
  Conserved En.    Temperature Pres. DC (bar) Pressure (bar)   Constr. rmsd
   -2.92377e+05    2.98768e+02   -1.94312e+02    5.46415e+01    2.13556e-06

           Step           Time
           3500        7.00000

   Energies (kJ/mol)
           Bond            U-B    Proper Dih.  Improper Dih.      CMAP Dih.
    4.01864e+02    1.07961e+03    7.27337e+02    6.88824e+01   -1.87782e+02
          LJ-14     Coulomb-14        LJ (SR)  Disper. corr.   Coulomb (SR)
    4.92618e+02    9.20083e+03    5.67680e+04   -3.25572e+03   -4.30502e+05
   Coul. recip. Position Rest.      Potential    Kinetic En.   Total Energy
    2.36985e+03    1.56287e+02   -3.62680e+05    6.90134e+04   -2.93667e+05
  Conserved En.    Temperature Pres. DC (bar) Pressure (bar)   Constr. rmsd
   -2.92370e+05    2.98056e+02   -1.92517e+02   -5.09948e+01    2.39410e-06

           Step           Time
           4000        8.00000

   Energies (kJ/mol)
           Bond            U-B    Proper Dih.  Improper Dih.      CMAP Dih.
    4.33401e+02    1.04535e+03    7.32402e+02    6.80108e+01   -2.08246e+02
          LJ-14     Coulomb-14        LJ (SR)  Disper. corr.   Coulomb (SR)
    4.72098e+02    9.23394e+03    5.66466e+04   -3.26618e+03   -4.30597e+05
   Coul. recip. Position Rest.      Potential    Kinetic En.   Total Energy
    2.36094e+03    1.50363e+02   -3.62928e+05    6.95523e+04   -2.93376e+05
  Conserved En.    Temperature Pres. DC (bar) Pressure (bar)   Constr. rmsd
   -2.92374e+05    3.00383e+02   -1.93754e+02    1.42667e+01    2.36624e-06

           Step           Time
           4500        9.00000

   Energies (kJ/mol)
           Bond            U-B    Proper Dih.  Improper Dih.      CMAP Dih.
    4.11624e+02    1.04140e+03    7.45705e+02    5.28973e+01   -1.87840e+02
          LJ-14     Coulomb-14        LJ (SR)  Disper. corr.   Coulomb (SR)
    5.15557e+02    9.29661e+03    5.58350e+04   -3.26651e+03   -4.29027e+05
   Coul. recip. Position Rest.      Potential    Kinetic En.   Total Energy
    2.36877e+03    1.25929e+02   -3.62088e+05    6.97686e+04   -2.92320e+05
  Conserved En.    Temperature Pres. DC (bar) Pressure (bar)   Constr. rmsd
   -2.92373e+05    3.01317e+02   -1.93793e+02   -1.63569e+01    3.31032e-06

           Step           Time
           5000       10.00000

   Energies (kJ/mol)
           Bond            U-B    Proper Dih.  Improper Dih.      CMAP Dih.
    3.95902e+02    9.80203e+02    7.31454e+02    7.29537e+01   -1.93469e+02
          LJ-14     Coulomb-14        LJ (SR)  Disper. corr.   Coulomb (SR)
    5.07714e+02    9.21518e+03    5.67442e+04   -3.27713e+03   -4.30956e+05
   Coul. recip. Position Rest.      Potential    Kinetic En.   Total Energy
    2.22170e+03    1.39354e+02   -3.63417e+05    6.95077e+04   -2.93910e+05
  Conserved En.    Temperature Pres. DC (bar) Pressure (bar)   Constr. rmsd
   -2.92372e+05    3.00190e+02   -1.95053e+02    1.97089e+02    2.68531e-06

           Step           Time
           5500       11.00000

   Energies (kJ/mol)
           Bond            U-B    Proper Dih.  Improper Dih.      CMAP Dih.
    4.83961e+02    1.01119e+03    8.08082e+02    5.16585e+01   -2.01136e+02
          LJ-14     Coulomb-14        LJ (SR)  Disper. corr.   Coulomb (SR)
    4.60622e+02    9.19536e+03    5.65765e+04   -3.25698e+03   -4.29289e+05
   Coul. recip. Position Rest.      Potential    Kinetic En.   Total Energy
    2.38387e+03    1.19329e+02   -3.61657e+05    6.96294e+04   -2.92028e+05
  Conserved En.    Temperature Pres. DC (bar) Pressure (bar)   Constr. rmsd
   -2.92364e+05    3.00716e+02   -1.92666e+02   -1.24119e+01    2.67386e-06

           Step           Time
           6000       12.00000

   Energies (kJ/mol)
           Bond            U-B    Proper Dih.  Improper Dih.      CMAP Dih.
    3.57239e+02    1.00788e+03    7.53193e+02    6.25877e+01   -1.91378e+02
          LJ-14     Coulomb-14        LJ (SR)  Disper. corr.   Coulomb (SR)
    4.76709e+02    9.29071e+03    5.62083e+04   -3.26410e+03   -4.29919e+05
   Coul. recip. Position Rest.      Potential    Kinetic En.   Total Energy
    2.27648e+03    1.41476e+02   -3.62800e+05    7.01491e+04   -2.92651e+05
  Conserved En.    Temperature Pres. DC (bar) Pressure (bar)   Constr. rmsd
   -2.92382e+05    3.02960e+02   -1.93508e+02   -3.79484e+01    3.04551e-06

           Step           Time
           6500       13.00000

   Energies (kJ/mol)
           Bond            U-B    Proper Dih.  Improper Dih.      CMAP Dih.
    4.21463e+02    9.40003e+02    7.77814e+02    5.08244e+01   -2.00956e+02
          LJ-14     Coulomb-14        LJ (SR)  Disper. corr.   Coulomb (SR)
    4.67037e+02    9.34445e+03    5.76074e+04   -3.26611e+03   -4.31914e+05
   Coul. recip. Position Rest.      Potential    Kinetic En.   Total Energy
    2.35540e+03    1.50281e+02   -3.63266e+05    6.80563e+04   -2.95210e+05
  Conserved En.    Temperature Pres. DC (bar) Pressure (bar)   Constr. rmsd
   -2.92343e+05    2.93922e+02   -1.93746e+02    7.62025e+01    2.40231e-06

           Step           Time
           7000       14.00000

   Energies (kJ/mol)
           Bond            U-B    Proper Dih.  Improper Dih.      CMAP Dih.
    4.27111e+02    1.06586e+03    7.50922e+02    6.26990e+01   -2.03983e+02
          LJ-14     Coulomb-14        LJ (SR)  Disper. corr.   Coulomb (SR)
    4.60121e+02    9.16350e+03    5.77252e+04   -3.27275e+03   -4.31894e+05
   Coul. recip. Position Rest.      Potential    Kinetic En.   Total Energy
    2.41463e+03    1.23914e+02   -3.63177e+05    6.97320e+04   -2.93445e+05
  Conserved En.    Temperature Pres. DC (bar) Pressure (bar)   Constr. rmsd
   -2.92357e+05    3.01159e+02   -1.94533e+02    1.41685e+02    2.77422e-06

           Step           Time
           7500       15.00000

   Energies (kJ/mol)
           Bond            U-B    Proper Dih.  Improper Dih.      CMAP Dih.
    4.59196e+02    1.01562e+03    7.15359e+02    5.32725e+01   -2.09042e+02
          LJ-14     Coulomb-14        LJ (SR)  Disper. corr.   Coulomb (SR)
    4.45288e+02    9.29530e+03    5.70426e+04   -3.27448e+03   -4.32344e+05
   Coul. recip. Position Rest.      Potential    Kinetic En.   Total Energy
    2.37802e+03    1.09295e+02   -3.64313e+05    6.89900e+04   -2.95323e+05
  Conserved En.    Temperature Pres. DC (bar) Pressure (bar)   Constr. rmsd
   -2.92352e+05    2.97954e+02   -1.94739e+02    8.54279e+00    2.24952e-06

           Step           Time
           8000       16.00000

   Energies (kJ/mol)
           Bond            U-B    Proper Dih.  Improper Dih.      CMAP Dih.
    4.14287e+02    9.97255e+02    7.08427e+02    6.15741e+01   -2.07605e+02
          LJ-14     Coulomb-14        LJ (SR)  Disper. corr.   Coulomb (SR)
    4.92383e+02    9.30145e+03    5.73232e+04   -3.27011e+03   -4.31824e+05
   Coul. recip. Position Rest.      Potential    Kinetic En.   Total Energy
    2.38748e+03    1.19831e+02   -3.63496e+05    6.93651e+04   -2.94131e+05
  Conserved En.    Temperature Pres. DC (bar) Pressure (bar)   Constr. rmsd
   -2.92348e+05    2.99575e+02   -1.94220e+02    1.10112e+02    2.21549e-06

           Step           Time
           8500       17.00000

   Energies (kJ/mol)
           Bond            U-B    Proper Dih.  Improper Dih.      CMAP Dih.
    3.60025e+02    1.04318e+03    7.25751e+02    5.91840e+01   -1.86546e+02
          LJ-14     Coulomb-14        LJ (SR)  Disper. corr.   Coulomb (SR)
    5.00259e+02    9.13776e+03    5.52261e+04   -3.26807e+03   -4.28723e+05
   Coul. recip. Position Rest.      Potential    Kinetic En.   Total Energy
    2.33971e+03    1.35355e+02   -3.62650e+05    6.94815e+04   -2.93169e+05
  Conserved En.    Temperature Pres. DC (bar) Pressure (bar)   Constr. rmsd
   -2.92357e+05    3.00077e+02   -1.93978e+02   -1.69021e+02    2.87829e-06

           Step           Time
           9000       18.00000

   Energies (kJ/mol)
           Bond            U-B    Proper Dih.  Improper Dih.      CMAP Dih.
    4.16052e+02    1.05222e+03    7.32311e+02    6.44165e+01   -2.10370e+02
          LJ-14     Coulomb-14        LJ (SR)  Disper. corr.   Coulomb (SR)
    4.80454e+02    9.27265e+03    5.69131e+04   -3.28562e+03   -4.30775e+05
   Coul. recip. Position Rest.      Potential    Kinetic En.   Total Energy
    2.29950e+03    1.53659e+02   -3.62886e+05    6.99287e+04   -2.92958e+05
  Conserved En.    Temperature Pres. DC (bar) Pressure (bar)   Constr. rmsd
   -2.92351e+05    3.02009e+02   -1.96064e+02    2.20710e+02    2.34312e-06

           Step           Time
           9500       19.00000

   Energies (kJ/mol)
           Bond            U-B    Proper Dih.  Improper Dih.      CMAP Dih.
    4.14863e+02    1.08276e+03    7.11067e+02    4.35634e+01   -2.04364e+02
          LJ-14     Coulomb-14        LJ (SR)  Disper. corr.   Coulomb (SR)
    4.75095e+02    9.25229e+03    5.61386e+04   -3.26347e+03   -4.29892e+05
   Coul. recip. Position Rest.      Potential    Kinetic En.   Total Energy
    2.38937e+03    1.43282e+02   -3.62709e+05    6.82839e+04   -2.94425e+05
  Conserved En.    Temperature Pres. DC (bar) Pressure (bar)   Constr. rmsd
   -2.92338e+05    2.94905e+02   -1.93433e+02   -5.27132e+01    2.24533e-06

           Step           Time
          10000       20.00000

   Energies (kJ/mol)
           Bond            U-B    Proper Dih.  Improper Dih.      CMAP Dih.
    3.75117e+02    9.81366e+02    7.45214e+02    6.91848e+01   -2.12990e+02
          LJ-14     Coulomb-14        LJ (SR)  Disper. corr.   Coulomb (SR)
    5.15285e+02    9.30688e+03    5.64439e+04   -3.25512e+03   -4.30683e+05
   Coul. recip. Position Rest.      Potential    Kinetic En.   Total Energy
    2.39727e+03    1.34276e+02   -3.63182e+05    6.97438e+04   -2.93438e+05
  Conserved En.    Temperature Pres. DC (bar) Pressure (bar)   Constr. rmsd
   -2.92339e+05    3.01210e+02   -1.92446e+02   -4.12240e+01    2.90848e-06

           Step           Time
          10500       21.00000

   Energies (kJ/mol)
           Bond            U-B    Proper Dih.  Improper Dih.      CMAP Dih.
    4.29717e+02    9.55010e+02    7.37673e+02    5.84039e+01   -2.00064e+02
          LJ-14     Coulomb-14        LJ (SR)  Disper. corr.   Coulomb (SR)
    4.73660e+02    9.16250e+03    5.65393e+04   -3.25971e+03   -4.30839e+05
   Coul. recip. Position Rest.      Potential    Kinetic En.   Total Energy
    2.38402e+03    1.34870e+02   -3.63423e+05    6.97163e+04   -2.93707e+05
  Conserved En.    Temperature Pres. DC (bar) Pressure (bar)   Constr. rmsd
   -2.92355e+05    3.01092e+02   -1.92988e+02   -4.28480e+01    3.47896e-06

           Step           Time
          11000       22.00000

   Energies (kJ/mol)
           Bond            U-B    Proper Dih.  Improper Dih.      CMAP Dih.
    4.33468e+02    1.07327e+03    7.06086e+02    4.96104e+01   -1.92488e+02
          LJ-14     Coulomb-14        LJ (SR)  Disper. corr.   Coulomb (SR)
    4.82627e+02    9.25794e+03    5.70967e+04   -3.25446e+03   -4.30501e+05
   Coul. recip. Position Rest.      Potential    Kinetic En.   Total Energy
    2.36705e+03    1.40930e+02   -3.62341e+05    6.98123e+04   -2.92528e+05
  Conserved En.    Temperature Pres. DC (bar) Pressure (bar)   Constr. rmsd
   -2.92343e+05    3.01506e+02   -1.92368e+02    9.29350e+01    3.16309e-06

           Step           Time
          11500       23.00000

   Energies (kJ/mol)
           Bond            U-B    Proper Dih.  Improper Dih.      CMAP Dih.
    3.97810e+02    1.01319e+03    7.30415e+02    7.13745e+01   -2.04481e+02
          LJ-14     Coulomb-14        LJ (SR)  Disper. corr.   Coulomb (SR)
    5.04689e+02    9.19113e+03    5.69252e+04   -3.29828e+03   -4.31380e+05
   Coul. recip. Position Rest.      Potential    Kinetic En.   Total Energy
    2.34036e+03    1.45858e+02   -3.63563e+05    6.97314e+04   -2.93832e+05
  Conserved En.    Temperature Pres. DC (bar) Pressure (bar)   Constr. rmsd
   -2.92332e+05    3.01156e+02   -1.97577e+02    2.19909e+02    2.50539e-06

           Step           Time
          12000       24.00000

   Energies (kJ/mol)
           Bond            U-B    Proper Dih.  Improper Dih.      CMAP Dih.
    4.23911e+02    9.45591e+02    7.36634e+02    5.44764e+01   -1.99787e+02
          LJ-14     Coulomb-14        LJ (SR)  Disper. corr.   Coulomb (SR)
    5.19348e+02    9.27058e+03    5.75572e+04   -3.27218e+03   -4.32908e+05
   Coul. recip. Position Rest.      Potential    Kinetic En.   Total Energy
    2.33450e+03    1.45519e+02   -3.64392e+05    7.00681e+04   -2.94324e+05
  Conserved En.    Temperature Pres. DC (bar) Pressure (bar)   Constr. rmsd
   -2.92323e+05    3.02611e+02   -1.94466e+02    1.67031e+02    2.87022e-06

           Step           Time
          12500       25.00000

   Energies (kJ/mol)
           Bond            U-B    Proper Dih.  Improper Dih.      CMAP Dih.
    4.31055e+02    9.77244e+02    7.10035e+02    5.70404e+01   -1.95972e+02
          LJ-14     Coulomb-14        LJ (SR)  Disper. corr.   Coulomb (SR)
    4.91355e+02    9.29189e+03    5.73472e+04   -3.27298e+03   -4.31461e+05
   Coul. recip. Position Rest.      Potential    Kinetic En.   Total Energy
    2.34619e+03    1.20281e+02   -3.63158e+05    6.91020e+04   -2.94056e+05
  Conserved En.    Temperature Pres. DC (bar) Pressure (bar)   Constr. rmsd
   -2.92329e+05    2.98439e+02   -1.94561e+02    1.38929e+02    2.15608e-06

           Step           Time
          13000       26.00000

   Energies (kJ/mol)
           Bond            U-B    Proper Dih.  Improper Dih.      CMAP Dih.
    3.77887e+02    1.00598e+03    7.61579e+02    5.22562e+01   -2.12940e+02
          LJ-14     Coulomb-14        LJ (SR)  Disper. corr.   Coulomb (SR)
    4.93006e+02    9.17699e+03    5.47398e+04   -3.26180e+03   -4.28857e+05
   Coul. recip. Position Rest.      Potential    Kinetic En.   Total Energy
    2.31634e+03    1.28770e+02   -3.63279e+05    6.91176e+04   -2.94161e+05
  Conserved En.    Temperature Pres. DC (bar) Pressure (bar)   Constr. rmsd
   -2.92345e+05    2.98506e+02   -1.93236e+02   -3.17240e+02    2.36886e-06

           Step           Time
          13500       27.00000

   Energies (kJ/mol)
           Bond            U-B    Proper Dih.  Improper Dih.      CMAP Dih.
    4.25846e+02    1.07828e+03    7.30884e+02    6.09358e+01   -1.92337e+02
          LJ-14     Coulomb-14        LJ (SR)  Disper. corr.   Coulomb (SR)
    5.06986e+02    9.09042e+03    5.49359e+04   -3.26042e+03   -4.27090e+05
   Coul. recip. Position Rest.      Potential    Kinetic En.   Total Energy
    2.45036e+03    1.16101e+02   -3.61147e+05    6.96843e+04   -2.91462e+05
  Conserved En.    Temperature Pres. DC (bar) Pressure (bar)   Constr. rmsd
   -2.92330e+05    3.00953e+02   -1.93072e+02   -1.54522e+02    2.65470e-06

           Step           Time
          14000       28.00000

   Energies (kJ/mol)
           Bond            U-B    Proper Dih.  Improper Dih.      CMAP Dih.
    3.90098e+02    1.02019e+03    7.09882e+02    3.89511e+01   -1.80482e+02
          LJ-14     Coulomb-14        LJ (SR)  Disper. corr.   Coulomb (SR)
    4.81845e+02    9.18856e+03    5.62977e+04   -3.27058e+03   -4.30431e+05
   Coul. recip. Position Rest.      Potential    Kinetic En.   Total Energy
    2.38032e+03    1.28439e+02   -3.63246e+05    6.86487e+04   -2.94598e+05
  Conserved En.    Temperature Pres. DC (bar) Pressure (bar)   Constr. rmsd
   -2.92323e+05    2.96481e+02   -1.94276e+02   -2.48560e+01    2.01784e-06

           Step           Time
          14500       29.00000

   Energies (kJ/mol)
           Bond            U-B    Proper Dih.  Improper Dih.      CMAP Dih.
    3.81604e+02    1.07535e+03    7.52769e+02    5.33764e+01   -1.99203e+02
          LJ-14     Coulomb-14        LJ (SR)  Disper. corr.   Coulomb (SR)
    4.90929e+02    9.20525e+03    5.61240e+04   -3.25424e+03   -4.28973e+05
   Coul. recip. Position Rest.      Potential    Kinetic En.   Total Energy
    2.32898e+03    1.51979e+02   -3.61862e+05    6.92882e+04   -2.92574e+05
  Conserved En.    Temperature Pres. DC (bar) Pressure (bar)   Constr. rmsd
   -2.92330e+05    2.99242e+02   -1.92342e+02   -4.17380e+01    2.72370e-06

           Step           Time
          15000       30.00000

   Energies (kJ/mol)
           Bond            U-B    Proper Dih.  Improper Dih.      CMAP Dih.
    4.43747e+02    1.04311e+03    7.14834e+02    4.77162e+01   -2.00850e+02
          LJ-14     Coulomb-14        LJ (SR)  Disper. corr.   Coulomb (SR)
    4.60577e+02    9.16375e+03    5.67989e+04   -3.27185e+03   -4.31031e+05
   Coul. recip. Position Rest.      Potential    Kinetic En.   Total Energy
    2.40530e+03    1.30467e+02   -3.63295e+05    6.93150e+04   -2.93980e+05
  Conserved En.    Temperature Pres. DC (bar) Pressure (bar)   Constr. rmsd
   -2.92310e+05    2.99358e+02   -1.94427e+02    1.31768e+01    2.08758e-06

           Step           Time
          15500       31.00000

   Energies (kJ/mol)
           Bond            U-B    Proper Dih.  Improper Dih.      CMAP Dih.
    4.30550e+02    1.04215e+03    7.37174e+02    6.55663e+01   -1.97481e+02
          LJ-14     Coulomb-14        LJ (SR)  Disper. corr.   Coulomb (SR)
    4.72570e+02    9.16214e+03    5.72320e+04   -3.26333e+03   -4.31638e+05
   Coul. recip. Position Rest.      Potential    Kinetic En.   Total Energy
    2.32185e+03    1.31231e+02   -3.63504e+05    6.92602e+04   -2.94244e+05
  Conserved En.    Temperature Pres. DC (bar) Pressure (bar)   Constr. rmsd
   -2.92323e+05    2.99122e+02   -1.93417e+02    5.16747e+01    3.00437e-06

           Step           Time
          16000       32.00000

   Energies (kJ/mol)
           Bond            U-B    Proper Dih.  Improper Dih.      CMAP Dih.
    3.71636e+02    1.04607e+03    7.76073e+02    6.51162e+01   -1.94170e+02
          LJ-14     Coulomb-14        LJ (SR)  Disper. corr.   Coulomb (SR)
    4.83853e+02    9.18332e+03    5.63489e+04   -3.27410e+03   -4.30275e+05
   Coul. recip. Position Rest.      Potential    Kinetic En.   Total Energy
    2.40336e+03    1.50498e+02   -3.62915e+05    6.95333e+04   -2.93381e+05
  Conserved En.    Temperature Pres. DC (bar) Pressure (bar)   Constr. rmsd
   -2.92320e+05    3.00301e+02   -1.94694e+02    3.49561e+00    2.22816e-06

           Step           Time
          16500       33.00000

   Energies (kJ/mol)
           Bond            U-B    Proper Dih.  Improper Dih.      CMAP Dih.
    4.18388e+02    1.06099e+03    7.01295e+02    5.23781e+01   -1.78632e+02
          LJ-14     Coulomb-14        LJ (SR)  Disper. corr.   Coulomb (SR)
    4.57378e+02    9.15771e+03    5.73823e+04   -3.26052e+03   -4.31432e+05
   Coul. recip. Position Rest.      Potential    Kinetic En.   Total Energy
    2.31511e+03    1.21365e+02   -3.63204e+05    6.94412e+04   -2.93763e+05
  Conserved En.    Temperature Pres. DC (bar) Pressure (bar)   Constr. rmsd
   -2.92315e+05    2.99904e+02   -1.93084e+02    3.84306e+01    1.96037e-06

           Step           Time
          17000       34.00000

   Energies (kJ/mol)
           Bond            U-B    Proper Dih.  Improper Dih.      CMAP Dih.
    4.15872e+02    1.00947e+03    7.46584e+02    5.23050e+01   -2.03179e+02
          LJ-14     Coulomb-14        LJ (SR)  Disper. corr.   Coulomb (SR)
    4.76281e+02    9.21203e+03    5.64304e+04   -3.26413e+03   -4.30686e+05
   Coul. recip. Position Rest.      Potential    Kinetic En.   Total Energy
    2.39581e+03    1.46127e+02   -3.63269e+05    6.97415e+04   -2.93527e+05
  Conserved En.    Temperature Pres. DC (bar) Pressure (bar)   Constr. rmsd
   -2.92323e+05    3.01200e+02   -1.93511e+02   -2.49010e+01    2.75600e-06

           Step           Time
          17500       35.00000

   Energies (kJ/mol)
           Bond            U-B    Proper Dih.  Improper Dih.      CMAP Dih.
    4.10087e+02    1.02549e+03    7.24449e+02    4.85469e+01   -1.91133e+02
          LJ-14     Coulomb-14        LJ (SR)  Disper. corr.   Coulomb (SR)
    5.11777e+02    9.31938e+03    5.63578e+04   -3.26330e+03   -4.30890e+05
   Coul. recip. Position Rest.      Potential    Kinetic En.   Total Energy
    2.36340e+03    1.46241e+02   -3.63437e+05    6.90991e+04   -2.94338e+05
  Conserved En.    Temperature Pres. DC (bar) Pressure (bar)   Constr. rmsd
   -2.92314e+05    2.98426e+02   -1.93413e+02   -9.04981e+01    2.32456e-06

           Step           Time
          18000       36.00000

   Energies (kJ/mol)
           Bond            U-B    Proper Dih.  Improper Dih.      CMAP Dih.
    4.35739e+02    1.07267e+03    7.62205e+02    6.56087e+01   -2.03646e+02
          LJ-14     Coulomb-14        LJ (SR)  Disper. corr.   Coulomb (SR)
    4.60158e+02    9.23160e+03    5.73951e+04   -3.27439e+03   -4.31487e+05
   Coul. recip. Position Rest.      Potential    Kinetic En.   Total Energy
    2.39531e+03    1.37871e+02   -3.63009e+05    6.95745e+04   -2.93434e+05
  Conserved En.    Temperature Pres. DC (bar) Pressure (bar)   Constr. rmsd
   -2.92320e+05    3.00479e+02   -1.94728e+02    1.32519e+02    2.71573e-06

           Step           Time
          18500       37.00000

   Energies (kJ/mol)
           Bond            U-B    Proper Dih.  Improper Dih.      CMAP Dih.
    4.48221e+02    1.09486e+03    7.84504e+02    7.44587e+01   -2.00361e+02
          LJ-14     Coulomb-14        LJ (SR)  Disper. corr.   Coulomb (SR)
    4.62309e+02    9.20642e+03    5.61916e+04   -3.25755e+03   -4.29810e+05
   Coul. recip. Position Rest.      Potential    Kinetic En.   Total Energy
    2.31463e+03    1.32392e+02   -3.62559e+05    6.98446e+04   -2.92714e+05
  Conserved En.    Temperature Pres. DC (bar) Pressure (bar)   Constr. rmsd
   -2.92314e+05    3.01646e+02   -1.92733e+02   -2.10248e+02    2.74018e-06

Writing checkpoint, step 18900 at Thu Oct 29 00:58:07 2020


           Step           Time
          19000       38.00000

   Energies (kJ/mol)
           Bond            U-B    Proper Dih.  Improper Dih.      CMAP Dih.
    3.78291e+02    1.09505e+03    7.73725e+02    5.27020e+01   -2.09598e+02
          LJ-14     Coulomb-14        LJ (SR)  Disper. corr.   Coulomb (SR)
    5.06579e+02    9.20921e+03    5.65288e+04   -3.25481e+03   -4.29979e+05
   Coul. recip. Position Rest.      Potential    Kinetic En.   Total Energy
    2.47107e+03    1.45317e+02   -3.62283e+05    7.02989e+04   -2.91984e+05
  Conserved En.    Temperature Pres. DC (bar) Pressure (bar)   Constr. rmsd
   -2.92328e+05    3.03608e+02   -1.92409e+02    1.08353e+02    2.72417e-06

           Step           Time
          19500       39.00000

   Energies (kJ/mol)
           Bond            U-B    Proper Dih.  Improper Dih.      CMAP Dih.
    4.73356e+02    1.04537e+03    7.34243e+02    7.18910e+01   -1.89236e+02
          LJ-14     Coulomb-14        LJ (SR)  Disper. corr.   Coulomb (SR)
    4.47280e+02    9.20257e+03    5.65197e+04   -3.25672e+03   -4.29324e+05
   Coul. recip. Position Rest.      Potential    Kinetic En.   Total Energy
    2.46242e+03    1.36519e+02   -3.61676e+05    6.94211e+04   -2.92255e+05
  Conserved En.    Temperature Pres. DC (bar) Pressure (bar)   Constr. rmsd
   -2.92316e+05    2.99817e+02   -1.92634e+02   -6.24682e+01    2.34274e-06

           Step           Time
          20000       40.00000

   Energies (kJ/mol)
           Bond            U-B    Proper Dih.  Improper Dih.      CMAP Dih.
    4.44430e+02    1.10307e+03    6.89115e+02    5.92928e+01   -2.00581e+02
          LJ-14     Coulomb-14        LJ (SR)  Disper. corr.   Coulomb (SR)
    4.70702e+02    9.18921e+03    5.61617e+04   -3.28578e+03   -4.30663e+05
   Coul. recip. Position Rest.      Potential    Kinetic En.   Total Energy
    2.33061e+03    1.36441e+02   -3.63564e+05    6.98228e+04   -2.93742e+05
  Conserved En.    Temperature Pres. DC (bar) Pressure (bar)   Constr. rmsd
   -2.92318e+05    3.01551e+02   -1.96084e+02   -1.52987e+01    2.29493e-06

           Step           Time
          20500       41.00000

   Energies (kJ/mol)
           Bond            U-B    Proper Dih.  Improper Dih.      CMAP Dih.
    4.31452e+02    1.06425e+03    7.32947e+02    4.89348e+01   -2.04504e+02
          LJ-14     Coulomb-14        LJ (SR)  Disper. corr.   Coulomb (SR)
    4.53018e+02    9.18198e+03    5.61436e+04   -3.25564e+03   -4.30061e+05
   Coul. recip. Position Rest.      Potential    Kinetic En.   Total Energy
    2.38629e+03    1.12471e+02   -3.62966e+05    6.83512e+04   -2.94615e+05
  Conserved En.    Temperature Pres. DC (bar) Pressure (bar)   Constr. rmsd
   -2.92307e+05    2.95196e+02   -1.92508e+02   -1.59064e+02    2.50666e-06

           Step           Time
          21000       42.00000

   Energies (kJ/mol)
           Bond            U-B    Proper Dih.  Improper Dih.      CMAP Dih.
    4.46356e+02    1.07802e+03    7.34079e+02    6.59323e+01   -2.13520e+02
          LJ-14     Coulomb-14        LJ (SR)  Disper. corr.   Coulomb (SR)
    5.00095e+02    9.19787e+03    5.75046e+04   -3.27132e+03   -4.32052e+05
   Coul. recip. Position Rest.      Potential    Kinetic En.   Total Energy
    2.37136e+03    1.48856e+02   -3.63489e+05    6.93975e+04   -2.94092e+05
  Conserved En.    Temperature Pres. DC (bar) Pressure (bar)   Constr. rmsd
   -2.92304e+05    2.99715e+02   -1.94364e+02    2.30769e+02    2.96521e-06

           Step           Time
          21500       43.00000

   Energies (kJ/mol)
           Bond            U-B    Proper Dih.  Improper Dih.      CMAP Dih.
    4.35652e+02    9.51177e+02    6.95827e+02    8.36184e+01   -1.92134e+02
          LJ-14     Coulomb-14        LJ (SR)  Disper. corr.   Coulomb (SR)
    4.67370e+02    9.34810e+03    5.74596e+04   -3.28326e+03   -4.32984e+05
   Coul. recip. Position Rest.      Potential    Kinetic En.   Total Energy
    2.40571e+03    1.29988e+02   -3.64483e+05    6.92698e+04   -2.95213e+05
  Conserved En.    Temperature Pres. DC (bar) Pressure (bar)   Constr. rmsd
   -2.92311e+05    2.99163e+02   -1.95783e+02    1.02028e+02    2.63407e-06

           Step           Time
          22000       44.00000

   Energies (kJ/mol)
           Bond            U-B    Proper Dih.  Improper Dih.      CMAP Dih.
    3.70231e+02    1.12287e+03    6.94912e+02    5.79241e+01   -1.95796e+02
          LJ-14     Coulomb-14        LJ (SR)  Disper. corr.   Coulomb (SR)
    4.93054e+02    9.17701e+03    5.69847e+04   -3.27968e+03   -4.31656e+05
   Coul. recip. Position Rest.      Potential    Kinetic En.   Total Energy
    2.39447e+03    1.38533e+02   -3.63698e+05    6.97331e+04   -2.93965e+05
  Conserved En.    Temperature Pres. DC (bar) Pressure (bar)   Constr. rmsd
   -2.92310e+05    3.01164e+02   -1.95357e+02    1.01236e+02    3.19264e-06

           Step           Time
          22500       45.00000

   Energies (kJ/mol)
           Bond            U-B    Proper Dih.  Improper Dih.      CMAP Dih.
    4.04294e+02    1.01932e+03    7.20163e+02    6.11139e+01   -1.95310e+02
          LJ-14     Coulomb-14        LJ (SR)  Disper. corr.   Coulomb (SR)
    4.83056e+02    9.23028e+03    5.61659e+04   -3.27019e+03   -4.29887e+05
   Coul. recip. Position Rest.      Potential    Kinetic En.   Total Energy
    2.47995e+03    1.41577e+02   -3.62647e+05    6.97290e+04   -2.92918e+05
  Conserved En.    Temperature Pres. DC (bar) Pressure (bar)   Constr. rmsd
   -2.92308e+05    3.01146e+02   -1.94229e+02    2.11593e+01    3.49296e-06

           Step           Time
          23000       46.00000

   Energies (kJ/mol)
           Bond            U-B    Proper Dih.  Improper Dih.      CMAP Dih.
    4.35252e+02    1.07467e+03    7.07993e+02    5.29030e+01   -2.04201e+02
          LJ-14     Coulomb-14        LJ (SR)  Disper. corr.   Coulomb (SR)
    4.77665e+02    9.22402e+03    5.74582e+04   -3.26030e+03   -4.31821e+05
   Coul. recip. Position Rest.      Potential    Kinetic En.   Total Energy
    2.28928e+03    1.36858e+02   -3.63429e+05    6.92152e+04   -2.94214e+05
  Conserved En.    Temperature Pres. DC (bar) Pressure (bar)   Constr. rmsd
   -2.92304e+05    2.98927e+02   -1.93058e+02    8.12236e+01    3.02840e-06

           Step           Time
          23500       47.00000

   Energies (kJ/mol)
           Bond            U-B    Proper Dih.  Improper Dih.      CMAP Dih.
    3.69847e+02    1.03347e+03    7.11354e+02    6.07016e+01   -1.99942e+02
          LJ-14     Coulomb-14        LJ (SR)  Disper. corr.   Coulomb (SR)
    5.14347e+02    9.07831e+03    5.57532e+04   -3.26307e+03   -4.30426e+05
   Coul. recip. Position Rest.      Potential    Kinetic En.   Total Energy
    2.41426e+03    1.26048e+02   -3.63827e+05    7.05822e+04   -2.93245e+05
  Conserved En.    Temperature Pres. DC (bar) Pressure (bar)   Constr. rmsd
   -2.92313e+05    3.04831e+02   -1.93385e+02   -1.26664e+02    2.78644e-06

           Step           Time
          24000       48.00000

   Energies (kJ/mol)
           Bond            U-B    Proper Dih.  Improper Dih.      CMAP Dih.
    4.05197e+02    1.04650e+03    7.07276e+02    5.75809e+01   -1.96571e+02
          LJ-14     Coulomb-14        LJ (SR)  Disper. corr.   Coulomb (SR)
    4.69756e+02    9.17859e+03    5.75615e+04   -3.27884e+03   -4.31506e+05
   Coul. recip. Position Rest.      Potential    Kinetic En.   Total Energy
    2.29453e+03    1.56742e+02   -3.63104e+05    6.94014e+04   -2.93703e+05
  Conserved En.    Temperature Pres. DC (bar) Pressure (bar)   Constr. rmsd
   -2.92284e+05    2.99731e+02   -1.95258e+02    2.21153e+02    3.50825e-06

           Step           Time
          24500       49.00000

   Energies (kJ/mol)
           Bond            U-B    Proper Dih.  Improper Dih.      CMAP Dih.
    4.66880e+02    1.06261e+03    6.89186e+02    3.86590e+01   -2.06163e+02
          LJ-14     Coulomb-14        LJ (SR)  Disper. corr.   Coulomb (SR)
    4.99295e+02    9.20395e+03    5.69716e+04   -3.24913e+03   -4.30895e+05
   Coul. recip. Position Rest.      Potential    Kinetic En.   Total Energy
    2.34434e+03    1.43261e+02   -3.62931e+05    6.92946e+04   -2.93636e+05
  Conserved En.    Temperature Pres. DC (bar) Pressure (bar)   Constr. rmsd
   -2.92284e+05    2.99270e+02   -1.91739e+02   -1.26282e+01    2.61086e-06

           Step           Time
          25000       50.00000

   Energies (kJ/mol)
           Bond            U-B    Proper Dih.  Improper Dih.      CMAP Dih.
    3.80263e+02    1.01105e+03    7.27457e+02    6.77659e+01   -2.03769e+02
          LJ-14     Coulomb-14        LJ (SR)  Disper. corr.   Coulomb (SR)
    4.75001e+02    9.16367e+03    5.71816e+04   -3.27316e+03   -4.32009e+05
   Coul. recip. Position Rest.      Potential    Kinetic En.   Total Energy
    2.35101e+03    1.42516e+02   -3.63985e+05    6.89002e+04   -2.95085e+05
  Conserved En.    Temperature Pres. DC (bar) Pressure (bar)   Constr. rmsd
   -2.92277e+05    2.97567e+02   -1.94583e+02    9.15332e+01    2.33641e-06

           Step           Time
          25500       51.00000

   Energies (kJ/mol)
           Bond            U-B    Proper Dih.  Improper Dih.      CMAP Dih.
    4.15183e+02    1.09693e+03    6.99822e+02    5.58859e+01   -2.08723e+02
          LJ-14     Coulomb-14        LJ (SR)  Disper. corr.   Coulomb (SR)
    4.32142e+02    9.25658e+03    5.68772e+04   -3.27161e+03   -4.31977e+05
   Coul. recip. Position Rest.      Potential    Kinetic En.   Total Energy
    2.40767e+03    1.39252e+02   -3.64077e+05    6.96285e+04   -2.94448e+05
  Conserved En.    Temperature Pres. DC (bar) Pressure (bar)   Constr. rmsd
   -2.92274e+05    3.00712e+02   -1.94399e+02   -6.80545e+01    2.49366e-06

           Step           Time
          26000       52.00000

   Energies (kJ/mol)
           Bond            U-B    Proper Dih.  Improper Dih.      CMAP Dih.
    4.32083e+02    1.07287e+03    7.06382e+02    7.33397e+01   -1.89268e+02
          LJ-14     Coulomb-14        LJ (SR)  Disper. corr.   Coulomb (SR)
    4.73975e+02    9.24622e+03    5.64358e+04   -3.25532e+03   -4.29829e+05
   Coul. recip. Position Rest.      Potential    Kinetic En.   Total Energy
    2.37729e+03    1.34445e+02   -3.62321e+05    7.03994e+04   -2.91922e+05
  Conserved En.    Temperature Pres. DC (bar) Pressure (bar)   Constr. rmsd
   -2.92286e+05    3.04041e+02   -1.92470e+02    2.14768e+01    2.44875e-06

           Step           Time
          26500       53.00000

   Energies (kJ/mol)
           Bond            U-B    Proper Dih.  Improper Dih.      CMAP Dih.
    3.70312e+02    1.05599e+03    6.89301e+02    5.25497e+01   -2.03919e+02
          LJ-14     Coulomb-14        LJ (SR)  Disper. corr.   Coulomb (SR)
    5.01164e+02    9.31235e+03    5.59716e+04   -3.27125e+03   -4.30133e+05
   Coul. recip. Position Rest.      Potential    Kinetic En.   Total Energy
    2.42906e+03    1.62844e+02   -3.63063e+05    6.93073e+04   -2.93756e+05
  Conserved En.    Temperature Pres. DC (bar) Pressure (bar)   Constr. rmsd
   -2.92284e+05    2.99325e+02   -1.94356e+02   -4.99597e+01    2.07345e-06

           Step           Time
          27000       54.00000

   Energies (kJ/mol)
           Bond            U-B    Proper Dih.  Improper Dih.      CMAP Dih.
    4.28881e+02    1.09394e+03    7.21982e+02    4.34557e+01   -1.88246e+02
          LJ-14     Coulomb-14        LJ (SR)  Disper. corr.   Coulomb (SR)
    4.77781e+02    9.14803e+03    5.72855e+04   -3.27459e+03   -4.31359e+05
   Coul. recip. Position Rest.      Potential    Kinetic En.   Total Energy
    2.37209e+03    1.26643e+02   -3.63123e+05    6.93629e+04   -2.93760e+05
  Conserved En.    Temperature Pres. DC (bar) Pressure (bar)   Constr. rmsd
   -2.92278e+05    2.99565e+02   -1.94752e+02    1.81639e+02    2.82258e-06

           Step           Time
          27500       55.00000

   Energies (kJ/mol)
           Bond            U-B    Proper Dih.  Improper Dih.      CMAP Dih.
    3.62734e+02    1.00464e+03    7.25820e+02    4.08136e+01   -2.15365e+02
          LJ-14     Coulomb-14        LJ (SR)  Disper. corr.   Coulomb (SR)
    5.09175e+02    9.22851e+03    5.76892e+04   -3.24255e+03   -4.32105e+05
   Coul. recip. Position Rest.      Potential    Kinetic En.   Total Energy
    2.31730e+03    1.15009e+02   -3.63570e+05    6.93959e+04   -2.94174e+05
  Conserved En.    Temperature Pres. DC (bar) Pressure (bar)   Constr. rmsd
   -2.92274e+05    2.99708e+02   -1.90963e+02    1.11288e+02    2.36836e-06

           Step           Time
          28000       56.00000

   Energies (kJ/mol)
           Bond            U-B    Proper Dih.  Improper Dih.      CMAP Dih.
    3.98503e+02    1.07698e+03    7.03359e+02    6.70614e+01   -1.98197e+02
          LJ-14     Coulomb-14        LJ (SR)  Disper. corr.   Coulomb (SR)
    5.04873e+02    9.23341e+03    5.67755e+04   -3.27064e+03   -4.31669e+05
   Coul. recip. Position Rest.      Potential    Kinetic En.   Total Energy
    2.40856e+03    1.43507e+02   -3.63826e+05    6.97825e+04   -2.94044e+05
  Conserved En.    Temperature Pres. DC (bar) Pressure (bar)   Constr. rmsd
   -2.92267e+05    3.01377e+02   -1.94283e+02    4.29906e+01    2.31245e-06

           Step           Time
          28500       57.00000

   Energies (kJ/mol)
           Bond            U-B    Proper Dih.  Improper Dih.      CMAP Dih.
    4.27287e+02    1.09282e+03    7.45617e+02    5.99572e+01   -1.93242e+02
          LJ-14     Coulomb-14        LJ (SR)  Disper. corr.   Coulomb (SR)
    4.91820e+02    9.16326e+03    5.56448e+04   -3.25552e+03   -4.29428e+05
   Coul. recip. Position Rest.      Potential    Kinetic En.   Total Energy
    2.43293e+03    1.71747e+02   -3.62647e+05    6.92919e+04   -2.93355e+05
  Conserved En.    Temperature Pres. DC (bar) Pressure (bar)   Constr. rmsd
   -2.92264e+05    2.99259e+02   -1.92493e+02   -1.86637e+02    3.09300e-06

           Step           Time
          29000       58.00000

   Energies (kJ/mol)
           Bond            U-B    Proper Dih.  Improper Dih.      CMAP Dih.
    3.90799e+02    1.02390e+03    7.18892e+02    6.10506e+01   -2.00702e+02
          LJ-14     Coulomb-14        LJ (SR)  Disper. corr.   Coulomb (SR)
    4.60429e+02    9.23743e+03    5.64228e+04   -3.27793e+03   -4.29984e+05
   Coul. recip. Position Rest.      Potential    Kinetic En.   Total Energy
    2.37986e+03    1.37148e+02   -3.62631e+05    6.93515e+04   -2.93279e+05
  Conserved En.    Temperature Pres. DC (bar) Pressure (bar)   Constr. rmsd
   -2.92264e+05    2.99516e+02   -1.95149e+02    3.68233e+01    2.73391e-06

           Step           Time
          29500       59.00000

   Energies (kJ/mol)
           Bond            U-B    Proper Dih.  Improper Dih.      CMAP Dih.
    4.55368e+02    1.10799e+03    7.20067e+02    6.19674e+01   -1.93865e+02
          LJ-14     Coulomb-14        LJ (SR)  Disper. corr.   Coulomb (SR)
    4.87065e+02    9.17745e+03    5.65087e+04   -3.24152e+03   -4.30109e+05
   Coul. recip. Position Rest.      Potential    Kinetic En.   Total Energy
    2.39085e+03    1.10669e+02   -3.62524e+05    7.02708e+04   -2.92253e+05
  Conserved En.    Temperature Pres. DC (bar) Pressure (bar)   Constr. rmsd
   -2.92262e+05    3.03486e+02   -1.90843e+02   -7.48857e+01    3.16260e-06

           Step           Time
          30000       60.00000

   Energies (kJ/mol)
           Bond            U-B    Proper Dih.  Improper Dih.      CMAP Dih.
    4.18215e+02    1.06758e+03    7.07100e+02    7.28660e+01   -2.17588e+02
          LJ-14     Coulomb-14        LJ (SR)  Disper. corr.   Coulomb (SR)
    4.64998e+02    9.32578e+03    5.64771e+04   -3.26863e+03   -4.30725e+05
   Coul. recip. Position Rest.      Potential    Kinetic En.   Total Energy
    2.44196e+03    1.39847e+02   -3.63096e+05    6.94444e+04   -2.93651e+05
  Conserved En.    Temperature Pres. DC (bar) Pressure (bar)   Constr. rmsd
   -2.92259e+05    2.99917e+02   -1.94044e+02   -6.21821e+01    2.33715e-06

           Step           Time
          30500       61.00000

   Energies (kJ/mol)
           Bond            U-B    Proper Dih.  Improper Dih.      CMAP Dih.
    3.89934e+02    1.03596e+03    6.93967e+02    6.21833e+01   -1.98134e+02
          LJ-14     Coulomb-14        LJ (SR)  Disper. corr.   Coulomb (SR)
    4.44976e+02    9.22826e+03    5.63946e+04   -3.26349e+03   -4.31187e+05
   Coul. recip. Position Rest.      Potential    Kinetic En.   Total Energy
    2.43309e+03    1.36715e+02   -3.63829e+05    6.89911e+04   -2.94838e+05
  Conserved En.    Temperature Pres. DC (bar) Pressure (bar)   Constr. rmsd
   -2.92245e+05    2.97960e+02   -1.93435e+02   -1.57710e+02    2.40467e-06

           Step           Time
          31000       62.00000

   Energies (kJ/mol)
           Bond            U-B    Proper Dih.  Improper Dih.      CMAP Dih.
    4.35401e+02    9.74714e+02    7.21263e+02    5.77831e+01   -1.93550e+02
          LJ-14     Coulomb-14        LJ (SR)  Disper. corr.   Coulomb (SR)
    4.81347e+02    9.12071e+03    5.70125e+04   -3.27350e+03   -4.32291e+05
   Coul. recip. Position Rest.      Potential    Kinetic En.   Total Energy
    2.36751e+03    1.26512e+02   -3.64461e+05    6.96498e+04   -2.94811e+05
  Conserved En.    Temperature Pres. DC (bar) Pressure (bar)   Constr. rmsd
   -2.92255e+05    3.00804e+02   -1.94622e+02    6.37393e+01    2.50579e-06

           Step           Time
          31500       63.00000

   Energies (kJ/mol)
           Bond            U-B    Proper Dih.  Improper Dih.      CMAP Dih.
    4.24484e+02    1.01470e+03    7.21037e+02    6.54516e+01   -1.93366e+02
          LJ-14     Coulomb-14        LJ (SR)  Disper. corr.   Coulomb (SR)
    4.84796e+02    9.24812e+03    5.70719e+04   -3.26006e+03   -4.31649e+05
   Coul. recip. Position Rest.      Potential    Kinetic En.   Total Energy
    2.33860e+03    1.58226e+02   -3.63575e+05    6.95165e+04   -2.94059e+05
  Conserved En.    Temperature Pres. DC (bar) Pressure (bar)   Constr. rmsd
   -2.92253e+05    3.00228e+02   -1.93029e+02   -1.13124e+01    2.83704e-06

           Step           Time
          32000       64.00000

   Energies (kJ/mol)
           Bond            U-B    Proper Dih.  Improper Dih.      CMAP Dih.
    3.97342e+02    9.70588e+02    6.83685e+02    8.10216e+01   -1.92634e+02
          LJ-14     Coulomb-14        LJ (SR)  Disper. corr.   Coulomb (SR)
    5.02154e+02    9.27459e+03    5.61832e+04   -3.26198e+03   -4.29798e+05
   Coul. recip. Position Rest.      Potential    Kinetic En.   Total Energy
    2.38917e+03    1.12764e+02   -3.62658e+05    6.88853e+04   -2.93773e+05
  Conserved En.    Temperature Pres. DC (bar) Pressure (bar)   Constr. rmsd
   -2.92256e+05    2.97502e+02   -1.93257e+02   -7.91751e+01    2.56752e-06

           Step           Time
          32500       65.00000

   Energies (kJ/mol)
           Bond            U-B    Proper Dih.  Improper Dih.      CMAP Dih.
    3.89887e+02    1.02785e+03    7.25364e+02    7.83193e+01   -1.94524e+02
          LJ-14     Coulomb-14        LJ (SR)  Disper. corr.   Coulomb (SR)
    4.88508e+02    9.19104e+03    5.66572e+04   -3.26667e+03   -4.30284e+05
   Coul. recip. Position Rest.      Potential    Kinetic En.   Total Energy
    2.29376e+03    1.33413e+02   -3.62760e+05    6.90371e+04   -2.93723e+05
  Conserved En.    Temperature Pres. DC (bar) Pressure (bar)   Constr. rmsd
   -2.92246e+05    2.98158e+02   -1.93812e+02    1.11910e+02    2.44935e-06

           Step           Time
          33000       66.00000

   Energies (kJ/mol)
           Bond            U-B    Proper Dih.  Improper Dih.      CMAP Dih.
    4.02078e+02    1.03973e+03    7.10957e+02    6.12885e+01   -1.95006e+02
          LJ-14     Coulomb-14        LJ (SR)  Disper. corr.   Coulomb (SR)
    4.64430e+02    9.20401e+03    5.60942e+04   -3.24328e+03   -4.30002e+05
   Coul. recip. Position Rest.      Potential    Kinetic En.   Total Energy
    2.42837e+03    1.37702e+02   -3.62897e+05    6.88884e+04   -2.94009e+05
  Conserved En.    Temperature Pres. DC (bar) Pressure (bar)   Constr. rmsd
   -2.92257e+05    2.97516e+02   -1.91050e+02   -1.46626e+02    2.54253e-06

           Step           Time
          33500       67.00000

   Energies (kJ/mol)
           Bond            U-B    Proper Dih.  Improper Dih.      CMAP Dih.
    3.72157e+02    1.02587e+03    7.02762e+02    5.61597e+01   -2.13400e+02
          LJ-14     Coulomb-14        LJ (SR)  Disper. corr.   Coulomb (SR)
    5.01149e+02    9.24104e+03    5.72587e+04   -3.26681e+03   -4.31351e+05
   Coul. recip. Position Rest.      Potential    Kinetic En.   Total Energy
    2.39498e+03    1.45251e+02   -3.63133e+05    6.96062e+04   -2.93526e+05
  Conserved En.    Temperature Pres. DC (bar) Pressure (bar)   Constr. rmsd
   -2.92251e+05    3.00616e+02   -1.93828e+02    1.25066e+02    2.15979e-06

           Step           Time
          34000       68.00000

   Energies (kJ/mol)
           Bond            U-B    Proper Dih.  Improper Dih.      CMAP Dih.
    3.95993e+02    1.12496e+03    7.40617e+02    5.07584e+01   -1.97714e+02
          LJ-14     Coulomb-14        LJ (SR)  Disper. corr.   Coulomb (SR)
    4.90776e+02    9.21247e+03    5.60040e+04   -3.25200e+03   -4.29497e+05
   Coul. recip. Position Rest.      Potential    Kinetic En.   Total Energy
    2.43355e+03    1.36903e+02   -3.62357e+05    6.92409e+04   -2.93116e+05
  Conserved En.    Temperature Pres. DC (bar) Pressure (bar)   Constr. rmsd
   -2.92261e+05    2.99038e+02   -1.92077e+02   -1.95247e+02    2.88996e-06

           Step           Time
          34500       69.00000

   Energies (kJ/mol)
           Bond            U-B    Proper Dih.  Improper Dih.      CMAP Dih.
    3.90185e+02    1.01053e+03    7.24903e+02    5.87157e+01   -1.89707e+02
          LJ-14     Coulomb-14        LJ (SR)  Disper. corr.   Coulomb (SR)
    5.07433e+02    9.29296e+03    5.70330e+04   -3.27323e+03   -4.31016e+05
   Coul. recip. Position Rest.      Potential    Kinetic En.   Total Energy
    2.34903e+03    1.64747e+02   -3.62947e+05    6.97822e+04   -2.93165e+05
  Conserved En.    Temperature Pres. DC (bar) Pressure (bar)   Constr. rmsd
   -2.92228e+05    3.01376e+02   -1.94590e+02    1.52203e+02    2.81016e-06

           Step           Time
          35000       70.00000

   Energies (kJ/mol)
           Bond            U-B    Proper Dih.  Improper Dih.      CMAP Dih.
    3.56309e+02    9.91151e+02    7.27716e+02    4.88773e+01   -1.94966e+02
          LJ-14     Coulomb-14        LJ (SR)  Disper. corr.   Coulomb (SR)
    4.95560e+02    9.22161e+03    5.64089e+04   -3.25101e+03   -4.30109e+05
   Coul. recip. Position Rest.      Potential    Kinetic En.   Total Energy
    2.41028e+03    1.50579e+02   -3.62744e+05    6.83251e+04   -2.94418e+05
  Conserved En.    Temperature Pres. DC (bar) Pressure (bar)   Constr. rmsd
   -2.92229e+05    2.95083e+02   -1.91960e+02   -7.16265e+01    3.32634e-06

           Step           Time
          35500       71.00000

   Energies (kJ/mol)
           Bond            U-B    Proper Dih.  Improper Dih.      CMAP Dih.
    3.98990e+02    9.65664e+02    7.20023e+02    5.35438e+01   -1.86525e+02
          LJ-14     Coulomb-14        LJ (SR)  Disper. corr.   Coulomb (SR)
    4.95205e+02    9.20902e+03    5.73254e+04   -3.26349e+03   -4.31905e+05
   Coul. recip. Position Rest.      Potential    Kinetic En.   Total Energy
    2.36249e+03    1.55823e+02   -3.63669e+05    6.93288e+04   -2.94340e+05
  Conserved En.    Temperature Pres. DC (bar) Pressure (bar)   Constr. rmsd
   -2.92242e+05    2.99418e+02   -1.93435e+02    7.48832e+01    3.01025e-06

           Step           Time
          36000       72.00000

   Energies (kJ/mol)
           Bond            U-B    Proper Dih.  Improper Dih.      CMAP Dih.
    4.18883e+02    1.04022e+03    6.91337e+02    6.36939e+01   -1.94281e+02
          LJ-14     Coulomb-14        LJ (SR)  Disper. corr.   Coulomb (SR)
    4.79499e+02    9.22967e+03    5.61880e+04   -3.26965e+03   -4.30176e+05
   Coul. recip. Position Rest.      Potential    Kinetic En.   Total Energy
    2.38003e+03    1.56373e+02   -3.62992e+05    6.93859e+04   -2.93606e+05
  Conserved En.    Temperature Pres. DC (bar) Pressure (bar)   Constr. rmsd
   -2.92244e+05    2.99665e+02   -1.94165e+02   -5.47236e+01    2.62256e-06

           Step           Time
          36500       73.00000

   Energies (kJ/mol)
           Bond            U-B    Proper Dih.  Improper Dih.      CMAP Dih.
    4.04658e+02    9.82871e+02    7.09848e+02    5.32797e+01   -2.09092e+02
          LJ-14     Coulomb-14        LJ (SR)  Disper. corr.   Coulomb (SR)
    4.64501e+02    9.24186e+03    5.66416e+04   -3.26661e+03   -4.30085e+05
   Coul. recip. Position Rest.      Potential    Kinetic En.   Total Energy
    2.29714e+03    1.46397e+02   -3.62618e+05    6.95467e+04   -2.93072e+05
  Conserved En.    Temperature Pres. DC (bar) Pressure (bar)   Constr. rmsd
   -2.92237e+05    3.00359e+02   -1.93805e+02    8.45980e+01    2.53646e-06

           Step           Time
          37000       74.00000

   Energies (kJ/mol)
           Bond            U-B    Proper Dih.  Improper Dih.      CMAP Dih.
    4.19578e+02    1.02381e+03    7.60150e+02    6.14045e+01   -2.23613e+02
          LJ-14     Coulomb-14        LJ (SR)  Disper. corr.   Coulomb (SR)
    4.94470e+02    9.22701e+03    5.72313e+04   -3.27084e+03   -4.31409e+05
   Coul. recip. Position Rest.      Potential    Kinetic En.   Total Energy
    2.35840e+03    1.44942e+02   -3.63182e+05    6.95667e+04   -2.93616e+05
  Conserved En.    Temperature Pres. DC (bar) Pressure (bar)   Constr. rmsd
   -2.92233e+05    3.00445e+02   -1.94307e+02    1.61920e+02    3.06814e-06

Writing checkpoint, step 37450 at Thu Oct 29 01:13:07 2020


           Step           Time
          37500       75.00000

   Energies (kJ/mol)
           Bond            U-B    Proper Dih.  Improper Dih.      CMAP Dih.
    4.01809e+02    1.05467e+03    7.29779e+02    7.52857e+01   -2.09599e+02
          LJ-14     Coulomb-14        LJ (SR)  Disper. corr.   Coulomb (SR)
    4.93634e+02    9.21058e+03    5.61754e+04   -3.25197e+03   -4.28996e+05
   Coul. recip. Position Rest.      Potential    Kinetic En.   Total Energy
    2.43495e+03    1.34797e+02   -3.61747e+05    6.92808e+04   -2.92466e+05
  Conserved En.    Temperature Pres. DC (bar) Pressure (bar)   Constr. rmsd
   -2.92239e+05    2.99210e+02   -1.92073e+02   -2.70614e+01    2.49453e-06

           Step           Time
          38000       76.00000

   Energies (kJ/mol)
           Bond            U-B    Proper Dih.  Improper Dih.      CMAP Dih.
    4.74542e+02    1.03250e+03    7.42310e+02    5.98745e+01   -1.90831e+02
          LJ-14     Coulomb-14        LJ (SR)  Disper. corr.   Coulomb (SR)
    4.80201e+02    9.16589e+03    5.72040e+04   -3.27443e+03   -4.30396e+05
   Coul. recip. Position Rest.      Potential    Kinetic En.   Total Energy
    2.38635e+03    1.41152e+02   -3.62174e+05    6.95970e+04   -2.92577e+05
  Conserved En.    Temperature Pres. DC (bar) Pressure (bar)   Constr. rmsd
   -2.92225e+05    3.00576e+02   -1.94733e+02    1.04624e+02    3.48559e-06

           Step           Time
          38500       77.00000

   Energies (kJ/mol)
           Bond            U-B    Proper Dih.  Improper Dih.      CMAP Dih.
    4.22898e+02    1.13575e+03    7.56801e+02    4.69231e+01   -2.13311e+02
          LJ-14     Coulomb-14        LJ (SR)  Disper. corr.   Coulomb (SR)
    4.91607e+02    9.24074e+03    5.56784e+04   -3.28524e+03   -4.29417e+05
   Coul. recip. Position Rest.      Potential    Kinetic En.   Total Energy
    2.38834e+03    1.35575e+02   -3.62618e+05    7.02196e+04   -2.92399e+05
  Conserved En.    Temperature Pres. DC (bar) Pressure (bar)   Constr. rmsd
   -2.92231e+05    3.03265e+02   -1.96019e+02   -8.94028e+01    3.22886e-06

           Step           Time
          39000       78.00000

   Energies (kJ/mol)
           Bond            U-B    Proper Dih.  Improper Dih.      CMAP Dih.
    4.18102e+02    1.03075e+03    7.16849e+02    5.44161e+01   -2.15058e+02
          LJ-14     Coulomb-14        LJ (SR)  Disper. corr.   Coulomb (SR)
    4.64516e+02    9.30607e+03    5.72973e+04   -3.26827e+03   -4.31802e+05
   Coul. recip. Position Rest.      Potential    Kinetic En.   Total Energy
    2.38300e+03    1.44928e+02   -3.63469e+05    6.91185e+04   -2.94351e+05
  Conserved En.    Temperature Pres. DC (bar) Pressure (bar)   Constr. rmsd
   -2.92221e+05    2.98510e+02   -1.94002e+02    1.70086e+02    2.52256e-06

           Step           Time
          39500       79.00000

   Energies (kJ/mol)
           Bond            U-B    Proper Dih.  Improper Dih.      CMAP Dih.
    4.01790e+02    1.05202e+03    7.10299e+02    5.81852e+01   -1.89359e+02
          LJ-14     Coulomb-14        LJ (SR)  Disper. corr.   Coulomb (SR)
    4.70042e+02    9.16017e+03    5.66529e+04   -3.26657e+03   -4.30091e+05
   Coul. recip. Position Rest.      Potential    Kinetic En.   Total Energy
    2.39720e+03    1.44787e+02   -3.62500e+05    6.96540e+04   -2.92846e+05
  Conserved En.    Temperature Pres. DC (bar) Pressure (bar)   Constr. rmsd
   -2.92229e+05    3.00822e+02   -1.93800e+02    7.63012e+01    2.64330e-06

           Step           Time
          40000       80.00000

   Energies (kJ/mol)
           Bond            U-B    Proper Dih.  Improper Dih.      CMAP Dih.
    4.62782e+02    1.00976e+03    7.28188e+02    8.17160e+01   -2.21667e+02
          LJ-14     Coulomb-14        LJ (SR)  Disper. corr.   Coulomb (SR)
    4.80124e+02    9.17670e+03    5.67133e+04   -3.27958e+03   -4.30237e+05
   Coul. recip. Position Rest.      Potential    Kinetic En.   Total Energy
    2.27186e+03    1.35053e+02   -3.62678e+05    6.97889e+04   -2.92890e+05
  Conserved En.    Temperature Pres. DC (bar) Pressure (bar)   Constr. rmsd
   -2.92222e+05    3.01405e+02   -1.95345e+02    2.32392e+01    2.54103e-06

           Step           Time
          40500       81.00000

   Energies (kJ/mol)
           Bond            U-B    Proper Dih.  Improper Dih.      CMAP Dih.
    3.91390e+02    1.07010e+03    7.05980e+02    5.45760e+01   -1.96355e+02
          LJ-14     Coulomb-14        LJ (SR)  Disper. corr.   Coulomb (SR)
    5.09953e+02    9.19743e+03    5.74574e+04   -3.27419e+03   -4.31409e+05
   Coul. recip. Position Rest.      Potential    Kinetic En.   Total Energy
    2.32195e+03    1.62267e+02   -3.63008e+05    6.94971e+04   -2.93511e+05
  Conserved En.    Temperature Pres. DC (bar) Pressure (bar)   Constr. rmsd
   -2.92217e+05    3.00145e+02   -1.94704e+02    2.03481e+02    2.45492e-06

           Step           Time
          41000       82.00000

   Energies (kJ/mol)
           Bond            U-B    Proper Dih.  Improper Dih.      CMAP Dih.
    3.46120e+02    1.06185e+03    6.76614e+02    4.67734e+01   -1.90787e+02
          LJ-14     Coulomb-14        LJ (SR)  Disper. corr.   Coulomb (SR)
    5.00432e+02    9.28015e+03    5.58938e+04   -3.26194e+03   -4.30189e+05
   Coul. recip. Position Rest.      Potential    Kinetic En.   Total Energy
    2.35990e+03    1.42158e+02   -3.63334e+05    6.96030e+04   -2.93731e+05
  Conserved En.    Temperature Pres. DC (bar) Pressure (bar)   Constr. rmsd
   -2.92225e+05    3.00602e+02   -1.93252e+02   -1.15059e+02    2.84228e-06

           Step           Time
          41500       83.00000

   Energies (kJ/mol)
           Bond            U-B    Proper Dih.  Improper Dih.      CMAP Dih.
    4.38143e+02    1.07093e+03    7.08417e+02    7.81470e+01   -1.80124e+02
          LJ-14     Coulomb-14        LJ (SR)  Disper. corr.   Coulomb (SR)
    4.84259e+02    9.29302e+03    5.59231e+04   -3.25724e+03   -4.29437e+05
   Coul. recip. Position Rest.      Potential    Kinetic En.   Total Energy
    2.37786e+03    1.60706e+02   -3.62340e+05    7.02370e+04   -2.92103e+05
  Conserved En.    Temperature Pres. DC (bar) Pressure (bar)   Constr. rmsd
   -2.92220e+05    3.03340e+02   -1.92696e+02   -7.84948e+01    2.85483e-06

           Step           Time
          42000       84.00000

   Energies (kJ/mol)
           Bond            U-B    Proper Dih.  Improper Dih.      CMAP Dih.
    4.05014e+02    1.04204e+03    7.21605e+02    8.16463e+01   -2.00948e+02
          LJ-14     Coulomb-14        LJ (SR)  Disper. corr.   Coulomb (SR)
    5.13324e+02    9.23085e+03    5.70922e+04   -3.27051e+03   -4.30641e+05
   Coul. recip. Position Rest.      Potential    Kinetic En.   Total Energy
    2.43789e+03    1.34299e+02   -3.62454e+05    6.95240e+04   -2.92930e+05
  Conserved En.    Temperature Pres. DC (bar) Pressure (bar)   Constr. rmsd
   -2.92206e+05    3.00261e+02   -1.94268e+02    1.49560e+02    2.61176e-06

           Step           Time
          42500       85.00000

   Energies (kJ/mol)
           Bond            U-B    Proper Dih.  Improper Dih.      CMAP Dih.
    4.80875e+02    1.01125e+03    7.23777e+02    6.42854e+01   -1.95980e+02
          LJ-14     Coulomb-14        LJ (SR)  Disper. corr.   Coulomb (SR)
    4.59210e+02    9.19757e+03    5.67963e+04   -3.27118e+03   -4.30691e+05
   Coul. recip. Position Rest.      Potential    Kinetic En.   Total Energy
    2.41161e+03    1.60070e+02   -3.62853e+05    6.95915e+04   -2.93262e+05
  Conserved En.    Temperature Pres. DC (bar) Pressure (bar)   Constr. rmsd
   -2.92215e+05    3.00552e+02   -1.94347e+02    7.97783e+01    2.26844e-06

           Step           Time
          43000       86.00000

   Energies (kJ/mol)
           Bond            U-B    Proper Dih.  Improper Dih.      CMAP Dih.
    4.49688e+02    1.07528e+03    7.04822e+02    5.28002e+01   -2.03628e+02
          LJ-14     Coulomb-14        LJ (SR)  Disper. corr.   Coulomb (SR)
    5.13091e+02    9.13199e+03    5.69714e+04   -3.26620e+03   -4.31316e+05
   Coul. recip. Position Rest.      Potential    Kinetic En.   Total Energy
    2.37711e+03    1.38123e+02   -3.63371e+05    6.95195e+04   -2.93852e+05
  Conserved En.    Temperature Pres. DC (bar) Pressure (bar)   Constr. rmsd
   -2.92211e+05    3.00242e+02   -1.93756e+02    1.28605e+01    2.14135e-06

           Step           Time
          43500       87.00000

   Energies (kJ/mol)
           Bond            U-B    Proper Dih.  Improper Dih.      CMAP Dih.
    3.68304e+02    9.72364e+02    6.49468e+02    4.82216e+01   -1.95004e+02
          LJ-14     Coulomb-14        LJ (SR)  Disper. corr.   Coulomb (SR)
    4.76425e+02    9.31861e+03    5.66913e+04   -3.27065e+03   -4.31909e+05
   Coul. recip. Position Rest.      Potential    Kinetic En.   Total Energy
    2.32035e+03    1.36292e+02   -3.64394e+05    6.95633e+04   -2.94831e+05
  Conserved En.    Temperature Pres. DC (bar) Pressure (bar)   Constr. rmsd
   -2.92215e+05    3.00431e+02   -1.94284e+02   -3.69420e+01    2.42366e-06

           Step           Time
          44000       88.00000

   Energies (kJ/mol)
           Bond            U-B    Proper Dih.  Improper Dih.      CMAP Dih.
    4.07121e+02    1.08715e+03    7.35497e+02    5.22974e+01   -2.15104e+02
          LJ-14     Coulomb-14        LJ (SR)  Disper. corr.   Coulomb (SR)
    4.73783e+02    9.20602e+03    5.62293e+04   -3.26599e+03   -4.29983e+05
   Coul. recip. Position Rest.      Potential    Kinetic En.   Total Energy
    2.38934e+03    1.44369e+02   -3.62739e+05    6.93686e+04   -2.93370e+05
  Conserved En.    Temperature Pres. DC (bar) Pressure (bar)   Constr. rmsd
   -2.92208e+05    2.99590e+02   -1.93731e+02   -1.12130e+02    2.82604e-06

           Step           Time
          44500       89.00000

   Energies (kJ/mol)
           Bond            U-B    Proper Dih.  Improper Dih.      CMAP Dih.
    4.05693e+02    1.04415e+03    7.15490e+02    5.96079e+01   -1.84367e+02
          LJ-14     Coulomb-14        LJ (SR)  Disper. corr.   Coulomb (SR)
    4.66449e+02    9.26994e+03    5.70495e+04   -3.26660e+03   -4.31836e+05
   Coul. recip. Position Rest.      Potential    Kinetic En.   Total Energy
    2.34740e+03    1.45965e+02   -3.63782e+05    6.89892e+04   -2.94793e+05
  Conserved En.    Temperature Pres. DC (bar) Pressure (bar)   Constr. rmsd
   -2.92207e+05    2.97951e+02   -1.93804e+02   -1.51559e+01    2.35706e-06

           Step           Time
          45000       90.00000

   Energies (kJ/mol)
           Bond            U-B    Proper Dih.  Improper Dih.      CMAP Dih.
    4.12844e+02    1.10531e+03    6.91165e+02    6.29600e+01   -1.97713e+02
          LJ-14     Coulomb-14        LJ (SR)  Disper. corr.   Coulomb (SR)
    4.76407e+02    9.21414e+03    5.60599e+04   -3.27405e+03   -4.29337e+05
   Coul. recip. Position Rest.      Potential    Kinetic En.   Total Energy
    2.42662e+03    1.54348e+02   -3.62205e+05    6.93150e+04   -2.92890e+05
  Conserved En.    Temperature Pres. DC (bar) Pressure (bar)   Constr. rmsd
   -2.92210e+05    2.99358e+02   -1.94687e+02    2.99693e+01    2.41816e-06

           Step           Time
          45500       91.00000

   Energies (kJ/mol)
           Bond            U-B    Proper Dih.  Improper Dih.      CMAP Dih.
    4.44145e+02    1.04504e+03    7.37634e+02    8.34980e+01   -2.13435e+02
          LJ-14     Coulomb-14        LJ (SR)  Disper. corr.   Coulomb (SR)
    4.68573e+02    9.18409e+03    5.72008e+04   -3.26671e+03   -4.31020e+05
   Coul. recip. Position Rest.      Potential    Kinetic En.   Total Energy
    2.39924e+03    1.31595e+02   -3.62806e+05    6.99305e+04   -2.92875e+05
  Conserved En.    Temperature Pres. DC (bar) Pressure (bar)   Constr. rmsd
   -2.92209e+05    3.02017e+02   -1.93817e+02    6.85884e+01    3.02705e-06

           Step           Time
          46000       92.00000

   Energies (kJ/mol)
           Bond            U-B    Proper Dih.  Improper Dih.      CMAP Dih.
    4.33577e+02    1.06518e+03    7.08388e+02    6.55303e+01   -2.06753e+02
          LJ-14     Coulomb-14        LJ (SR)  Disper. corr.   Coulomb (SR)
    4.44023e+02    9.27124e+03    5.71679e+04   -3.25244e+03   -4.31672e+05
   Coul. recip. Position Rest.      Potential    Kinetic En.   Total Energy
    2.35338e+03    1.46530e+02   -3.63475e+05    6.97424e+04   -2.93733e+05
  Conserved En.    Temperature Pres. DC (bar) Pressure (bar)   Constr. rmsd
   -2.92215e+05    3.01204e+02   -1.92129e+02   -3.63551e+01    2.83133e-06

           Step           Time
          46500       93.00000

   Energies (kJ/mol)
           Bond            U-B    Proper Dih.  Improper Dih.      CMAP Dih.
    3.78356e+02    1.02717e+03    7.06592e+02    4.28376e+01   -1.95029e+02
          LJ-14     Coulomb-14        LJ (SR)  Disper. corr.   Coulomb (SR)
    5.00712e+02    9.24862e+03    5.76210e+04   -3.26638e+03   -4.32521e+05
   Coul. recip. Position Rest.      Potential    Kinetic En.   Total Energy
    2.38029e+03    1.54925e+02   -3.63922e+05    6.88315e+04   -2.95090e+05
  Conserved En.    Temperature Pres. DC (bar) Pressure (bar)   Constr. rmsd
   -2.92192e+05    2.97270e+02   -1.93778e+02    2.14998e+02    2.19271e-06

           Step           Time
          47000       94.00000

   Energies (kJ/mol)
           Bond            U-B    Proper Dih.  Improper Dih.      CMAP Dih.
    3.89834e+02    9.92495e+02    7.35615e+02    6.53071e+01   -2.11083e+02
          LJ-14     Coulomb-14        LJ (SR)  Disper. corr.   Coulomb (SR)
    4.77181e+02    9.32370e+03    5.64933e+04   -3.26022e+03   -4.30764e+05
   Coul. recip. Position Rest.      Potential    Kinetic En.   Total Energy
    2.37832e+03    1.55078e+02   -3.63225e+05    6.90583e+04   -2.94167e+05
  Conserved En.    Temperature Pres. DC (bar) Pressure (bar)   Constr. rmsd
   -2.92198e+05    2.98250e+02   -1.93049e+02   -7.50978e+01    2.71261e-06

           Step           Time
          47500       95.00000

   Energies (kJ/mol)
           Bond            U-B    Proper Dih.  Improper Dih.      CMAP Dih.
    4.03297e+02    1.08312e+03    7.11395e+02    5.19141e+01   -1.94382e+02
          LJ-14     Coulomb-14        LJ (SR)  Disper. corr.   Coulomb (SR)
    4.61062e+02    9.27503e+03    5.59747e+04   -3.26356e+03   -4.29225e+05
   Coul. recip. Position Rest.      Potential    Kinetic En.   Total Energy
    2.34771e+03    1.41819e+02   -3.62233e+05    6.93733e+04   -2.92860e+05
  Conserved En.    Temperature Pres. DC (bar) Pressure (bar)   Constr. rmsd
   -2.92205e+05    2.99610e+02   -1.93444e+02   -7.62666e+01    2.55805e-06

           Step           Time
          48000       96.00000

   Energies (kJ/mol)
           Bond            U-B    Proper Dih.  Improper Dih.      CMAP Dih.
    4.48936e+02    1.03908e+03    7.02365e+02    6.02743e+01   -2.05581e+02
          LJ-14     Coulomb-14        LJ (SR)  Disper. corr.   Coulomb (SR)
    4.81386e+02    9.28724e+03    5.62879e+04   -3.26522e+03   -4.30766e+05
   Coul. recip. Position Rest.      Potential    Kinetic En.   Total Energy
    2.31609e+03    1.40286e+02   -3.63473e+05    6.98964e+04   -2.93576e+05
  Conserved En.    Temperature Pres. DC (bar) Pressure (bar)   Constr. rmsd
   -2.92192e+05    3.01869e+02   -1.93640e+02   -2.55741e+01    2.90486e-06

           Step           Time
          48500       97.00000

   Energies (kJ/mol)
           Bond            U-B    Proper Dih.  Improper Dih.      CMAP Dih.
    3.75368e+02    1.00536e+03    7.47951e+02    5.00283e+01   -1.94301e+02
          LJ-14     Coulomb-14        LJ (SR)  Disper. corr.   Coulomb (SR)
    4.94544e+02    9.28401e+03    5.59356e+04   -3.26298e+03   -4.29579e+05
   Coul. recip. Position Rest.      Potential    Kinetic En.   Total Energy
    2.36647e+03    1.20719e+02   -3.62656e+05    6.86792e+04   -2.93977e+05
  Conserved En.    Temperature Pres. DC (bar) Pressure (bar)   Constr. rmsd
   -2.92191e+05    2.96612e+02   -1.93375e+02   -5.95584e+01    2.20083e-06

           Step           Time
          49000       98.00000

   Energies (kJ/mol)
           Bond            U-B    Proper Dih.  Improper Dih.      CMAP Dih.
    4.04978e+02    1.06182e+03    7.42777e+02    5.13871e+01   -1.84975e+02
          LJ-14     Coulomb-14        LJ (SR)  Disper. corr.   Coulomb (SR)
    5.04464e+02    9.10986e+03    5.61792e+04   -3.27263e+03   -4.30221e+05
   Coul. recip. Position Rest.      Potential    Kinetic En.   Total Energy
    2.29720e+03    1.16418e+02   -3.63211e+05    6.90991e+04   -2.94112e+05
  Conserved En.    Temperature Pres. DC (bar) Pressure (bar)   Constr. rmsd
   -2.92196e+05    2.98426e+02   -1.94520e+02    9.70233e+00    2.28999e-06

           Step           Time
          49500       99.00000

   Energies (kJ/mol)
           Bond            U-B    Proper Dih.  Improper Dih.      CMAP Dih.
    4.57342e+02    1.03663e+03    7.09900e+02    6.68655e+01   -1.87855e+02
          LJ-14     Coulomb-14        LJ (SR)  Disper. corr.   Coulomb (SR)
    4.96074e+02    9.16647e+03    5.56873e+04   -3.26567e+03   -4.29691e+05
   Coul. recip. Position Rest.      Potential    Kinetic En.   Total Energy
    2.37428e+03    1.36847e+02   -3.63013e+05    6.95015e+04   -2.93511e+05
  Conserved En.    Temperature Pres. DC (bar) Pressure (bar)   Constr. rmsd
   -2.92196e+05    3.00164e+02   -1.93693e+02   -1.84567e+02    2.28503e-06

           Step           Time
          50000      100.00000

Writing checkpoint, step 50000 at Thu Oct 29 01:23:19 2020


   Energies (kJ/mol)
           Bond            U-B    Proper Dih.  Improper Dih.      CMAP Dih.
    4.12353e+02    1.09975e+03    7.22951e+02    7.59621e+01   -1.96704e+02
          LJ-14     Coulomb-14        LJ (SR)  Disper. corr.   Coulomb (SR)
    4.70654e+02    9.11397e+03    5.61418e+04   -3.26304e+03   -4.30262e+05
   Coul. recip. Position Rest.      Potential    Kinetic En.   Total Energy
    2.38472e+03    1.23139e+02   -3.63177e+05    6.95934e+04   -2.93583e+05
  Conserved En.    Temperature Pres. DC (bar) Pressure (bar)   Constr. rmsd
   -2.92194e+05    3.00561e+02   -1.93382e+02   -1.24632e+02    2.64910e-06


	<======  ###############  ==>
	<====  A V E R A G E S  ====>
	<==  ###############  ======>

	Statistics over 50001 steps using 501 frames

   Energies (kJ/mol)
           Bond            U-B    Proper Dih.  Improper Dih.      CMAP Dih.
    4.11782e+02    1.03896e+03    7.20451e+02    5.95190e+01   -1.97009e+02
          LJ-14     Coulomb-14        LJ (SR)  Disper. corr.   Coulomb (SR)
    4.85815e+02    9.23699e+03    5.65532e+04   -3.26600e+03   -4.30597e+05
   Coul. recip. Position Rest.      Potential    Kinetic En.   Total Energy
    2.37270e+03    1.38156e+02   -3.63043e+05    6.94487e+04   -2.93594e+05
  Conserved En.    Temperature Pres. DC (bar) Pressure (bar)   Constr. rmsd
   -2.92285e+05    2.99936e+02   -1.93734e+02    1.05358e+00    0.00000e+00

          Box-X          Box-Y          Box-Z
    6.54430e+00    6.54430e+00    6.54430e+00

   Total Virial (kJ/mol)
    2.31718e+04   -2.02393e+01    4.63534e+01
   -2.03984e+01    2.31962e+04   -8.68356e+00
    4.61685e+01   -9.00768e+00    2.30582e+04

   Pressure (bar)
   -8.32064e-03    2.24528e+00   -5.24938e+00
    2.26406e+00   -6.90701e+00    2.13259e+00
   -5.22763e+00    2.17075e+00    1.00761e+01

      T-Protein  T-non-Protein
    2.99831e+02    2.99938e+02


	M E G A - F L O P S   A C C O U N T I N G

 NB=Group-cutoff nonbonded kernels    NxN=N-by-N cluster Verlet kernels
 RF=Reaction-Field  VdW=Van der Waals  QSTab=quadratic-spline table
 W3=SPC/TIP3p  W4=TIP4p (single or pairs)
 V&F=Potential and force  V=Potential only  F=Force only

 Computing:                               M-Number         M-Flops  % Flops
-----------------------------------------------------------------------------
 Pair Search distance check            9131.821374       82186.392     0.3
 NxN QSTab Elec. + LJ [F]            347981.775064    14267252.778    51.1
 NxN QSTab Elec. + LJ [V&F]            3521.958920      207795.576     0.7
 NxN QSTab Elec. [F]                 329114.652344    11189898.180    40.1
 NxN QSTab Elec. [V&F]                 3330.890408      136566.507     0.5
 1,4 nonbonded interactions              66.001320        5940.119     0.0
 Calc Weights                          4158.383166      149701.794     0.5
 Spread Q Bspline                     88712.174208      177424.348     0.6
 Gather F Bspline                     88712.174208      532273.045     1.9
 3D-FFT                              119854.197036      958833.576     3.4
 Solve PME                               88.201764        5644.913     0.0
 Shift-X                                 27.749722         166.498     0.0
 Bonds                                   13.000260         767.015     0.0
 Propers                                 55.301106       12663.953     0.0
 Impropers                                3.700074         769.615     0.0
 Pos. Restr.                             12.800256         640.013     0.0
 Virial                                 138.862767        2499.530     0.0
 Stop-CM                                 13.888722         138.887     0.0
 Calc-Ekin                              277.275444        7486.437     0.0
 Lincs                                   12.800256         768.015     0.0
 Lincs-Mat                               68.401368         273.605     0.0
 Constraint-V                          1386.127722       11089.022     0.0
 Constraint-Vir                         137.357466        3296.579     0.0
 Settle                                 453.509070      146483.430     0.5
 CMAP                                     1.500030        2550.051     0.0
 Urey-Bradley                            46.000920        8418.168     0.0
-----------------------------------------------------------------------------
 Total                                                27911528.048   100.0
-----------------------------------------------------------------------------


     R E A L   C Y C L E   A N D   T I M E   A C C O U N T I N G

On 1 MPI rank, each using 4 OpenMP threads

 Computing:          Num   Num      Call    Wall time         Giga-Cycles
                     Ranks Threads  Count      (s)         total sum    %
-----------------------------------------------------------------------------
 Neighbor search        1    4       1001      30.066        192.425   1.2
 Force                  1    4      50001    2021.384      12936.859  83.8
 PME mesh               1    4      50001     283.356       1813.477  11.7
 NB X/F buffer ops.     1    4      99001      29.118        186.355   1.2
 Write traj.            1    4        103       2.786         17.829   0.1
 Update                 1    4      50001      13.839         88.568   0.6
 Constraints            1    4      50001      24.225        155.041   1.0
 Rest                                           8.315         53.216   0.3
-----------------------------------------------------------------------------
 Total                                       2413.089      15443.770 100.0
-----------------------------------------------------------------------------
 Breakdown of PME mesh computation
-----------------------------------------------------------------------------
 PME spread             1    4      50001      98.086        627.752   4.1
 PME gather             1    4      50001     117.418        751.477   4.9
 PME 3D-FFT             1    4     100002      54.210        346.946   2.2
 PME solve Elec         1    4      50001      12.577         80.491   0.5
-----------------------------------------------------------------------------

               Core t (s)   Wall t (s)        (%)
       Time:     9652.355     2413.089      400.0
                         40:13
                 (ns/day)    (hour/ns)
Performance:        3.581        6.703
Finished mdrun on rank 0 Thu Oct 29 01:23:19 2020

