                      :-) GROMACS - gmx mdrun, 2020.3 (-:

                            GROMACS is written by:
     Emile Apol      Rossen Apostolov      Paul Bauer     Herman J.C. Berendsen
    Par Bjelkmar      Christian Blau   Viacheslav Bolnykh     Kevin Boyd    
 Aldert van Buuren   Rudi van Drunen     Anton Feenstra       Alan Gray     
  Gerrit Groenhof     Anca Hamuraru    Vincent Hindriksen  M. Eric Irrgang  
  Aleksei Iupinov   Christoph Junghans     Joe Jordan     Dimitrios Karkoulis
    Peter Kasson        Jiri Kraus      Carsten Kutzner      Per Larsson    
  Justin A. Lemkul    Viveca Lindahl    Magnus Lundborg     Erik Marklund   
    Pascal Merz     Pieter Meulenhoff    Teemu Murtola       Szilard Pall   
    Sander Pronk      Roland Schulz      Michael Shirts    Alexey Shvetsov  
   Alfons Sijbers     Peter Tieleman      Jon Vincent      Teemu Virolainen 
 Christian Wennberg    Maarten Wolf      Artem Zhmurov   
                           and the project leaders:
        Mark Abraham, Berk Hess, Erik Lindahl, and David van der Spoel

Copyright (c) 1991-2000, University of Groningen, The Netherlands.
Copyright (c) 2001-2019, The GROMACS development team at
Uppsala University, Stockholm University and
the Royal Institute of Technology, Sweden.
check out http://www.gromacs.org for more information.

GROMACS is free software; you can redistribute it and/or modify it
under the terms of the GNU Lesser General Public License
as published by the Free Software Foundation; either version 2.1
of the License, or (at your option) any later version.

GROMACS:      gmx mdrun, version 2020.3
Executable:   /usr/local/gromacs/bin/gmx
Data prefix:  /usr/local/gromacs
Working dir:  /home/alan/Documentos/estancia/pdb/procesados/ab
Process ID:   10935
Command line:
  gmx mdrun -v -deffnm md_0_1

GROMACS version:    2020.3
Verified release checksum is c0599e547549c2d0ef4fc678dc5a26ad0000eab045e938fed756f9ff5b99a197
Precision:          single
Memory model:       64 bit
MPI library:        thread_mpi
OpenMP support:     enabled (GMX_OPENMP_MAX_THREADS = 64)
GPU support:        disabled
SIMD instructions:  SSE4.1
FFT library:        fftw-3.3.8-sse2
RDTSCP usage:       enabled
TNG support:        enabled
Hwloc support:      hwloc-2.2.0
Tracing support:    disabled
C compiler:         /usr/bin/cc GNU 10.2.0
C compiler flags:   -msse4.1 -fexcess-precision=fast -funroll-all-loops -O3 -DNDEBUG
C++ compiler:       /usr/bin/c++ GNU 10.2.0
C++ compiler flags: -msse4.1 -fexcess-precision=fast -funroll-all-loops -fopenmp -O3 -DNDEBUG


Running on 1 node with total 4 cores, 4 logical cores
Hardware detected:
  CPU info:
    Vendor: Intel
    Brand:  Intel(R) Pentium(R) CPU  N3710  @ 1.60GHz
    Family: 6   Model: 76   Stepping: 4
    Features: aes apic clfsh cmov cx8 cx16 htt intel lahf mmx msr nonstop_tsc pclmuldq pdcm popcnt pse rdrnd rdtscp sse2 sse3 sse4.1 sse4.2 ssse3 tdt
  Hardware topology: Full, with devices
    Sockets, cores, and logical processors:
      Socket  0: [   0] [   1] [   2] [   3]
    Numa nodes:
      Node  0 (4035821568 bytes mem):   0   1   2   3
      Latency:
               0
         0  1.00
    Caches:
      L1: 24576 bytes, linesize 64 bytes, assoc. 6, shared 1 ways
      L2: 1048576 bytes, linesize 64 bytes, assoc. 16, shared 2 ways
    PCI devices:
      0000:00:02.0  Id: 8086:22b1  Class: 0x0300  Numa: 0
      0000:00:13.0  Id: 8086:22a3  Class: 0x0106  Numa: 0
      0000:02:00.0  Id: 8086:3166  Class: 0x0280  Numa: 0
      0000:03:00.0  Id: 10ec:8136  Class: 0x0200  Numa: 0


++++ PLEASE READ AND CITE THE FOLLOWING REFERENCE ++++
M. J. Abraham, T. Murtola, R. Schulz, S. Páll, J. C. Smith, B. Hess, E.
Lindahl
GROMACS: High performance molecular simulations through multi-level
parallelism from laptops to supercomputers
SoftwareX 1 (2015) pp. 19-25
-------- -------- --- Thank You --- -------- --------


++++ PLEASE READ AND CITE THE FOLLOWING REFERENCE ++++
S. Páll, M. J. Abraham, C. Kutzner, B. Hess, E. Lindahl
Tackling Exascale Software Challenges in Molecular Dynamics Simulations with
GROMACS
In S. Markidis & E. Laure (Eds.), Solving Software Challenges for Exascale 8759 (2015) pp. 3-27
-------- -------- --- Thank You --- -------- --------


++++ PLEASE READ AND CITE THE FOLLOWING REFERENCE ++++
S. Pronk, S. Páll, R. Schulz, P. Larsson, P. Bjelkmar, R. Apostolov, M. R.
Shirts, J. C. Smith, P. M. Kasson, D. van der Spoel, B. Hess, and E. Lindahl
GROMACS 4.5: a high-throughput and highly parallel open source molecular
simulation toolkit
Bioinformatics 29 (2013) pp. 845-54
-------- -------- --- Thank You --- -------- --------


++++ PLEASE READ AND CITE THE FOLLOWING REFERENCE ++++
B. Hess and C. Kutzner and D. van der Spoel and E. Lindahl
GROMACS 4: Algorithms for highly efficient, load-balanced, and scalable
molecular simulation
J. Chem. Theory Comput. 4 (2008) pp. 435-447
-------- -------- --- Thank You --- -------- --------


++++ PLEASE READ AND CITE THE FOLLOWING REFERENCE ++++
D. van der Spoel, E. Lindahl, B. Hess, G. Groenhof, A. E. Mark and H. J. C.
Berendsen
GROMACS: Fast, Flexible and Free
J. Comp. Chem. 26 (2005) pp. 1701-1719
-------- -------- --- Thank You --- -------- --------


++++ PLEASE READ AND CITE THE FOLLOWING REFERENCE ++++
E. Lindahl and B. Hess and D. van der Spoel
GROMACS 3.0: A package for molecular simulation and trajectory analysis
J. Mol. Mod. 7 (2001) pp. 306-317
-------- -------- --- Thank You --- -------- --------


++++ PLEASE READ AND CITE THE FOLLOWING REFERENCE ++++
H. J. C. Berendsen, D. van der Spoel and R. van Drunen
GROMACS: A message-passing parallel molecular dynamics implementation
Comp. Phys. Comm. 91 (1995) pp. 43-56
-------- -------- --- Thank You --- -------- --------


++++ PLEASE CITE THE DOI FOR THIS VERSION OF GROMACS ++++
https://doi.org/10.5281/zenodo.3923645
-------- -------- --- Thank You --- -------- --------

Input Parameters:
   integrator                     = md
   tinit                          = 0
   dt                             = 0.002
   nsteps                         = 500000
   init-step                      = 0
   simulation-part                = 1
   comm-mode                      = Linear
   nstcomm                        = 100
   bd-fric                        = 0
   ld-seed                        = -378218580
   emtol                          = 10
   emstep                         = 0.01
   niter                          = 20
   fcstep                         = 0
   nstcgsteep                     = 1000
   nbfgscorr                      = 10
   rtpi                           = 0.05
   nstxout                        = 0
   nstvout                        = 0
   nstfout                        = 0
   nstlog                         = 5000
   nstcalcenergy                  = 100
   nstenergy                      = 5000
   nstxout-compressed             = 5000
   compressed-x-precision         = 1000
   cutoff-scheme                  = Verlet
   nstlist                        = 10
   pbc                            = xyz
   periodic-molecules             = false
   verlet-buffer-tolerance        = 0.005
   rlist                          = 1
   coulombtype                    = PME
   coulomb-modifier               = Potential-shift
   rcoulomb-switch                = 0
   rcoulomb                       = 1
   epsilon-r                      = 1
   epsilon-rf                     = inf
   vdw-type                       = Cut-off
   vdw-modifier                   = Potential-shift
   rvdw-switch                    = 0
   rvdw                           = 1
   DispCorr                       = EnerPres
   table-extension                = 1
   fourierspacing                 = 0.16
   fourier-nx                     = 40
   fourier-ny                     = 40
   fourier-nz                     = 40
   pme-order                      = 4
   ewald-rtol                     = 1e-05
   ewald-rtol-lj                  = 0.001
   lj-pme-comb-rule               = Geometric
   ewald-geometry                 = 0
   epsilon-surface                = 0
   tcoupl                         = V-rescale
   nsttcouple                     = 10
   nh-chain-length                = 0
   print-nose-hoover-chain-variables = false
   pcoupl                         = Parrinello-Rahman
   pcoupltype                     = Isotropic
   nstpcouple                     = 10
   tau-p                          = 2
   compressibility (3x3):
      compressibility[    0]={ 4.50000e-05,  0.00000e+00,  0.00000e+00}
      compressibility[    1]={ 0.00000e+00,  4.50000e-05,  0.00000e+00}
      compressibility[    2]={ 0.00000e+00,  0.00000e+00,  4.50000e-05}
   ref-p (3x3):
      ref-p[    0]={ 1.00000e+00,  0.00000e+00,  0.00000e+00}
      ref-p[    1]={ 0.00000e+00,  1.00000e+00,  0.00000e+00}
      ref-p[    2]={ 0.00000e+00,  0.00000e+00,  1.00000e+00}
   refcoord-scaling               = No
   posres-com (3):
      posres-com[0]= 0.00000e+00
      posres-com[1]= 0.00000e+00
      posres-com[2]= 0.00000e+00
   posres-comB (3):
      posres-comB[0]= 0.00000e+00
      posres-comB[1]= 0.00000e+00
      posres-comB[2]= 0.00000e+00
   QMMM                           = false
   QMconstraints                  = 0
   QMMMscheme                     = 0
   MMChargeScaleFactor            = 1
qm-opts:
   ngQM                           = 0
   constraint-algorithm           = Lincs
   continuation                   = true
   Shake-SOR                      = false
   shake-tol                      = 0.0001
   lincs-order                    = 4
   lincs-iter                     = 1
   lincs-warnangle                = 30
   nwall                          = 0
   wall-type                      = 9-3
   wall-r-linpot                  = -1
   wall-atomtype[0]               = -1
   wall-atomtype[1]               = -1
   wall-density[0]                = 0
   wall-density[1]                = 0
   wall-ewald-zfac                = 3
   pull                           = false
   awh                            = false
   rotation                       = false
   interactiveMD                  = false
   disre                          = No
   disre-weighting                = Conservative
   disre-mixed                    = false
   dr-fc                          = 1000
   dr-tau                         = 0
   nstdisreout                    = 100
   orire-fc                       = 0
   orire-tau                      = 0
   nstorireout                    = 100
   free-energy                    = no
   cos-acceleration               = 0
   deform (3x3):
      deform[    0]={ 0.00000e+00,  0.00000e+00,  0.00000e+00}
      deform[    1]={ 0.00000e+00,  0.00000e+00,  0.00000e+00}
      deform[    2]={ 0.00000e+00,  0.00000e+00,  0.00000e+00}
   simulated-tempering            = false
   swapcoords                     = no
   userint1                       = 0
   userint2                       = 0
   userint3                       = 0
   userint4                       = 0
   userreal1                      = 0
   userreal2                      = 0
   userreal3                      = 0
   userreal4                      = 0
   applied-forces:
     electric-field:
       x:
         E0                       = 0
         omega                    = 0
         t0                       = 0
         sigma                    = 0
       y:
         E0                       = 0
         omega                    = 0
         t0                       = 0
         sigma                    = 0
       z:
         E0                       = 0
         omega                    = 0
         t0                       = 0
         sigma                    = 0
     density-guided-simulation:
       active                     = false
       group                      = protein
       similarity-measure         = inner-product
       atom-spreading-weight      = unity
       force-constant             = 1e+09
       gaussian-transform-spreading-width = 0.2
       gaussian-transform-spreading-range-in-multiples-of-width = 4
       reference-density-filename = reference.mrc
       nst                        = 1
       normalize-densities        = true
       adaptive-force-scaling     = false
       adaptive-force-scaling-time-constant = 4
grpopts:
   nrdf:     1121.93     49179.1
   ref-t:         300         300
   tau-t:         0.1         0.1
annealing:          No          No
annealing-npoints:           0           0
   acc:	           0           0           0
   nfreeze:           N           N           N
   energygrp-flags[  0]: 0

Changing nstlist from 10 to 50, rlist from 1 to 1.11

Using 1 MPI thread

Non-default thread affinity set, disabling internal thread affinity

Using 4 OpenMP threads 

System total charge: 0.000
Will do PME sum in reciprocal space for electrostatic interactions.

++++ PLEASE READ AND CITE THE FOLLOWING REFERENCE ++++
U. Essmann, L. Perera, M. L. Berkowitz, T. Darden, H. Lee and L. G. Pedersen 
A smooth particle mesh Ewald method
J. Chem. Phys. 103 (1995) pp. 8577-8592
-------- -------- --- Thank You --- -------- --------

Using a Gaussian width (1/beta) of 0.320163 nm for Ewald
Potential shift: LJ r^-12: -1.000e+00 r^-6: -1.000e+00, Ewald -1.000e-05
Initialized non-bonded Ewald tables, spacing: 9.33e-04 size: 1073

Generated table with 1055 data points for 1-4 COUL.
Tabscale = 500 points/nm
Generated table with 1055 data points for 1-4 LJ6.
Tabscale = 500 points/nm
Generated table with 1055 data points for 1-4 LJ12.
Tabscale = 500 points/nm

Using SIMD 4x4 nonbonded short-range kernels

Using a dual 4x4 pair-list setup updated with dynamic pruning:
  outer list: updated every 50 steps, buffer 0.110 nm, rlist 1.110 nm
  inner list: updated every 12 steps, buffer 0.003 nm, rlist 1.003 nm
At tolerance 0.005 kJ/mol/ps per atom, equivalent classical 1x1 list would be:
  outer list: updated every 50 steps, buffer 0.236 nm, rlist 1.236 nm
  inner list: updated every 12 steps, buffer 0.048 nm, rlist 1.048 nm

Using Lorentz-Berthelot Lennard-Jones combination rule

Long Range LJ corr.: <C6> 2.8419e-04


Initializing LINear Constraint Solver

++++ PLEASE READ AND CITE THE FOLLOWING REFERENCE ++++
B. Hess and H. Bekker and H. J. C. Berendsen and J. G. E. M. Fraaije
LINCS: A Linear Constraint Solver for molecular simulations
J. Comp. Chem. 18 (1997) pp. 1463-1472
-------- -------- --- Thank You --- -------- --------

The number of constraints is 246

++++ PLEASE READ AND CITE THE FOLLOWING REFERENCE ++++
S. Miyamoto and P. A. Kollman
SETTLE: An Analytical Version of the SHAKE and RATTLE Algorithms for Rigid
Water Models
J. Comp. Chem. 13 (1992) pp. 952-962
-------- -------- --- Thank You --- -------- --------


++++ PLEASE READ AND CITE THE FOLLOWING REFERENCE ++++
G. Bussi, D. Donadio and M. Parrinello
Canonical sampling through velocity rescaling
J. Chem. Phys. 126 (2007) pp. 014101
-------- -------- --- Thank You --- -------- --------

There are: 25046 Atoms
Center of mass motion removal mode is Linear
We have the following groups for center of mass motion removal:
  0:  rest

Started mdrun on rank 0 Fri Oct 30 07:50:26 2020

           Step           Time
              0        0.00000

   Energies (kJ/mol)
           Bond            U-B    Proper Dih.  Improper Dih.      CMAP Dih.
    3.55947e+02    1.06866e+03    6.07963e+02    5.61278e+01   -1.92551e+02
          LJ-14     Coulomb-14        LJ (SR)  Disper. corr.   Coulomb (SR)
    1.44038e+02    8.73671e+03    5.10079e+04   -2.97328e+03   -3.90126e+05
   Coul. recip.      Potential    Kinetic En.   Total Energy  Conserved En.
    2.11612e+03   -3.29199e+05    6.23278e+04   -2.66871e+05   -2.66856e+05
    Temperature Pres. DC (bar) Pressure (bar)   Constr. rmsd
    2.98058e+02   -1.97056e+02    1.89463e+01    3.76182e-06

           Step           Time
           5000       10.00000

   Energies (kJ/mol)
           Bond            U-B    Proper Dih.  Improper Dih.      CMAP Dih.
    3.32718e+02    1.03027e+03    5.73641e+02    6.35303e+01   -2.20366e+02
          LJ-14     Coulomb-14        LJ (SR)  Disper. corr.   Coulomb (SR)
    1.51461e+02    8.91574e+03    5.14068e+04   -2.95207e+03   -3.91669e+05
   Coul. recip.      Potential    Kinetic En.   Total Energy  Conserved En.
    2.14043e+03   -3.30227e+05    6.26741e+04   -2.67553e+05   -2.66837e+05
    Temperature Pres. DC (bar) Pressure (bar)   Constr. rmsd
    2.99714e+02   -1.94258e+02   -5.97919e+00    2.46158e-06

           Step           Time
          10000       20.00000

   Energies (kJ/mol)
           Bond            U-B    Proper Dih.  Improper Dih.      CMAP Dih.
    2.79155e+02    9.81384e+02    5.26585e+02    3.75998e+01   -1.91547e+02
          LJ-14     Coulomb-14        LJ (SR)  Disper. corr.   Coulomb (SR)
    1.76746e+02    8.94602e+03    5.12470e+04   -2.95391e+03   -3.91098e+05
   Coul. recip.      Potential    Kinetic En.   Total Energy  Conserved En.
    2.12761e+03   -3.29921e+05    6.21726e+04   -2.67749e+05   -2.66792e+05
    Temperature Pres. DC (bar) Pressure (bar)   Constr. rmsd
    2.97316e+02   -1.94500e+02    7.23993e+01    2.91867e-06

           Step           Time
          15000       30.00000

   Energies (kJ/mol)
           Bond            U-B    Proper Dih.  Improper Dih.      CMAP Dih.
    3.25586e+02    1.10720e+03    5.55083e+02    5.18343e+01   -2.53190e+02
          LJ-14     Coulomb-14        LJ (SR)  Disper. corr.   Coulomb (SR)
    1.53577e+02    8.85611e+03    5.12385e+04   -2.94476e+03   -3.90124e+05
   Coul. recip.      Potential    Kinetic En.   Total Energy  Conserved En.
    2.19521e+03   -3.28839e+05    6.20486e+04   -2.66790e+05   -2.66760e+05
    Temperature Pres. DC (bar) Pressure (bar)   Constr. rmsd
    2.96723e+02   -1.93299e+02    5.12665e+01    3.40974e-06

           Step           Time
          20000       40.00000

   Energies (kJ/mol)
           Bond            U-B    Proper Dih.  Improper Dih.      CMAP Dih.
    3.08246e+02    1.09195e+03    5.90924e+02    6.34838e+01   -2.38805e+02
          LJ-14     Coulomb-14        LJ (SR)  Disper. corr.   Coulomb (SR)
    1.40706e+02    8.80405e+03    5.07558e+04   -2.96893e+03   -3.90438e+05
   Coul. recip.      Potential    Kinetic En.   Total Energy  Conserved En.
    2.14418e+03   -3.29747e+05    6.25354e+04   -2.67211e+05   -2.66726e+05
    Temperature Pres. DC (bar) Pressure (bar)   Constr. rmsd
    2.99051e+02   -1.96481e+02   -2.75116e+00    3.03252e-06

Writing checkpoint, step 24000 at Fri Oct 30 08:05:28 2020


           Step           Time
          25000       50.00000

   Energies (kJ/mol)
           Bond            U-B    Proper Dih.  Improper Dih.      CMAP Dih.
    3.89612e+02    1.12339e+03    6.07937e+02    8.25254e+01   -2.36218e+02
          LJ-14     Coulomb-14        LJ (SR)  Disper. corr.   Coulomb (SR)
    1.31702e+02    8.82666e+03    5.07919e+04   -2.93097e+03   -3.89762e+05
   Coul. recip.      Potential    Kinetic En.   Total Energy  Conserved En.
    2.15436e+03   -3.28821e+05    6.24355e+04   -2.66385e+05   -2.66668e+05
    Temperature Pres. DC (bar) Pressure (bar)   Constr. rmsd
    2.98573e+02   -1.91496e+02   -1.67405e+02    2.35170e-06

           Step           Time
          30000       60.00000

   Energies (kJ/mol)
           Bond            U-B    Proper Dih.  Improper Dih.      CMAP Dih.
    3.49786e+02    1.11253e+03    5.06888e+02    6.98972e+01   -2.37535e+02
          LJ-14     Coulomb-14        LJ (SR)  Disper. corr.   Coulomb (SR)
    1.41329e+02    8.77114e+03    5.14862e+04   -2.93581e+03   -3.91279e+05
   Coul. recip.      Potential    Kinetic En.   Total Energy  Conserved En.
    2.11792e+03   -3.29897e+05    6.26338e+04   -2.67263e+05   -2.66635e+05
    Temperature Pres. DC (bar) Pressure (bar)   Constr. rmsd
    2.99522e+02   -1.92127e+02   -2.97694e+01    2.88689e-06

           Step           Time
          35000       70.00000

   Energies (kJ/mol)
           Bond            U-B    Proper Dih.  Improper Dih.      CMAP Dih.
    3.16021e+02    1.03781e+03    5.17777e+02    6.01827e+01   -2.18437e+02
          LJ-14     Coulomb-14        LJ (SR)  Disper. corr.   Coulomb (SR)
    1.47505e+02    8.72085e+03    5.10949e+04   -2.95144e+03   -3.91533e+05
   Coul. recip.      Potential    Kinetic En.   Total Energy  Conserved En.
    2.16010e+03   -3.30647e+05    6.20141e+04   -2.68633e+05   -2.66613e+05
    Temperature Pres. DC (bar) Pressure (bar)   Constr. rmsd
    2.96558e+02   -1.94176e+02   -1.58127e+02    3.03901e-06

           Step           Time
          40000       80.00000

   Energies (kJ/mol)
           Bond            U-B    Proper Dih.  Improper Dih.      CMAP Dih.
    2.89016e+02    1.20268e+03    5.28520e+02    5.25822e+01   -1.97546e+02
          LJ-14     Coulomb-14        LJ (SR)  Disper. corr.   Coulomb (SR)
    1.60096e+02    8.82307e+03    5.08810e+04   -2.95855e+03   -3.90240e+05
   Coul. recip.      Potential    Kinetic En.   Total Energy  Conserved En.
    2.19183e+03   -3.29267e+05    6.26538e+04   -2.66613e+05   -2.66575e+05
    Temperature Pres. DC (bar) Pressure (bar)   Constr. rmsd
    2.99617e+02   -1.95112e+02    1.38628e+01    2.42656e-06

Writing checkpoint, step 40600 at Fri Oct 30 08:20:28 2020


           Step           Time
          45000       90.00000

   Energies (kJ/mol)
           Bond            U-B    Proper Dih.  Improper Dih.      CMAP Dih.
    3.13784e+02    1.12403e+03    5.42264e+02    8.69896e+01   -2.21424e+02
          LJ-14     Coulomb-14        LJ (SR)  Disper. corr.   Coulomb (SR)
    1.42247e+02    8.80064e+03    5.17787e+04   -2.94301e+03   -3.91134e+05
   Coul. recip.      Potential    Kinetic En.   Total Energy  Conserved En.
    2.15245e+03   -3.29357e+05    6.36414e+04   -2.65716e+05   -2.66562e+05
    Temperature Pres. DC (bar) Pressure (bar)   Constr. rmsd
    3.04340e+02   -1.93070e+02    1.17141e+02    2.96063e-06

           Step           Time
          50000      100.00000

   Energies (kJ/mol)
           Bond            U-B    Proper Dih.  Improper Dih.      CMAP Dih.
    3.12492e+02    1.00103e+03    5.61706e+02    6.74579e+01   -2.23431e+02
          LJ-14     Coulomb-14        LJ (SR)  Disper. corr.   Coulomb (SR)
    1.73544e+02    8.88905e+03    5.19752e+04   -2.94978e+03   -3.91397e+05
   Coul. recip.      Potential    Kinetic En.   Total Energy  Conserved En.
    2.09170e+03   -3.29498e+05    6.30737e+04   -2.66424e+05   -2.66518e+05
    Temperature Pres. DC (bar) Pressure (bar)   Constr. rmsd
    3.01625e+02   -1.93958e+02    2.01705e+02    3.06479e-06

Writing checkpoint, step 51050 at Fri Oct 30 08:35:28 2020


           Step           Time
          55000      110.00000

   Energies (kJ/mol)
           Bond            U-B    Proper Dih.  Improper Dih.      CMAP Dih.
    3.04853e+02    9.44455e+02    5.33027e+02    6.20018e+01   -2.29355e+02
          LJ-14     Coulomb-14        LJ (SR)  Disper. corr.   Coulomb (SR)
    1.82194e+02    8.89969e+03    5.18742e+04   -2.94806e+03   -3.92089e+05
   Coul. recip.      Potential    Kinetic En.   Total Energy  Conserved En.
    2.11019e+03   -3.30355e+05    6.22466e+04   -2.68109e+05   -2.66469e+05
    Temperature Pres. DC (bar) Pressure (bar)   Constr. rmsd
    2.97670e+02   -1.93732e+02    1.06962e+02    2.51940e-06

           Step           Time
          60000      120.00000

   Energies (kJ/mol)
           Bond            U-B    Proper Dih.  Improper Dih.      CMAP Dih.
    3.32099e+02    1.10549e+03    5.21457e+02    6.32355e+01   -2.44907e+02
          LJ-14     Coulomb-14        LJ (SR)  Disper. corr.   Coulomb (SR)
    1.67333e+02    8.83356e+03    5.14759e+04   -2.93732e+03   -3.91253e+05
   Coul. recip.      Potential    Kinetic En.   Total Energy  Conserved En.
    2.14083e+03   -3.29795e+05    6.30302e+04   -2.66765e+05   -2.66450e+05
    Temperature Pres. DC (bar) Pressure (bar)   Constr. rmsd
    3.01417e+02   -1.92325e+02   -2.30890e+01    2.83588e-06

Writing checkpoint, step 64000 at Fri Oct 30 08:50:29 2020


           Step           Time
          65000      130.00000

   Energies (kJ/mol)
           Bond            U-B    Proper Dih.  Improper Dih.      CMAP Dih.
    3.19670e+02    1.05374e+03    5.32292e+02    5.39151e+01   -2.67918e+02
          LJ-14     Coulomb-14        LJ (SR)  Disper. corr.   Coulomb (SR)
    1.63709e+02    8.80240e+03    5.10340e+04   -2.93558e+03   -3.90673e+05
   Coul. recip.      Potential    Kinetic En.   Total Energy  Conserved En.
    2.09796e+03   -3.29819e+05    6.31158e+04   -2.66704e+05   -2.66424e+05
    Temperature Pres. DC (bar) Pressure (bar)   Constr. rmsd
    3.01826e+02   -1.92097e+02   -1.10705e+02    3.45241e-06

           Step           Time
          70000      140.00000

   Energies (kJ/mol)
           Bond            U-B    Proper Dih.  Improper Dih.      CMAP Dih.
    3.74005e+02    1.00236e+03    5.58521e+02    7.13382e+01   -2.81130e+02
          LJ-14     Coulomb-14        LJ (SR)  Disper. corr.   Coulomb (SR)
    1.45460e+02    8.89004e+03    5.10065e+04   -2.93423e+03   -3.89676e+05
   Coul. recip.      Potential    Kinetic En.   Total Energy  Conserved En.
    2.19078e+03   -3.28652e+05    6.30418e+04   -2.65610e+05   -2.66380e+05
    Temperature Pres. DC (bar) Pressure (bar)   Constr. rmsd
    3.01473e+02   -1.91921e+02   -8.64214e+01    3.09194e-06

Writing checkpoint, step 72750 at Fri Oct 30 09:05:28 2020


           Step           Time
          75000      150.00000

   Energies (kJ/mol)
           Bond            U-B    Proper Dih.  Improper Dih.      CMAP Dih.
    3.01498e+02    1.00901e+03    5.22488e+02    4.01839e+01   -2.52788e+02
          LJ-14     Coulomb-14        LJ (SR)  Disper. corr.   Coulomb (SR)
    1.85511e+02    8.82321e+03    5.22870e+04   -2.93542e+03   -3.92935e+05
   Coul. recip.      Potential    Kinetic En.   Total Energy  Conserved En.
    2.13925e+03   -3.30815e+05    6.25773e+04   -2.68238e+05   -2.66336e+05
    Temperature Pres. DC (bar) Pressure (bar)   Constr. rmsd
    2.99251e+02   -1.92076e+02    1.62916e+02    2.66004e-06

           Step           Time
          80000      160.00000

   Energies (kJ/mol)
           Bond            U-B    Proper Dih.  Improper Dih.      CMAP Dih.
    3.46129e+02    1.06622e+03    5.30273e+02    6.58192e+01   -3.00819e+02
          LJ-14     Coulomb-14        LJ (SR)  Disper. corr.   Coulomb (SR)
    1.67594e+02    8.84577e+03    5.11933e+04   -2.94807e+03   -3.90991e+05
   Coul. recip.      Potential    Kinetic En.   Total Energy  Conserved En.
    2.14812e+03   -3.29877e+05    6.25820e+04   -2.67295e+05   -2.66286e+05
    Temperature Pres. DC (bar) Pressure (bar)   Constr. rmsd
    2.99274e+02   -1.93733e+02   -1.33539e+02    3.00626e-06

           Step           Time
          85000      170.00000

   Energies (kJ/mol)
           Bond            U-B    Proper Dih.  Improper Dih.      CMAP Dih.
    3.19755e+02    1.09316e+03    5.33931e+02    6.23617e+01   -2.79281e+02
          LJ-14     Coulomb-14        LJ (SR)  Disper. corr.   Coulomb (SR)
    1.68310e+02    8.80677e+03    5.09091e+04   -2.93761e+03   -3.89402e+05
   Coul. recip.      Potential    Kinetic En.   Total Energy  Conserved En.
    2.23957e+03   -3.28486e+05    6.23724e+04   -2.66114e+05   -2.66272e+05
    Temperature Pres. DC (bar) Pressure (bar)   Constr. rmsd
    2.98271e+02   -1.92363e+02    5.66434e+01    2.66711e-06

           Step           Time
          90000      180.00000

   Energies (kJ/mol)
           Bond            U-B    Proper Dih.  Improper Dih.      CMAP Dih.
    3.38889e+02    1.11916e+03    5.17080e+02    5.26712e+01   -3.00484e+02
          LJ-14     Coulomb-14        LJ (SR)  Disper. corr.   Coulomb (SR)
    1.82621e+02    8.71255e+03    5.10982e+04   -2.93609e+03   -3.89859e+05
   Coul. recip.      Potential    Kinetic En.   Total Energy  Conserved En.
    2.21993e+03   -3.28854e+05    6.24797e+04   -2.66375e+05   -2.66233e+05
    Temperature Pres. DC (bar) Pressure (bar)   Constr. rmsd
    2.98785e+02   -1.92164e+02   -8.32803e+00    3.30299e-06

Writing checkpoint, step 92300 at Fri Oct 30 09:20:28 2020


           Step           Time
          95000      190.00000

   Energies (kJ/mol)
           Bond            U-B    Proper Dih.  Improper Dih.      CMAP Dih.
    3.30684e+02    1.10369e+03    5.40564e+02    7.28581e+01   -3.02611e+02
          LJ-14     Coulomb-14        LJ (SR)  Disper. corr.   Coulomb (SR)
    1.71976e+02    8.84462e+03    5.11895e+04   -2.95530e+03   -3.91052e+05
   Coul. recip.      Potential    Kinetic En.   Total Energy  Conserved En.
    2.17928e+03   -3.29877e+05    6.28866e+04   -2.66991e+05   -2.66190e+05
    Temperature Pres. DC (bar) Pressure (bar)   Constr. rmsd
    3.00730e+02   -1.94684e+02    3.63438e+00    3.35037e-06

           Step           Time
         100000      200.00000

   Energies (kJ/mol)
           Bond            U-B    Proper Dih.  Improper Dih.      CMAP Dih.
    3.55066e+02    1.14881e+03    5.21050e+02    3.66186e+01   -2.58956e+02
          LJ-14     Coulomb-14        LJ (SR)  Disper. corr.   Coulomb (SR)
    1.34239e+02    8.79170e+03    5.17308e+04   -2.96673e+03   -3.91595e+05
   Coul. recip.      Potential    Kinetic En.   Total Energy  Conserved En.
    2.17570e+03   -3.29926e+05    6.21762e+04   -2.67750e+05   -2.66156e+05
    Temperature Pres. DC (bar) Pressure (bar)   Constr. rmsd
    2.97333e+02   -1.96190e+02    9.79628e+01    2.70956e-06

           Step           Time
         105000      210.00000

   Energies (kJ/mol)
           Bond            U-B    Proper Dih.  Improper Dih.      CMAP Dih.
    2.52812e+02    1.06993e+03    4.87406e+02    4.48517e+01   -2.30631e+02
          LJ-14     Coulomb-14        LJ (SR)  Disper. corr.   Coulomb (SR)
    1.75555e+02    8.83679e+03    5.12201e+04   -2.94017e+03   -3.90966e+05
   Coul. recip.      Potential    Kinetic En.   Total Energy  Conserved En.
    2.18216e+03   -3.29867e+05    6.20664e+04   -2.67800e+05   -2.66128e+05
    Temperature Pres. DC (bar) Pressure (bar)   Constr. rmsd
    2.96808e+02   -1.92698e+02    2.88874e+01    3.16477e-06

           Step           Time
         110000      220.00000

   Energies (kJ/mol)
           Bond            U-B    Proper Dih.  Improper Dih.      CMAP Dih.
    3.28543e+02    1.01740e+03    5.39391e+02    4.70068e+01   -2.69716e+02
          LJ-14     Coulomb-14        LJ (SR)  Disper. corr.   Coulomb (SR)
    1.69633e+02    8.87533e+03    5.14736e+04   -2.95065e+03   -3.91514e+05
   Coul. recip.      Potential    Kinetic En.   Total Energy  Conserved En.
    2.22739e+03   -3.30056e+05    6.19745e+04   -2.68082e+05   -2.66081e+05
    Temperature Pres. DC (bar) Pressure (bar)   Constr. rmsd
    2.96369e+02   -1.94073e+02    1.68954e+00    2.84514e-06

Writing checkpoint, step 111900 at Fri Oct 30 09:35:28 2020


           Step           Time
         115000      230.00000

   Energies (kJ/mol)
           Bond            U-B    Proper Dih.  Improper Dih.      CMAP Dih.
    3.07760e+02    9.91339e+02    5.33272e+02    7.80416e+01   -2.80445e+02
          LJ-14     Coulomb-14        LJ (SR)  Disper. corr.   Coulomb (SR)
    1.81873e+02    8.87745e+03    5.09623e+04   -2.94697e+03   -3.91204e+05
   Coul. recip.      Potential    Kinetic En.   Total Energy  Conserved En.
    2.11088e+03   -3.30388e+05    6.24137e+04   -2.67974e+05   -2.66048e+05
    Temperature Pres. DC (bar) Pressure (bar)   Constr. rmsd
    2.98469e+02   -1.93589e+02   -8.51897e+01    2.95883e-06

           Step           Time
         120000      240.00000

   Energies (kJ/mol)
           Bond            U-B    Proper Dih.  Improper Dih.      CMAP Dih.
    3.16618e+02    1.02923e+03    4.57585e+02    5.31311e+01   -2.48448e+02
          LJ-14     Coulomb-14        LJ (SR)  Disper. corr.   Coulomb (SR)
    1.85349e+02    8.85658e+03    5.08750e+04   -2.95740e+03   -3.90344e+05
   Coul. recip.      Potential    Kinetic En.   Total Energy  Conserved En.
    2.19067e+03   -3.29586e+05    6.27330e+04   -2.66853e+05   -2.66024e+05
    Temperature Pres. DC (bar) Pressure (bar)   Constr. rmsd
    2.99996e+02   -1.94960e+02    5.23163e+01    2.94051e-06

           Step           Time
         125000      250.00000

   Energies (kJ/mol)
           Bond            U-B    Proper Dih.  Improper Dih.      CMAP Dih.
    3.13848e+02    1.14327e+03    4.93019e+02    7.26596e+01   -2.33750e+02
          LJ-14     Coulomb-14        LJ (SR)  Disper. corr.   Coulomb (SR)
    1.81732e+02    8.92106e+03    5.11025e+04   -2.94110e+03   -3.89312e+05
   Coul. recip.      Potential    Kinetic En.   Total Energy  Conserved En.
    2.19829e+03   -3.28060e+05    6.26556e+04   -2.65405e+05   -2.65974e+05
    Temperature Pres. DC (bar) Pressure (bar)   Constr. rmsd
    2.99626e+02   -1.92819e+02    1.67340e+02    3.19482e-06

           Step           Time
         130000      260.00000

   Energies (kJ/mol)
           Bond            U-B    Proper Dih.  Improper Dih.      CMAP Dih.
    3.20705e+02    1.00742e+03    5.23463e+02    6.49581e+01   -2.41721e+02
          LJ-14     Coulomb-14        LJ (SR)  Disper. corr.   Coulomb (SR)
    1.81382e+02    8.89296e+03    5.07351e+04   -2.96368e+03   -3.90995e+05
   Coul. recip.      Potential    Kinetic En.   Total Energy  Conserved En.
    2.25234e+03   -3.30222e+05    6.24979e+04   -2.67724e+05   -2.65957e+05
    Temperature Pres. DC (bar) Pressure (bar)   Constr. rmsd
    2.98872e+02   -1.95788e+02   -6.13698e+01    2.33867e-06

Writing checkpoint, step 131500 at Fri Oct 30 09:50:29 2020


           Step           Time
         135000      270.00000

   Energies (kJ/mol)
           Bond            U-B    Proper Dih.  Improper Dih.      CMAP Dih.
    3.56792e+02    9.69362e+02    5.26177e+02    6.01443e+01   -2.55019e+02
          LJ-14     Coulomb-14        LJ (SR)  Disper. corr.   Coulomb (SR)
    1.68125e+02    8.89137e+03    5.23860e+04   -2.93440e+03   -3.91847e+05
   Coul. recip.      Potential    Kinetic En.   Total Energy  Conserved En.
    2.11765e+03   -3.29561e+05    6.28175e+04   -2.66743e+05   -2.65925e+05
    Temperature Pres. DC (bar) Pressure (bar)   Constr. rmsd
    3.00400e+02   -1.91943e+02    1.43981e+02    2.46811e-06

           Step           Time
         140000      280.00000

   Energies (kJ/mol)
           Bond            U-B    Proper Dih.  Improper Dih.      CMAP Dih.
    3.11759e+02    1.07940e+03    5.21499e+02    5.48678e+01   -2.47984e+02
          LJ-14     Coulomb-14        LJ (SR)  Disper. corr.   Coulomb (SR)
    1.58066e+02    8.76018e+03    5.10884e+04   -2.94045e+03   -3.90990e+05
   Coul. recip.      Potential    Kinetic En.   Total Energy  Conserved En.
    2.12277e+03   -3.30082e+05    6.25049e+04   -2.67577e+05   -2.65894e+05
    Temperature Pres. DC (bar) Pressure (bar)   Constr. rmsd
    2.98905e+02   -1.92734e+02   -1.78922e+02    2.98962e-06

           Step           Time
         145000      290.00000

   Energies (kJ/mol)
           Bond            U-B    Proper Dih.  Improper Dih.      CMAP Dih.
    2.41434e+02    1.10258e+03    5.06466e+02    4.93714e+01   -2.35334e+02
          LJ-14     Coulomb-14        LJ (SR)  Disper. corr.   Coulomb (SR)
    1.76952e+02    8.81857e+03    5.08181e+04   -2.94763e+03   -3.90519e+05
   Coul. recip.      Potential    Kinetic En.   Total Energy  Conserved En.
    2.09553e+03   -3.29893e+05    6.19361e+04   -2.67957e+05   -2.65852e+05
    Temperature Pres. DC (bar) Pressure (bar)   Constr. rmsd
    2.96185e+02   -1.93675e+02   -7.29854e+01    2.78856e-06

           Step           Time
         150000      300.00000

   Energies (kJ/mol)
           Bond            U-B    Proper Dih.  Improper Dih.      CMAP Dih.
    3.68462e+02    1.13073e+03    5.14141e+02    4.60942e+01   -2.35224e+02
          LJ-14     Coulomb-14        LJ (SR)  Disper. corr.   Coulomb (SR)
    1.73053e+02    8.83645e+03    5.16465e+04   -2.94383e+03   -3.89906e+05
   Coul. recip.      Potential    Kinetic En.   Total Energy  Conserved En.
    2.15258e+03   -3.28217e+05    6.26043e+04   -2.65613e+05   -2.65819e+05
    Temperature Pres. DC (bar) Pressure (bar)   Constr. rmsd
    2.99380e+02   -1.93178e+02    1.38938e+02    2.66226e-06

Writing checkpoint, step 151250 at Fri Oct 30 10:05:29 2020


           Step           Time
         155000      310.00000

   Energies (kJ/mol)
           Bond            U-B    Proper Dih.  Improper Dih.      CMAP Dih.
    3.34095e+02    1.17850e+03    5.11123e+02    8.01335e+01   -2.43104e+02
          LJ-14     Coulomb-14        LJ (SR)  Disper. corr.   Coulomb (SR)
    1.42068e+02    8.77008e+03    5.09534e+04   -2.94657e+03   -3.90094e+05
   Coul. recip.      Potential    Kinetic En.   Total Energy  Conserved En.
    2.17225e+03   -3.29142e+05    6.27294e+04   -2.66413e+05   -2.65775e+05
    Temperature Pres. DC (bar) Pressure (bar)   Constr. rmsd
    2.99979e+02   -1.93536e+02   -7.08050e+01    2.70184e-06

           Step           Time
         160000      320.00000

   Energies (kJ/mol)
           Bond            U-B    Proper Dih.  Improper Dih.      CMAP Dih.
    2.63342e+02    1.08629e+03    5.24477e+02    6.97955e+01   -2.26480e+02
          LJ-14     Coulomb-14        LJ (SR)  Disper. corr.   Coulomb (SR)
    1.82972e+02    8.76749e+03    5.09897e+04   -2.94395e+03   -3.90193e+05
   Coul. recip.      Potential    Kinetic En.   Total Energy  Conserved En.
    2.19386e+03   -3.29286e+05    6.19842e+04   -2.67301e+05   -2.65740e+05
    Temperature Pres. DC (bar) Pressure (bar)   Constr. rmsd
    2.96415e+02   -1.93193e+02    1.31644e+00    2.80056e-06

           Step           Time
         165000      330.00000

   Energies (kJ/mol)
           Bond            U-B    Proper Dih.  Improper Dih.      CMAP Dih.
    3.48752e+02    1.00432e+03    4.76780e+02    3.80855e+01   -2.08384e+02
          LJ-14     Coulomb-14        LJ (SR)  Disper. corr.   Coulomb (SR)
    1.75693e+02    8.78384e+03    5.12277e+04   -2.94799e+03   -3.90997e+05
   Coul. recip.      Potential    Kinetic En.   Total Energy  Conserved En.
    2.15977e+03   -3.29938e+05    6.22625e+04   -2.67676e+05   -2.65716e+05
    Temperature Pres. DC (bar) Pressure (bar)   Constr. rmsd
    2.97746e+02   -1.93723e+02   -6.22221e+01    2.38338e-06

           Step           Time
         170000      340.00000

   Energies (kJ/mol)
           Bond            U-B    Proper Dih.  Improper Dih.      CMAP Dih.
    3.25456e+02    1.09708e+03    5.07075e+02    6.47583e+01   -2.27386e+02
          LJ-14     Coulomb-14        LJ (SR)  Disper. corr.   Coulomb (SR)
    1.94053e+02    8.83017e+03    5.15892e+04   -2.95219e+03   -3.90471e+05
   Coul. recip.      Potential    Kinetic En.   Total Energy  Conserved En.
    2.19870e+03   -3.28844e+05    6.30021e+04   -2.65842e+05   -2.65693e+05
    Temperature Pres. DC (bar) Pressure (bar)   Constr. rmsd
    3.01283e+02   -1.94274e+02    2.03447e+02    3.65604e-06

Writing checkpoint, step 170900 at Fri Oct 30 10:20:27 2020


           Step           Time
         175000      350.00000

   Energies (kJ/mol)
           Bond            U-B    Proper Dih.  Improper Dih.      CMAP Dih.
    3.01460e+02    1.05527e+03    4.80611e+02    5.18096e+01   -2.11735e+02
          LJ-14     Coulomb-14        LJ (SR)  Disper. corr.   Coulomb (SR)
    1.63697e+02    8.87308e+03    5.13075e+04   -2.96269e+03   -3.90815e+05
   Coul. recip.      Potential    Kinetic En.   Total Energy  Conserved En.
    2.10940e+03   -3.29647e+05    6.27204e+04   -2.66926e+05   -2.65655e+05
    Temperature Pres. DC (bar) Pressure (bar)   Constr. rmsd
    2.99936e+02   -1.95657e+02    9.29048e+01    3.43438e-06

           Step           Time
         180000      360.00000

   Energies (kJ/mol)
           Bond            U-B    Proper Dih.  Improper Dih.      CMAP Dih.
    3.22535e+02    1.02084e+03    4.49371e+02    4.79214e+01   -2.19838e+02
          LJ-14     Coulomb-14        LJ (SR)  Disper. corr.   Coulomb (SR)
    1.97280e+02    8.92928e+03    5.07126e+04   -2.94184e+03   -3.89427e+05
   Coul. recip.      Potential    Kinetic En.   Total Energy  Conserved En.
    2.19566e+03   -3.28713e+05    6.30442e+04   -2.65669e+05   -2.65630e+05
    Temperature Pres. DC (bar) Pressure (bar)   Constr. rmsd
    3.01484e+02   -1.92916e+02   -1.69926e+01    3.14663e-06

           Step           Time
         185000      370.00000

   Energies (kJ/mol)
           Bond            U-B    Proper Dih.  Improper Dih.      CMAP Dih.
    2.84179e+02    1.00688e+03    4.68784e+02    5.91160e+01   -2.30425e+02
          LJ-14     Coulomb-14        LJ (SR)  Disper. corr.   Coulomb (SR)
    2.10920e+02    8.87389e+03    5.17095e+04   -2.94275e+03   -3.91534e+05
   Coul. recip.      Potential    Kinetic En.   Total Energy  Conserved En.
    2.10697e+03   -3.29987e+05    6.23772e+04   -2.67610e+05   -2.65598e+05
    Temperature Pres. DC (bar) Pressure (bar)   Constr. rmsd
    2.98294e+02   -1.93036e+02    2.40353e+01    3.29148e-06

           Step           Time
         190000      380.00000

   Energies (kJ/mol)
           Bond            U-B    Proper Dih.  Improper Dih.      CMAP Dih.
    2.95432e+02    1.06572e+03    4.67148e+02    8.08163e+01   -2.25085e+02
          LJ-14     Coulomb-14        LJ (SR)  Disper. corr.   Coulomb (SR)
    1.85521e+02    8.91935e+03    5.04110e+04   -2.95249e+03   -3.88767e+05
   Coul. recip.      Potential    Kinetic En.   Total Energy  Conserved En.
    2.15599e+03   -3.28363e+05    6.29642e+04   -2.65399e+05   -2.65551e+05
    Temperature Pres. DC (bar) Pressure (bar)   Constr. rmsd
    3.01102e+02   -1.94314e+02    1.01169e+01    2.96615e-06

Writing checkpoint, step 190450 at Fri Oct 30 10:35:28 2020


           Step           Time
         195000      390.00000

   Energies (kJ/mol)
           Bond            U-B    Proper Dih.  Improper Dih.      CMAP Dih.
    3.20198e+02    1.00963e+03    4.97634e+02    6.25089e+01   -2.21098e+02
          LJ-14     Coulomb-14        LJ (SR)  Disper. corr.   Coulomb (SR)
    1.72633e+02    8.82793e+03    5.10328e+04   -2.93396e+03   -3.89759e+05
   Coul. recip.      Potential    Kinetic En.   Total Energy  Conserved En.
    2.14313e+03   -3.28847e+05    6.25572e+04   -2.66290e+05   -2.65532e+05
    Temperature Pres. DC (bar) Pressure (bar)   Constr. rmsd
    2.99155e+02   -1.91886e+02   -3.86489e+01    3.60225e-06

           Step           Time
         200000      400.00000

   Energies (kJ/mol)
           Bond            U-B    Proper Dih.  Improper Dih.      CMAP Dih.
    3.30907e+02    1.09405e+03    4.33332e+02    5.71367e+01   -2.23357e+02
          LJ-14     Coulomb-14        LJ (SR)  Disper. corr.   Coulomb (SR)
    1.87598e+02    8.81357e+03    5.13848e+04   -2.93661e+03   -3.90350e+05
   Coul. recip.      Potential    Kinetic En.   Total Energy  Conserved En.
    2.17603e+03   -3.29032e+05    6.27437e+04   -2.66288e+05   -2.65490e+05
    Temperature Pres. DC (bar) Pressure (bar)   Constr. rmsd
    3.00047e+02   -1.92232e+02   -3.67187e+01    3.13731e-06

           Step           Time
         205000      410.00000

   Energies (kJ/mol)
           Bond            U-B    Proper Dih.  Improper Dih.      CMAP Dih.
    3.64086e+02    1.07698e+03    5.09226e+02    5.94747e+01   -2.57561e+02
          LJ-14     Coulomb-14        LJ (SR)  Disper. corr.   Coulomb (SR)
    1.95644e+02    8.81962e+03    5.24261e+04   -2.93860e+03   -3.91442e+05
   Coul. recip.      Potential    Kinetic En.   Total Energy  Conserved En.
    2.18597e+03   -3.29001e+05    6.29384e+04   -2.66063e+05   -2.65455e+05
    Temperature Pres. DC (bar) Pressure (bar)   Constr. rmsd
    3.00978e+02   -1.92492e+02    2.29332e+02    3.22023e-06

           Step           Time
         210000      420.00000

   Energies (kJ/mol)
           Bond            U-B    Proper Dih.  Improper Dih.      CMAP Dih.
    2.91420e+02    9.90779e+02    4.82712e+02    5.79299e+01   -2.32262e+02
          LJ-14     Coulomb-14        LJ (SR)  Disper. corr.   Coulomb (SR)
    1.83820e+02    8.88217e+03    5.12195e+04   -2.94346e+03   -3.90766e+05
   Coul. recip.      Potential    Kinetic En.   Total Energy  Conserved En.
    2.25819e+03   -3.29575e+05    6.23065e+04   -2.67269e+05   -2.65436e+05
    Temperature Pres. DC (bar) Pressure (bar)   Constr. rmsd
    2.97956e+02   -1.93129e+02    2.99377e+01    3.34381e-06

Writing checkpoint, step 210300 at Fri Oct 30 10:50:27 2020


           Step           Time
         215000      430.00000

   Energies (kJ/mol)
           Bond            U-B    Proper Dih.  Improper Dih.      CMAP Dih.
    2.94541e+02    1.05316e+03    4.73653e+02    8.50712e+01   -2.09910e+02
          LJ-14     Coulomb-14        LJ (SR)  Disper. corr.   Coulomb (SR)
    1.78736e+02    8.82684e+03    5.08525e+04   -2.93521e+03   -3.89958e+05
   Coul. recip.      Potential    Kinetic En.   Total Energy  Conserved En.
    2.15569e+03   -3.29183e+05    6.30245e+04   -2.66159e+05   -2.65400e+05
    Temperature Pres. DC (bar) Pressure (bar)   Constr. rmsd
    3.01390e+02   -1.92049e+02   -8.81315e+01    2.80816e-06

           Step           Time
         220000      440.00000

   Energies (kJ/mol)
           Bond            U-B    Proper Dih.  Improper Dih.      CMAP Dih.
    3.69733e+02    9.69517e+02    5.17852e+02    5.66408e+01   -2.43103e+02
          LJ-14     Coulomb-14        LJ (SR)  Disper. corr.   Coulomb (SR)
    1.85006e+02    8.90027e+03    5.14756e+04   -2.93720e+03   -3.90859e+05
   Coul. recip.      Potential    Kinetic En.   Total Energy  Conserved En.
    2.13247e+03   -3.29432e+05    6.24372e+04   -2.66995e+05   -2.65361e+05
    Temperature Pres. DC (bar) Pressure (bar)   Constr. rmsd
    2.98581e+02   -1.92309e+02    4.02131e+01    3.11425e-06

           Step           Time
         225000      450.00000

   Energies (kJ/mol)
           Bond            U-B    Proper Dih.  Improper Dih.      CMAP Dih.
    2.58442e+02    9.99955e+02    4.93082e+02    8.91953e+01   -2.30836e+02
          LJ-14     Coulomb-14        LJ (SR)  Disper. corr.   Coulomb (SR)
    1.88570e+02    8.90261e+03    5.09555e+04   -2.93826e+03   -3.90421e+05
   Coul. recip.      Potential    Kinetic En.   Total Energy  Conserved En.
    2.16446e+03   -3.29538e+05    6.19680e+04   -2.67570e+05   -2.65336e+05
    Temperature Pres. DC (bar) Pressure (bar)   Constr. rmsd
    2.96338e+02   -1.92447e+02   -5.59581e+01    2.34138e-06

           Step           Time
         230000      460.00000

   Energies (kJ/mol)
           Bond            U-B    Proper Dih.  Improper Dih.      CMAP Dih.
    2.60872e+02    1.09033e+03    5.10565e+02    6.02651e+01   -2.42096e+02
          LJ-14     Coulomb-14        LJ (SR)  Disper. corr.   Coulomb (SR)
    1.91859e+02    8.88468e+03    5.13808e+04   -2.95757e+03   -3.90919e+05
   Coul. recip.      Potential    Kinetic En.   Total Energy  Conserved En.
    2.14217e+03   -3.29597e+05    6.32567e+04   -2.66340e+05   -2.65284e+05
    Temperature Pres. DC (bar) Pressure (bar)   Constr. rmsd
    3.02500e+02   -1.94983e+02    1.84148e+02    3.09354e-06

Writing checkpoint, step 230650 at Fri Oct 30 11:05:28 2020


           Step           Time
         235000      470.00000

   Energies (kJ/mol)
           Bond            U-B    Proper Dih.  Improper Dih.      CMAP Dih.
    3.22735e+02    9.76560e+02    5.07255e+02    6.15072e+01   -2.40352e+02
          LJ-14     Coulomb-14        LJ (SR)  Disper. corr.   Coulomb (SR)
    2.01211e+02    8.89408e+03    5.14425e+04   -2.93796e+03   -3.90844e+05
   Coul. recip.      Potential    Kinetic En.   Total Energy  Conserved En.
    2.11559e+03   -3.29501e+05    6.28080e+04   -2.66693e+05   -2.65243e+05
    Temperature Pres. DC (bar) Pressure (bar)   Constr. rmsd
    3.00355e+02   -1.92408e+02    5.13201e+01    3.86183e-06

           Step           Time
         240000      480.00000

   Energies (kJ/mol)
           Bond            U-B    Proper Dih.  Improper Dih.      CMAP Dih.
    3.47799e+02    1.02835e+03    5.26073e+02    7.13568e+01   -2.38325e+02
          LJ-14     Coulomb-14        LJ (SR)  Disper. corr.   Coulomb (SR)
    1.53174e+02    8.78667e+03    5.14446e+04   -2.93800e+03   -3.90693e+05
   Coul. recip.      Potential    Kinetic En.   Total Energy  Conserved En.
    2.16895e+03   -3.29342e+05    6.28376e+04   -2.66505e+05   -2.65208e+05
    Temperature Pres. DC (bar) Pressure (bar)   Constr. rmsd
    3.00496e+02   -1.92413e+02   -4.27815e+01    2.95922e-06

           Step           Time
         245000      490.00000

   Energies (kJ/mol)
           Bond            U-B    Proper Dih.  Improper Dih.      CMAP Dih.
    2.76786e+02    1.06426e+03    5.05172e+02    4.39740e+01   -2.33208e+02
          LJ-14     Coulomb-14        LJ (SR)  Disper. corr.   Coulomb (SR)
    2.15148e+02    8.92454e+03    5.02390e+04   -2.94118e+03   -3.89234e+05
   Coul. recip.      Potential    Kinetic En.   Total Energy  Conserved En.
    2.10327e+03   -3.29036e+05    6.26480e+04   -2.66388e+05   -2.65181e+05
    Temperature Pres. DC (bar) Pressure (bar)   Constr. rmsd
    2.99589e+02   -1.92829e+02   -1.19836e+02    2.82587e-06

           Step           Time
         250000      500.00000

   Energies (kJ/mol)
           Bond            U-B    Proper Dih.  Improper Dih.      CMAP Dih.
    2.94847e+02    1.12258e+03    4.97605e+02    3.34678e+01   -2.58735e+02
          LJ-14     Coulomb-14        LJ (SR)  Disper. corr.   Coulomb (SR)
    2.00502e+02    8.85343e+03    5.07086e+04   -2.94595e+03   -3.89396e+05
   Coul. recip.      Potential    Kinetic En.   Total Energy  Conserved En.
    2.09509e+03   -3.28794e+05    6.32797e+04   -2.65515e+05   -2.65149e+05
    Temperature Pres. DC (bar) Pressure (bar)   Constr. rmsd
    3.02610e+02   -1.93456e+02   -2.63016e+01    2.98719e-06

Writing checkpoint, step 250950 at Fri Oct 30 11:20:27 2020


           Step           Time
         255000      510.00000

   Energies (kJ/mol)
           Bond            U-B    Proper Dih.  Improper Dih.      CMAP Dih.
    2.45783e+02    1.05124e+03    5.26154e+02    6.35465e+01   -2.41575e+02
          LJ-14     Coulomb-14        LJ (SR)  Disper. corr.   Coulomb (SR)
    1.74811e+02    8.92936e+03    5.16649e+04   -2.93360e+03   -3.91021e+05
   Coul. recip.      Potential    Kinetic En.   Total Energy  Conserved En.
    2.14773e+03   -3.29393e+05    6.28890e+04   -2.66504e+05   -2.65095e+05
    Temperature Pres. DC (bar) Pressure (bar)   Constr. rmsd
    3.00742e+02   -1.91838e+02    1.22360e+02    3.58181e-06

           Step           Time
         260000      520.00000

   Energies (kJ/mol)
           Bond            U-B    Proper Dih.  Improper Dih.      CMAP Dih.
    3.28128e+02    1.02770e+03    5.05858e+02    5.12096e+01   -2.71103e+02
          LJ-14     Coulomb-14        LJ (SR)  Disper. corr.   Coulomb (SR)
    1.85369e+02    8.90679e+03    5.16245e+04   -2.95623e+03   -3.91845e+05
   Coul. recip.      Potential    Kinetic En.   Total Energy  Conserved En.
    2.15629e+03   -3.30286e+05    6.32850e+04   -2.67001e+05   -2.65056e+05
    Temperature Pres. DC (bar) Pressure (bar)   Constr. rmsd
    3.02635e+02   -1.94806e+02    7.66574e+01    2.88642e-06

           Step           Time
         265000      530.00000

   Energies (kJ/mol)
           Bond            U-B    Proper Dih.  Improper Dih.      CMAP Dih.
    3.05613e+02    1.15514e+03    5.01147e+02    6.00358e+01   -2.76283e+02
          LJ-14     Coulomb-14        LJ (SR)  Disper. corr.   Coulomb (SR)
    1.92309e+02    8.83341e+03    5.07574e+04   -2.93441e+03   -3.89516e+05
   Coul. recip.      Potential    Kinetic En.   Total Energy  Conserved En.
    2.16516e+03   -3.28757e+05    6.21031e+04   -2.66654e+05   -2.65014e+05
    Temperature Pres. DC (bar) Pressure (bar)   Constr. rmsd
    2.96984e+02   -1.91944e+02   -6.37861e+01    3.19839e-06

           Step           Time
         270000      540.00000

   Energies (kJ/mol)
           Bond            U-B    Proper Dih.  Improper Dih.      CMAP Dih.
    3.36537e+02    1.05919e+03    4.89739e+02    5.33437e+01   -2.82047e+02
          LJ-14     Coulomb-14        LJ (SR)  Disper. corr.   Coulomb (SR)
    1.62351e+02    8.84526e+03    5.20234e+04   -2.94227e+03   -3.90779e+05
   Coul. recip.      Potential    Kinetic En.   Total Energy  Conserved En.
    2.13089e+03   -3.28902e+05    6.29052e+04   -2.65997e+05   -2.64992e+05
    Temperature Pres. DC (bar) Pressure (bar)   Constr. rmsd
    3.00820e+02   -1.92972e+02    1.33723e+02    3.18581e-06

Writing checkpoint, step 271250 at Fri Oct 30 11:35:28 2020


           Step           Time
         275000      550.00000

   Energies (kJ/mol)
           Bond            U-B    Proper Dih.  Improper Dih.      CMAP Dih.
    3.51436e+02    1.06910e+03    5.02964e+02    7.08646e+01   -2.78330e+02
          LJ-14     Coulomb-14        LJ (SR)  Disper. corr.   Coulomb (SR)
    1.61767e+02    8.83950e+03    5.18970e+04   -2.95050e+03   -3.91786e+05
   Coul. recip.      Potential    Kinetic En.   Total Energy  Conserved En.
    2.12434e+03   -3.29998e+05    6.28599e+04   -2.67138e+05   -2.64967e+05
    Temperature Pres. DC (bar) Pressure (bar)   Constr. rmsd
    3.00602e+02   -1.94053e+02    7.68411e+01    2.86701e-06

           Step           Time
         280000      560.00000

   Energies (kJ/mol)
           Bond            U-B    Proper Dih.  Improper Dih.      CMAP Dih.
    2.98228e+02    1.01481e+03    5.13539e+02    5.33569e+01   -2.65117e+02
          LJ-14     Coulomb-14        LJ (SR)  Disper. corr.   Coulomb (SR)
    1.96859e+02    8.88557e+03    5.02423e+04   -2.93292e+03   -3.88759e+05
   Coul. recip.      Potential    Kinetic En.   Total Energy  Conserved En.
    2.16460e+03   -3.28588e+05    6.19168e+04   -2.66671e+05   -2.64931e+05
    Temperature Pres. DC (bar) Pressure (bar)   Constr. rmsd
    2.96093e+02   -1.91750e+02   -1.93023e+02    2.75689e-06

           Step           Time
         285000      570.00000

   Energies (kJ/mol)
           Bond            U-B    Proper Dih.  Improper Dih.      CMAP Dih.
    3.66078e+02    1.07138e+03    4.84310e+02    4.97438e+01   -2.54688e+02
          LJ-14     Coulomb-14        LJ (SR)  Disper. corr.   Coulomb (SR)
    1.87294e+02    8.89846e+03    5.02211e+04   -2.93769e+03   -3.89178e+05
   Coul. recip.      Potential    Kinetic En.   Total Energy  Conserved En.
    2.09738e+03   -3.28995e+05    6.22472e+04   -2.66747e+05   -2.64883e+05
    Temperature Pres. DC (bar) Pressure (bar)   Constr. rmsd
    2.97673e+02   -1.92373e+02   -2.77770e+02    2.99525e-06

           Step           Time
         290000      580.00000

   Energies (kJ/mol)
           Bond            U-B    Proper Dih.  Improper Dih.      CMAP Dih.
    3.14142e+02    1.07404e+03    4.92284e+02    6.16259e+01   -2.52024e+02
          LJ-14     Coulomb-14        LJ (SR)  Disper. corr.   Coulomb (SR)
    1.63069e+02    8.83494e+03    5.09850e+04   -2.94316e+03   -3.90743e+05
   Coul. recip.      Potential    Kinetic En.   Total Energy  Conserved En.
    2.12471e+03   -3.29888e+05    6.25550e+04   -2.67333e+05   -2.64848e+05
    Temperature Pres. DC (bar) Pressure (bar)   Constr. rmsd
    2.99144e+02   -1.93089e+02   -1.44960e+02    2.64380e-06

Writing checkpoint, step 291700 at Fri Oct 30 11:50:28 2020


           Step           Time
         295000      590.00000

   Energies (kJ/mol)
           Bond            U-B    Proper Dih.  Improper Dih.      CMAP Dih.
    2.54009e+02    9.86234e+02    5.01689e+02    6.31177e+01   -2.72934e+02
          LJ-14     Coulomb-14        LJ (SR)  Disper. corr.   Coulomb (SR)
    1.88842e+02    8.87657e+03    5.15170e+04   -2.95332e+03   -3.92489e+05
   Coul. recip.      Potential    Kinetic En.   Total Energy  Conserved En.
    2.14734e+03   -3.31180e+05    6.25943e+04   -2.68586e+05   -2.64823e+05
    Temperature Pres. DC (bar) Pressure (bar)   Constr. rmsd
    2.99333e+02   -1.94423e+02    1.99928e+01    2.73373e-06

           Step           Time
         300000      600.00000

   Energies (kJ/mol)
           Bond            U-B    Proper Dih.  Improper Dih.      CMAP Dih.
    2.96069e+02    9.43956e+02    4.99256e+02    3.89132e+01   -2.55013e+02
          LJ-14     Coulomb-14        LJ (SR)  Disper. corr.   Coulomb (SR)
    2.04534e+02    8.90962e+03    5.05514e+04   -2.93187e+03   -3.90298e+05
   Coul. recip.      Potential    Kinetic En.   Total Energy  Conserved En.
    2.21189e+03   -3.29829e+05    6.22059e+04   -2.67623e+05   -2.64799e+05
    Temperature Pres. DC (bar) Pressure (bar)   Constr. rmsd
    2.97475e+02   -1.91613e+02   -2.15243e+02    3.63490e-06

           Step           Time
         305000      610.00000

   Energies (kJ/mol)
           Bond            U-B    Proper Dih.  Improper Dih.      CMAP Dih.
    3.14821e+02    1.03221e+03    4.92515e+02    5.55947e+01   -2.42948e+02
          LJ-14     Coulomb-14        LJ (SR)  Disper. corr.   Coulomb (SR)
    1.66293e+02    8.89141e+03    5.19933e+04   -2.93036e+03   -3.91559e+05
   Coul. recip.      Potential    Kinetic En.   Total Energy  Conserved En.
    2.10200e+03   -3.29684e+05    6.29059e+04   -2.66778e+05   -2.64754e+05
    Temperature Pres. DC (bar) Pressure (bar)   Constr. rmsd
    3.00822e+02   -1.91416e+02    1.10123e+02    3.04523e-06

           Step           Time
         310000      620.00000

   Energies (kJ/mol)
           Bond            U-B    Proper Dih.  Improper Dih.      CMAP Dih.
    3.18986e+02    1.18317e+03    4.72400e+02    5.31008e+01   -2.68278e+02
          LJ-14     Coulomb-14        LJ (SR)  Disper. corr.   Coulomb (SR)
    1.71598e+02    8.76842e+03    5.09061e+04   -2.93067e+03   -3.89970e+05
   Coul. recip.      Potential    Kinetic En.   Total Energy  Conserved En.
    2.21506e+03   -3.29080e+05    6.23886e+04   -2.66692e+05   -2.64716e+05
    Temperature Pres. DC (bar) Pressure (bar)   Constr. rmsd
    2.98349e+02   -1.91456e+02   -1.70717e+02    3.07133e-06

Writing checkpoint, step 312100 at Fri Oct 30 12:05:27 2020


           Step           Time
         315000      630.00000

   Energies (kJ/mol)
           Bond            U-B    Proper Dih.  Improper Dih.      CMAP Dih.
    3.20086e+02    1.08345e+03    4.99912e+02    7.50855e+01   -2.28494e+02
          LJ-14     Coulomb-14        LJ (SR)  Disper. corr.   Coulomb (SR)
    1.78978e+02    8.87387e+03    5.04650e+04   -2.93603e+03   -3.90013e+05
   Coul. recip.      Potential    Kinetic En.   Total Energy  Conserved En.
    2.07065e+03   -3.29610e+05    6.30559e+04   -2.66554e+05   -2.64687e+05
    Temperature Pres. DC (bar) Pressure (bar)   Constr. rmsd
    3.01540e+02   -1.92156e+02   -1.91652e+02    2.83246e-06

           Step           Time
         320000      640.00000

   Energies (kJ/mol)
           Bond            U-B    Proper Dih.  Improper Dih.      CMAP Dih.
    2.99349e+02    1.10054e+03    4.82045e+02    3.84844e+01   -2.47812e+02
          LJ-14     Coulomb-14        LJ (SR)  Disper. corr.   Coulomb (SR)
    2.04726e+02    8.83865e+03    5.09616e+04   -2.95592e+03   -3.89255e+05
   Coul. recip.      Potential    Kinetic En.   Total Energy  Conserved En.
    2.15215e+03   -3.28382e+05    6.29895e+04   -2.65392e+05   -2.64666e+05
    Temperature Pres. DC (bar) Pressure (bar)   Constr. rmsd
    3.01222e+02   -1.94765e+02    1.30060e+02    2.62978e-06

           Step           Time
         325000      650.00000

   Energies (kJ/mol)
           Bond            U-B    Proper Dih.  Improper Dih.      CMAP Dih.
    3.57524e+02    9.48325e+02    4.96340e+02    6.74590e+01   -2.80383e+02
          LJ-14     Coulomb-14        LJ (SR)  Disper. corr.   Coulomb (SR)
    1.98866e+02    8.87453e+03    5.20285e+04   -2.98001e+03   -3.92424e+05
   Coul. recip.      Potential    Kinetic En.   Total Energy  Conserved En.
    2.11041e+03   -3.30603e+05    6.26005e+04   -2.68002e+05   -2.64621e+05
    Temperature Pres. DC (bar) Pressure (bar)   Constr. rmsd
    2.99362e+02   -1.97949e+02    1.72460e+02    2.45109e-06

           Step           Time
         330000      660.00000

   Energies (kJ/mol)
           Bond            U-B    Proper Dih.  Improper Dih.      CMAP Dih.
    2.64107e+02    1.10418e+03    4.80468e+02    5.83383e+01   -2.68076e+02
          LJ-14     Coulomb-14        LJ (SR)  Disper. corr.   Coulomb (SR)
    1.84517e+02    8.83528e+03    5.18928e+04   -2.96369e+03   -3.91348e+05
   Coul. recip.      Potential    Kinetic En.   Total Energy  Conserved En.
    2.10043e+03   -3.29660e+05    6.38364e+04   -2.65824e+05   -2.64594e+05
    Temperature Pres. DC (bar) Pressure (bar)   Constr. rmsd
    3.05272e+02   -1.95790e+02    2.66997e+02    3.15233e-06

Writing checkpoint, step 332400 at Fri Oct 30 12:20:28 2020


           Step           Time
         335000      670.00000

   Energies (kJ/mol)
           Bond            U-B    Proper Dih.  Improper Dih.      CMAP Dih.
    3.19278e+02    1.10826e+03    4.86006e+02    5.35581e+01   -2.65537e+02
          LJ-14     Coulomb-14        LJ (SR)  Disper. corr.   Coulomb (SR)
    1.71636e+02    8.82805e+03    5.20077e+04   -2.95095e+03   -3.91174e+05
   Coul. recip.      Potential    Kinetic En.   Total Energy  Conserved En.
    2.09736e+03   -3.29319e+05    6.26913e+04   -2.66628e+05   -2.64558e+05
    Temperature Pres. DC (bar) Pressure (bar)   Constr. rmsd
    2.99797e+02   -1.94112e+02    2.02578e+02    3.74437e-06

           Step           Time
         340000      680.00000

   Energies (kJ/mol)
           Bond            U-B    Proper Dih.  Improper Dih.      CMAP Dih.
    3.01836e+02    1.03298e+03    5.11206e+02    6.09455e+01   -2.45087e+02
          LJ-14     Coulomb-14        LJ (SR)  Disper. corr.   Coulomb (SR)
    1.83390e+02    8.81487e+03    5.16824e+04   -2.95478e+03   -3.91136e+05
   Coul. recip.      Potential    Kinetic En.   Total Energy  Conserved En.
    2.10090e+03   -3.29647e+05    6.26038e+04   -2.67043e+05   -2.64539e+05
    Temperature Pres. DC (bar) Pressure (bar)   Constr. rmsd
    2.99378e+02   -1.94615e+02    1.38183e+02    3.61170e-06

           Step           Time
         345000      690.00000

   Energies (kJ/mol)
           Bond            U-B    Proper Dih.  Improper Dih.      CMAP Dih.
    3.54469e+02    9.85592e+02    4.85347e+02    5.57555e+01   -2.66299e+02
          LJ-14     Coulomb-14        LJ (SR)  Disper. corr.   Coulomb (SR)
    1.59583e+02    8.79780e+03    5.14261e+04   -2.95061e+03   -3.91520e+05
   Coul. recip.      Potential    Kinetic En.   Total Energy  Conserved En.
    2.09916e+03   -3.30373e+05    6.33424e+04   -2.67031e+05   -2.64504e+05
    Temperature Pres. DC (bar) Pressure (bar)   Constr. rmsd
    3.02910e+02   -1.94068e+02   -3.36460e+01    3.00010e-06

           Step           Time
         350000      700.00000

   Energies (kJ/mol)
           Bond            U-B    Proper Dih.  Improper Dih.      CMAP Dih.
    3.05775e+02    1.16750e+03    5.21287e+02    7.08154e+01   -2.68351e+02
          LJ-14     Coulomb-14        LJ (SR)  Disper. corr.   Coulomb (SR)
    1.71232e+02    8.78215e+03    5.06689e+04   -2.93193e+03   -3.89380e+05
   Coul. recip.      Potential    Kinetic En.   Total Energy  Conserved En.
    2.12074e+03   -3.28772e+05    6.31915e+04   -2.65580e+05   -2.64473e+05
    Temperature Pres. DC (bar) Pressure (bar)   Constr. rmsd
    3.02188e+02   -1.91620e+02   -1.47365e+02    3.23155e-06

Writing checkpoint, step 352700 at Fri Oct 30 12:35:27 2020


           Step           Time
         355000      710.00000

   Energies (kJ/mol)
           Bond            U-B    Proper Dih.  Improper Dih.      CMAP Dih.
    2.79918e+02    1.02817e+03    5.05406e+02    6.15855e+01   -2.46451e+02
          LJ-14     Coulomb-14        LJ (SR)  Disper. corr.   Coulomb (SR)
    1.92036e+02    8.86302e+03    5.20662e+04   -2.95955e+03   -3.92455e+05
   Coul. recip.      Potential    Kinetic En.   Total Energy  Conserved En.
    2.06286e+03   -3.30602e+05    6.29045e+04   -2.67698e+05   -2.64419e+05
    Temperature Pres. DC (bar) Pressure (bar)   Constr. rmsd
    3.00816e+02   -1.95243e+02    2.16571e+02    3.10288e-06

           Step           Time
         360000      720.00000

   Energies (kJ/mol)
           Bond            U-B    Proper Dih.  Improper Dih.      CMAP Dih.
    3.39941e+02    1.05987e+03    4.99759e+02    6.91721e+01   -2.56457e+02
          LJ-14     Coulomb-14        LJ (SR)  Disper. corr.   Coulomb (SR)
    1.63461e+02    8.83691e+03    5.02848e+04   -2.95376e+03   -3.89808e+05
   Coul. recip.      Potential    Kinetic En.   Total Energy  Conserved En.
    2.10710e+03   -3.29657e+05    6.27606e+04   -2.66896e+05   -2.64381e+05
    Temperature Pres. DC (bar) Pressure (bar)   Constr. rmsd
    3.00128e+02   -1.94482e+02   -1.28659e+02    3.10164e-06

           Step           Time
         365000      730.00000

   Energies (kJ/mol)
           Bond            U-B    Proper Dih.  Improper Dih.      CMAP Dih.
    2.86534e+02    9.68068e+02    5.29725e+02    5.33070e+01   -2.82072e+02
          LJ-14     Coulomb-14        LJ (SR)  Disper. corr.   Coulomb (SR)
    1.81279e+02    8.80772e+03    5.08729e+04   -2.96199e+03   -3.90644e+05
   Coul. recip.      Potential    Kinetic En.   Total Energy  Conserved En.
    2.07629e+03   -3.30112e+05    6.26132e+04   -2.67499e+05   -2.64353e+05
    Temperature Pres. DC (bar) Pressure (bar)   Constr. rmsd
    2.99423e+02   -1.95565e+02    3.12084e+01    2.67030e-06

           Step           Time
         370000      740.00000

   Energies (kJ/mol)
           Bond            U-B    Proper Dih.  Improper Dih.      CMAP Dih.
    3.14811e+02    1.11531e+03    4.96041e+02    7.03743e+01   -2.69289e+02
          LJ-14     Coulomb-14        LJ (SR)  Disper. corr.   Coulomb (SR)
    1.81328e+02    8.81165e+03    5.14281e+04   -2.95350e+03   -3.91248e+05
   Coul. recip.      Potential    Kinetic En.   Total Energy  Conserved En.
    2.18180e+03   -3.29872e+05    6.29850e+04   -2.66887e+05   -2.64313e+05
    Temperature Pres. DC (bar) Pressure (bar)   Constr. rmsd
    3.01201e+02   -1.94447e+02    4.24110e+01    2.64083e-06

Writing checkpoint, step 373050 at Fri Oct 30 12:50:27 2020


           Step           Time
         375000      750.00000

   Energies (kJ/mol)
           Bond            U-B    Proper Dih.  Improper Dih.      CMAP Dih.
    3.69988e+02    1.02907e+03    4.33971e+02    5.84094e+01   -2.59371e+02
          LJ-14     Coulomb-14        LJ (SR)  Disper. corr.   Coulomb (SR)
    1.81695e+02    8.82959e+03    5.11308e+04   -2.93260e+03   -3.90918e+05
   Coul. recip.      Potential    Kinetic En.   Total Energy  Conserved En.
    2.11952e+03   -3.29957e+05    6.19642e+04   -2.67993e+05   -2.64274e+05
    Temperature Pres. DC (bar) Pressure (bar)   Constr. rmsd
    2.96319e+02   -1.91708e+02   -1.28931e+02    2.33808e-06

           Step           Time
         380000      760.00000

   Energies (kJ/mol)
           Bond            U-B    Proper Dih.  Improper Dih.      CMAP Dih.
    3.56819e+02    1.11455e+03    5.16131e+02    5.46441e+01   -2.61384e+02
          LJ-14     Coulomb-14        LJ (SR)  Disper. corr.   Coulomb (SR)
    2.04563e+02    8.88443e+03    5.19978e+04   -2.95060e+03   -3.91040e+05
   Coul. recip.      Potential    Kinetic En.   Total Energy  Conserved En.
    2.17440e+03   -3.28949e+05    6.33905e+04   -2.65559e+05   -2.64231e+05
    Temperature Pres. DC (bar) Pressure (bar)   Constr. rmsd
    3.03140e+02   -1.94065e+02    2.40972e+02    3.76148e-06

           Step           Time
         385000      770.00000

   Energies (kJ/mol)
           Bond            U-B    Proper Dih.  Improper Dih.      CMAP Dih.
    3.04093e+02    1.04689e+03    5.11927e+02    5.10113e+01   -2.63170e+02
          LJ-14     Coulomb-14        LJ (SR)  Disper. corr.   Coulomb (SR)
    1.57505e+02    8.88337e+03    5.05014e+04   -2.93324e+03   -3.89847e+05
   Coul. recip.      Potential    Kinetic En.   Total Energy  Conserved En.
    2.15430e+03   -3.29433e+05    6.27825e+04   -2.66651e+05   -2.64224e+05
    Temperature Pres. DC (bar) Pressure (bar)   Constr. rmsd
    3.00233e+02   -1.91792e+02   -2.48083e+02    3.43288e-06

           Step           Time
         390000      780.00000

   Energies (kJ/mol)
           Bond            U-B    Proper Dih.  Improper Dih.      CMAP Dih.
    3.55493e+02    1.09269e+03    4.84095e+02    7.39548e+01   -2.67186e+02
          LJ-14     Coulomb-14        LJ (SR)  Disper. corr.   Coulomb (SR)
    1.84287e+02    8.93423e+03    5.08912e+04   -2.94023e+03   -3.89672e+05
   Coul. recip.      Potential    Kinetic En.   Total Energy  Conserved En.
    2.13403e+03   -3.28730e+05    6.27263e+04   -2.66004e+05   -2.64169e+05
    Temperature Pres. DC (bar) Pressure (bar)   Constr. rmsd
    2.99964e+02   -1.92706e+02   -5.04359e+01    3.36579e-06

Writing checkpoint, step 393500 at Fri Oct 30 13:05:28 2020


           Step           Time
         395000      790.00000

   Energies (kJ/mol)
           Bond            U-B    Proper Dih.  Improper Dih.      CMAP Dih.
    3.47004e+02    9.79563e+02    5.20476e+02    5.45577e+01   -2.42116e+02
          LJ-14     Coulomb-14        LJ (SR)  Disper. corr.   Coulomb (SR)
    1.58936e+02    8.80426e+03    5.08361e+04   -2.97006e+03   -3.90716e+05
   Coul. recip.      Potential    Kinetic En.   Total Energy  Conserved En.
    2.07767e+03   -3.30150e+05    6.26422e+04   -2.67508e+05   -2.64146e+05
    Temperature Pres. DC (bar) Pressure (bar)   Constr. rmsd
    2.99561e+02   -1.96630e+02   -2.62901e+01    2.77104e-06

           Step           Time
         400000      800.00000

   Energies (kJ/mol)
           Bond            U-B    Proper Dih.  Improper Dih.      CMAP Dih.
    3.41606e+02    1.11384e+03    4.59550e+02    4.75177e+01   -2.18257e+02
          LJ-14     Coulomb-14        LJ (SR)  Disper. corr.   Coulomb (SR)
    1.55649e+02    8.87795e+03    5.20587e+04   -2.94854e+03   -3.91855e+05
   Coul. recip.      Potential    Kinetic En.   Total Energy  Conserved En.
    2.14304e+03   -3.29824e+05    6.30924e+04   -2.66731e+05   -2.64098e+05
    Temperature Pres. DC (bar) Pressure (bar)   Constr. rmsd
    3.01715e+02   -1.93794e+02    1.80399e+02    3.11607e-06

           Step           Time
         405000      810.00000

   Energies (kJ/mol)
           Bond            U-B    Proper Dih.  Improper Dih.      CMAP Dih.
    3.56905e+02    1.06258e+03    4.78262e+02    4.00688e+01   -2.37414e+02
          LJ-14     Coulomb-14        LJ (SR)  Disper. corr.   Coulomb (SR)
    1.77568e+02    8.81830e+03    5.04462e+04   -2.94347e+03   -3.90366e+05
   Coul. recip.      Potential    Kinetic En.   Total Energy  Conserved En.
    2.11500e+03   -3.30052e+05    6.23029e+04   -2.67749e+05   -2.64087e+05
    Temperature Pres. DC (bar) Pressure (bar)   Constr. rmsd
    2.97939e+02   -1.93130e+02   -2.72443e+02    2.47473e-06

           Step           Time
         410000      820.00000

   Energies (kJ/mol)
           Bond            U-B    Proper Dih.  Improper Dih.      CMAP Dih.
    3.35955e+02    1.16458e+03    4.62830e+02    5.30196e+01   -2.59279e+02
          LJ-14     Coulomb-14        LJ (SR)  Disper. corr.   Coulomb (SR)
    1.64656e+02    8.83162e+03    5.04514e+04   -2.93413e+03   -3.88613e+05
   Coul. recip.      Potential    Kinetic En.   Total Energy  Conserved En.
    2.20602e+03   -3.28136e+05    6.27803e+04   -2.65356e+05   -2.64048e+05
    Temperature Pres. DC (bar) Pressure (bar)   Constr. rmsd
    3.00222e+02   -1.91907e+02   -1.88997e+02    3.36245e-06

Writing checkpoint, step 413800 at Fri Oct 30 13:20:28 2020


           Step           Time
         415000      830.00000

   Energies (kJ/mol)
           Bond            U-B    Proper Dih.  Improper Dih.      CMAP Dih.
    2.71502e+02    1.05970e+03    5.04123e+02    6.68213e+01   -2.57501e+02
          LJ-14     Coulomb-14        LJ (SR)  Disper. corr.   Coulomb (SR)
    1.86286e+02    8.89389e+03    5.09584e+04   -2.93480e+03   -3.89153e+05
   Coul. recip.      Potential    Kinetic En.   Total Energy  Conserved En.
    2.13748e+03   -3.28267e+05    6.25734e+04   -2.65694e+05   -2.64028e+05
    Temperature Pres. DC (bar) Pressure (bar)   Constr. rmsd
    2.99233e+02   -1.91995e+02   -6.05347e-01    3.20758e-06

           Step           Time
         420000      840.00000

   Energies (kJ/mol)
           Bond            U-B    Proper Dih.  Improper Dih.      CMAP Dih.
    2.93458e+02    1.01016e+03    4.85163e+02    5.38547e+01   -2.66258e+02
          LJ-14     Coulomb-14        LJ (SR)  Disper. corr.   Coulomb (SR)
    2.01894e+02    8.88351e+03    5.21900e+04   -2.94902e+03   -3.91277e+05
   Coul. recip.      Potential    Kinetic En.   Total Energy  Conserved En.
    2.13292e+03   -3.29242e+05    6.26739e+04   -2.66568e+05   -2.63984e+05
    Temperature Pres. DC (bar) Pressure (bar)   Constr. rmsd
    2.99713e+02   -1.93858e+02    3.70553e+02    3.17778e-06

           Step           Time
         425000      850.00000

   Energies (kJ/mol)
           Bond            U-B    Proper Dih.  Improper Dih.      CMAP Dih.
    3.68944e+02    1.05589e+03    4.85564e+02    5.60244e+01   -2.56569e+02
          LJ-14     Coulomb-14        LJ (SR)  Disper. corr.   Coulomb (SR)
    1.85976e+02    8.86427e+03    5.17328e+04   -2.96095e+03   -3.90925e+05
   Coul. recip.      Potential    Kinetic En.   Total Energy  Conserved En.
    2.20154e+03   -3.29191e+05    6.28121e+04   -2.66379e+05   -2.63947e+05
    Temperature Pres. DC (bar) Pressure (bar)   Constr. rmsd
    3.00374e+02   -1.95427e+02    2.27937e+02    4.21566e-06

           Step           Time
         430000      860.00000

   Energies (kJ/mol)
           Bond            U-B    Proper Dih.  Improper Dih.      CMAP Dih.
    3.70537e+02    1.02349e+03    5.00386e+02    4.25917e+01   -2.64819e+02
          LJ-14     Coulomb-14        LJ (SR)  Disper. corr.   Coulomb (SR)
    1.73928e+02    8.93887e+03    5.10083e+04   -2.94121e+03   -3.90990e+05
   Coul. recip.      Potential    Kinetic En.   Total Energy  Conserved En.
    2.20072e+03   -3.29937e+05    6.27916e+04   -2.67146e+05   -2.63911e+05
    Temperature Pres. DC (bar) Pressure (bar)   Constr. rmsd
    3.00276e+02   -1.92833e+02   -8.59503e+01    2.97407e-06

Writing checkpoint, step 434200 at Fri Oct 30 13:35:27 2020


           Step           Time
         435000      870.00000

   Energies (kJ/mol)
           Bond            U-B    Proper Dih.  Improper Dih.      CMAP Dih.
    3.37569e+02    1.05179e+03    5.07192e+02    5.79165e+01   -2.55449e+02
          LJ-14     Coulomb-14        LJ (SR)  Disper. corr.   Coulomb (SR)
    1.58154e+02    8.92614e+03    5.05805e+04   -2.93814e+03   -3.89595e+05
   Coul. recip.      Potential    Kinetic En.   Total Energy  Conserved En.
    2.20722e+03   -3.28962e+05    6.24623e+04   -2.66500e+05   -2.63877e+05
    Temperature Pres. DC (bar) Pressure (bar)   Constr. rmsd
    2.98701e+02   -1.92432e+02   -1.58045e+02    2.72503e-06

           Step           Time
         440000      880.00000

   Energies (kJ/mol)
           Bond            U-B    Proper Dih.  Improper Dih.      CMAP Dih.
    2.93758e+02    1.06924e+03    4.67769e+02    4.89961e+01   -2.43813e+02
          LJ-14     Coulomb-14        LJ (SR)  Disper. corr.   Coulomb (SR)
    1.97988e+02    8.96529e+03    5.15662e+04   -2.94756e+03   -3.90978e+05
   Coul. recip.      Potential    Kinetic En.   Total Energy  Conserved En.
    2.10759e+03   -3.29452e+05    6.28013e+04   -2.66651e+05   -2.63853e+05
    Temperature Pres. DC (bar) Pressure (bar)   Constr. rmsd
    3.00322e+02   -1.93667e+02    1.55886e+02    3.29656e-06

           Step           Time
         445000      890.00000

   Energies (kJ/mol)
           Bond            U-B    Proper Dih.  Improper Dih.      CMAP Dih.
    2.85683e+02    1.02446e+03    5.39011e+02    6.39180e+01   -2.78535e+02
          LJ-14     Coulomb-14        LJ (SR)  Disper. corr.   Coulomb (SR)
    1.65204e+02    8.83184e+03    5.11260e+04   -2.93892e+03   -3.89836e+05
   Coul. recip.      Potential    Kinetic En.   Total Energy  Conserved En.
    2.16958e+03   -3.28848e+05    6.19116e+04   -2.66936e+05   -2.63822e+05
    Temperature Pres. DC (bar) Pressure (bar)   Constr. rmsd
    2.96068e+02   -1.92534e+02   -4.30869e+01    3.42540e-06

           Step           Time
         450000      900.00000

   Energies (kJ/mol)
           Bond            U-B    Proper Dih.  Improper Dih.      CMAP Dih.
    2.17366e+02    9.85064e+02    4.86610e+02    7.25243e+01   -2.39322e+02
          LJ-14     Coulomb-14        LJ (SR)  Disper. corr.   Coulomb (SR)
    2.05153e+02    8.90061e+03    4.98355e+04   -2.93142e+03   -3.89526e+05
   Coul. recip.      Potential    Kinetic En.   Total Energy  Conserved En.
    2.16067e+03   -3.29833e+05    6.25657e+04   -2.67268e+05   -2.63798e+05
    Temperature Pres. DC (bar) Pressure (bar)   Constr. rmsd
    2.99196e+02   -1.91554e+02   -3.52746e+02    3.00343e-06

Writing checkpoint, step 454600 at Fri Oct 30 13:50:28 2020


           Step           Time
         455000      910.00000

   Energies (kJ/mol)
           Bond            U-B    Proper Dih.  Improper Dih.      CMAP Dih.
    3.51739e+02    9.93157e+02    5.04566e+02    4.06648e+01   -2.39318e+02
          LJ-14     Coulomb-14        LJ (SR)  Disper. corr.   Coulomb (SR)
    2.05114e+02    8.83912e+03    5.06075e+04   -2.93841e+03   -3.90054e+05
   Coul. recip.      Potential    Kinetic En.   Total Energy  Conserved En.
    2.13769e+03   -3.29552e+05    6.25424e+04   -2.67010e+05   -2.63748e+05
    Temperature Pres. DC (bar) Pressure (bar)   Constr. rmsd
    2.99084e+02   -1.92467e+02   -1.90336e+02    2.99222e-06

           Step           Time
         460000      920.00000

   Energies (kJ/mol)
           Bond            U-B    Proper Dih.  Improper Dih.      CMAP Dih.
    3.02885e+02    1.06801e+03    4.84622e+02    5.17266e+01   -2.55549e+02
          LJ-14     Coulomb-14        LJ (SR)  Disper. corr.   Coulomb (SR)
    1.96136e+02    8.80979e+03    5.13607e+04   -2.95514e+03   -3.91628e+05
   Coul. recip.      Potential    Kinetic En.   Total Energy  Conserved En.
    2.12284e+03   -3.30442e+05    6.37377e+04   -2.66704e+05   -2.63748e+05
    Temperature Pres. DC (bar) Pressure (bar)   Constr. rmsd
    3.04800e+02   -1.94663e+02    4.13969e+01    3.85252e-06

           Step           Time
         465000      930.00000

   Energies (kJ/mol)
           Bond            U-B    Proper Dih.  Improper Dih.      CMAP Dih.
    2.76206e+02    1.09537e+03    5.39210e+02    6.51131e+01   -2.83306e+02
          LJ-14     Coulomb-14        LJ (SR)  Disper. corr.   Coulomb (SR)
    2.07050e+02    8.94155e+03    5.07607e+04   -2.94636e+03   -3.90041e+05
   Coul. recip.      Potential    Kinetic En.   Total Energy  Conserved En.
    2.06641e+03   -3.29319e+05    6.30052e+04   -2.66314e+05   -2.63699e+05
    Temperature Pres. DC (bar) Pressure (bar)   Constr. rmsd
    3.01298e+02   -1.93509e+02   -5.91686e+01    3.20174e-06

           Step           Time
         470000      940.00000

   Energies (kJ/mol)
           Bond            U-B    Proper Dih.  Improper Dih.      CMAP Dih.
    3.11092e+02    1.08035e+03    4.98480e+02    5.45391e+01   -2.56783e+02
          LJ-14     Coulomb-14        LJ (SR)  Disper. corr.   Coulomb (SR)
    2.00560e+02    8.84614e+03    5.07305e+04   -2.96158e+03   -3.90363e+05
   Coul. recip.      Potential    Kinetic En.   Total Energy  Conserved En.
    2.10724e+03   -3.29753e+05    6.27102e+04   -2.67043e+05   -2.63672e+05
    Temperature Pres. DC (bar) Pressure (bar)   Constr. rmsd
    2.99887e+02   -1.95511e+02    6.40870e+01    3.16158e-06

           Step           Time
         475000      950.00000

Writing checkpoint, step 475000 at Fri Oct 30 14:05:28 2020


   Energies (kJ/mol)
           Bond            U-B    Proper Dih.  Improper Dih.      CMAP Dih.
    3.31993e+02    1.04154e+03    5.35824e+02    6.88535e+01   -2.61608e+02
          LJ-14     Coulomb-14        LJ (SR)  Disper. corr.   Coulomb (SR)
    1.81593e+02    8.84727e+03    5.00726e+04   -2.92911e+03   -3.88514e+05
   Coul. recip.      Potential    Kinetic En.   Total Energy  Conserved En.
    2.18718e+03   -3.28438e+05    6.28049e+04   -2.65633e+05   -2.63639e+05
    Temperature Pres. DC (bar) Pressure (bar)   Constr. rmsd
    3.00339e+02   -1.91252e+02   -2.58208e+02    2.77130e-06

           Step           Time
         480000      960.00000

   Energies (kJ/mol)
           Bond            U-B    Proper Dih.  Improper Dih.      CMAP Dih.
    2.68250e+02    1.10338e+03    4.71848e+02    4.25688e+01   -2.57384e+02
          LJ-14     Coulomb-14        LJ (SR)  Disper. corr.   Coulomb (SR)
    1.84557e+02    8.86243e+03    5.14160e+04   -2.95685e+03   -3.90998e+05
   Coul. recip.      Potential    Kinetic En.   Total Energy  Conserved En.
    2.06771e+03   -3.29796e+05    6.29998e+04   -2.66796e+05   -2.63617e+05
    Temperature Pres. DC (bar) Pressure (bar)   Constr. rmsd
    3.01272e+02   -1.94887e+02    7.35068e+01    3.92585e-06

           Step           Time
         485000      970.00000

   Energies (kJ/mol)
           Bond            U-B    Proper Dih.  Improper Dih.      CMAP Dih.
    2.87191e+02    1.07768e+03    5.05146e+02    6.44944e+01   -2.60067e+02
          LJ-14     Coulomb-14        LJ (SR)  Disper. corr.   Coulomb (SR)
    2.16273e+02    8.92570e+03    5.08318e+04   -2.93926e+03   -3.90416e+05
   Coul. recip.      Potential    Kinetic En.   Total Energy  Conserved En.
    2.10996e+03   -3.29597e+05    6.20981e+04   -2.67499e+05   -2.63573e+05
    Temperature Pres. DC (bar) Pressure (bar)   Constr. rmsd
    2.96960e+02   -1.92579e+02   -7.90338e+01    3.17013e-06

           Step           Time
         490000      980.00000

   Energies (kJ/mol)
           Bond            U-B    Proper Dih.  Improper Dih.      CMAP Dih.
    3.72591e+02    1.02023e+03    4.80499e+02    7.83840e+01   -2.65001e+02
          LJ-14     Coulomb-14        LJ (SR)  Disper. corr.   Coulomb (SR)
    1.91184e+02    8.88739e+03    5.09817e+04   -2.94595e+03   -3.90533e+05
   Coul. recip.      Potential    Kinetic En.   Total Energy  Conserved En.
    2.18634e+03   -3.29545e+05    6.31565e+04   -2.66389e+05   -2.63540e+05
    Temperature Pres. DC (bar) Pressure (bar)   Constr. rmsd
    3.02021e+02   -1.93455e+02   -7.05147e+01    2.95833e-06

Writing checkpoint, step 491900 at Fri Oct 30 14:20:27 2020


           Step           Time
         495000      990.00000

   Energies (kJ/mol)
           Bond            U-B    Proper Dih.  Improper Dih.      CMAP Dih.
    3.38004e+02    9.81724e+02    4.45291e+02    7.27055e+01   -2.84339e+02
          LJ-14     Coulomb-14        LJ (SR)  Disper. corr.   Coulomb (SR)
    2.05397e+02    8.95614e+03    5.03908e+04   -2.93537e+03   -3.89800e+05
   Coul. recip.      Potential    Kinetic En.   Total Energy  Conserved En.
    2.08558e+03   -3.29544e+05    6.31363e+04   -2.66408e+05   -2.63493e+05
    Temperature Pres. DC (bar) Pressure (bar)   Constr. rmsd
    3.01924e+02   -1.92070e+02   -1.99008e+02    3.53698e-06

           Step           Time
         500000     1000.00000

Writing checkpoint, step 500000 at Fri Oct 30 14:26:53 2020


   Energies (kJ/mol)
           Bond            U-B    Proper Dih.  Improper Dih.      CMAP Dih.
    3.69038e+02    1.06185e+03    4.78254e+02    6.42950e+01   -2.61212e+02
          LJ-14     Coulomb-14        LJ (SR)  Disper. corr.   Coulomb (SR)
    2.08228e+02    8.82408e+03    5.08503e+04   -2.93455e+03   -3.89228e+05
   Coul. recip.      Potential    Kinetic En.   Total Energy  Conserved En.
    2.23374e+03   -3.28334e+05    6.29819e+04   -2.65352e+05   -2.63462e+05
    Temperature Pres. DC (bar) Pressure (bar)   Constr. rmsd
    3.01186e+02   -1.91963e+02   -3.61335e+01    3.46935e-06


	<======  ###############  ==>
	<====  A V E R A G E S  ====>
	<==  ###############  ======>

	Statistics over 500001 steps using 5001 frames

   Energies (kJ/mol)
           Bond            U-B    Proper Dih.  Improper Dih.      CMAP Dih.
    3.18848e+02    1.05692e+03    5.05265e+02    6.12610e+01   -2.47773e+02
          LJ-14     Coulomb-14        LJ (SR)  Disper. corr.   Coulomb (SR)
    1.78088e+02    8.86235e+03    5.12208e+04   -2.94539e+03   -3.90647e+05
   Coul. recip.      Potential    Kinetic En.   Total Energy  Conserved En.
    2.15555e+03   -3.29481e+05    6.27504e+04   -2.66731e+05   -2.65144e+05
    Temperature Pres. DC (bar) Pressure (bar)   Constr. rmsd
    3.00079e+02   -1.93384e+02    4.48687e+00    0.00000e+00

          Box-X          Box-Y          Box-Z
    6.32657e+00    6.32657e+00    6.32657e+00

   Total Virial (kJ/mol)
    2.08695e+04   -1.80651e+01   -1.46559e+01
   -1.80682e+01    2.08865e+04   -2.04178e+01
   -1.46044e+01   -2.03892e+01    2.08963e+04

   Pressure (bar)
    6.62334e+00    2.64411e+00    1.36353e+00
    2.64452e+00    3.14862e+00    3.88804e+00
    1.35678e+00    3.88430e+00    3.68866e+00

      T-Protein  T-non-Protein
    3.00569e+02    3.00068e+02


	M E G A - F L O P S   A C C O U N T I N G

 NB=Group-cutoff nonbonded kernels    NxN=N-by-N cluster Verlet kernels
 RF=Reaction-Field  VdW=Van der Waals  QSTab=quadratic-spline table
 W3=SPC/TIP3p  W4=TIP4p (single or pairs)
 V&F=Potential and force  V=Potential only  F=Force only

 Computing:                               M-Number         M-Flops  % Flops
-----------------------------------------------------------------------------
 Pair Search distance check           82438.050034      741942.450     0.3
 NxN QSTab Elec. + LJ [F]           3153562.436568   129296059.899    51.2
 NxN QSTab Elec. + LJ [V&F]           31861.637824     1879836.632     0.7
 NxN QSTab Elec. [F]                2982239.065672   101396128.233    40.2
 NxN QSTab Elec. [V&F]                30129.963616     1235328.508     0.5
 1,4 nonbonded interactions             586.001172       52740.105     0.0
 Calc Weights                         37569.075138     1352486.705     0.5
 Spread Q Bspline                    801473.602944     1602947.206     0.6
 Gather F Bspline                    801473.602944     4808841.618     1.9
 3D-FFT                             1021812.043620     8174496.349     3.2
 Solve PME                              800.001600       51200.102     0.0
 Shift-X                                250.485046        1502.910     0.0
 Bonds                                  104.000208        6136.012     0.0
 Propers                                470.000940      107630.215     0.0
 Impropers                               35.000070        7280.015     0.0
 Virial                                1254.575091       22582.352     0.0
 Stop-CM                                125.255046        1252.550     0.0
 Calc-Ekin                             2504.650092       67625.552     0.0
 Lincs                                  123.000246        7380.015     0.0
 Lincs-Mat                              876.001752        3504.007     0.0
 Constraint-V                         12540.025080      100320.201     0.0
 Constraint-Vir                        1241.724834       29801.396     0.0
 Settle                                4098.008196     1323656.647     0.5
 CMAP                                    14.000028       23800.048     0.0
 Urey-Bradley                           418.000836       76494.153     0.0
-----------------------------------------------------------------------------
 Total                                               252370973.881   100.0
-----------------------------------------------------------------------------


     R E A L   C Y C L E   A N D   T I M E   A C C O U N T I N G

On 1 MPI rank, each using 4 OpenMP threads

 Computing:          Num   Num      Call    Wall time         Giga-Cycles
                     Ranks Threads  Count      (s)         total sum    %
-----------------------------------------------------------------------------
 Neighbor search        1    4      10001     282.303       1806.739   1.2
 Force                  1    4     500001   19295.262     123489.662  81.1
 PME mesh               1    4     500001    2989.477      19132.654  12.6
 NB X/F buffer ops.     1    4     990001     544.870       3487.166   2.3
 Write traj.            1    4        126       4.743         30.357   0.0
 Update                 1    4     500001     243.302       1557.130   1.0
 Constraints            1    4     500001     327.397       2095.338   1.4
 Rest                                          99.766        638.502   0.4
-----------------------------------------------------------------------------
 Total                                      23787.119     152237.549 100.0
-----------------------------------------------------------------------------
 Breakdown of PME mesh computation
-----------------------------------------------------------------------------
 PME spread             1    4     500001    1100.498       7043.185   4.6
 PME gather             1    4     500001    1270.632       8132.045   5.3
 PME 3D-FFT             1    4    1000002     476.226       3047.849   2.0
 PME solve Elec         1    4     500001     104.946        671.654   0.4
-----------------------------------------------------------------------------

               Core t (s)   Wall t (s)        (%)
       Time:    95148.295    23787.119      400.0
                         6h36:27
                 (ns/day)    (hour/ns)
Performance:        3.632        6.608
Finished mdrun on rank 0 Fri Oct 30 14:26:54 2020

