                      :-) GROMACS - gmx mdrun, 2020.3 (-:

                            GROMACS is written by:
     Emile Apol      Rossen Apostolov      Paul Bauer     Herman J.C. Berendsen
    Par Bjelkmar      Christian Blau   Viacheslav Bolnykh     Kevin Boyd    
 Aldert van Buuren   Rudi van Drunen     Anton Feenstra       Alan Gray     
  Gerrit Groenhof     Anca Hamuraru    Vincent Hindriksen  M. Eric Irrgang  
  Aleksei Iupinov   Christoph Junghans     Joe Jordan     Dimitrios Karkoulis
    Peter Kasson        Jiri Kraus      Carsten Kutzner      Per Larsson    
  Justin A. Lemkul    Viveca Lindahl    Magnus Lundborg     Erik Marklund   
    Pascal Merz     Pieter Meulenhoff    Teemu Murtola       Szilard Pall   
    Sander Pronk      Roland Schulz      Michael Shirts    Alexey Shvetsov  
   Alfons Sijbers     Peter Tieleman      Jon Vincent      Teemu Virolainen 
 Christian Wennberg    Maarten Wolf      Artem Zhmurov   
                           and the project leaders:
        Mark Abraham, Berk Hess, Erik Lindahl, and David van der Spoel

Copyright (c) 1991-2000, University of Groningen, The Netherlands.
Copyright (c) 2001-2019, The GROMACS development team at
Uppsala University, Stockholm University and
the Royal Institute of Technology, Sweden.
check out http://www.gromacs.org for more information.

GROMACS is free software; you can redistribute it and/or modify it
under the terms of the GNU Lesser General Public License
as published by the Free Software Foundation; either version 2.1
of the License, or (at your option) any later version.

GROMACS:      gmx mdrun, version 2020.3
Executable:   /usr/local/gromacs/bin/gmx
Data prefix:  /usr/local/gromacs
Working dir:  /home/alan/Documentos/estancia/pdb/procesados/ab
Process ID:   2181
Command line:
  gmx mdrun -v -deffnm md_0_3

GROMACS version:    2020.3
Verified release checksum is c0599e547549c2d0ef4fc678dc5a26ad0000eab045e938fed756f9ff5b99a197
Precision:          single
Memory model:       64 bit
MPI library:        thread_mpi
OpenMP support:     enabled (GMX_OPENMP_MAX_THREADS = 64)
GPU support:        disabled
SIMD instructions:  SSE4.1
FFT library:        fftw-3.3.8-sse2
RDTSCP usage:       enabled
TNG support:        enabled
Hwloc support:      hwloc-2.2.0
Tracing support:    disabled
C compiler:         /usr/bin/cc GNU 10.2.0
C compiler flags:   -msse4.1 -fexcess-precision=fast -funroll-all-loops -O3 -DNDEBUG
C++ compiler:       /usr/bin/c++ GNU 10.2.0
C++ compiler flags: -msse4.1 -fexcess-precision=fast -funroll-all-loops -fopenmp -O3 -DNDEBUG


Running on 1 node with total 4 cores, 4 logical cores
Hardware detected:
  CPU info:
    Vendor: Intel
    Brand:  Intel(R) Pentium(R) CPU  N3710  @ 1.60GHz
    Family: 6   Model: 76   Stepping: 4
    Features: aes apic clfsh cmov cx8 cx16 htt intel lahf mmx msr nonstop_tsc pclmuldq pdcm popcnt pse rdrnd rdtscp sse2 sse3 sse4.1 sse4.2 ssse3 tdt
  Hardware topology: Full, with devices
    Sockets, cores, and logical processors:
      Socket  0: [   0] [   1] [   2] [   3]
    Numa nodes:
      Node  0 (4035825664 bytes mem):   0   1   2   3
      Latency:
               0
         0  1.00
    Caches:
      L1: 24576 bytes, linesize 64 bytes, assoc. 6, shared 1 ways
      L2: 1048576 bytes, linesize 64 bytes, assoc. 16, shared 2 ways
    PCI devices:
      0000:00:02.0  Id: 8086:22b1  Class: 0x0300  Numa: 0
      0000:00:13.0  Id: 8086:22a3  Class: 0x0106  Numa: 0
      0000:02:00.0  Id: 8086:3166  Class: 0x0280  Numa: 0
      0000:03:00.0  Id: 10ec:8136  Class: 0x0200  Numa: 0


++++ PLEASE READ AND CITE THE FOLLOWING REFERENCE ++++
M. J. Abraham, T. Murtola, R. Schulz, S. Páll, J. C. Smith, B. Hess, E.
Lindahl
GROMACS: High performance molecular simulations through multi-level
parallelism from laptops to supercomputers
SoftwareX 1 (2015) pp. 19-25
-------- -------- --- Thank You --- -------- --------


++++ PLEASE READ AND CITE THE FOLLOWING REFERENCE ++++
S. Páll, M. J. Abraham, C. Kutzner, B. Hess, E. Lindahl
Tackling Exascale Software Challenges in Molecular Dynamics Simulations with
GROMACS
In S. Markidis & E. Laure (Eds.), Solving Software Challenges for Exascale 8759 (2015) pp. 3-27
-------- -------- --- Thank You --- -------- --------


++++ PLEASE READ AND CITE THE FOLLOWING REFERENCE ++++
S. Pronk, S. Páll, R. Schulz, P. Larsson, P. Bjelkmar, R. Apostolov, M. R.
Shirts, J. C. Smith, P. M. Kasson, D. van der Spoel, B. Hess, and E. Lindahl
GROMACS 4.5: a high-throughput and highly parallel open source molecular
simulation toolkit
Bioinformatics 29 (2013) pp. 845-54
-------- -------- --- Thank You --- -------- --------


++++ PLEASE READ AND CITE THE FOLLOWING REFERENCE ++++
B. Hess and C. Kutzner and D. van der Spoel and E. Lindahl
GROMACS 4: Algorithms for highly efficient, load-balanced, and scalable
molecular simulation
J. Chem. Theory Comput. 4 (2008) pp. 435-447
-------- -------- --- Thank You --- -------- --------


++++ PLEASE READ AND CITE THE FOLLOWING REFERENCE ++++
D. van der Spoel, E. Lindahl, B. Hess, G. Groenhof, A. E. Mark and H. J. C.
Berendsen
GROMACS: Fast, Flexible and Free
J. Comp. Chem. 26 (2005) pp. 1701-1719
-------- -------- --- Thank You --- -------- --------


++++ PLEASE READ AND CITE THE FOLLOWING REFERENCE ++++
E. Lindahl and B. Hess and D. van der Spoel
GROMACS 3.0: A package for molecular simulation and trajectory analysis
J. Mol. Mod. 7 (2001) pp. 306-317
-------- -------- --- Thank You --- -------- --------


++++ PLEASE READ AND CITE THE FOLLOWING REFERENCE ++++
H. J. C. Berendsen, D. van der Spoel and R. van Drunen
GROMACS: A message-passing parallel molecular dynamics implementation
Comp. Phys. Comm. 91 (1995) pp. 43-56
-------- -------- --- Thank You --- -------- --------


++++ PLEASE CITE THE DOI FOR THIS VERSION OF GROMACS ++++
https://doi.org/10.5281/zenodo.3923645
-------- -------- --- Thank You --- -------- --------

Input Parameters:
   integrator                     = md
   tinit                          = 0
   dt                             = 0.002
   nsteps                         = 500000
   init-step                      = 0
   simulation-part                = 1
   comm-mode                      = Linear
   nstcomm                        = 100
   bd-fric                        = 0
   ld-seed                        = 2068358741
   emtol                          = 10
   emstep                         = 0.01
   niter                          = 20
   fcstep                         = 0
   nstcgsteep                     = 1000
   nbfgscorr                      = 10
   rtpi                           = 0.05
   nstxout                        = 0
   nstvout                        = 0
   nstfout                        = 0
   nstlog                         = 5000
   nstcalcenergy                  = 100
   nstenergy                      = 5000
   nstxout-compressed             = 5000
   compressed-x-precision         = 1000
   cutoff-scheme                  = Verlet
   nstlist                        = 10
   pbc                            = xyz
   periodic-molecules             = false
   verlet-buffer-tolerance        = 0.005
   rlist                          = 1
   coulombtype                    = PME
   coulomb-modifier               = Potential-shift
   rcoulomb-switch                = 0
   rcoulomb                       = 1
   epsilon-r                      = 1
   epsilon-rf                     = inf
   vdw-type                       = Cut-off
   vdw-modifier                   = Potential-shift
   rvdw-switch                    = 0
   rvdw                           = 1
   DispCorr                       = EnerPres
   table-extension                = 1
   fourierspacing                 = 0.16
   fourier-nx                     = 40
   fourier-ny                     = 40
   fourier-nz                     = 40
   pme-order                      = 4
   ewald-rtol                     = 1e-05
   ewald-rtol-lj                  = 0.001
   lj-pme-comb-rule               = Geometric
   ewald-geometry                 = 0
   epsilon-surface                = 0
   tcoupl                         = V-rescale
   nsttcouple                     = 10
   nh-chain-length                = 0
   print-nose-hoover-chain-variables = false
   pcoupl                         = Parrinello-Rahman
   pcoupltype                     = Isotropic
   nstpcouple                     = 10
   tau-p                          = 2
   compressibility (3x3):
      compressibility[    0]={ 4.50000e-05,  0.00000e+00,  0.00000e+00}
      compressibility[    1]={ 0.00000e+00,  4.50000e-05,  0.00000e+00}
      compressibility[    2]={ 0.00000e+00,  0.00000e+00,  4.50000e-05}
   ref-p (3x3):
      ref-p[    0]={ 1.00000e+00,  0.00000e+00,  0.00000e+00}
      ref-p[    1]={ 0.00000e+00,  1.00000e+00,  0.00000e+00}
      ref-p[    2]={ 0.00000e+00,  0.00000e+00,  1.00000e+00}
   refcoord-scaling               = No
   posres-com (3):
      posres-com[0]= 0.00000e+00
      posres-com[1]= 0.00000e+00
      posres-com[2]= 0.00000e+00
   posres-comB (3):
      posres-comB[0]= 0.00000e+00
      posres-comB[1]= 0.00000e+00
      posres-comB[2]= 0.00000e+00
   QMMM                           = false
   QMconstraints                  = 0
   QMMMscheme                     = 0
   MMChargeScaleFactor            = 1
qm-opts:
   ngQM                           = 0
   constraint-algorithm           = Lincs
   continuation                   = true
   Shake-SOR                      = false
   shake-tol                      = 0.0001
   lincs-order                    = 4
   lincs-iter                     = 1
   lincs-warnangle                = 30
   nwall                          = 0
   wall-type                      = 9-3
   wall-r-linpot                  = -1
   wall-atomtype[0]               = -1
   wall-atomtype[1]               = -1
   wall-density[0]                = 0
   wall-density[1]                = 0
   wall-ewald-zfac                = 3
   pull                           = false
   awh                            = false
   rotation                       = false
   interactiveMD                  = false
   disre                          = No
   disre-weighting                = Conservative
   disre-mixed                    = false
   dr-fc                          = 1000
   dr-tau                         = 0
   nstdisreout                    = 100
   orire-fc                       = 0
   orire-tau                      = 0
   nstorireout                    = 100
   free-energy                    = no
   cos-acceleration               = 0
   deform (3x3):
      deform[    0]={ 0.00000e+00,  0.00000e+00,  0.00000e+00}
      deform[    1]={ 0.00000e+00,  0.00000e+00,  0.00000e+00}
      deform[    2]={ 0.00000e+00,  0.00000e+00,  0.00000e+00}
   simulated-tempering            = false
   swapcoords                     = no
   userint1                       = 0
   userint2                       = 0
   userint3                       = 0
   userint4                       = 0
   userreal1                      = 0
   userreal2                      = 0
   userreal3                      = 0
   userreal4                      = 0
   applied-forces:
     electric-field:
       x:
         E0                       = 0
         omega                    = 0
         t0                       = 0
         sigma                    = 0
       y:
         E0                       = 0
         omega                    = 0
         t0                       = 0
         sigma                    = 0
       z:
         E0                       = 0
         omega                    = 0
         t0                       = 0
         sigma                    = 0
     density-guided-simulation:
       active                     = false
       group                      = protein
       similarity-measure         = inner-product
       atom-spreading-weight      = unity
       force-constant             = 1e+09
       gaussian-transform-spreading-width = 0.2
       gaussian-transform-spreading-range-in-multiples-of-width = 4
       reference-density-filename = reference.mrc
       nst                        = 1
       normalize-densities        = true
       adaptive-force-scaling     = false
       adaptive-force-scaling-time-constant = 4
grpopts:
   nrdf:     1121.93     49179.1
   ref-t:         300         300
   tau-t:         0.1         0.1
annealing:          No          No
annealing-npoints:           0           0
   acc:	           0           0           0
   nfreeze:           N           N           N
   energygrp-flags[  0]: 0

Changing nstlist from 10 to 50, rlist from 1 to 1.11

Using 1 MPI thread

Non-default thread affinity set, disabling internal thread affinity

Using 4 OpenMP threads 

System total charge: 0.000
Will do PME sum in reciprocal space for electrostatic interactions.

++++ PLEASE READ AND CITE THE FOLLOWING REFERENCE ++++
U. Essmann, L. Perera, M. L. Berkowitz, T. Darden, H. Lee and L. G. Pedersen 
A smooth particle mesh Ewald method
J. Chem. Phys. 103 (1995) pp. 8577-8592
-------- -------- --- Thank You --- -------- --------

Using a Gaussian width (1/beta) of 0.320163 nm for Ewald
Potential shift: LJ r^-12: -1.000e+00 r^-6: -1.000e+00, Ewald -1.000e-05
Initialized non-bonded Ewald tables, spacing: 9.33e-04 size: 1073

Generated table with 1055 data points for 1-4 COUL.
Tabscale = 500 points/nm
Generated table with 1055 data points for 1-4 LJ6.
Tabscale = 500 points/nm
Generated table with 1055 data points for 1-4 LJ12.
Tabscale = 500 points/nm

Using SIMD 4x4 nonbonded short-range kernels

Using a dual 4x4 pair-list setup updated with dynamic pruning:
  outer list: updated every 50 steps, buffer 0.110 nm, rlist 1.110 nm
  inner list: updated every 12 steps, buffer 0.003 nm, rlist 1.003 nm
At tolerance 0.005 kJ/mol/ps per atom, equivalent classical 1x1 list would be:
  outer list: updated every 50 steps, buffer 0.236 nm, rlist 1.236 nm
  inner list: updated every 12 steps, buffer 0.048 nm, rlist 1.048 nm

Using Lorentz-Berthelot Lennard-Jones combination rule

Long Range LJ corr.: <C6> 2.8419e-04


Initializing LINear Constraint Solver

++++ PLEASE READ AND CITE THE FOLLOWING REFERENCE ++++
B. Hess and H. Bekker and H. J. C. Berendsen and J. G. E. M. Fraaije
LINCS: A Linear Constraint Solver for molecular simulations
J. Comp. Chem. 18 (1997) pp. 1463-1472
-------- -------- --- Thank You --- -------- --------

The number of constraints is 246

++++ PLEASE READ AND CITE THE FOLLOWING REFERENCE ++++
S. Miyamoto and P. A. Kollman
SETTLE: An Analytical Version of the SHAKE and RATTLE Algorithms for Rigid
Water Models
J. Comp. Chem. 13 (1992) pp. 952-962
-------- -------- --- Thank You --- -------- --------


++++ PLEASE READ AND CITE THE FOLLOWING REFERENCE ++++
G. Bussi, D. Donadio and M. Parrinello
Canonical sampling through velocity rescaling
J. Chem. Phys. 126 (2007) pp. 014101
-------- -------- --- Thank You --- -------- --------

There are: 25046 Atoms
Center of mass motion removal mode is Linear
We have the following groups for center of mass motion removal:
  0:  rest

Started mdrun on rank 0 Tue Nov 10 00:23:35 2020

           Step           Time
              0        0.00000

   Energies (kJ/mol)
           Bond            U-B    Proper Dih.  Improper Dih.      CMAP Dih.
    3.55947e+02    1.06866e+03    6.07963e+02    5.61278e+01   -1.92551e+02
          LJ-14     Coulomb-14        LJ (SR)  Disper. corr.   Coulomb (SR)
    1.44038e+02    8.73671e+03    5.10079e+04   -2.97328e+03   -3.90126e+05
   Coul. recip.      Potential    Kinetic En.   Total Energy  Conserved En.
    2.11612e+03   -3.29199e+05    6.23278e+04   -2.66871e+05   -2.66856e+05
    Temperature Pres. DC (bar) Pressure (bar)   Constr. rmsd
    2.98058e+02   -1.97056e+02    1.89463e+01    3.76182e-06

           Step           Time
           5000       10.00000

   Energies (kJ/mol)
           Bond            U-B    Proper Dih.  Improper Dih.      CMAP Dih.
    3.07792e+02    1.05769e+03    5.58002e+02    7.52065e+01   -2.10475e+02
          LJ-14     Coulomb-14        LJ (SR)  Disper. corr.   Coulomb (SR)
    1.45709e+02    8.86912e+03    5.13125e+04   -2.94121e+03   -3.91341e+05
   Coul. recip.      Potential    Kinetic En.   Total Energy  Conserved En.
    2.19311e+03   -3.29973e+05    6.26325e+04   -2.67341e+05   -2.66823e+05
    Temperature Pres. DC (bar) Pressure (bar)   Constr. rmsd
    2.99515e+02   -1.92834e+02   -8.06169e+00    3.16225e-06

           Step           Time
          10000       20.00000

   Energies (kJ/mol)
           Bond            U-B    Proper Dih.  Improper Dih.      CMAP Dih.
    2.65770e+02    1.09880e+03    5.77990e+02    5.13237e+01   -2.03807e+02
          LJ-14     Coulomb-14        LJ (SR)  Disper. corr.   Coulomb (SR)
    1.53090e+02    8.85213e+03    5.27898e+04   -2.95068e+03   -3.93631e+05
   Coul. recip.      Potential    Kinetic En.   Total Energy  Conserved En.
    2.21608e+03   -3.30780e+05    6.26710e+04   -2.68109e+05   -2.66789e+05
    Temperature Pres. DC (bar) Pressure (bar)   Constr. rmsd
    2.99699e+02   -1.94077e+02    2.90804e+02    2.33113e-06

           Step           Time
          15000       30.00000

   Energies (kJ/mol)
           Bond            U-B    Proper Dih.  Improper Dih.      CMAP Dih.
    3.13766e+02    1.09301e+03    5.59936e+02    6.11556e+01   -2.02495e+02
          LJ-14     Coulomb-14        LJ (SR)  Disper. corr.   Coulomb (SR)
    1.70183e+02    8.84669e+03    5.12159e+04   -2.96438e+03   -3.90645e+05
   Coul. recip.      Potential    Kinetic En.   Total Energy  Conserved En.
    2.06581e+03   -3.29486e+05    6.31339e+04   -2.66352e+05   -2.66765e+05
    Temperature Pres. DC (bar) Pressure (bar)   Constr. rmsd
    3.01913e+02   -1.95881e+02    1.51570e+02    2.68525e-06

           Step           Time
          20000       40.00000

   Energies (kJ/mol)
           Bond            U-B    Proper Dih.  Improper Dih.      CMAP Dih.
    3.79375e+02    1.04580e+03    5.22676e+02    4.63368e+01   -2.16031e+02
          LJ-14     Coulomb-14        LJ (SR)  Disper. corr.   Coulomb (SR)
    1.65650e+02    8.79832e+03    5.11047e+04   -2.94967e+03   -3.89274e+05
   Coul. recip.      Potential    Kinetic En.   Total Energy  Conserved En.
    2.16892e+03   -3.28208e+05    6.25778e+04   -2.65630e+05   -2.66731e+05
    Temperature Pres. DC (bar) Pressure (bar)   Constr. rmsd
    2.99253e+02   -1.93943e+02   -4.27729e+01    2.86527e-06

Writing checkpoint, step 24400 at Tue Nov 10 00:38:37 2020


           Step           Time
          25000       50.00000

   Energies (kJ/mol)
           Bond            U-B    Proper Dih.  Improper Dih.      CMAP Dih.
    2.80288e+02    1.01756e+03    5.15910e+02    6.55936e+01   -2.19604e+02
          LJ-14     Coulomb-14        LJ (SR)  Disper. corr.   Coulomb (SR)
    1.92785e+02    8.87698e+03    5.23678e+04   -2.95108e+03   -3.92532e+05
   Coul. recip.      Potential    Kinetic En.   Total Energy  Conserved En.
    2.08058e+03   -3.30306e+05    6.22688e+04   -2.68037e+05   -2.66700e+05
    Temperature Pres. DC (bar) Pressure (bar)   Constr. rmsd
    2.97776e+02   -1.94129e+02    2.68106e+02    2.78477e-06

           Step           Time
          30000       60.00000

   Energies (kJ/mol)
           Bond            U-B    Proper Dih.  Improper Dih.      CMAP Dih.
    3.37254e+02    1.07568e+03    4.96299e+02    5.37918e+01   -1.84199e+02
          LJ-14     Coulomb-14        LJ (SR)  Disper. corr.   Coulomb (SR)
    1.62325e+02    8.75895e+03    5.16722e+04   -2.95100e+03   -3.91520e+05
   Coul. recip.      Potential    Kinetic En.   Total Energy  Conserved En.
    2.15714e+03   -3.29942e+05    6.27031e+04   -2.67239e+05   -2.66666e+05
    Temperature Pres. DC (bar) Pressure (bar)   Constr. rmsd
    2.99853e+02   -1.94118e+02    1.39737e+02    3.66761e-06

           Step           Time
          35000       70.00000

   Energies (kJ/mol)
           Bond            U-B    Proper Dih.  Improper Dih.      CMAP Dih.
    3.01758e+02    1.16664e+03    5.56205e+02    6.25152e+01   -2.28780e+02
          LJ-14     Coulomb-14        LJ (SR)  Disper. corr.   Coulomb (SR)
    1.64955e+02    8.79582e+03    5.10016e+04   -2.94929e+03   -3.90341e+05
   Coul. recip.      Potential    Kinetic En.   Total Energy  Conserved En.
    2.13077e+03   -3.29338e+05    6.35328e+04   -2.65806e+05   -2.66630e+05
    Temperature Pres. DC (bar) Pressure (bar)   Constr. rmsd
    3.03821e+02   -1.93894e+02   -1.70944e+00    3.13014e-06

           Step           Time
          40000       80.00000

   Energies (kJ/mol)
           Bond            U-B    Proper Dih.  Improper Dih.      CMAP Dih.
    3.45956e+02    1.07860e+03    5.38530e+02    6.29737e+01   -2.23038e+02
          LJ-14     Coulomb-14        LJ (SR)  Disper. corr.   Coulomb (SR)
    1.61415e+02    8.80631e+03    5.27450e+04   -2.93872e+03   -3.91531e+05
   Coul. recip.      Potential    Kinetic En.   Total Energy  Conserved En.
    2.13374e+03   -3.28820e+05    6.24236e+04   -2.66396e+05   -2.66595e+05
    Temperature Pres. DC (bar) Pressure (bar)   Constr. rmsd
    2.98516e+02   -1.92508e+02    3.48112e+02    3.06128e-06

           Step           Time
          45000       90.00000

   Energies (kJ/mol)
           Bond            U-B    Proper Dih.  Improper Dih.      CMAP Dih.
    3.45830e+02    1.11871e+03    5.78902e+02    6.16097e+01   -2.66793e+02
          LJ-14     Coulomb-14        LJ (SR)  Disper. corr.   Coulomb (SR)
    1.35390e+02    8.83728e+03    4.98914e+04   -2.93722e+03   -3.87401e+05
   Coul. recip.      Potential    Kinetic En.   Total Energy  Conserved En.
    2.15968e+03   -3.27476e+05    6.29684e+04   -2.64508e+05   -2.66580e+05
    Temperature Pres. DC (bar) Pressure (bar)   Constr. rmsd
    3.01121e+02   -1.92311e+02   -1.84285e+02    3.03058e-06

Writing checkpoint, step 48200 at Tue Nov 10 00:53:37 2020


           Step           Time
          50000      100.00000

   Energies (kJ/mol)
           Bond            U-B    Proper Dih.  Improper Dih.      CMAP Dih.
    2.79049e+02    1.06583e+03    5.24592e+02    5.70841e+01   -2.30372e+02
          LJ-14     Coulomb-14        LJ (SR)  Disper. corr.   Coulomb (SR)
    1.68352e+02    8.84180e+03    5.08030e+04   -2.94185e+03   -3.90094e+05
   Coul. recip.      Potential    Kinetic En.   Total Energy  Conserved En.
    2.16870e+03   -3.29358e+05    6.24619e+04   -2.66896e+05   -2.66533e+05
    Temperature Pres. DC (bar) Pressure (bar)   Constr. rmsd
    2.98700e+02   -1.92917e+02   -2.62341e+01    3.45544e-06

           Step           Time
          55000      110.00000

   Energies (kJ/mol)
           Bond            U-B    Proper Dih.  Improper Dih.      CMAP Dih.
    3.20378e+02    1.07962e+03    5.19209e+02    7.13597e+01   -2.02111e+02
          LJ-14     Coulomb-14        LJ (SR)  Disper. corr.   Coulomb (SR)
    1.65311e+02    8.90340e+03    5.25179e+04   -2.93815e+03   -3.91877e+05
   Coul. recip.      Potential    Kinetic En.   Total Energy  Conserved En.
    2.21561e+03   -3.29225e+05    6.27414e+04   -2.66483e+05   -2.66508e+05
    Temperature Pres. DC (bar) Pressure (bar)   Constr. rmsd
    3.00036e+02   -1.92434e+02    3.25568e+02    3.73189e-06

           Step           Time
          60000      120.00000

   Energies (kJ/mol)
           Bond            U-B    Proper Dih.  Improper Dih.      CMAP Dih.
    3.79275e+02    1.06622e+03    5.34585e+02    4.93995e+01   -2.02178e+02
          LJ-14     Coulomb-14        LJ (SR)  Disper. corr.   Coulomb (SR)
    1.68403e+02    8.83409e+03    5.15871e+04   -2.95604e+03   -3.91073e+05
   Coul. recip.      Potential    Kinetic En.   Total Energy  Conserved En.
    2.13449e+03   -3.29478e+05    6.27209e+04   -2.66757e+05   -2.66454e+05
    Temperature Pres. DC (bar) Pressure (bar)   Constr. rmsd
    2.99938e+02   -1.94781e+02    1.30006e+02    3.26214e-06

           Step           Time
          65000      130.00000

   Energies (kJ/mol)
           Bond            U-B    Proper Dih.  Improper Dih.      CMAP Dih.
    3.17620e+02    1.02036e+03    5.25751e+02    4.98961e+01   -2.21593e+02
          LJ-14     Coulomb-14        LJ (SR)  Disper. corr.   Coulomb (SR)
    1.66839e+02    8.83129e+03    5.17306e+04   -2.95201e+03   -3.90677e+05
   Coul. recip.      Potential    Kinetic En.   Total Energy  Conserved En.
    2.12936e+03   -3.29079e+05    6.27125e+04   -2.66366e+05   -2.66426e+05
    Temperature Pres. DC (bar) Pressure (bar)   Constr. rmsd
    2.99898e+02   -1.94250e+02    2.17734e+02    3.67633e-06

           Step           Time
          70000      140.00000

   Energies (kJ/mol)
           Bond            U-B    Proper Dih.  Improper Dih.      CMAP Dih.
    2.82949e+02    1.04123e+03    5.30891e+02    6.19954e+01   -2.48603e+02
          LJ-14     Coulomb-14        LJ (SR)  Disper. corr.   Coulomb (SR)
    1.66454e+02    8.90899e+03    5.13154e+04   -2.96002e+03   -3.91989e+05
   Coul. recip.      Potential    Kinetic En.   Total Energy  Conserved En.
    2.14207e+03   -3.30747e+05    6.28738e+04   -2.67874e+05   -2.66399e+05
    Temperature Pres. DC (bar) Pressure (bar)   Constr. rmsd
    3.00669e+02   -1.95305e+02   -3.31378e+01    2.86707e-06

Writing checkpoint, step 71850 at Tue Nov 10 01:08:36 2020


           Step           Time
          75000      150.00000

   Energies (kJ/mol)
           Bond            U-B    Proper Dih.  Improper Dih.      CMAP Dih.
    3.23753e+02    1.16197e+03    4.80411e+02    5.82478e+01   -2.36470e+02
          LJ-14     Coulomb-14        LJ (SR)  Disper. corr.   Coulomb (SR)
    1.75692e+02    8.87025e+03    5.07742e+04   -2.93816e+03   -3.89058e+05
   Coul. recip.      Potential    Kinetic En.   Total Energy  Conserved En.
    2.18264e+03   -3.28205e+05    6.30738e+04   -2.65131e+05   -2.66365e+05
    Temperature Pres. DC (bar) Pressure (bar)   Constr. rmsd
    3.01626e+02   -1.92435e+02   -6.88471e+01    2.60329e-06

           Step           Time
          80000      160.00000

   Energies (kJ/mol)
           Bond            U-B    Proper Dih.  Improper Dih.      CMAP Dih.
    3.41824e+02    1.07377e+03    5.04985e+02    6.48177e+01   -2.71929e+02
          LJ-14     Coulomb-14        LJ (SR)  Disper. corr.   Coulomb (SR)
    1.69220e+02    8.88691e+03    5.08721e+04   -2.94838e+03   -3.89320e+05
   Coul. recip.      Potential    Kinetic En.   Total Energy  Conserved En.
    2.13875e+03   -3.28488e+05    6.31888e+04   -2.65299e+05   -2.66327e+05
    Temperature Pres. DC (bar) Pressure (bar)   Constr. rmsd
    3.02176e+02   -1.93774e+02    2.70469e+01    3.49326e-06

           Step           Time
          85000      170.00000

   Energies (kJ/mol)
           Bond            U-B    Proper Dih.  Improper Dih.      CMAP Dih.
    3.02141e+02    1.05755e+03    5.17072e+02    7.20781e+01   -2.61268e+02
          LJ-14     Coulomb-14        LJ (SR)  Disper. corr.   Coulomb (SR)
    1.66426e+02    8.92954e+03    5.10876e+04   -2.94503e+03   -3.90053e+05
   Coul. recip.      Potential    Kinetic En.   Total Energy  Conserved En.
    2.18603e+03   -3.28940e+05    6.24322e+04   -2.66508e+05   -2.66282e+05
    Temperature Pres. DC (bar) Pressure (bar)   Constr. rmsd
    2.98558e+02   -1.93334e+02    4.56770e+01    2.77326e-06

           Step           Time
          90000      180.00000

   Energies (kJ/mol)
           Bond            U-B    Proper Dih.  Improper Dih.      CMAP Dih.
    3.70202e+02    1.10844e+03    5.30600e+02    6.05304e+01   -2.75299e+02
          LJ-14     Coulomb-14        LJ (SR)  Disper. corr.   Coulomb (SR)
    1.93161e+02    8.89570e+03    5.17598e+04   -2.94575e+03   -3.91408e+05
   Coul. recip.      Potential    Kinetic En.   Total Energy  Conserved En.
    2.09566e+03   -3.29615e+05    6.25967e+04   -2.67018e+05   -2.66238e+05
    Temperature Pres. DC (bar) Pressure (bar)   Constr. rmsd
    2.99344e+02   -1.93429e+02    8.26566e+01    2.73223e-06

           Step           Time
          95000      190.00000

   Energies (kJ/mol)
           Bond            U-B    Proper Dih.  Improper Dih.      CMAP Dih.
    2.95083e+02    1.09890e+03    5.63381e+02    7.84060e+01   -2.71373e+02
          LJ-14     Coulomb-14        LJ (SR)  Disper. corr.   Coulomb (SR)
    1.75078e+02    8.85231e+03    5.12355e+04   -2.95134e+03   -3.90303e+05
   Coul. recip.      Potential    Kinetic En.   Total Energy  Conserved En.
    2.17336e+03   -3.29053e+05    6.28040e+04   -2.66249e+05   -2.66215e+05
    Temperature Pres. DC (bar) Pressure (bar)   Constr. rmsd
    3.00335e+02   -1.94163e+02    2.77603e+00    2.93257e-06

Writing checkpoint, step 95500 at Tue Nov 10 01:23:37 2020


           Step           Time
         100000      200.00000

   Energies (kJ/mol)
           Bond            U-B    Proper Dih.  Improper Dih.      CMAP Dih.
    2.97306e+02    1.10749e+03    5.13870e+02    6.42774e+01   -2.55123e+02
          LJ-14     Coulomb-14        LJ (SR)  Disper. corr.   Coulomb (SR)
    1.74785e+02    8.90204e+03    5.05203e+04   -2.94365e+03   -3.90311e+05
   Coul. recip.      Potential    Kinetic En.   Total Energy  Conserved En.
    2.21079e+03   -3.29719e+05    6.29573e+04   -2.66761e+05   -2.66175e+05
    Temperature Pres. DC (bar) Pressure (bar)   Constr. rmsd
    3.01069e+02   -1.93153e+02   -2.25625e+02    3.08932e-06

           Step           Time
         105000      210.00000

   Energies (kJ/mol)
           Bond            U-B    Proper Dih.  Improper Dih.      CMAP Dih.
    3.09120e+02    1.11608e+03    5.14159e+02    6.04473e+01   -2.72560e+02
          LJ-14     Coulomb-14        LJ (SR)  Disper. corr.   Coulomb (SR)
    1.64534e+02    8.88471e+03    5.04642e+04   -2.94843e+03   -3.89349e+05
   Coul. recip.      Potential    Kinetic En.   Total Energy  Conserved En.
    2.19689e+03   -3.28860e+05    6.29059e+04   -2.65954e+05   -2.66151e+05
    Temperature Pres. DC (bar) Pressure (bar)   Constr. rmsd
    3.00822e+02   -1.93780e+02   -8.21020e+01    2.86694e-06

           Step           Time
         110000      220.00000

   Energies (kJ/mol)
           Bond            U-B    Proper Dih.  Improper Dih.      CMAP Dih.
    3.11214e+02    1.04801e+03    5.41681e+02    6.36511e+01   -2.73413e+02
          LJ-14     Coulomb-14        LJ (SR)  Disper. corr.   Coulomb (SR)
    1.48519e+02    8.91073e+03    5.16006e+04   -2.93975e+03   -3.91988e+05
   Coul. recip.      Potential    Kinetic En.   Total Energy  Conserved En.
    2.15875e+03   -3.30418e+05    6.25592e+04   -2.67858e+05   -2.66102e+05
    Temperature Pres. DC (bar) Pressure (bar)   Constr. rmsd
    2.99165e+02   -1.92643e+02   -5.82859e+01    3.66936e-06

           Step           Time
         115000      230.00000

   Energies (kJ/mol)
           Bond            U-B    Proper Dih.  Improper Dih.      CMAP Dih.
    3.30427e+02    1.00374e+03    5.17256e+02    5.81504e+01   -2.77160e+02
          LJ-14     Coulomb-14        LJ (SR)  Disper. corr.   Coulomb (SR)
    1.61772e+02    8.84711e+03    5.21828e+04   -2.95586e+03   -3.92080e+05
   Coul. recip.      Potential    Kinetic En.   Total Energy  Conserved En.
    2.15211e+03   -3.30060e+05    6.22254e+04   -2.67834e+05   -2.66062e+05
    Temperature Pres. DC (bar) Pressure (bar)   Constr. rmsd
    2.97568e+02   -1.94758e+02    2.06453e+02    2.61828e-06

Writing checkpoint, step 119300 at Tue Nov 10 01:38:37 2020


           Step           Time
         120000      240.00000

   Energies (kJ/mol)
           Bond            U-B    Proper Dih.  Improper Dih.      CMAP Dih.
    3.34762e+02    1.00765e+03    5.19052e+02    7.26549e+01   -2.88551e+02
          LJ-14     Coulomb-14        LJ (SR)  Disper. corr.   Coulomb (SR)
    1.74642e+02    8.88314e+03    5.16783e+04   -2.94998e+03   -3.92406e+05
   Coul. recip.      Potential    Kinetic En.   Total Energy  Conserved En.
    2.14998e+03   -3.30825e+05    6.22621e+04   -2.68563e+05   -2.66010e+05
    Temperature Pres. DC (bar) Pressure (bar)   Constr. rmsd
    2.97744e+02   -1.93984e+02   -5.13780e+01    2.61212e-06

           Step           Time
         125000      250.00000

   Energies (kJ/mol)
           Bond            U-B    Proper Dih.  Improper Dih.      CMAP Dih.
    3.11665e+02    1.13066e+03    5.25390e+02    9.43495e+01   -2.61834e+02
          LJ-14     Coulomb-14        LJ (SR)  Disper. corr.   Coulomb (SR)
    1.71424e+02    8.84582e+03    5.03413e+04   -2.94105e+03   -3.89213e+05
   Coul. recip.      Potential    Kinetic En.   Total Energy  Conserved En.
    2.12435e+03   -3.28871e+05    6.26825e+04   -2.66189e+05   -2.65982e+05
    Temperature Pres. DC (bar) Pressure (bar)   Constr. rmsd
    2.99754e+02   -1.92813e+02   -1.24890e+02    2.83146e-06

           Step           Time
         130000      260.00000

   Energies (kJ/mol)
           Bond            U-B    Proper Dih.  Improper Dih.      CMAP Dih.
    3.29944e+02    1.03784e+03    5.16763e+02    5.61894e+01   -2.62311e+02
          LJ-14     Coulomb-14        LJ (SR)  Disper. corr.   Coulomb (SR)
    1.55292e+02    8.84243e+03    5.08209e+04   -2.95786e+03   -3.89899e+05
   Coul. recip.      Potential    Kinetic En.   Total Energy  Conserved En.
    2.12386e+03   -3.29236e+05    6.25075e+04   -2.66728e+05   -2.65964e+05
    Temperature Pres. DC (bar) Pressure (bar)   Constr. rmsd
    2.98918e+02   -1.95020e+02   -2.55998e+01    2.81168e-06

           Step           Time
         135000      270.00000

   Energies (kJ/mol)
           Bond            U-B    Proper Dih.  Improper Dih.      CMAP Dih.
    3.39960e+02    1.10595e+03    5.32375e+02    6.45861e+01   -2.77386e+02
          LJ-14     Coulomb-14        LJ (SR)  Disper. corr.   Coulomb (SR)
    1.79945e+02    8.89198e+03    5.09629e+04   -2.94693e+03   -3.90462e+05
   Coul. recip.      Potential    Kinetic En.   Total Energy  Conserved En.
    2.15003e+03   -3.29459e+05    6.22824e+04   -2.67176e+05   -2.65919e+05
    Temperature Pres. DC (bar) Pressure (bar)   Constr. rmsd
    2.97841e+02   -1.93584e+02   -2.20599e+01    3.19608e-06

           Step           Time
         140000      280.00000

   Energies (kJ/mol)
           Bond            U-B    Proper Dih.  Improper Dih.      CMAP Dih.
    3.23933e+02    1.10771e+03    5.01419e+02    5.78360e+01   -2.60022e+02
          LJ-14     Coulomb-14        LJ (SR)  Disper. corr.   Coulomb (SR)
    1.69596e+02    8.86688e+03    5.22798e+04   -2.94645e+03   -3.92074e+05
   Coul. recip.      Potential    Kinetic En.   Total Energy  Conserved En.
    2.20586e+03   -3.29767e+05    6.19944e+04   -2.67773e+05   -2.65868e+05
    Temperature Pres. DC (bar) Pressure (bar)   Constr. rmsd
    2.96464e+02   -1.93521e+02    1.76825e+02    2.98630e-06

Writing checkpoint, step 142900 at Tue Nov 10 01:53:36 2020


           Step           Time
         145000      290.00000

   Energies (kJ/mol)
           Bond            U-B    Proper Dih.  Improper Dih.      CMAP Dih.
    3.44611e+02    1.06313e+03    5.62284e+02    5.73138e+01   -2.93167e+02
          LJ-14     Coulomb-14        LJ (SR)  Disper. corr.   Coulomb (SR)
    1.82898e+02    8.85052e+03    5.07861e+04   -2.95444e+03   -3.91060e+05
   Coul. recip.      Potential    Kinetic En.   Total Energy  Conserved En.
    2.13127e+03   -3.30329e+05    6.31017e+04   -2.67227e+05   -2.65862e+05
    Temperature Pres. DC (bar) Pressure (bar)   Constr. rmsd
    3.01759e+02   -1.94570e+02   -1.15583e+02    2.67545e-06

           Step           Time
         150000      300.00000

   Energies (kJ/mol)
           Bond            U-B    Proper Dih.  Improper Dih.      CMAP Dih.
    3.43259e+02    1.17204e+03    5.06944e+02    5.22141e+01   -2.95222e+02
          LJ-14     Coulomb-14        LJ (SR)  Disper. corr.   Coulomb (SR)
    1.98713e+02    8.87289e+03    5.08349e+04   -2.94508e+03   -3.89348e+05
   Coul. recip.      Potential    Kinetic En.   Total Energy  Conserved En.
    2.11648e+03   -3.28491e+05    6.29499e+04   -2.65541e+05   -2.65811e+05
    Temperature Pres. DC (bar) Pressure (bar)   Constr. rmsd
    3.01033e+02   -1.93341e+02    4.88220e+01    2.56284e-06

           Step           Time
         155000      310.00000

   Energies (kJ/mol)
           Bond            U-B    Proper Dih.  Improper Dih.      CMAP Dih.
    3.41682e+02    1.11202e+03    4.96216e+02    5.77291e+01   -2.78348e+02
          LJ-14     Coulomb-14        LJ (SR)  Disper. corr.   Coulomb (SR)
    2.02547e+02    8.92393e+03    5.13554e+04   -2.93752e+03   -3.90910e+05
   Coul. recip.      Potential    Kinetic En.   Total Energy  Conserved En.
    2.11303e+03   -3.29523e+05    6.35773e+04   -2.65946e+05   -2.65787e+05
    Temperature Pres. DC (bar) Pressure (bar)   Constr. rmsd
    3.04034e+02   -1.92351e+02    9.68965e+01    2.84261e-06

           Step           Time
         160000      320.00000

   Energies (kJ/mol)
           Bond            U-B    Proper Dih.  Improper Dih.      CMAP Dih.
    2.90174e+02    1.07201e+03    5.26458e+02    5.12997e+01   -2.56835e+02
          LJ-14     Coulomb-14        LJ (SR)  Disper. corr.   Coulomb (SR)
    1.88697e+02    8.93769e+03    5.08541e+04   -2.95938e+03   -3.89769e+05
   Coul. recip.      Potential    Kinetic En.   Total Energy  Conserved En.
    2.09743e+03   -3.28968e+05    6.28679e+04   -2.66100e+05   -2.65775e+05
    Temperature Pres. DC (bar) Pressure (bar)   Constr. rmsd
    3.00641e+02   -1.95220e+02    4.30635e+01    3.21669e-06

           Step           Time
         165000      330.00000

   Energies (kJ/mol)
           Bond            U-B    Proper Dih.  Improper Dih.      CMAP Dih.
    3.46496e+02    1.14716e+03    5.19007e+02    5.34937e+01   -2.97164e+02
          LJ-14     Coulomb-14        LJ (SR)  Disper. corr.   Coulomb (SR)
    1.44352e+02    8.87149e+03    5.15191e+04   -2.95030e+03   -3.90764e+05
   Coul. recip.      Potential    Kinetic En.   Total Energy  Conserved En.
    2.12738e+03   -3.29283e+05    6.29474e+04   -2.66335e+05   -2.65757e+05
    Temperature Pres. DC (bar) Pressure (bar)   Constr. rmsd
    3.01021e+02   -1.94027e+02    1.25638e+02    3.85696e-06

Writing checkpoint, step 166700 at Tue Nov 10 02:08:36 2020


           Step           Time
         170000      340.00000

   Energies (kJ/mol)
           Bond            U-B    Proper Dih.  Improper Dih.      CMAP Dih.
    3.24820e+02    9.90834e+02    5.08639e+02    4.97779e+01   -2.77048e+02
          LJ-14     Coulomb-14        LJ (SR)  Disper. corr.   Coulomb (SR)
    1.79174e+02    8.87558e+03    5.07523e+04   -2.94142e+03   -3.90790e+05
   Coul. recip.      Potential    Kinetic En.   Total Energy  Conserved En.
    2.18514e+03   -3.30142e+05    6.18508e+04   -2.68291e+05   -2.65704e+05
    Temperature Pres. DC (bar) Pressure (bar)   Constr. rmsd
    2.95777e+02   -1.92861e+02   -2.17525e+02    3.05600e-06

           Step           Time
         175000      350.00000

   Energies (kJ/mol)
           Bond            U-B    Proper Dih.  Improper Dih.      CMAP Dih.
    3.28598e+02    1.15373e+03    5.53890e+02    5.62914e+01   -2.77358e+02
          LJ-14     Coulomb-14        LJ (SR)  Disper. corr.   Coulomb (SR)
    1.58553e+02    8.88500e+03    5.03445e+04   -2.92007e+03   -3.88893e+05
   Coul. recip.      Potential    Kinetic En.   Total Energy  Conserved En.
    2.15429e+03   -3.28456e+05    6.27257e+04   -2.65730e+05   -2.65682e+05
    Temperature Pres. DC (bar) Pressure (bar)   Constr. rmsd
    2.99961e+02   -1.90075e+02   -2.34760e+02    2.50782e-06

           Step           Time
         180000      360.00000

   Energies (kJ/mol)
           Bond            U-B    Proper Dih.  Improper Dih.      CMAP Dih.
    2.96845e+02    1.01538e+03    5.40104e+02    7.34162e+01   -2.87206e+02
          LJ-14     Coulomb-14        LJ (SR)  Disper. corr.   Coulomb (SR)
    1.80854e+02    8.88717e+03    5.16715e+04   -2.95048e+03   -3.90918e+05
   Coul. recip.      Potential    Kinetic En.   Total Energy  Conserved En.
    2.14607e+03   -3.29345e+05    6.30868e+04   -2.66258e+05   -2.65659e+05
    Temperature Pres. DC (bar) Pressure (bar)   Constr. rmsd
    3.01688e+02   -1.94050e+02    2.01895e+02    3.92506e-06

           Step           Time
         185000      370.00000

   Energies (kJ/mol)
           Bond            U-B    Proper Dih.  Improper Dih.      CMAP Dih.
    3.03680e+02    1.13647e+03    5.37106e+02    8.63640e+01   -2.77570e+02
          LJ-14     Coulomb-14        LJ (SR)  Disper. corr.   Coulomb (SR)
    1.71373e+02    8.81750e+03    5.05533e+04   -2.95448e+03   -3.89355e+05
   Coul. recip.      Potential    Kinetic En.   Total Energy  Conserved En.
    2.12658e+03   -3.28855e+05    6.32454e+04   -2.65609e+05   -2.65614e+05
    Temperature Pres. DC (bar) Pressure (bar)   Constr. rmsd
    3.02446e+02   -1.94576e+02    4.89601e+01    3.92367e-06

           Step           Time
         190000      380.00000

   Energies (kJ/mol)
           Bond            U-B    Proper Dih.  Improper Dih.      CMAP Dih.
    3.28304e+02    1.06213e+03    5.62320e+02    5.51180e+01   -2.80572e+02
          LJ-14     Coulomb-14        LJ (SR)  Disper. corr.   Coulomb (SR)
    2.00857e+02    8.95931e+03    5.19320e+04   -2.95157e+03   -3.90955e+05
   Coul. recip.      Potential    Kinetic En.   Total Energy  Conserved En.
    2.14628e+03   -3.28941e+05    6.29406e+04   -2.66000e+05   -2.65569e+05
    Temperature Pres. DC (bar) Pressure (bar)   Constr. rmsd
    3.00988e+02   -1.94193e+02    2.84315e+02    3.28776e-06

Writing checkpoint, step 190300 at Tue Nov 10 02:23:36 2020


           Step           Time
         195000      390.00000

   Energies (kJ/mol)
           Bond            U-B    Proper Dih.  Improper Dih.      CMAP Dih.
    2.68032e+02    1.14198e+03    5.16118e+02    6.28189e+01   -2.74842e+02
          LJ-14     Coulomb-14        LJ (SR)  Disper. corr.   Coulomb (SR)
    1.79088e+02    8.80286e+03    5.02248e+04   -2.94248e+03   -3.89275e+05
   Coul. recip.      Potential    Kinetic En.   Total Energy  Conserved En.
    2.11711e+03   -3.29179e+05    6.24591e+04   -2.66720e+05   -2.65538e+05
    Temperature Pres. DC (bar) Pressure (bar)   Constr. rmsd
    2.98686e+02   -1.93000e+02   -1.38079e+02    2.98440e-06

           Step           Time
         200000      400.00000

   Energies (kJ/mol)
           Bond            U-B    Proper Dih.  Improper Dih.      CMAP Dih.
    3.42441e+02    1.15120e+03    5.18065e+02    6.61765e+01   -2.59151e+02
          LJ-14     Coulomb-14        LJ (SR)  Disper. corr.   Coulomb (SR)
    1.56073e+02    8.82745e+03    5.09668e+04   -2.94234e+03   -3.90317e+05
   Coul. recip.      Potential    Kinetic En.   Total Energy  Conserved En.
    2.16723e+03   -3.29323e+05    6.26437e+04   -2.66679e+05   -2.65512e+05
    Temperature Pres. DC (bar) Pressure (bar)   Constr. rmsd
    2.99569e+02   -1.92982e+02   -1.33026e+02    3.01540e-06

           Step           Time
         205000      410.00000

   Energies (kJ/mol)
           Bond            U-B    Proper Dih.  Improper Dih.      CMAP Dih.
    3.39677e+02    1.14765e+03    5.22612e+02    6.46952e+01   -2.96428e+02
          LJ-14     Coulomb-14        LJ (SR)  Disper. corr.   Coulomb (SR)
    1.70392e+02    8.88090e+03    5.08559e+04   -2.93651e+03   -3.89458e+05
   Coul. recip.      Potential    Kinetic En.   Total Energy  Conserved En.
    2.11619e+03   -3.28593e+05    6.29833e+04   -2.65610e+05   -2.65493e+05
    Temperature Pres. DC (bar) Pressure (bar)   Constr. rmsd
    3.01193e+02   -1.92219e+02   -1.14047e+01    3.18062e-06

           Step           Time
         210000      420.00000

   Energies (kJ/mol)
           Bond            U-B    Proper Dih.  Improper Dih.      CMAP Dih.
    3.07436e+02    1.10291e+03    5.22684e+02    5.61871e+01   -2.70108e+02
          LJ-14     Coulomb-14        LJ (SR)  Disper. corr.   Coulomb (SR)
    1.55359e+02    8.88084e+03    5.19736e+04   -2.93335e+03   -3.91376e+05
   Coul. recip.      Potential    Kinetic En.   Total Energy  Conserved En.
    2.17144e+03   -3.29409e+05    6.24381e+04   -2.66971e+05   -2.65463e+05
    Temperature Pres. DC (bar) Pressure (bar)   Constr. rmsd
    2.98586e+02   -1.91805e+02    1.14207e+02    2.67073e-06

Writing checkpoint, step 214300 at Tue Nov 10 02:38:37 2020


           Step           Time
         215000      430.00000

   Energies (kJ/mol)
           Bond            U-B    Proper Dih.  Improper Dih.      CMAP Dih.
    2.43985e+02    1.22352e+03    5.48443e+02    5.95414e+01   -2.42410e+02
          LJ-14     Coulomb-14        LJ (SR)  Disper. corr.   Coulomb (SR)
    1.71812e+02    8.83193e+03    5.19108e+04   -2.95248e+03   -3.91925e+05
   Coul. recip.      Potential    Kinetic En.   Total Energy  Conserved En.
    2.13417e+03   -3.29996e+05    6.34012e+04   -2.66595e+05   -2.65446e+05
    Temperature Pres. DC (bar) Pressure (bar)   Constr. rmsd
    3.03191e+02   -1.94312e+02    1.77794e+02    3.85618e-06

           Step           Time
         220000      440.00000

   Energies (kJ/mol)
           Bond            U-B    Proper Dih.  Improper Dih.      CMAP Dih.
    3.60721e+02    9.37334e+02    4.80419e+02    6.70154e+01   -2.68014e+02
          LJ-14     Coulomb-14        LJ (SR)  Disper. corr.   Coulomb (SR)
    1.95077e+02    8.94602e+03    5.05909e+04   -2.95472e+03   -3.89926e+05
   Coul. recip.      Potential    Kinetic En.   Total Energy  Conserved En.
    2.17437e+03   -3.29397e+05    6.23674e+04   -2.67029e+05   -2.65401e+05
    Temperature Pres. DC (bar) Pressure (bar)   Constr. rmsd
    2.98248e+02   -1.94607e+02   -7.70180e+01    3.51650e-06

           Step           Time
         225000      450.00000

   Energies (kJ/mol)
           Bond            U-B    Proper Dih.  Improper Dih.      CMAP Dih.
    3.32468e+02    1.15957e+03    4.84979e+02    4.61315e+01   -2.62197e+02
          LJ-14     Coulomb-14        LJ (SR)  Disper. corr.   Coulomb (SR)
    1.57975e+02    8.86774e+03    5.07681e+04   -2.92933e+03   -3.89443e+05
   Coul. recip.      Potential    Kinetic En.   Total Energy  Conserved En.
    2.19474e+03   -3.28622e+05    6.23451e+04   -2.66277e+05   -2.65352e+05
    Temperature Pres. DC (bar) Pressure (bar)   Constr. rmsd
    2.98141e+02   -1.91281e+02   -1.53186e+02    3.30125e-06

           Step           Time
         230000      460.00000

   Energies (kJ/mol)
           Bond            U-B    Proper Dih.  Improper Dih.      CMAP Dih.
    3.44668e+02    1.14616e+03    5.13573e+02    5.68220e+01   -2.75023e+02
          LJ-14     Coulomb-14        LJ (SR)  Disper. corr.   Coulomb (SR)
    1.74861e+02    8.83017e+03    5.13292e+04   -2.94702e+03   -3.89919e+05
   Coul. recip.      Potential    Kinetic En.   Total Energy  Conserved En.
    2.22768e+03   -3.28517e+05    6.26626e+04   -2.65855e+05   -2.65320e+05
    Temperature Pres. DC (bar) Pressure (bar)   Constr. rmsd
    2.99659e+02   -1.93595e+02    9.58479e+01    3.14889e-06

           Step           Time
         235000      470.00000

   Energies (kJ/mol)
           Bond            U-B    Proper Dih.  Improper Dih.      CMAP Dih.
    3.49924e+02    1.16577e+03    4.92250e+02    5.05512e+01   -2.59234e+02
          LJ-14     Coulomb-14        LJ (SR)  Disper. corr.   Coulomb (SR)
    1.76259e+02    8.89406e+03    5.11469e+04   -2.95141e+03   -3.90478e+05
   Coul. recip.      Potential    Kinetic En.   Total Energy  Conserved En.
    2.19109e+03   -3.29222e+05    6.29359e+04   -2.66286e+05   -2.65302e+05
    Temperature Pres. DC (bar) Pressure (bar)   Constr. rmsd
    3.00966e+02   -1.94171e+02   -2.01558e+00    3.08769e-06

Writing checkpoint, step 238000 at Tue Nov 10 02:53:36 2020


           Step           Time
         240000      480.00000

   Energies (kJ/mol)
           Bond            U-B    Proper Dih.  Improper Dih.      CMAP Dih.
    3.37276e+02    1.06650e+03    5.10440e+02    6.92840e+01   -2.91601e+02
          LJ-14     Coulomb-14        LJ (SR)  Disper. corr.   Coulomb (SR)
    1.65464e+02    8.86766e+03    5.13914e+04   -2.95980e+03   -3.91181e+05
   Coul. recip.      Potential    Kinetic En.   Total Energy  Conserved En.
    2.10601e+03   -3.29919e+05    6.28605e+04   -2.67058e+05   -2.65274e+05
    Temperature Pres. DC (bar) Pressure (bar)   Constr. rmsd
    3.00606e+02   -1.95276e+02    1.11401e+02    3.05386e-06

           Step           Time
         245000      490.00000

   Energies (kJ/mol)
           Bond            U-B    Proper Dih.  Improper Dih.      CMAP Dih.
    2.93949e+02    1.10056e+03    5.34025e+02    3.69536e+01   -2.55668e+02
          LJ-14     Coulomb-14        LJ (SR)  Disper. corr.   Coulomb (SR)
    1.70987e+02    8.81968e+03    5.07679e+04   -2.95868e+03   -3.91077e+05
   Coul. recip.      Potential    Kinetic En.   Total Energy  Conserved En.
    2.09672e+03   -3.30471e+05    6.36433e+04   -2.66827e+05   -2.65257e+05
    Temperature Pres. DC (bar) Pressure (bar)   Constr. rmsd
    3.04349e+02   -1.95129e+02   -4.11653e+01    2.89392e-06

           Step           Time
         250000      500.00000

   Energies (kJ/mol)
           Bond            U-B    Proper Dih.  Improper Dih.      CMAP Dih.
    3.10293e+02    1.11531e+03    5.42340e+02    5.91053e+01   -2.78566e+02
          LJ-14     Coulomb-14        LJ (SR)  Disper. corr.   Coulomb (SR)
    1.73604e+02    8.85480e+03    5.11675e+04   -2.95411e+03   -3.90893e+05
   Coul. recip.      Potential    Kinetic En.   Total Energy  Conserved En.
    2.08715e+03   -3.29816e+05    6.26572e+04   -2.67159e+05   -2.65198e+05
    Temperature Pres. DC (bar) Pressure (bar)   Constr. rmsd
    2.99634e+02   -1.94527e+02   -3.21779e+00    2.97854e-06

           Step           Time
         255000      510.00000

   Energies (kJ/mol)
           Bond            U-B    Proper Dih.  Improper Dih.      CMAP Dih.
    3.13804e+02    9.99081e+02    5.03962e+02    4.92630e+01   -2.67904e+02
          LJ-14     Coulomb-14        LJ (SR)  Disper. corr.   Coulomb (SR)
    1.66430e+02    8.85989e+03    5.15037e+04   -2.94922e+03   -3.91144e+05
   Coul. recip.      Potential    Kinetic En.   Total Energy  Conserved En.
    2.11315e+03   -3.29852e+05    6.23608e+04   -2.67491e+05   -2.65187e+05
    Temperature Pres. DC (bar) Pressure (bar)   Constr. rmsd
    2.98216e+02   -1.93885e+02    5.96986e+01    2.62753e-06

           Step           Time
         260000      520.00000

   Energies (kJ/mol)
           Bond            U-B    Proper Dih.  Improper Dih.      CMAP Dih.
    3.15899e+02    1.02557e+03    5.20012e+02    5.50022e+01   -2.63466e+02
          LJ-14     Coulomb-14        LJ (SR)  Disper. corr.   Coulomb (SR)
    1.74337e+02    8.99407e+03    5.09374e+04   -2.94771e+03   -3.90592e+05
   Coul. recip.      Potential    Kinetic En.   Total Energy  Conserved En.
    2.10841e+03   -3.29672e+05    6.28200e+04   -2.66852e+05   -2.65142e+05
    Temperature Pres. DC (bar) Pressure (bar)   Constr. rmsd
    3.00412e+02   -1.93686e+02   -1.48180e+01    2.84932e-06

Writing checkpoint, step 261850 at Tue Nov 10 03:08:36 2020


           Step           Time
         265000      530.00000

   Energies (kJ/mol)
           Bond            U-B    Proper Dih.  Improper Dih.      CMAP Dih.
    3.06653e+02    9.72159e+02    5.39977e+02    5.04418e+01   -2.77551e+02
          LJ-14     Coulomb-14        LJ (SR)  Disper. corr.   Coulomb (SR)
    1.98657e+02    8.96894e+03    5.09693e+04   -2.94744e+03   -3.90497e+05
   Coul. recip.      Potential    Kinetic En.   Total Energy  Conserved En.
    2.16139e+03   -3.29555e+05    6.24662e+04   -2.67089e+05   -2.65124e+05
    Temperature Pres. DC (bar) Pressure (bar)   Constr. rmsd
    2.98720e+02   -1.93650e+02   -2.35808e+01    3.69212e-06

           Step           Time
         270000      540.00000

   Energies (kJ/mol)
           Bond            U-B    Proper Dih.  Improper Dih.      CMAP Dih.
    2.84879e+02    1.04804e+03    5.19760e+02    7.69753e+01   -2.84873e+02
          LJ-14     Coulomb-14        LJ (SR)  Disper. corr.   Coulomb (SR)
    1.74492e+02    8.93074e+03    5.13150e+04   -2.94678e+03   -3.90940e+05
   Coul. recip.      Potential    Kinetic En.   Total Energy  Conserved En.
    2.14684e+03   -3.29675e+05    6.29922e+04   -2.66683e+05   -2.65090e+05
    Temperature Pres. DC (bar) Pressure (bar)   Constr. rmsd
    3.01235e+02   -1.93564e+02    5.03309e+01    2.72688e-06

           Step           Time
         275000      550.00000

   Energies (kJ/mol)
           Bond            U-B    Proper Dih.  Improper Dih.      CMAP Dih.
    3.28954e+02    1.06060e+03    5.46820e+02    5.75937e+01   -2.70301e+02
          LJ-14     Coulomb-14        LJ (SR)  Disper. corr.   Coulomb (SR)
    1.78225e+02    8.86252e+03    5.08509e+04   -2.93921e+03   -3.90390e+05
   Coul. recip.      Potential    Kinetic En.   Total Energy  Conserved En.
    2.10643e+03   -3.29607e+05    6.31495e+04   -2.66458e+05   -2.65057e+05
    Temperature Pres. DC (bar) Pressure (bar)   Constr. rmsd
    3.01988e+02   -1.92572e+02   -7.54928e+01    3.18802e-06

           Step           Time
         280000      560.00000

   Energies (kJ/mol)
           Bond            U-B    Proper Dih.  Improper Dih.      CMAP Dih.
    2.87413e+02    1.06803e+03    4.90105e+02    5.67791e+01   -2.64680e+02
          LJ-14     Coulomb-14        LJ (SR)  Disper. corr.   Coulomb (SR)
    1.79554e+02    8.87438e+03    5.22117e+04   -2.94494e+03   -3.92142e+05
   Coul. recip.      Potential    Kinetic En.   Total Energy  Conserved En.
    2.11574e+03   -3.30068e+05    6.19897e+04   -2.68079e+05   -2.65008e+05
    Temperature Pres. DC (bar) Pressure (bar)   Constr. rmsd
    2.96441e+02   -1.93323e+02    1.91582e+02    2.67211e-06

           Step           Time
         285000      570.00000

   Energies (kJ/mol)
           Bond            U-B    Proper Dih.  Improper Dih.      CMAP Dih.
    2.76064e+02    1.02120e+03    5.19459e+02    5.93512e+01   -2.58479e+02
          LJ-14     Coulomb-14        LJ (SR)  Disper. corr.   Coulomb (SR)
    1.70740e+02    8.83055e+03    5.04081e+04   -2.95579e+03   -3.90360e+05
   Coul. recip.      Potential    Kinetic En.   Total Energy  Conserved En.
    2.15619e+03   -3.30132e+05    6.30673e+04   -2.67065e+05   -2.64998e+05
    Temperature Pres. DC (bar) Pressure (bar)   Constr. rmsd
    3.01594e+02   -1.94748e+02   -1.96966e+02    3.45048e-06

Writing checkpoint, step 285650 at Tue Nov 10 03:23:37 2020


           Step           Time
         290000      580.00000

   Energies (kJ/mol)
           Bond            U-B    Proper Dih.  Improper Dih.      CMAP Dih.
    3.34487e+02    1.02902e+03    4.90263e+02    5.29520e+01   -2.65556e+02
          LJ-14     Coulomb-14        LJ (SR)  Disper. corr.   Coulomb (SR)
    1.69135e+02    8.89407e+03    5.14029e+04   -2.95980e+03   -3.91410e+05
   Coul. recip.      Potential    Kinetic En.   Total Energy  Conserved En.
    2.11443e+03   -3.30149e+05    6.25007e+04   -2.67648e+05   -2.64950e+05
    Temperature Pres. DC (bar) Pressure (bar)   Constr. rmsd
    2.98885e+02   -1.95276e+02    9.15245e+01    3.02304e-06

           Step           Time
         295000      590.00000

   Energies (kJ/mol)
           Bond            U-B    Proper Dih.  Improper Dih.      CMAP Dih.
    2.81538e+02    1.08904e+03    4.83230e+02    4.93998e+01   -2.45083e+02
          LJ-14     Coulomb-14        LJ (SR)  Disper. corr.   Coulomb (SR)
    1.83621e+02    8.90560e+03    5.08596e+04   -2.94578e+03   -3.90053e+05
   Coul. recip.      Potential    Kinetic En.   Total Energy  Conserved En.
    2.08007e+03   -3.29312e+05    6.21029e+04   -2.67209e+05   -2.64908e+05
    Temperature Pres. DC (bar) Pressure (bar)   Constr. rmsd
    2.96983e+02   -1.93433e+02   -5.66921e+01    2.99977e-06

           Step           Time
         300000      600.00000

   Energies (kJ/mol)
           Bond            U-B    Proper Dih.  Improper Dih.      CMAP Dih.
    3.19748e+02    1.06686e+03    5.31088e+02    6.10603e+01   -2.56094e+02
          LJ-14     Coulomb-14        LJ (SR)  Disper. corr.   Coulomb (SR)
    1.62788e+02    8.93258e+03    5.13133e+04   -2.95553e+03   -3.90295e+05
   Coul. recip.      Potential    Kinetic En.   Total Energy  Conserved En.
    2.08475e+03   -3.29034e+05    6.31094e+04   -2.65925e+05   -2.64897e+05
    Temperature Pres. DC (bar) Pressure (bar)   Constr. rmsd
    3.01796e+02   -1.94714e+02    1.11747e+02    2.67903e-06

           Step           Time
         305000      610.00000

   Energies (kJ/mol)
           Bond            U-B    Proper Dih.  Improper Dih.      CMAP Dih.
    3.27343e+02    1.07397e+03    4.95331e+02    5.10007e+01   -2.73828e+02
          LJ-14     Coulomb-14        LJ (SR)  Disper. corr.   Coulomb (SR)
    1.85054e+02    8.88172e+03    5.14730e+04   -2.94002e+03   -3.91134e+05
   Coul. recip.      Potential    Kinetic En.   Total Energy  Conserved En.
    2.15912e+03   -3.29701e+05    6.30879e+04   -2.66613e+05   -2.64868e+05
    Temperature Pres. DC (bar) Pressure (bar)   Constr. rmsd
    3.01693e+02   -1.92678e+02    3.74006e+01    3.10745e-06

Writing checkpoint, step 309600 at Tue Nov 10 03:38:36 2020


           Step           Time
         310000      620.00000

   Energies (kJ/mol)
           Bond            U-B    Proper Dih.  Improper Dih.      CMAP Dih.
    3.96888e+02    1.06180e+03    5.05772e+02    5.24701e+01   -2.64944e+02
          LJ-14     Coulomb-14        LJ (SR)  Disper. corr.   Coulomb (SR)
    1.54280e+02    8.93843e+03    5.20622e+04   -2.93531e+03   -3.90989e+05
   Coul. recip.      Potential    Kinetic En.   Total Energy  Conserved En.
    2.17753e+03   -3.28840e+05    6.22862e+04   -2.66553e+05   -2.64815e+05
    Temperature Pres. DC (bar) Pressure (bar)   Constr. rmsd
    2.97859e+02   -1.92062e+02    1.31291e+02    3.54290e-06

           Step           Time
         315000      630.00000

   Energies (kJ/mol)
           Bond            U-B    Proper Dih.  Improper Dih.      CMAP Dih.
    3.48760e+02    1.16541e+03    5.36536e+02    6.20431e+01   -2.69745e+02
          LJ-14     Coulomb-14        LJ (SR)  Disper. corr.   Coulomb (SR)
    1.48888e+02    8.85539e+03    4.99466e+04   -2.95526e+03   -3.88830e+05
   Coul. recip.      Potential    Kinetic En.   Total Energy  Conserved En.
    2.18504e+03   -3.28807e+05    6.28317e+04   -2.65975e+05   -2.64783e+05
    Temperature Pres. DC (bar) Pressure (bar)   Constr. rmsd
    3.00468e+02   -1.94678e+02   -2.31960e+02    2.79748e-06

           Step           Time
         320000      640.00000

   Energies (kJ/mol)
           Bond            U-B    Proper Dih.  Improper Dih.      CMAP Dih.
    3.38912e+02    1.01908e+03    4.97738e+02    4.71560e+01   -2.53094e+02
          LJ-14     Coulomb-14        LJ (SR)  Disper. corr.   Coulomb (SR)
    1.61694e+02    8.94509e+03    5.16307e+04   -2.95023e+03   -3.92146e+05
   Coul. recip.      Potential    Kinetic En.   Total Energy  Conserved En.
    2.19181e+03   -3.30517e+05    6.38073e+04   -2.66710e+05   -2.64763e+05
    Temperature Pres. DC (bar) Pressure (bar)   Constr. rmsd
    3.05133e+02   -1.94017e+02    2.61309e+01    3.54499e-06

           Step           Time
         325000      650.00000

   Energies (kJ/mol)
           Bond            U-B    Proper Dih.  Improper Dih.      CMAP Dih.
    3.00757e+02    1.14784e+03    5.22423e+02    6.30907e+01   -2.67098e+02
          LJ-14     Coulomb-14        LJ (SR)  Disper. corr.   Coulomb (SR)
    1.76039e+02    8.87143e+03    5.08435e+04   -2.94542e+03   -3.89987e+05
   Coul. recip.      Potential    Kinetic En.   Total Energy  Conserved En.
    2.15403e+03   -3.29120e+05    6.29525e+04   -2.66168e+05   -2.64729e+05
    Temperature Pres. DC (bar) Pressure (bar)   Constr. rmsd
    3.01045e+02   -1.93386e+02   -6.50202e+01    3.45896e-06

           Step           Time
         330000      660.00000

   Energies (kJ/mol)
           Bond            U-B    Proper Dih.  Improper Dih.      CMAP Dih.
    3.11862e+02    1.09891e+03    5.11985e+02    8.36078e+01   -2.68590e+02
          LJ-14     Coulomb-14        LJ (SR)  Disper. corr.   Coulomb (SR)
    1.65305e+02    8.80932e+03    5.19956e+04   -2.93796e+03   -3.91707e+05
   Coul. recip.      Potential    Kinetic En.   Total Energy  Conserved En.
    2.18151e+03   -3.29755e+05    6.33518e+04   -2.66403e+05   -2.64693e+05
    Temperature Pres. DC (bar) Pressure (bar)   Constr. rmsd
    3.02955e+02   -1.92408e+02    1.66836e+02    3.48117e-06

Writing checkpoint, step 333550 at Tue Nov 10 03:53:36 2020


           Step           Time
         335000      670.00000

   Energies (kJ/mol)
           Bond            U-B    Proper Dih.  Improper Dih.      CMAP Dih.
    2.68396e+02    1.08262e+03    5.14452e+02    5.74566e+01   -2.60292e+02
          LJ-14     Coulomb-14        LJ (SR)  Disper. corr.   Coulomb (SR)
    1.65893e+02    8.92976e+03    5.00676e+04   -2.92402e+03   -3.88872e+05
   Coul. recip.      Potential    Kinetic En.   Total Energy  Conserved En.
    2.17000e+03   -3.28800e+05    6.27406e+04   -2.66059e+05   -2.64669e+05
    Temperature Pres. DC (bar) Pressure (bar)   Constr. rmsd
    3.00032e+02   -1.90589e+02   -2.31654e+02    3.49575e-06

           Step           Time
         340000      680.00000

   Energies (kJ/mol)
           Bond            U-B    Proper Dih.  Improper Dih.      CMAP Dih.
    3.48200e+02    1.13678e+03    5.63796e+02    6.01771e+01   -2.88742e+02
          LJ-14     Coulomb-14        LJ (SR)  Disper. corr.   Coulomb (SR)
    1.53850e+02    8.83822e+03    5.10849e+04   -2.93103e+03   -3.89646e+05
   Coul. recip.      Potential    Kinetic En.   Total Energy  Conserved En.
    2.12694e+03   -3.28553e+05    6.29700e+04   -2.65583e+05   -2.64632e+05
    Temperature Pres. DC (bar) Pressure (bar)   Constr. rmsd
    3.01129e+02   -1.91503e+02   -4.24973e+01    2.85916e-06

           Step           Time
         345000      690.00000

   Energies (kJ/mol)
           Bond            U-B    Proper Dih.  Improper Dih.      CMAP Dih.
    3.56982e+02    1.16112e+03    5.26904e+02    5.64264e+01   -2.69233e+02
          LJ-14     Coulomb-14        LJ (SR)  Disper. corr.   Coulomb (SR)
    1.61479e+02    8.91952e+03    5.13576e+04   -2.94171e+03   -3.89766e+05
   Coul. recip.      Potential    Kinetic En.   Total Energy  Conserved En.
    2.21898e+03   -3.28218e+05    6.32225e+04   -2.64996e+05   -2.64584e+05
    Temperature Pres. DC (bar) Pressure (bar)   Constr. rmsd
    3.02337e+02   -1.92900e+02    1.42050e+02    2.60014e-06

           Step           Time
         350000      700.00000

   Energies (kJ/mol)
           Bond            U-B    Proper Dih.  Improper Dih.      CMAP Dih.
    2.88351e+02    1.11389e+03    5.58193e+02    5.29789e+01   -2.42560e+02
          LJ-14     Coulomb-14        LJ (SR)  Disper. corr.   Coulomb (SR)
    1.88087e+02    8.97795e+03    5.12388e+04   -2.93779e+03   -3.91914e+05
   Coul. recip.      Potential    Kinetic En.   Total Energy  Conserved En.
    2.13023e+03   -3.30546e+05    6.32365e+04   -2.67310e+05   -2.64556e+05
    Temperature Pres. DC (bar) Pressure (bar)   Constr. rmsd
    3.02404e+02   -1.92387e+02   -9.00912e+01    2.76904e-06

           Step           Time
         355000      710.00000

   Energies (kJ/mol)
           Bond            U-B    Proper Dih.  Improper Dih.      CMAP Dih.
    3.03662e+02    1.09424e+03    5.35576e+02    7.34368e+01   -2.73386e+02
          LJ-14     Coulomb-14        LJ (SR)  Disper. corr.   Coulomb (SR)
    1.66736e+02    8.94238e+03    5.10865e+04   -2.94776e+03   -3.91046e+05
   Coul. recip.      Potential    Kinetic En.   Total Energy  Conserved En.
    2.12360e+03   -3.29941e+05    6.32324e+04   -2.66708e+05   -2.64518e+05
    Temperature Pres. DC (bar) Pressure (bar)   Constr. rmsd
    3.02384e+02   -1.93693e+02   -5.11948e+01    2.96180e-06

Writing checkpoint, step 357550 at Tue Nov 10 04:08:37 2020


           Step           Time
         360000      720.00000

   Energies (kJ/mol)
           Bond            U-B    Proper Dih.  Improper Dih.      CMAP Dih.
    3.48812e+02    1.14362e+03    5.37980e+02    6.20753e+01   -2.89279e+02
          LJ-14     Coulomb-14        LJ (SR)  Disper. corr.   Coulomb (SR)
    1.57053e+02    8.92426e+03    5.17016e+04   -2.96371e+03   -3.91002e+05
   Coul. recip.      Potential    Kinetic En.   Total Energy  Conserved En.
    2.15517e+03   -3.29225e+05    6.28884e+04   -2.66336e+05   -2.64485e+05
    Temperature Pres. DC (bar) Pressure (bar)   Constr. rmsd
    3.00739e+02   -1.95792e+02    1.98506e+02    3.43863e-06

           Step           Time
         365000      730.00000

   Energies (kJ/mol)
           Bond            U-B    Proper Dih.  Improper Dih.      CMAP Dih.
    2.72685e+02    1.06565e+03    5.07017e+02    6.58693e+01   -2.68393e+02
          LJ-14     Coulomb-14        LJ (SR)  Disper. corr.   Coulomb (SR)
    1.66946e+02    8.93640e+03    5.06870e+04   -2.94619e+03   -3.90239e+05
   Coul. recip.      Potential    Kinetic En.   Total Energy  Conserved En.
    2.13706e+03   -3.29615e+05    6.25552e+04   -2.67060e+05   -2.64471e+05
    Temperature Pres. DC (bar) Pressure (bar)   Constr. rmsd
    2.99146e+02   -1.93487e+02   -4.86772e+01    2.88832e-06

           Step           Time
         370000      740.00000

   Energies (kJ/mol)
           Bond            U-B    Proper Dih.  Improper Dih.      CMAP Dih.
    3.03807e+02    1.01353e+03    4.91960e+02    4.48481e+01   -2.39691e+02
          LJ-14     Coulomb-14        LJ (SR)  Disper. corr.   Coulomb (SR)
    1.84279e+02    8.91222e+03    5.17889e+04   -2.94995e+03   -3.91491e+05
   Coul. recip.      Potential    Kinetic En.   Total Energy  Conserved En.
    2.13441e+03   -3.29807e+05    6.25153e+04   -2.67292e+05   -2.64427e+05
    Temperature Pres. DC (bar) Pressure (bar)   Constr. rmsd
    2.98955e+02   -1.93980e+02    1.21777e+02    2.87674e-06

           Step           Time
         375000      750.00000

   Energies (kJ/mol)
           Bond            U-B    Proper Dih.  Improper Dih.      CMAP Dih.
    3.14003e+02    1.10548e+03    4.86026e+02    5.39230e+01   -2.41522e+02
          LJ-14     Coulomb-14        LJ (SR)  Disper. corr.   Coulomb (SR)
    1.93505e+02    8.85796e+03    5.13636e+04   -2.95824e+03   -3.90778e+05
   Coul. recip.      Potential    Kinetic En.   Total Energy  Conserved En.
    2.22897e+03   -3.29374e+05    6.29285e+04   -2.66446e+05   -2.64390e+05
    Temperature Pres. DC (bar) Pressure (bar)   Constr. rmsd
    3.00931e+02   -1.95071e+02    1.51368e+02    2.96348e-06

           Step           Time
         380000      760.00000

   Energies (kJ/mol)
           Bond            U-B    Proper Dih.  Improper Dih.      CMAP Dih.
    3.30078e+02    1.11628e+03    5.25424e+02    5.50452e+01   -2.67298e+02
          LJ-14     Coulomb-14        LJ (SR)  Disper. corr.   Coulomb (SR)
    1.58254e+02    8.81489e+03    5.09321e+04   -2.94465e+03   -3.89845e+05
   Coul. recip.      Potential    Kinetic En.   Total Energy  Conserved En.
    2.17276e+03   -3.28952e+05    6.25388e+04   -2.66413e+05   -2.64357e+05
    Temperature Pres. DC (bar) Pressure (bar)   Constr. rmsd
    2.99067e+02   -1.93285e+02   -5.18067e+01    3.18532e-06

Writing checkpoint, step 381500 at Tue Nov 10 04:23:36 2020


           Step           Time
         385000      770.00000

   Energies (kJ/mol)
           Bond            U-B    Proper Dih.  Improper Dih.      CMAP Dih.
    3.86945e+02    1.08137e+03    5.31582e+02    5.27965e+01   -2.88592e+02
          LJ-14     Coulomb-14        LJ (SR)  Disper. corr.   Coulomb (SR)
    1.57879e+02    8.88717e+03    5.11834e+04   -2.94672e+03   -3.90142e+05
   Coul. recip.      Potential    Kinetic En.   Total Energy  Conserved En.
    2.21648e+03   -3.28879e+05    6.22928e+04   -2.66587e+05   -2.64323e+05
    Temperature Pres. DC (bar) Pressure (bar)   Constr. rmsd
    2.97891e+02   -1.93557e+02   -4.19373e+01    3.12865e-06

           Step           Time
         390000      780.00000

   Energies (kJ/mol)
           Bond            U-B    Proper Dih.  Improper Dih.      CMAP Dih.
    3.42482e+02    1.14255e+03    5.37967e+02    4.97634e+01   -3.04243e+02
          LJ-14     Coulomb-14        LJ (SR)  Disper. corr.   Coulomb (SR)
    1.67299e+02    8.97262e+03    5.12537e+04   -2.94001e+03   -3.90412e+05
   Coul. recip.      Potential    Kinetic En.   Total Energy  Conserved En.
    2.15548e+03   -3.29034e+05    6.29668e+04   -2.66067e+05   -2.64293e+05
    Temperature Pres. DC (bar) Pressure (bar)   Constr. rmsd
    3.01114e+02   -1.92677e+02    2.01032e+01    3.65739e-06

           Step           Time
         395000      790.00000

   Energies (kJ/mol)
           Bond            U-B    Proper Dih.  Improper Dih.      CMAP Dih.
    3.46251e+02    1.14010e+03    5.37075e+02    7.34306e+01   -2.93758e+02
          LJ-14     Coulomb-14        LJ (SR)  Disper. corr.   Coulomb (SR)
    1.67674e+02    8.97246e+03    5.11896e+04   -2.95480e+03   -3.89191e+05
   Coul. recip.      Potential    Kinetic En.   Total Energy  Conserved En.
    2.17978e+03   -3.27833e+05    6.35723e+04   -2.64261e+05   -2.64277e+05
    Temperature Pres. DC (bar) Pressure (bar)   Constr. rmsd
    3.04009e+02   -1.94618e+02    2.73235e+02    3.76657e-06

           Step           Time
         400000      800.00000

   Energies (kJ/mol)
           Bond            U-B    Proper Dih.  Improper Dih.      CMAP Dih.
    3.35857e+02    1.07035e+03    5.38669e+02    6.09929e+01   -2.99246e+02
          LJ-14     Coulomb-14        LJ (SR)  Disper. corr.   Coulomb (SR)
    1.77266e+02    8.94196e+03    5.09688e+04   -2.95804e+03   -3.90100e+05
   Coul. recip.      Potential    Kinetic En.   Total Energy  Conserved En.
    2.07733e+03   -3.29186e+05    6.25297e+04   -2.66656e+05   -2.64255e+05
    Temperature Pres. DC (bar) Pressure (bar)   Constr. rmsd
    2.99024e+02   -1.95044e+02    8.53101e+01    3.08669e-06

           Step           Time
         405000      810.00000

   Energies (kJ/mol)
           Bond            U-B    Proper Dih.  Improper Dih.      CMAP Dih.
    3.27166e+02    1.00442e+03    5.53061e+02    6.34129e+01   -3.01764e+02
          LJ-14     Coulomb-14        LJ (SR)  Disper. corr.   Coulomb (SR)
    1.85566e+02    9.05366e+03    5.14653e+04   -2.95495e+03   -3.91991e+05
   Coul. recip.      Potential    Kinetic En.   Total Energy  Conserved En.
    2.19169e+03   -3.30403e+05    6.25602e+04   -2.67843e+05   -2.64219e+05
    Temperature Pres. DC (bar) Pressure (bar)   Constr. rmsd
    2.99169e+02   -1.94638e+02    5.23599e+01    2.65188e-06

Writing checkpoint, step 405450 at Tue Nov 10 04:38:37 2020


           Step           Time
         410000      820.00000

   Energies (kJ/mol)
           Bond            U-B    Proper Dih.  Improper Dih.      CMAP Dih.
    2.80985e+02    1.06617e+03    5.11243e+02    6.15574e+01   -2.88608e+02
          LJ-14     Coulomb-14        LJ (SR)  Disper. corr.   Coulomb (SR)
    1.60220e+02    8.94409e+03    5.10766e+04   -2.94441e+03   -3.91361e+05
   Coul. recip.      Potential    Kinetic En.   Total Energy  Conserved En.
    2.08063e+03   -3.30412e+05    6.34731e+04   -2.66939e+05   -2.64199e+05
    Temperature Pres. DC (bar) Pressure (bar)   Constr. rmsd
    3.03535e+02   -1.93253e+02   -8.58715e+01    3.51576e-06

           Step           Time
         415000      830.00000

   Energies (kJ/mol)
           Bond            U-B    Proper Dih.  Improper Dih.      CMAP Dih.
    2.93668e+02    1.11137e+03    5.27544e+02    6.20919e+01   -3.08544e+02
          LJ-14     Coulomb-14        LJ (SR)  Disper. corr.   Coulomb (SR)
    1.77708e+02    8.88432e+03    5.07011e+04   -2.92945e+03   -3.90165e+05
   Coul. recip.      Potential    Kinetic En.   Total Energy  Conserved En.
    2.18346e+03   -3.29462e+05    6.26403e+04   -2.66822e+05   -2.64158e+05
    Temperature Pres. DC (bar) Pressure (bar)   Constr. rmsd
    2.99552e+02   -1.91297e+02   -1.60619e+02    2.81198e-06

           Step           Time
         420000      840.00000

   Energies (kJ/mol)
           Bond            U-B    Proper Dih.  Improper Dih.      CMAP Dih.
    3.51103e+02    1.01769e+03    5.26231e+02    4.95196e+01   -2.91756e+02
          LJ-14     Coulomb-14        LJ (SR)  Disper. corr.   Coulomb (SR)
    1.58089e+02    9.04824e+03    5.02219e+04   -2.94701e+03   -3.90361e+05
   Coul. recip.      Potential    Kinetic En.   Total Energy  Conserved En.
    2.15654e+03   -3.30070e+05    6.27074e+04   -2.67363e+05   -2.64125e+05
    Temperature Pres. DC (bar) Pressure (bar)   Constr. rmsd
    2.99873e+02   -1.93594e+02   -2.71353e+02    2.98402e-06

           Step           Time
         425000      850.00000

   Energies (kJ/mol)
           Bond            U-B    Proper Dih.  Improper Dih.      CMAP Dih.
    3.17406e+02    1.01878e+03    5.33881e+02    5.24950e+01   -2.72451e+02
          LJ-14     Coulomb-14        LJ (SR)  Disper. corr.   Coulomb (SR)
    1.77600e+02    8.96267e+03    5.17084e+04   -2.95047e+03   -3.91561e+05
   Coul. recip.      Potential    Kinetic En.   Total Energy  Conserved En.
    2.22250e+03   -3.29790e+05    6.27452e+04   -2.67045e+05   -2.64088e+05
    Temperature Pres. DC (bar) Pressure (bar)   Constr. rmsd
    3.00054e+02   -1.94049e+02    1.81370e+02    3.06238e-06

Writing checkpoint, step 429400 at Tue Nov 10 04:53:37 2020


           Step           Time
         430000      860.00000

   Energies (kJ/mol)
           Bond            U-B    Proper Dih.  Improper Dih.      CMAP Dih.
    3.01112e+02    1.05032e+03    5.29451e+02    5.23717e+01   -2.61464e+02
          LJ-14     Coulomb-14        LJ (SR)  Disper. corr.   Coulomb (SR)
    1.44796e+02    8.84325e+03    5.11053e+04   -2.94648e+03   -3.91133e+05
   Coul. recip.      Potential    Kinetic En.   Total Energy  Conserved En.
    2.18284e+03   -3.30132e+05    6.27947e+04   -2.67337e+05   -2.64070e+05
    Temperature Pres. DC (bar) Pressure (bar)   Constr. rmsd
    3.00291e+02   -1.93525e+02   -1.01640e+02    3.69953e-06

           Step           Time
         435000      870.00000

   Energies (kJ/mol)
           Bond            U-B    Proper Dih.  Improper Dih.      CMAP Dih.
    3.25119e+02    1.00801e+03    4.74842e+02    6.44288e+01   -2.64263e+02
          LJ-14     Coulomb-14        LJ (SR)  Disper. corr.   Coulomb (SR)
    1.65012e+02    8.97801e+03    5.12159e+04   -2.93225e+03   -3.90937e+05
   Coul. recip.      Potential    Kinetic En.   Total Energy  Conserved En.
    2.10818e+03   -3.29794e+05    6.29341e+04   -2.66860e+05   -2.64041e+05
    Temperature Pres. DC (bar) Pressure (bar)   Constr. rmsd
    3.00958e+02   -1.91662e+02   -4.86966e+01    3.81535e-06

           Step           Time
         440000      880.00000

   Energies (kJ/mol)
           Bond            U-B    Proper Dih.  Improper Dih.      CMAP Dih.
    3.35768e+02    1.02713e+03    5.35003e+02    6.80396e+01   -3.12322e+02
          LJ-14     Coulomb-14        LJ (SR)  Disper. corr.   Coulomb (SR)
    1.76726e+02    8.87050e+03    5.16194e+04   -2.97334e+03   -3.92457e+05
   Coul. recip.      Potential    Kinetic En.   Total Energy  Conserved En.
    2.12737e+03   -3.30983e+05    6.30600e+04   -2.67923e+05   -2.64007e+05
    Temperature Pres. DC (bar) Pressure (bar)   Constr. rmsd
    3.01559e+02   -1.97065e+02    1.20910e+02    2.90483e-06

           Step           Time
         445000      890.00000

   Energies (kJ/mol)
           Bond            U-B    Proper Dih.  Improper Dih.      CMAP Dih.
    3.19315e+02    1.01906e+03    5.17931e+02    5.79764e+01   -2.41705e+02
          LJ-14     Coulomb-14        LJ (SR)  Disper. corr.   Coulomb (SR)
    1.51649e+02    8.93724e+03    5.11683e+04   -2.93446e+03   -3.90126e+05
   Coul. recip.      Potential    Kinetic En.   Total Energy  Conserved En.
    2.13597e+03   -3.28995e+05    6.27402e+04   -2.66255e+05   -2.63967e+05
    Temperature Pres. DC (bar) Pressure (bar)   Constr. rmsd
    3.00030e+02   -1.91951e+02   -9.03023e+01    4.22620e-06

           Step           Time
         450000      900.00000

   Energies (kJ/mol)
           Bond            U-B    Proper Dih.  Improper Dih.      CMAP Dih.
    3.56281e+02    1.04974e+03    4.94671e+02    4.26305e+01   -2.86000e+02
          LJ-14     Coulomb-14        LJ (SR)  Disper. corr.   Coulomb (SR)
    1.83859e+02    9.00074e+03    5.06260e+04   -2.94578e+03   -3.90027e+05
   Coul. recip.      Potential    Kinetic En.   Total Energy  Conserved En.
    2.16394e+03   -3.29341e+05    6.28934e+04   -2.66448e+05   -2.63938e+05
    Temperature Pres. DC (bar) Pressure (bar)   Constr. rmsd
    3.00763e+02   -1.93433e+02   -1.01003e+02    3.33324e-06

Writing checkpoint, step 453450 at Tue Nov 10 05:08:37 2020


           Step           Time
         455000      910.00000

   Energies (kJ/mol)
           Bond            U-B    Proper Dih.  Improper Dih.      CMAP Dih.
    3.41457e+02    9.98854e+02    5.18069e+02    5.90983e+01   -2.83938e+02
          LJ-14     Coulomb-14        LJ (SR)  Disper. corr.   Coulomb (SR)
    1.81056e+02    8.95013e+03    5.19658e+04   -2.95717e+03   -3.91691e+05
   Coul. recip.      Potential    Kinetic En.   Total Energy  Conserved En.
    2.09202e+03   -3.29826e+05    6.21943e+04   -2.67632e+05   -2.63897e+05
    Temperature Pres. DC (bar) Pressure (bar)   Constr. rmsd
    2.97420e+02   -1.94930e+02    2.23070e+02    3.45244e-06

           Step           Time
         460000      920.00000

   Energies (kJ/mol)
           Bond            U-B    Proper Dih.  Improper Dih.      CMAP Dih.
    3.05435e+02    1.14778e+03    5.26921e+02    6.31916e+01   -2.83451e+02
          LJ-14     Coulomb-14        LJ (SR)  Disper. corr.   Coulomb (SR)
    1.77450e+02    8.91634e+03    5.05052e+04   -2.94973e+03   -3.88694e+05
   Coul. recip.      Potential    Kinetic En.   Total Energy  Conserved En.
    2.17577e+03   -3.28109e+05    6.27322e+04   -2.65377e+05   -2.63861e+05
    Temperature Pres. DC (bar) Pressure (bar)   Constr. rmsd
    2.99992e+02   -1.93952e+02    5.61027e+01    3.28998e-06

           Step           Time
         465000      930.00000

   Energies (kJ/mol)
           Bond            U-B    Proper Dih.  Improper Dih.      CMAP Dih.
    3.41534e+02    1.01921e+03    5.45431e+02    5.60727e+01   -3.12625e+02
          LJ-14     Coulomb-14        LJ (SR)  Disper. corr.   Coulomb (SR)
    1.58646e+02    9.03961e+03    5.08921e+04   -2.93159e+03   -3.89841e+05
   Coul. recip.      Potential    Kinetic En.   Total Energy  Conserved En.
    2.21669e+03   -3.28816e+05    6.25738e+04   -2.66242e+05   -2.63846e+05
    Temperature Pres. DC (bar) Pressure (bar)   Constr. rmsd
    2.99234e+02   -1.91576e+02   -1.98921e+02    4.20330e-06

           Step           Time
         470000      940.00000

   Energies (kJ/mol)
           Bond            U-B    Proper Dih.  Improper Dih.      CMAP Dih.
    3.28275e+02    1.13222e+03    5.64255e+02    7.47250e+01   -2.81825e+02
          LJ-14     Coulomb-14        LJ (SR)  Disper. corr.   Coulomb (SR)
    1.86287e+02    8.97162e+03    5.17187e+04   -2.94039e+03   -3.90742e+05
   Coul. recip.      Potential    Kinetic En.   Total Energy  Conserved En.
    2.15073e+03   -3.28837e+05    6.27172e+04   -2.66120e+05   -2.63791e+05
    Temperature Pres. DC (bar) Pressure (bar)   Constr. rmsd
    2.99920e+02   -1.92727e+02    1.75072e+02    3.33931e-06

           Step           Time
         475000      950.00000

   Energies (kJ/mol)
           Bond            U-B    Proper Dih.  Improper Dih.      CMAP Dih.
    3.12502e+02    1.12770e+03    5.00773e+02    5.76789e+01   -2.83793e+02
          LJ-14     Coulomb-14        LJ (SR)  Disper. corr.   Coulomb (SR)
    1.37368e+02    8.83128e+03    5.25783e+04   -2.94565e+03   -3.91176e+05
   Coul. recip.      Potential    Kinetic En.   Total Energy  Conserved En.
    2.21839e+03   -3.28642e+05    6.24304e+04   -2.66211e+05   -2.63755e+05
    Temperature Pres. DC (bar) Pressure (bar)   Constr. rmsd
    2.98549e+02   -1.93416e+02    3.37048e+02    3.40720e-06

Writing checkpoint, step 477500 at Tue Nov 10 05:23:37 2020


           Step           Time
         480000      960.00000

   Energies (kJ/mol)
           Bond            U-B    Proper Dih.  Improper Dih.      CMAP Dih.
    3.45418e+02    1.07500e+03    5.43125e+02    6.25912e+01   -2.99327e+02
          LJ-14     Coulomb-14        LJ (SR)  Disper. corr.   Coulomb (SR)
    1.51740e+02    8.91308e+03    5.10532e+04   -2.94489e+03   -3.89432e+05
   Coul. recip.      Potential    Kinetic En.   Total Energy  Conserved En.
    2.16606e+03   -3.28366e+05    6.24269e+04   -2.65939e+05   -2.63731e+05
    Temperature Pres. DC (bar) Pressure (bar)   Constr. rmsd
    2.98532e+02   -1.93316e+02    3.49624e+01    3.29860e-06

           Step           Time
         485000      970.00000

   Energies (kJ/mol)
           Bond            U-B    Proper Dih.  Improper Dih.      CMAP Dih.
    2.87150e+02    1.05044e+03    5.17787e+02    6.69491e+01   -2.69854e+02
          LJ-14     Coulomb-14        LJ (SR)  Disper. corr.   Coulomb (SR)
    1.81466e+02    8.99156e+03    5.00096e+04   -2.93116e+03   -3.88559e+05
   Coul. recip.      Potential    Kinetic En.   Total Energy  Conserved En.
    2.20687e+03   -3.28448e+05    6.29486e+04   -2.65499e+05   -2.63695e+05
    Temperature Pres. DC (bar) Pressure (bar)   Constr. rmsd
    3.01027e+02   -1.91520e+02   -1.92673e+02    3.36092e-06

           Step           Time
         490000      980.00000

   Energies (kJ/mol)
           Bond            U-B    Proper Dih.  Improper Dih.      CMAP Dih.
    3.20647e+02    1.02761e+03    4.98468e+02    4.28067e+01   -2.77316e+02
          LJ-14     Coulomb-14        LJ (SR)  Disper. corr.   Coulomb (SR)
    1.61155e+02    8.88823e+03    5.12938e+04   -2.94219e+03   -3.91252e+05
   Coul. recip.      Potential    Kinetic En.   Total Energy  Conserved En.
    2.18053e+03   -3.30058e+05    6.17561e+04   -2.68302e+05   -2.63640e+05
    Temperature Pres. DC (bar) Pressure (bar)   Constr. rmsd
    2.95324e+02   -1.92962e+02   -9.29921e+01    3.02457e-06

           Step           Time
         495000      990.00000

   Energies (kJ/mol)
           Bond            U-B    Proper Dih.  Improper Dih.      CMAP Dih.
    2.74210e+02    1.15049e+03    5.29823e+02    4.51211e+01   -3.13401e+02
          LJ-14     Coulomb-14        LJ (SR)  Disper. corr.   Coulomb (SR)
    1.79978e+02    8.86320e+03    5.03196e+04   -2.92922e+03   -3.88512e+05
   Coul. recip.      Potential    Kinetic En.   Total Energy  Conserved En.
    2.14438e+03   -3.28248e+05    6.29913e+04   -2.65257e+05   -2.63612e+05
    Temperature Pres. DC (bar) Pressure (bar)   Constr. rmsd
    3.01231e+02   -1.91267e+02   -1.05200e+02    4.62164e-06

           Step           Time
         500000     1000.00000

Writing checkpoint, step 500000 at Tue Nov 10 05:37:38 2020


   Energies (kJ/mol)
           Bond            U-B    Proper Dih.  Improper Dih.      CMAP Dih.
    3.25151e+02    9.49190e+02    5.20857e+02    6.78762e+01   -3.21141e+02
          LJ-14     Coulomb-14        LJ (SR)  Disper. corr.   Coulomb (SR)
    1.83601e+02    8.91045e+03    5.17321e+04   -2.95670e+03   -3.91896e+05
   Coul. recip.      Potential    Kinetic En.   Total Energy  Conserved En.
    2.18315e+03   -3.30302e+05    6.21436e+04   -2.68158e+05   -2.63573e+05
    Temperature Pres. DC (bar) Pressure (bar)   Constr. rmsd
    2.97177e+02   -1.94867e+02    1.41820e+02    3.34967e-06


	<======  ###############  ==>
	<====  A V E R A G E S  ====>
	<==  ###############  ======>

	Statistics over 500001 steps using 5001 frames

   Energies (kJ/mol)
           Bond            U-B    Proper Dih.  Improper Dih.      CMAP Dih.
    3.19691e+02    1.06474e+03    5.26424e+02    6.05102e+01   -2.65025e+02
          LJ-14     Coulomb-14        LJ (SR)  Disper. corr.   Coulomb (SR)
    1.70163e+02    8.90640e+03    5.12006e+04   -2.94607e+03   -3.90662e+05
   Coul. recip.      Potential    Kinetic En.   Total Energy  Conserved En.
    2.15971e+03   -3.29465e+05    6.27414e+04   -2.66723e+05   -2.65212e+05
    Temperature Pres. DC (bar) Pressure (bar)   Constr. rmsd
    3.00036e+02   -1.93473e+02    2.10570e+00    0.00000e+00

          Box-X          Box-Y          Box-Z
    6.32608e+00    6.32608e+00    6.32608e+00

   Total Virial (kJ/mol)
    2.08949e+04    2.54846e+00   -1.12257e+01
    2.48508e+00    2.08774e+04   -7.00789e+00
   -1.11526e+01   -6.67553e+00    2.09250e+04

   Pressure (bar)
    2.50622e+00   -4.38513e-02    1.61429e+00
   -3.54940e-02    4.57802e+00    3.30438e-01
    1.60471e+00    2.86843e-01   -7.67152e-01

      T-Protein  T-non-Protein
    3.00503e+02    3.00026e+02


	M E G A - F L O P S   A C C O U N T I N G

 NB=Group-cutoff nonbonded kernels    NxN=N-by-N cluster Verlet kernels
 RF=Reaction-Field  VdW=Van der Waals  QSTab=quadratic-spline table
 W3=SPC/TIP3p  W4=TIP4p (single or pairs)
 V&F=Potential and force  V=Potential only  F=Force only

 Computing:                               M-Number         M-Flops  % Flops
-----------------------------------------------------------------------------
 Pair Search distance check           82452.542604      742072.883     0.3
 NxN QSTab Elec. + LJ [F]           3154466.145504   129333111.966    51.2
 NxN QSTab Elec. + LJ [V&F]           31868.367960     1880233.710     0.7
 NxN QSTab Elec. [F]                2982674.042272   101410917.437    40.2
 NxN QSTab Elec. [V&F]                30132.474824     1235431.468     0.5
 1,4 nonbonded interactions             586.001172       52740.105     0.0
 Calc Weights                         37569.075138     1352486.705     0.5
 Spread Q Bspline                    801473.602944     1602947.206     0.6
 Gather F Bspline                    801473.602944     4808841.618     1.9
 3D-FFT                             1021812.043620     8174496.349     3.2
 Solve PME                              800.001600       51200.102     0.0
 Shift-X                                250.485046        1502.910     0.0
 Bonds                                  104.000208        6136.012     0.0
 Propers                                470.000940      107630.215     0.0
 Impropers                               35.000070        7280.015     0.0
 Virial                                1254.575091       22582.352     0.0
 Stop-CM                                125.255046        1252.550     0.0
 Calc-Ekin                             2504.650092       67625.552     0.0
 Lincs                                  123.000246        7380.015     0.0
 Lincs-Mat                              876.001752        3504.007     0.0
 Constraint-V                         12540.025080      100320.201     0.0
 Constraint-Vir                        1241.724834       29801.396     0.0
 Settle                                4098.008196     1323656.647     0.5
 CMAP                                    14.000028       23800.048     0.0
 Urey-Bradley                           418.000836       76494.153     0.0
-----------------------------------------------------------------------------
 Total                                               252423445.622   100.0
-----------------------------------------------------------------------------


     R E A L   C Y C L E   A N D   T I M E   A C C O U N T I N G

On 1 MPI rank, each using 4 OpenMP threads

 Computing:          Num   Num      Call    Wall time         Giga-Cycles
                     Ranks Threads  Count      (s)         total sum    %
-----------------------------------------------------------------------------
 Neighbor search        1    4      10001     234.676       1501.918   1.2
 Force                  1    4     500001   15902.351     101774.491  84.4
 PME mesh               1    4     500001    2113.334      13525.264  11.2
 NB X/F buffer ops.     1    4     990001     231.858       1483.881   1.2
 Write traj.            1    4        121       3.147         20.139   0.0
 Update                 1    4     500001     106.552        681.930   0.6
 Constraints            1    4     500001     182.809       1169.970   1.0
 Rest                                          68.330        437.309   0.4
-----------------------------------------------------------------------------
 Total                                      18843.056     120594.902 100.0
-----------------------------------------------------------------------------
 Breakdown of PME mesh computation
-----------------------------------------------------------------------------
 PME spread             1    4     500001     778.817       4984.400   4.1
 PME gather             1    4     500001     924.215       5914.945   4.9
 PME 3D-FFT             1    4    1000002     309.517       1980.900   1.6
 PME solve Elec         1    4     500001      91.866        587.937   0.5
-----------------------------------------------------------------------------

               Core t (s)   Wall t (s)        (%)
       Time:    75372.223    18843.056      400.0
                         5h14:03
                 (ns/day)    (hour/ns)
Performance:        4.585        5.234
Finished mdrun on rank 0 Tue Nov 10 05:37:38 2020

