                      :-) GROMACS - gmx mdrun, 2020.3 (-:

                            GROMACS is written by:
     Emile Apol      Rossen Apostolov      Paul Bauer     Herman J.C. Berendsen
    Par Bjelkmar      Christian Blau   Viacheslav Bolnykh     Kevin Boyd    
 Aldert van Buuren   Rudi van Drunen     Anton Feenstra       Alan Gray     
  Gerrit Groenhof     Anca Hamuraru    Vincent Hindriksen  M. Eric Irrgang  
  Aleksei Iupinov   Christoph Junghans     Joe Jordan     Dimitrios Karkoulis
    Peter Kasson        Jiri Kraus      Carsten Kutzner      Per Larsson    
  Justin A. Lemkul    Viveca Lindahl    Magnus Lundborg     Erik Marklund   
    Pascal Merz     Pieter Meulenhoff    Teemu Murtola       Szilard Pall   
    Sander Pronk      Roland Schulz      Michael Shirts    Alexey Shvetsov  
   Alfons Sijbers     Peter Tieleman      Jon Vincent      Teemu Virolainen 
 Christian Wennberg    Maarten Wolf      Artem Zhmurov   
                           and the project leaders:
        Mark Abraham, Berk Hess, Erik Lindahl, and David van der Spoel

Copyright (c) 1991-2000, University of Groningen, The Netherlands.
Copyright (c) 2001-2019, The GROMACS development team at
Uppsala University, Stockholm University and
the Royal Institute of Technology, Sweden.
check out http://www.gromacs.org for more information.

GROMACS is free software; you can redistribute it and/or modify it
under the terms of the GNU Lesser General Public License
as published by the Free Software Foundation; either version 2.1
of the License, or (at your option) any later version.

GROMACS:      gmx mdrun, version 2020.3
Executable:   /usr/local/gromacs/bin/gmx
Data prefix:  /usr/local/gromacs
Working dir:  /home/alan/Documentos/estancia/pdb/procesados/ab
Process ID:   96072
Command line:
  gmx mdrun -v -deffnm nvt

GROMACS version:    2020.3
Verified release checksum is c0599e547549c2d0ef4fc678dc5a26ad0000eab045e938fed756f9ff5b99a197
Precision:          single
Memory model:       64 bit
MPI library:        thread_mpi
OpenMP support:     enabled (GMX_OPENMP_MAX_THREADS = 64)
GPU support:        disabled
SIMD instructions:  SSE4.1
FFT library:        fftw-3.3.8-sse2
RDTSCP usage:       enabled
TNG support:        enabled
Hwloc support:      hwloc-2.2.0
Tracing support:    disabled
C compiler:         /usr/bin/cc GNU 10.2.0
C compiler flags:   -msse4.1 -fexcess-precision=fast -funroll-all-loops -O3 -DNDEBUG
C++ compiler:       /usr/bin/c++ GNU 10.2.0
C++ compiler flags: -msse4.1 -fexcess-precision=fast -funroll-all-loops -fopenmp -O3 -DNDEBUG


Running on 1 node with total 4 cores, 4 logical cores
Hardware detected:
  CPU info:
    Vendor: Intel
    Brand:  Intel(R) Pentium(R) CPU  N3710  @ 1.60GHz
    Family: 6   Model: 76   Stepping: 4
    Features: aes apic clfsh cmov cx8 cx16 htt intel lahf mmx msr nonstop_tsc pclmuldq pdcm popcnt pse rdrnd rdtscp sse2 sse3 sse4.1 sse4.2 ssse3 tdt
  Hardware topology: Full, with devices
    Sockets, cores, and logical processors:
      Socket  0: [   0] [   1] [   2] [   3]
    Numa nodes:
      Node  0 (4035821568 bytes mem):   0   1   2   3
      Latency:
               0
         0  1.00
    Caches:
      L1: 24576 bytes, linesize 64 bytes, assoc. 6, shared 1 ways
      L2: 1048576 bytes, linesize 64 bytes, assoc. 16, shared 2 ways
    PCI devices:
      0000:00:02.0  Id: 8086:22b1  Class: 0x0300  Numa: 0
      0000:00:13.0  Id: 8086:22a3  Class: 0x0106  Numa: 0
      0000:02:00.0  Id: 8086:3166  Class: 0x0280  Numa: 0
      0000:03:00.0  Id: 10ec:8136  Class: 0x0200  Numa: 0


++++ PLEASE READ AND CITE THE FOLLOWING REFERENCE ++++
M. J. Abraham, T. Murtola, R. Schulz, S. Páll, J. C. Smith, B. Hess, E.
Lindahl
GROMACS: High performance molecular simulations through multi-level
parallelism from laptops to supercomputers
SoftwareX 1 (2015) pp. 19-25
-------- -------- --- Thank You --- -------- --------


++++ PLEASE READ AND CITE THE FOLLOWING REFERENCE ++++
S. Páll, M. J. Abraham, C. Kutzner, B. Hess, E. Lindahl
Tackling Exascale Software Challenges in Molecular Dynamics Simulations with
GROMACS
In S. Markidis & E. Laure (Eds.), Solving Software Challenges for Exascale 8759 (2015) pp. 3-27
-------- -------- --- Thank You --- -------- --------


++++ PLEASE READ AND CITE THE FOLLOWING REFERENCE ++++
S. Pronk, S. Páll, R. Schulz, P. Larsson, P. Bjelkmar, R. Apostolov, M. R.
Shirts, J. C. Smith, P. M. Kasson, D. van der Spoel, B. Hess, and E. Lindahl
GROMACS 4.5: a high-throughput and highly parallel open source molecular
simulation toolkit
Bioinformatics 29 (2013) pp. 845-54
-------- -------- --- Thank You --- -------- --------


++++ PLEASE READ AND CITE THE FOLLOWING REFERENCE ++++
B. Hess and C. Kutzner and D. van der Spoel and E. Lindahl
GROMACS 4: Algorithms for highly efficient, load-balanced, and scalable
molecular simulation
J. Chem. Theory Comput. 4 (2008) pp. 435-447
-------- -------- --- Thank You --- -------- --------


++++ PLEASE READ AND CITE THE FOLLOWING REFERENCE ++++
D. van der Spoel, E. Lindahl, B. Hess, G. Groenhof, A. E. Mark and H. J. C.
Berendsen
GROMACS: Fast, Flexible and Free
J. Comp. Chem. 26 (2005) pp. 1701-1719
-------- -------- --- Thank You --- -------- --------


++++ PLEASE READ AND CITE THE FOLLOWING REFERENCE ++++
E. Lindahl and B. Hess and D. van der Spoel
GROMACS 3.0: A package for molecular simulation and trajectory analysis
J. Mol. Mod. 7 (2001) pp. 306-317
-------- -------- --- Thank You --- -------- --------


++++ PLEASE READ AND CITE THE FOLLOWING REFERENCE ++++
H. J. C. Berendsen, D. van der Spoel and R. van Drunen
GROMACS: A message-passing parallel molecular dynamics implementation
Comp. Phys. Comm. 91 (1995) pp. 43-56
-------- -------- --- Thank You --- -------- --------


++++ PLEASE CITE THE DOI FOR THIS VERSION OF GROMACS ++++
https://doi.org/10.5281/zenodo.3923645
-------- -------- --- Thank You --- -------- --------

Input Parameters:
   integrator                     = md
   tinit                          = 0
   dt                             = 0.002
   nsteps                         = 50000
   init-step                      = 0
   simulation-part                = 1
   comm-mode                      = Linear
   nstcomm                        = 100
   bd-fric                        = 0
   ld-seed                        = -1015065314
   emtol                          = 10
   emstep                         = 0.01
   niter                          = 20
   fcstep                         = 0
   nstcgsteep                     = 1000
   nbfgscorr                      = 10
   rtpi                           = 0.05
   nstxout                        = 500
   nstvout                        = 500
   nstfout                        = 0
   nstlog                         = 500
   nstcalcenergy                  = 100
   nstenergy                      = 500
   nstxout-compressed             = 0
   compressed-x-precision         = 1000
   cutoff-scheme                  = Verlet
   nstlist                        = 10
   pbc                            = xyz
   periodic-molecules             = false
   verlet-buffer-tolerance        = 0.005
   rlist                          = 1
   coulombtype                    = PME
   coulomb-modifier               = Potential-shift
   rcoulomb-switch                = 0
   rcoulomb                       = 1
   epsilon-r                      = 1
   epsilon-rf                     = inf
   vdw-type                       = Cut-off
   vdw-modifier                   = Potential-shift
   rvdw-switch                    = 0
   rvdw                           = 1
   DispCorr                       = EnerPres
   table-extension                = 1
   fourierspacing                 = 0.16
   fourier-nx                     = 40
   fourier-ny                     = 40
   fourier-nz                     = 40
   pme-order                      = 4
   ewald-rtol                     = 1e-05
   ewald-rtol-lj                  = 0.001
   lj-pme-comb-rule               = Geometric
   ewald-geometry                 = 0
   epsilon-surface                = 0
   tcoupl                         = V-rescale
   nsttcouple                     = 10
   nh-chain-length                = 0
   print-nose-hoover-chain-variables = false
   pcoupl                         = No
   pcoupltype                     = Isotropic
   nstpcouple                     = -1
   tau-p                          = 1
   compressibility (3x3):
      compressibility[    0]={ 0.00000e+00,  0.00000e+00,  0.00000e+00}
      compressibility[    1]={ 0.00000e+00,  0.00000e+00,  0.00000e+00}
      compressibility[    2]={ 0.00000e+00,  0.00000e+00,  0.00000e+00}
   ref-p (3x3):
      ref-p[    0]={ 0.00000e+00,  0.00000e+00,  0.00000e+00}
      ref-p[    1]={ 0.00000e+00,  0.00000e+00,  0.00000e+00}
      ref-p[    2]={ 0.00000e+00,  0.00000e+00,  0.00000e+00}
   refcoord-scaling               = No
   posres-com (3):
      posres-com[0]= 0.00000e+00
      posres-com[1]= 0.00000e+00
      posres-com[2]= 0.00000e+00
   posres-comB (3):
      posres-comB[0]= 0.00000e+00
      posres-comB[1]= 0.00000e+00
      posres-comB[2]= 0.00000e+00
   QMMM                           = false
   QMconstraints                  = 0
   QMMMscheme                     = 0
   MMChargeScaleFactor            = 1
qm-opts:
   ngQM                           = 0
   constraint-algorithm           = Lincs
   continuation                   = false
   Shake-SOR                      = false
   shake-tol                      = 0.0001
   lincs-order                    = 4
   lincs-iter                     = 1
   lincs-warnangle                = 30
   nwall                          = 0
   wall-type                      = 9-3
   wall-r-linpot                  = -1
   wall-atomtype[0]               = -1
   wall-atomtype[1]               = -1
   wall-density[0]                = 0
   wall-density[1]                = 0
   wall-ewald-zfac                = 3
   pull                           = false
   awh                            = false
   rotation                       = false
   interactiveMD                  = false
   disre                          = No
   disre-weighting                = Conservative
   disre-mixed                    = false
   dr-fc                          = 1000
   dr-tau                         = 0
   nstdisreout                    = 100
   orire-fc                       = 0
   orire-tau                      = 0
   nstorireout                    = 100
   free-energy                    = no
   cos-acceleration               = 0
   deform (3x3):
      deform[    0]={ 0.00000e+00,  0.00000e+00,  0.00000e+00}
      deform[    1]={ 0.00000e+00,  0.00000e+00,  0.00000e+00}
      deform[    2]={ 0.00000e+00,  0.00000e+00,  0.00000e+00}
   simulated-tempering            = false
   swapcoords                     = no
   userint1                       = 0
   userint2                       = 0
   userint3                       = 0
   userint4                       = 0
   userreal1                      = 0
   userreal2                      = 0
   userreal3                      = 0
   userreal4                      = 0
   applied-forces:
     electric-field:
       x:
         E0                       = 0
         omega                    = 0
         t0                       = 0
         sigma                    = 0
       y:
         E0                       = 0
         omega                    = 0
         t0                       = 0
         sigma                    = 0
       z:
         E0                       = 0
         omega                    = 0
         t0                       = 0
         sigma                    = 0
     density-guided-simulation:
       active                     = false
       group                      = protein
       similarity-measure         = inner-product
       atom-spreading-weight      = unity
       force-constant             = 1e+09
       gaussian-transform-spreading-width = 0.2
       gaussian-transform-spreading-range-in-multiples-of-width = 4
       reference-density-filename = reference.mrc
       nst                        = 1
       normalize-densities        = true
       adaptive-force-scaling     = false
       adaptive-force-scaling-time-constant = 4
grpopts:
   nrdf:     1121.93     49179.1
   ref-t:         300         300
   tau-t:         0.1         0.1
annealing:          No          No
annealing-npoints:           0           0
   acc:	           0           0           0
   nfreeze:           N           N           N
   energygrp-flags[  0]: 0

Changing nstlist from 10 to 50, rlist from 1 to 1.11

Using 1 MPI thread

Non-default thread affinity set, disabling internal thread affinity

Using 4 OpenMP threads 

System total charge: 0.000
Will do PME sum in reciprocal space for electrostatic interactions.

++++ PLEASE READ AND CITE THE FOLLOWING REFERENCE ++++
U. Essmann, L. Perera, M. L. Berkowitz, T. Darden, H. Lee and L. G. Pedersen 
A smooth particle mesh Ewald method
J. Chem. Phys. 103 (1995) pp. 8577-8592
-------- -------- --- Thank You --- -------- --------

Using a Gaussian width (1/beta) of 0.320163 nm for Ewald
Potential shift: LJ r^-12: -1.000e+00 r^-6: -1.000e+00, Ewald -1.000e-05
Initialized non-bonded Ewald tables, spacing: 9.33e-04 size: 1073

Generated table with 1055 data points for 1-4 COUL.
Tabscale = 500 points/nm
Generated table with 1055 data points for 1-4 LJ6.
Tabscale = 500 points/nm
Generated table with 1055 data points for 1-4 LJ12.
Tabscale = 500 points/nm

Using SIMD 4x4 nonbonded short-range kernels

Using a dual 4x4 pair-list setup updated with dynamic pruning:
  outer list: updated every 50 steps, buffer 0.110 nm, rlist 1.110 nm
  inner list: updated every 12 steps, buffer 0.002 nm, rlist 1.002 nm
At tolerance 0.005 kJ/mol/ps per atom, equivalent classical 1x1 list would be:
  outer list: updated every 50 steps, buffer 0.235 nm, rlist 1.235 nm
  inner list: updated every 12 steps, buffer 0.047 nm, rlist 1.047 nm

Using Lorentz-Berthelot Lennard-Jones combination rule

Long Range LJ corr.: <C6> 2.8419e-04

Removing pbc first time

Initializing LINear Constraint Solver

++++ PLEASE READ AND CITE THE FOLLOWING REFERENCE ++++
B. Hess and H. Bekker and H. J. C. Berendsen and J. G. E. M. Fraaije
LINCS: A Linear Constraint Solver for molecular simulations
J. Comp. Chem. 18 (1997) pp. 1463-1472
-------- -------- --- Thank You --- -------- --------

The number of constraints is 246

++++ PLEASE READ AND CITE THE FOLLOWING REFERENCE ++++
S. Miyamoto and P. A. Kollman
SETTLE: An Analytical Version of the SHAKE and RATTLE Algorithms for Rigid
Water Models
J. Comp. Chem. 13 (1992) pp. 952-962
-------- -------- --- Thank You --- -------- --------


++++ PLEASE READ AND CITE THE FOLLOWING REFERENCE ++++
G. Bussi, D. Donadio and M. Parrinello
Canonical sampling through velocity rescaling
J. Chem. Phys. 126 (2007) pp. 014101
-------- -------- --- Thank You --- -------- --------

There are: 25046 Atoms

Constraining the starting coordinates (step 0)

Constraining the coordinates at t0-dt (step 0)
Center of mass motion removal mode is Linear
We have the following groups for center of mass motion removal:
  0:  rest
RMS relative constraint deviation after constraining: 2.70e-06
Initial temperature: 297.802 K

Started mdrun on rank 0 Thu Oct 29 01:35:31 2020

           Step           Time
              0        0.00000

   Energies (kJ/mol)
           Bond            U-B    Proper Dih.  Improper Dih.      CMAP Dih.
    8.58369e+01    3.59105e+02    6.14243e+02    2.23897e+01   -1.84416e+02
          LJ-14     Coulomb-14        LJ (SR)  Disper. corr.   Coulomb (SR)
    1.38967e+02    8.78158e+03    5.46169e+04   -2.94205e+03   -4.48442e+05
   Coul. recip. Position Rest.      Potential    Kinetic En.   Total Energy
    1.68906e+03    2.05554e-04   -3.85261e+05    6.22865e+04   -3.22974e+05
  Conserved En.    Temperature Pres. DC (bar) Pressure (bar)   Constr. rmsd
   -3.22974e+05    2.97861e+02   -1.92944e+02   -4.41264e+03    2.75698e-06

           Step           Time
            500        1.00000

   Energies (kJ/mol)
           Bond            U-B    Proper Dih.  Improper Dih.      CMAP Dih.
    3.58807e+02    1.06355e+03    6.13097e+02    5.07601e+01   -1.55440e+02
          LJ-14     Coulomb-14        LJ (SR)  Disper. corr.   Coulomb (SR)
    1.75069e+02    8.76876e+03    5.22956e+04   -2.94205e+03   -3.92196e+05
   Coul. recip. Position Rest.      Potential    Kinetic En.   Total Energy
    2.18418e+03    2.32601e+02   -3.29551e+05    6.19689e+04   -2.67582e+05
  Conserved En.    Temperature Pres. DC (bar) Pressure (bar)   Constr. rmsd
   -3.22491e+05    2.96342e+02   -1.92944e+02    1.12691e+02    2.76201e-06

           Step           Time
           1000        2.00000

   Energies (kJ/mol)
           Bond            U-B    Proper Dih.  Improper Dih.      CMAP Dih.
    3.36387e+02    1.06389e+03    6.30767e+02    5.67231e+01   -1.71423e+02
          LJ-14     Coulomb-14        LJ (SR)  Disper. corr.   Coulomb (SR)
    1.64990e+02    8.74766e+03    5.14694e+04   -2.94205e+03   -3.90584e+05
   Coul. recip. Position Rest.      Potential    Kinetic En.   Total Energy
    2.17813e+03    2.19007e+02   -3.28830e+05    6.24097e+04   -2.66420e+05
  Conserved En.    Temperature Pres. DC (bar) Pressure (bar)   Constr. rmsd
   -3.22502e+05    2.98450e+02   -1.92944e+02   -3.75436e+01    3.25543e-06

           Step           Time
           1500        3.00000

   Energies (kJ/mol)
           Bond            U-B    Proper Dih.  Improper Dih.      CMAP Dih.
    3.31692e+02    1.02949e+03    6.45214e+02    6.24969e+01   -1.79561e+02
          LJ-14     Coulomb-14        LJ (SR)  Disper. corr.   Coulomb (SR)
    1.51809e+02    8.74695e+03    5.19304e+04   -2.94205e+03   -3.91253e+05
   Coul. recip. Position Rest.      Potential    Kinetic En.   Total Energy
    2.13399e+03    2.06184e+02   -3.29136e+05    6.19782e+04   -2.67158e+05
  Conserved En.    Temperature Pres. DC (bar) Pressure (bar)   Constr. rmsd
   -3.22492e+05    2.96386e+02   -1.92944e+02    8.54426e+01    2.87026e-06

           Step           Time
           2000        4.00000

   Energies (kJ/mol)
           Bond            U-B    Proper Dih.  Improper Dih.      CMAP Dih.
    2.86310e+02    1.06924e+03    6.43447e+02    8.94699e+01   -1.84110e+02
          LJ-14     Coulomb-14        LJ (SR)  Disper. corr.   Coulomb (SR)
    1.61374e+02    8.76009e+03    5.11265e+04   -2.94205e+03   -3.90720e+05
   Coul. recip. Position Rest.      Potential    Kinetic En.   Total Energy
    2.19279e+03    1.89420e+02   -3.29328e+05    6.21670e+04   -2.67161e+05
  Conserved En.    Temperature Pres. DC (bar) Pressure (bar)   Constr. rmsd
   -3.22491e+05    2.97289e+02   -1.92944e+02   -1.58920e+02    2.40409e-06

           Step           Time
           2500        5.00000

   Energies (kJ/mol)
           Bond            U-B    Proper Dih.  Improper Dih.      CMAP Dih.
    3.38457e+02    1.12964e+03    5.71027e+02    5.80259e+01   -1.81787e+02
          LJ-14     Coulomb-14        LJ (SR)  Disper. corr.   Coulomb (SR)
    1.40486e+02    8.67673e+03    5.22621e+04   -2.94205e+03   -3.91505e+05
   Coul. recip. Position Rest.      Potential    Kinetic En.   Total Energy
    2.18085e+03    2.24538e+02   -3.29047e+05    6.22293e+04   -2.66818e+05
  Conserved En.    Temperature Pres. DC (bar) Pressure (bar)   Constr. rmsd
   -3.22474e+05    2.97587e+02   -1.92944e+02    1.95990e+02    3.28446e-06

           Step           Time
           3000        6.00000

   Energies (kJ/mol)
           Bond            U-B    Proper Dih.  Improper Dih.      CMAP Dih.
    3.04493e+02    1.17402e+03    6.03145e+02    4.94493e+01   -1.78488e+02
          LJ-14     Coulomb-14        LJ (SR)  Disper. corr.   Coulomb (SR)
    1.56684e+02    8.78945e+03    5.04275e+04   -2.94205e+03   -3.89499e+05
   Coul. recip. Position Rest.      Potential    Kinetic En.   Total Energy
    2.11706e+03    2.06325e+02   -3.28791e+05    6.31919e+04   -2.65599e+05
  Conserved En.    Temperature Pres. DC (bar) Pressure (bar)   Constr. rmsd
   -3.22480e+05    3.02190e+02   -1.92944e+02   -1.38611e+02    2.99318e-06

           Step           Time
           3500        7.00000

   Energies (kJ/mol)
           Bond            U-B    Proper Dih.  Improper Dih.      CMAP Dih.
    3.49990e+02    1.07518e+03    5.88481e+02    5.98140e+01   -1.66275e+02
          LJ-14     Coulomb-14        LJ (SR)  Disper. corr.   Coulomb (SR)
    1.38328e+02    8.77007e+03    5.15553e+04   -2.94205e+03   -3.89958e+05
   Coul. recip. Position Rest.      Potential    Kinetic En.   Total Energy
    2.16299e+03    2.26216e+02   -3.28140e+05    6.26939e+04   -2.65446e+05
  Conserved En.    Temperature Pres. DC (bar) Pressure (bar)   Constr. rmsd
   -3.22477e+05    2.99809e+02   -1.92944e+02    1.87387e+02    3.03959e-06

           Step           Time
           4000        8.00000

   Energies (kJ/mol)
           Bond            U-B    Proper Dih.  Improper Dih.      CMAP Dih.
    3.64297e+02    1.01305e+03    6.46547e+02    5.80237e+01   -1.73775e+02
          LJ-14     Coulomb-14        LJ (SR)  Disper. corr.   Coulomb (SR)
    1.80837e+02    8.78139e+03    5.20490e+04   -2.94205e+03   -3.91200e+05
   Coul. recip. Position Rest.      Potential    Kinetic En.   Total Energy
    2.22428e+03    2.06416e+02   -3.28792e+05    6.30918e+04   -2.65700e+05
  Conserved En.    Temperature Pres. DC (bar) Pressure (bar)   Constr. rmsd
   -3.22485e+05    3.01712e+02   -1.92944e+02    1.11837e+02    3.50271e-06

           Step           Time
           4500        9.00000

   Energies (kJ/mol)
           Bond            U-B    Proper Dih.  Improper Dih.      CMAP Dih.
    3.06937e+02    1.02128e+03    5.94447e+02    7.18685e+01   -1.81757e+02
          LJ-14     Coulomb-14        LJ (SR)  Disper. corr.   Coulomb (SR)
    1.39477e+02    8.77322e+03    5.14010e+04   -2.94205e+03   -3.90975e+05
   Coul. recip. Position Rest.      Potential    Kinetic En.   Total Energy
    2.22686e+03    1.81190e+02   -3.29383e+05    6.21049e+04   -2.67278e+05
  Conserved En.    Temperature Pres. DC (bar) Pressure (bar)   Constr. rmsd
   -3.22475e+05    2.96992e+02   -1.92944e+02   -1.40261e+02    2.89007e-06

           Step           Time
           5000       10.00000

   Energies (kJ/mol)
           Bond            U-B    Proper Dih.  Improper Dih.      CMAP Dih.
    3.55055e+02    1.15339e+03    6.42840e+02    7.05429e+01   -2.24724e+02
          LJ-14     Coulomb-14        LJ (SR)  Disper. corr.   Coulomb (SR)
    1.49536e+02    8.74328e+03    5.14231e+04   -2.94205e+03   -3.90281e+05
   Coul. recip. Position Rest.      Potential    Kinetic En.   Total Energy
    2.17164e+03    1.99718e+02   -3.28539e+05    6.32086e+04   -2.65330e+05
  Conserved En.    Temperature Pres. DC (bar) Pressure (bar)   Constr. rmsd
   -3.22476e+05    3.02270e+02   -1.92944e+02    5.11485e+01    3.02106e-06

           Step           Time
           5500       11.00000

   Energies (kJ/mol)
           Bond            U-B    Proper Dih.  Improper Dih.      CMAP Dih.
    3.35955e+02    9.92076e+02    6.08175e+02    4.71364e+01   -1.85211e+02
          LJ-14     Coulomb-14        LJ (SR)  Disper. corr.   Coulomb (SR)
    1.87015e+02    8.82332e+03    5.17345e+04   -2.94205e+03   -3.90980e+05
   Coul. recip. Position Rest.      Potential    Kinetic En.   Total Energy
    2.17652e+03    1.99501e+02   -3.29003e+05    6.28667e+04   -2.66136e+05
  Conserved En.    Temperature Pres. DC (bar) Pressure (bar)   Constr. rmsd
   -3.22467e+05    3.00635e+02   -1.92944e+02    7.69758e+01    2.99220e-06

           Step           Time
           6000       12.00000

   Energies (kJ/mol)
           Bond            U-B    Proper Dih.  Improper Dih.      CMAP Dih.
    3.12249e+02    1.01334e+03    5.83185e+02    6.11390e+01   -1.94035e+02
          LJ-14     Coulomb-14        LJ (SR)  Disper. corr.   Coulomb (SR)
    1.55615e+02    8.79975e+03    5.21775e+04   -2.94205e+03   -3.91365e+05
   Coul. recip. Position Rest.      Potential    Kinetic En.   Total Energy
    2.13828e+03    1.74685e+02   -3.29085e+05    6.32991e+04   -2.65786e+05
  Conserved En.    Temperature Pres. DC (bar) Pressure (bar)   Constr. rmsd
   -3.22478e+05    3.02703e+02   -1.92944e+02    1.00986e+02    3.35647e-06

           Step           Time
           6500       13.00000

   Energies (kJ/mol)
           Bond            U-B    Proper Dih.  Improper Dih.      CMAP Dih.
    3.15745e+02    1.06398e+03    6.09940e+02    5.15569e+01   -1.85412e+02
          LJ-14     Coulomb-14        LJ (SR)  Disper. corr.   Coulomb (SR)
    1.65937e+02    8.81250e+03    5.13920e+04   -2.94205e+03   -3.90976e+05
   Coul. recip. Position Rest.      Potential    Kinetic En.   Total Energy
    2.14004e+03    1.86023e+02   -3.29366e+05    6.23631e+04   -2.67003e+05
  Conserved En.    Temperature Pres. DC (bar) Pressure (bar)   Constr. rmsd
   -3.22463e+05    2.98227e+02   -1.92944e+02    5.66150e+01    3.01272e-06

           Step           Time
           7000       14.00000

   Energies (kJ/mol)
           Bond            U-B    Proper Dih.  Improper Dih.      CMAP Dih.
    3.41261e+02    1.03191e+03    6.38094e+02    5.46663e+01   -2.04987e+02
          LJ-14     Coulomb-14        LJ (SR)  Disper. corr.   Coulomb (SR)
    1.83460e+02    8.76794e+03    5.21169e+04   -2.94205e+03   -3.91308e+05
   Coul. recip. Position Rest.      Potential    Kinetic En.   Total Energy
    2.20805e+03    1.87682e+02   -3.28925e+05    6.22793e+04   -2.66645e+05
  Conserved En.    Temperature Pres. DC (bar) Pressure (bar)   Constr. rmsd
   -3.22463e+05    2.97826e+02   -1.92944e+02    2.37149e+02    3.26230e-06

           Step           Time
           7500       15.00000

   Energies (kJ/mol)
           Bond            U-B    Proper Dih.  Improper Dih.      CMAP Dih.
    3.09359e+02    1.04946e+03    6.44085e+02    5.51288e+01   -1.88191e+02
          LJ-14     Coulomb-14        LJ (SR)  Disper. corr.   Coulomb (SR)
    1.57416e+02    8.77318e+03    5.10096e+04   -2.94205e+03   -3.91013e+05
   Coul. recip. Position Rest.      Potential    Kinetic En.   Total Energy
    2.19397e+03    1.97727e+02   -3.29753e+05    6.26852e+04   -2.67068e+05
  Conserved En.    Temperature Pres. DC (bar) Pressure (bar)   Constr. rmsd
   -3.22461e+05    2.99767e+02   -1.92944e+02   -1.57884e+02    2.49308e-06

           Step           Time
           8000       16.00000

   Energies (kJ/mol)
           Bond            U-B    Proper Dih.  Improper Dih.      CMAP Dih.
    2.89688e+02    1.07059e+03    5.94582e+02    6.04891e+01   -1.86278e+02
          LJ-14     Coulomb-14        LJ (SR)  Disper. corr.   Coulomb (SR)
    1.45945e+02    8.79217e+03    5.12061e+04   -2.94205e+03   -3.90074e+05
   Coul. recip. Position Rest.      Potential    Kinetic En.   Total Energy
    2.21824e+03    1.92280e+02   -3.28632e+05    6.18418e+04   -2.66790e+05
  Conserved En.    Temperature Pres. DC (bar) Pressure (bar)   Constr. rmsd
   -3.22447e+05    2.95734e+02   -1.92944e+02   -1.07535e+02    3.38605e-06

           Step           Time
           8500       17.00000

   Energies (kJ/mol)
           Bond            U-B    Proper Dih.  Improper Dih.      CMAP Dih.
    3.21947e+02    1.17276e+03    6.37791e+02    6.85751e+01   -1.88334e+02
          LJ-14     Coulomb-14        LJ (SR)  Disper. corr.   Coulomb (SR)
    1.70612e+02    8.77955e+03    5.13924e+04   -2.94205e+03   -3.90305e+05
   Coul. recip. Position Rest.      Potential    Kinetic En.   Total Energy
    2.12830e+03    2.00265e+02   -3.28564e+05    6.34966e+04   -2.65067e+05
  Conserved En.    Temperature Pres. DC (bar) Pressure (bar)   Constr. rmsd
   -3.22458e+05    3.03647e+02   -1.92944e+02    1.74636e+02    2.65550e-06

           Step           Time
           9000       18.00000

   Energies (kJ/mol)
           Bond            U-B    Proper Dih.  Improper Dih.      CMAP Dih.
    2.86238e+02    1.01545e+03    6.25303e+02    6.51072e+01   -2.05031e+02
          LJ-14     Coulomb-14        LJ (SR)  Disper. corr.   Coulomb (SR)
    1.73550e+02    8.83371e+03    5.07677e+04   -2.94205e+03   -3.89676e+05
   Coul. recip. Position Rest.      Potential    Kinetic En.   Total Energy
    2.17692e+03    2.12795e+02   -3.28666e+05    6.24918e+04   -2.66174e+05
  Conserved En.    Temperature Pres. DC (bar) Pressure (bar)   Constr. rmsd
   -3.22459e+05    2.98842e+02   -1.92944e+02    2.68615e+01    3.53717e-06

           Step           Time
           9500       19.00000

   Energies (kJ/mol)
           Bond            U-B    Proper Dih.  Improper Dih.      CMAP Dih.
    2.99742e+02    1.02816e+03    5.78365e+02    4.96700e+01   -1.71788e+02
          LJ-14     Coulomb-14        LJ (SR)  Disper. corr.   Coulomb (SR)
    1.77523e+02    8.81422e+03    5.02222e+04   -2.94205e+03   -3.89466e+05
   Coul. recip. Position Rest.      Potential    Kinetic En.   Total Energy
    2.22931e+03    2.11974e+02   -3.28969e+05    6.31135e+04   -2.65856e+05
  Conserved En.    Temperature Pres. DC (bar) Pressure (bar)   Constr. rmsd
   -3.22462e+05    3.01815e+02   -1.92944e+02   -1.90105e+02    3.59943e-06

           Step           Time
          10000       20.00000

   Energies (kJ/mol)
           Bond            U-B    Proper Dih.  Improper Dih.      CMAP Dih.
    2.62575e+02    1.03674e+03    6.30161e+02    5.47999e+01   -2.05900e+02
          LJ-14     Coulomb-14        LJ (SR)  Disper. corr.   Coulomb (SR)
    1.59121e+02    8.89012e+03    5.10892e+04   -2.94205e+03   -3.90793e+05
   Coul. recip. Position Rest.      Potential    Kinetic En.   Total Energy
    2.17137e+03    1.80385e+02   -3.29466e+05    6.23275e+04   -2.67139e+05
  Conserved En.    Temperature Pres. DC (bar) Pressure (bar)   Constr. rmsd
   -3.22450e+05    2.98057e+02   -1.92944e+02   -1.38455e+02    2.19516e-06

           Step           Time
          10500       21.00000

   Energies (kJ/mol)
           Bond            U-B    Proper Dih.  Improper Dih.      CMAP Dih.
    2.95504e+02    1.04728e+03    6.25021e+02    6.94447e+01   -1.86603e+02
          LJ-14     Coulomb-14        LJ (SR)  Disper. corr.   Coulomb (SR)
    1.51750e+02    8.71322e+03    5.26398e+04   -2.94205e+03   -3.93057e+05
   Coul. recip. Position Rest.      Potential    Kinetic En.   Total Energy
    2.13571e+03    1.72986e+02   -3.30335e+05    6.24647e+04   -2.67870e+05
  Conserved En.    Temperature Pres. DC (bar) Pressure (bar)   Constr. rmsd
   -3.22452e+05    2.98713e+02   -1.92944e+02    2.55389e+01    2.77823e-06

           Step           Time
          11000       22.00000

   Energies (kJ/mol)
           Bond            U-B    Proper Dih.  Improper Dih.      CMAP Dih.
    3.17439e+02    1.03671e+03    6.22537e+02    6.05260e+01   -1.91333e+02
          LJ-14     Coulomb-14        LJ (SR)  Disper. corr.   Coulomb (SR)
    1.82021e+02    8.82500e+03    5.07278e+04   -2.94205e+03   -3.89750e+05
   Coul. recip. Position Rest.      Potential    Kinetic En.   Total Energy
    2.25828e+03    2.13109e+02   -3.28640e+05    6.21673e+04   -2.66473e+05
  Conserved En.    Temperature Pres. DC (bar) Pressure (bar)   Constr. rmsd
   -3.22444e+05    2.97290e+02   -1.92944e+02   -2.24735e+02    2.79329e-06

           Step           Time
          11500       23.00000

   Energies (kJ/mol)
           Bond            U-B    Proper Dih.  Improper Dih.      CMAP Dih.
    2.94453e+02    1.08752e+03    6.16426e+02    6.12044e+01   -1.99685e+02
          LJ-14     Coulomb-14        LJ (SR)  Disper. corr.   Coulomb (SR)
    1.46298e+02    8.65829e+03    5.06733e+04   -2.94205e+03   -3.89809e+05
   Coul. recip. Position Rest.      Potential    Kinetic En.   Total Energy
    2.14019e+03    2.10420e+02   -3.29063e+05    6.28998e+04   -2.66163e+05
  Conserved En.    Temperature Pres. DC (bar) Pressure (bar)   Constr. rmsd
   -3.22456e+05    3.00794e+02   -1.92944e+02   -1.03665e+02    2.94664e-06

           Step           Time
          12000       24.00000

   Energies (kJ/mol)
           Bond            U-B    Proper Dih.  Improper Dih.      CMAP Dih.
    3.63741e+02    1.11829e+03    6.04006e+02    6.48765e+01   -1.67780e+02
          LJ-14     Coulomb-14        LJ (SR)  Disper. corr.   Coulomb (SR)
    1.25343e+02    8.70769e+03    5.20528e+04   -2.94205e+03   -3.91259e+05
   Coul. recip. Position Rest.      Potential    Kinetic En.   Total Energy
    2.13614e+03    1.85632e+02   -3.29010e+05    6.27964e+04   -2.66214e+05
  Conserved En.    Temperature Pres. DC (bar) Pressure (bar)   Constr. rmsd
   -3.22442e+05    3.00299e+02   -1.92944e+02    1.66918e+02    2.28272e-06

           Step           Time
          12500       25.00000

   Energies (kJ/mol)
           Bond            U-B    Proper Dih.  Improper Dih.      CMAP Dih.
    3.09338e+02    1.12859e+03    5.96230e+02    7.22735e+01   -1.85796e+02
          LJ-14     Coulomb-14        LJ (SR)  Disper. corr.   Coulomb (SR)
    1.46496e+02    8.76728e+03    5.09282e+04   -2.94205e+03   -3.90450e+05
   Coul. recip. Position Rest.      Potential    Kinetic En.   Total Energy
    2.22221e+03    1.95989e+02   -3.29211e+05    6.26834e+04   -2.66528e+05
  Conserved En.    Temperature Pres. DC (bar) Pressure (bar)   Constr. rmsd
   -3.22433e+05    2.99759e+02   -1.92944e+02   -2.63491e+02    2.74258e-06

           Step           Time
          13000       26.00000

   Energies (kJ/mol)
           Bond            U-B    Proper Dih.  Improper Dih.      CMAP Dih.
    3.22840e+02    1.11294e+03    5.79202e+02    7.51716e+01   -1.62226e+02
          LJ-14     Coulomb-14        LJ (SR)  Disper. corr.   Coulomb (SR)
    1.34749e+02    8.74780e+03    5.13432e+04   -2.94205e+03   -3.90074e+05
   Coul. recip. Position Rest.      Potential    Kinetic En.   Total Energy
    2.14595e+03    2.11270e+02   -3.28506e+05    6.27968e+04   -2.65709e+05
  Conserved En.    Temperature Pres. DC (bar) Pressure (bar)   Constr. rmsd
   -3.22434e+05    3.00301e+02   -1.92944e+02   -1.21561e+02    2.46190e-06

           Step           Time
          13500       27.00000

   Energies (kJ/mol)
           Bond            U-B    Proper Dih.  Improper Dih.      CMAP Dih.
    2.95978e+02    1.13362e+03    5.67866e+02    6.22711e+01   -1.58702e+02
          LJ-14     Coulomb-14        LJ (SR)  Disper. corr.   Coulomb (SR)
    1.34869e+02    8.76884e+03    5.06473e+04   -2.94205e+03   -3.89008e+05
   Coul. recip. Position Rest.      Potential    Kinetic En.   Total Energy
    2.17448e+03    2.16079e+02   -3.28107e+05    6.26764e+04   -2.65431e+05
  Conserved En.    Temperature Pres. DC (bar) Pressure (bar)   Constr. rmsd
   -3.22435e+05    2.99725e+02   -1.92944e+02   -1.58222e+02    2.80161e-06

           Step           Time
          14000       28.00000

   Energies (kJ/mol)
           Bond            U-B    Proper Dih.  Improper Dih.      CMAP Dih.
    3.37903e+02    1.09052e+03    6.01658e+02    6.51160e+01   -1.63561e+02
          LJ-14     Coulomb-14        LJ (SR)  Disper. corr.   Coulomb (SR)
    1.52064e+02    8.76607e+03    5.11097e+04   -2.94205e+03   -3.90432e+05
   Coul. recip. Position Rest.      Potential    Kinetic En.   Total Energy
    2.13761e+03    1.82130e+02   -3.29095e+05    6.31050e+04   -2.65990e+05
  Conserved En.    Temperature Pres. DC (bar) Pressure (bar)   Constr. rmsd
   -3.22445e+05    3.01775e+02   -1.92944e+02    2.32749e+01    2.60496e-06

           Step           Time
          14500       29.00000

   Energies (kJ/mol)
           Bond            U-B    Proper Dih.  Improper Dih.      CMAP Dih.
    2.81133e+02    1.09533e+03    6.10390e+02    5.69781e+01   -1.73793e+02
          LJ-14     Coulomb-14        LJ (SR)  Disper. corr.   Coulomb (SR)
    1.50787e+02    8.76589e+03    5.21616e+04   -2.94205e+03   -3.91646e+05
   Coul. recip. Position Rest.      Potential    Kinetic En.   Total Energy
    2.20071e+03    1.55327e+02   -3.29283e+05    6.24543e+04   -2.66829e+05
  Conserved En.    Temperature Pres. DC (bar) Pressure (bar)   Constr. rmsd
   -3.22440e+05    2.98663e+02   -1.92944e+02    2.32707e+02    2.82656e-06

           Step           Time
          15000       30.00000

   Energies (kJ/mol)
           Bond            U-B    Proper Dih.  Improper Dih.      CMAP Dih.
    3.28664e+02    1.14452e+03    6.00788e+02    5.19925e+01   -2.02657e+02
          LJ-14     Coulomb-14        LJ (SR)  Disper. corr.   Coulomb (SR)
    1.37515e+02    8.81305e+03    5.13411e+04   -2.94205e+03   -3.90471e+05
   Coul. recip. Position Rest.      Potential    Kinetic En.   Total Energy
    2.14064e+03    1.85186e+02   -3.28872e+05    6.28185e+04   -2.66054e+05
  Conserved En.    Temperature Pres. DC (bar) Pressure (bar)   Constr. rmsd
   -3.22435e+05    3.00405e+02   -1.92944e+02   -6.49016e+01    3.22700e-06

           Step           Time
          15500       31.00000

   Energies (kJ/mol)
           Bond            U-B    Proper Dih.  Improper Dih.      CMAP Dih.
    3.65651e+02    1.06510e+03    6.08055e+02    5.42282e+01   -1.89305e+02
          LJ-14     Coulomb-14        LJ (SR)  Disper. corr.   Coulomb (SR)
    1.46215e+02    8.79648e+03    5.07686e+04   -2.94205e+03   -3.89377e+05
   Coul. recip. Position Rest.      Potential    Kinetic En.   Total Energy
    2.21683e+03    2.24483e+02   -3.28263e+05    6.26083e+04   -2.65655e+05
  Conserved En.    Temperature Pres. DC (bar) Pressure (bar)   Constr. rmsd
   -3.22429e+05    2.99399e+02   -1.92944e+02   -2.89719e+00    3.28625e-06

           Step           Time
          16000       32.00000

   Energies (kJ/mol)
           Bond            U-B    Proper Dih.  Improper Dih.      CMAP Dih.
    2.54707e+02    1.05863e+03    6.25552e+02    4.52747e+01   -2.05687e+02
          LJ-14     Coulomb-14        LJ (SR)  Disper. corr.   Coulomb (SR)
    1.65105e+02    8.78211e+03    5.10028e+04   -2.94205e+03   -3.90665e+05
   Coul. recip. Position Rest.      Potential    Kinetic En.   Total Energy
    2.19473e+03    2.23155e+02   -3.29460e+05    6.24263e+04   -2.67034e+05
  Conserved En.    Temperature Pres. DC (bar) Pressure (bar)   Constr. rmsd
   -3.22434e+05    2.98529e+02   -1.92944e+02    3.89639e+01    2.39516e-06

           Step           Time
          16500       33.00000

   Energies (kJ/mol)
           Bond            U-B    Proper Dih.  Improper Dih.      CMAP Dih.
    3.03373e+02    1.14438e+03    6.26773e+02    6.08595e+01   -1.85966e+02
          LJ-14     Coulomb-14        LJ (SR)  Disper. corr.   Coulomb (SR)
    1.47927e+02    8.72554e+03    5.07313e+04   -2.94205e+03   -3.90602e+05
   Coul. recip. Position Rest.      Potential    Kinetic En.   Total Energy
    2.15716e+03    2.06226e+02   -3.29627e+05    6.30356e+04   -2.66591e+05
  Conserved En.    Temperature Pres. DC (bar) Pressure (bar)   Constr. rmsd
   -3.22444e+05    3.01443e+02   -1.92944e+02   -1.28843e+02    3.74616e-06

           Step           Time
          17000       34.00000

   Energies (kJ/mol)
           Bond            U-B    Proper Dih.  Improper Dih.      CMAP Dih.
    3.15636e+02    1.07124e+03    6.35186e+02    6.28536e+01   -1.72826e+02
          LJ-14     Coulomb-14        LJ (SR)  Disper. corr.   Coulomb (SR)
    1.52970e+02    8.76326e+03    5.09157e+04   -2.94205e+03   -3.90266e+05
   Coul. recip. Position Rest.      Potential    Kinetic En.   Total Energy
    2.09443e+03    2.07091e+02   -3.29163e+05    6.27028e+04   -2.66460e+05
  Conserved En.    Temperature Pres. DC (bar) Pressure (bar)   Constr. rmsd
   -3.22437e+05    2.99851e+02   -1.92944e+02   -1.27114e+02    2.60100e-06

           Step           Time
          17500       35.00000

   Energies (kJ/mol)
           Bond            U-B    Proper Dih.  Improper Dih.      CMAP Dih.
    3.10266e+02    9.85560e+02    6.30584e+02    5.21763e+01   -1.68331e+02
          LJ-14     Coulomb-14        LJ (SR)  Disper. corr.   Coulomb (SR)
    1.70358e+02    8.77230e+03    5.10818e+04   -2.94205e+03   -3.90982e+05
   Coul. recip. Position Rest.      Potential    Kinetic En.   Total Energy
    2.15738e+03    2.15289e+02   -3.29717e+05    6.29975e+04   -2.66719e+05
  Conserved En.    Temperature Pres. DC (bar) Pressure (bar)   Constr. rmsd
   -3.22435e+05    3.01261e+02   -1.92944e+02   -3.25530e+01    2.26967e-06

           Step           Time
          18000       36.00000

   Energies (kJ/mol)
           Bond            U-B    Proper Dih.  Improper Dih.      CMAP Dih.
    3.45997e+02    1.06124e+03    6.14997e+02    8.15076e+01   -1.75034e+02
          LJ-14     Coulomb-14        LJ (SR)  Disper. corr.   Coulomb (SR)
    1.56924e+02    8.83077e+03    5.14220e+04   -2.94205e+03   -3.90749e+05
   Coul. recip. Position Rest.      Potential    Kinetic En.   Total Energy
    2.09594e+03    2.09049e+02   -3.29048e+05    6.34608e+04   -2.65587e+05
  Conserved En.    Temperature Pres. DC (bar) Pressure (bar)   Constr. rmsd
   -3.22431e+05    3.03476e+02   -1.92944e+02   -7.50958e+01    2.92268e-06

           Step           Time
          18500       37.00000

   Energies (kJ/mol)
           Bond            U-B    Proper Dih.  Improper Dih.      CMAP Dih.
    2.93455e+02    1.06999e+03    6.07434e+02    6.46637e+01   -1.99565e+02
          LJ-14     Coulomb-14        LJ (SR)  Disper. corr.   Coulomb (SR)
    1.69216e+02    8.76140e+03    5.22347e+04   -2.94205e+03   -3.91320e+05
   Coul. recip. Position Rest.      Potential    Kinetic En.   Total Energy
    2.21232e+03    1.85286e+02   -3.28863e+05    6.27263e+04   -2.66137e+05
  Conserved En.    Temperature Pres. DC (bar) Pressure (bar)   Constr. rmsd
   -3.22432e+05    2.99964e+02   -1.92944e+02    1.53237e+02    3.83151e-06

           Step           Time
          19000       38.00000

   Energies (kJ/mol)
           Bond            U-B    Proper Dih.  Improper Dih.      CMAP Dih.
    3.14150e+02    1.12285e+03    6.13142e+02    5.62691e+01   -1.84686e+02
          LJ-14     Coulomb-14        LJ (SR)  Disper. corr.   Coulomb (SR)
    1.41310e+02    8.73950e+03    5.09102e+04   -2.94205e+03   -3.90541e+05
   Coul. recip. Position Rest.      Potential    Kinetic En.   Total Energy
    2.23613e+03    1.82210e+02   -3.29352e+05    6.24754e+04   -2.66877e+05
  Conserved En.    Temperature Pres. DC (bar) Pressure (bar)   Constr. rmsd
   -3.22416e+05    2.98764e+02   -1.92944e+02   -1.12333e+02    2.65725e-06

           Step           Time
          19500       39.00000

   Energies (kJ/mol)
           Bond            U-B    Proper Dih.  Improper Dih.      CMAP Dih.
    2.97262e+02    1.08767e+03    6.15841e+02    6.85182e+01   -1.79342e+02
          LJ-14     Coulomb-14        LJ (SR)  Disper. corr.   Coulomb (SR)
    1.65070e+02    8.75267e+03    5.12574e+04   -2.94205e+03   -3.90069e+05
   Coul. recip. Position Rest.      Potential    Kinetic En.   Total Energy
    2.13637e+03    1.86122e+02   -3.28623e+05    6.23348e+04   -2.66288e+05
  Conserved En.    Temperature Pres. DC (bar) Pressure (bar)   Constr. rmsd
   -3.22419e+05    2.98092e+02   -1.92944e+02   -2.13282e+01    3.07015e-06

           Step           Time
          20000       40.00000

   Energies (kJ/mol)
           Bond            U-B    Proper Dih.  Improper Dih.      CMAP Dih.
    3.26670e+02    1.13407e+03    6.09906e+02    5.95463e+01   -1.68237e+02
          LJ-14     Coulomb-14        LJ (SR)  Disper. corr.   Coulomb (SR)
    1.61116e+02    8.73382e+03    5.06025e+04   -2.94205e+03   -3.89598e+05
   Coul. recip. Position Rest.      Potential    Kinetic En.   Total Energy
    2.33595e+03    1.76410e+02   -3.28568e+05    6.22315e+04   -2.66336e+05
  Conserved En.    Temperature Pres. DC (bar) Pressure (bar)   Constr. rmsd
   -3.22405e+05    2.97597e+02   -1.92944e+02   -1.62008e+02    2.46727e-06

Writing checkpoint, step 20300 at Thu Oct 29 01:50:32 2020


           Step           Time
          20500       41.00000

   Energies (kJ/mol)
           Bond            U-B    Proper Dih.  Improper Dih.      CMAP Dih.
    3.28678e+02    9.83980e+02    6.19161e+02    4.77028e+01   -1.79665e+02
          LJ-14     Coulomb-14        LJ (SR)  Disper. corr.   Coulomb (SR)
    1.52096e+02    8.73462e+03    5.20433e+04   -2.94205e+03   -3.92906e+05
   Coul. recip. Position Rest.      Potential    Kinetic En.   Total Energy
    2.15693e+03    2.03938e+02   -3.30757e+05    6.19158e+04   -2.68842e+05
  Conserved En.    Temperature Pres. DC (bar) Pressure (bar)   Constr. rmsd
   -3.22429e+05    2.96088e+02   -1.92944e+02   -6.37229e+01    2.23403e-06

           Step           Time
          21000       42.00000

   Energies (kJ/mol)
           Bond            U-B    Proper Dih.  Improper Dih.      CMAP Dih.
    3.26836e+02    1.11251e+03    6.52760e+02    5.59689e+01   -1.93000e+02
          LJ-14     Coulomb-14        LJ (SR)  Disper. corr.   Coulomb (SR)
    1.73180e+02    8.76640e+03    5.10918e+04   -2.94205e+03   -3.90591e+05
   Coul. recip. Position Rest.      Potential    Kinetic En.   Total Energy
    2.21116e+03    1.92739e+02   -3.29143e+05    6.32760e+04   -2.65867e+05
  Conserved En.    Temperature Pres. DC (bar) Pressure (bar)   Constr. rmsd
   -3.22427e+05    3.02593e+02   -1.92944e+02   -1.38885e+02    3.12750e-06

           Step           Time
          21500       43.00000

   Energies (kJ/mol)
           Bond            U-B    Proper Dih.  Improper Dih.      CMAP Dih.
    3.18103e+02    9.92597e+02    5.91635e+02    5.05897e+01   -1.59591e+02
          LJ-14     Coulomb-14        LJ (SR)  Disper. corr.   Coulomb (SR)
    1.62828e+02    8.82540e+03    5.23810e+04   -2.94205e+03   -3.92391e+05
   Coul. recip. Position Rest.      Potential    Kinetic En.   Total Energy
    2.16307e+03    1.66735e+02   -3.29841e+05    6.25626e+04   -2.67278e+05
  Conserved En.    Temperature Pres. DC (bar) Pressure (bar)   Constr. rmsd
   -3.22425e+05    2.99181e+02   -1.92944e+02    2.74444e+02    2.54217e-06

           Step           Time
          22000       44.00000

   Energies (kJ/mol)
           Bond            U-B    Proper Dih.  Improper Dih.      CMAP Dih.
    3.56270e+02    1.06616e+03    6.08042e+02    6.69959e+01   -1.62518e+02
          LJ-14     Coulomb-14        LJ (SR)  Disper. corr.   Coulomb (SR)
    1.25681e+02    8.76359e+03    5.09988e+04   -2.94205e+03   -3.89821e+05
   Coul. recip. Position Rest.      Potential    Kinetic En.   Total Energy
    2.21491e+03    1.87759e+02   -3.28538e+05    6.27375e+04   -2.65800e+05
  Conserved En.    Temperature Pres. DC (bar) Pressure (bar)   Constr. rmsd
   -3.22419e+05    3.00018e+02   -1.92944e+02   -1.08200e+01    3.10795e-06

           Step           Time
          22500       45.00000

   Energies (kJ/mol)
           Bond            U-B    Proper Dih.  Improper Dih.      CMAP Dih.
    3.39439e+02    1.01373e+03    5.93288e+02    6.64624e+01   -1.83423e+02
          LJ-14     Coulomb-14        LJ (SR)  Disper. corr.   Coulomb (SR)
    1.68239e+02    8.79574e+03    5.11822e+04   -2.94205e+03   -3.90582e+05
   Coul. recip. Position Rest.      Potential    Kinetic En.   Total Energy
    2.18630e+03    2.34602e+02   -3.29128e+05    6.19306e+04   -2.67197e+05
  Conserved En.    Temperature Pres. DC (bar) Pressure (bar)   Constr. rmsd
   -3.22425e+05    2.96159e+02   -1.92944e+02   -6.05040e+01    3.02395e-06

           Step           Time
          23000       46.00000

   Energies (kJ/mol)
           Bond            U-B    Proper Dih.  Improper Dih.      CMAP Dih.
    3.53999e+02    1.09245e+03    6.23524e+02    5.66627e+01   -1.73762e+02
          LJ-14     Coulomb-14        LJ (SR)  Disper. corr.   Coulomb (SR)
    1.34992e+02    8.72432e+03    5.08660e+04   -2.94205e+03   -3.90527e+05
   Coul. recip. Position Rest.      Potential    Kinetic En.   Total Energy
    2.22248e+03    2.37258e+02   -3.29331e+05    6.31033e+04   -2.66228e+05
  Conserved En.    Temperature Pres. DC (bar) Pressure (bar)   Constr. rmsd
   -3.22416e+05    3.01767e+02   -1.92944e+02   -3.25353e+02    3.06229e-06

           Step           Time
          23500       47.00000

   Energies (kJ/mol)
           Bond            U-B    Proper Dih.  Improper Dih.      CMAP Dih.
    3.02421e+02    1.11306e+03    6.49715e+02    5.87859e+01   -1.81658e+02
          LJ-14     Coulomb-14        LJ (SR)  Disper. corr.   Coulomb (SR)
    1.45760e+02    8.74795e+03    5.10100e+04   -2.94205e+03   -3.90533e+05
   Coul. recip. Position Rest.      Potential    Kinetic En.   Total Energy
    2.11904e+03    2.53730e+02   -3.29256e+05    6.30883e+04   -2.66168e+05
  Conserved En.    Temperature Pres. DC (bar) Pressure (bar)   Constr. rmsd
   -3.22417e+05    3.01695e+02   -1.92944e+02   -1.35602e+02    2.87383e-06

           Step           Time
          24000       48.00000

   Energies (kJ/mol)
           Bond            U-B    Proper Dih.  Improper Dih.      CMAP Dih.
    3.53132e+02    1.02080e+03    6.42549e+02    6.15160e+01   -1.79813e+02
          LJ-14     Coulomb-14        LJ (SR)  Disper. corr.   Coulomb (SR)
    1.38314e+02    8.76958e+03    5.15097e+04   -2.94205e+03   -3.90459e+05
   Coul. recip. Position Rest.      Potential    Kinetic En.   Total Energy
    2.14555e+03    2.35426e+02   -3.28704e+05    6.27057e+04   -2.65998e+05
  Conserved En.    Temperature Pres. DC (bar) Pressure (bar)   Constr. rmsd
   -3.22419e+05    2.99865e+02   -1.92944e+02   -9.94032e+00    3.92301e-06

           Step           Time
          24500       49.00000

   Energies (kJ/mol)
           Bond            U-B    Proper Dih.  Improper Dih.      CMAP Dih.
    2.84188e+02    1.05783e+03    6.25054e+02    7.07648e+01   -2.05759e+02
          LJ-14     Coulomb-14        LJ (SR)  Disper. corr.   Coulomb (SR)
    1.53763e+02    8.90215e+03    5.08097e+04   -2.94205e+03   -3.90687e+05
   Coul. recip. Position Rest.      Potential    Kinetic En.   Total Energy
    2.14386e+03    2.31577e+02   -3.29555e+05    6.23921e+04   -2.67163e+05
  Conserved En.    Temperature Pres. DC (bar) Pressure (bar)   Constr. rmsd
   -3.22406e+05    2.98366e+02   -1.92944e+02   -2.30760e+02    2.27642e-06

           Step           Time
          25000       50.00000

   Energies (kJ/mol)
           Bond            U-B    Proper Dih.  Improper Dih.      CMAP Dih.
    3.28488e+02    9.86032e+02    6.10636e+02    5.00209e+01   -1.87353e+02
          LJ-14     Coulomb-14        LJ (SR)  Disper. corr.   Coulomb (SR)
    1.73773e+02    8.78721e+03    5.10907e+04   -2.94205e+03   -3.90590e+05
   Coul. recip. Position Rest.      Potential    Kinetic En.   Total Energy
    2.15568e+03    1.91700e+02   -3.29346e+05    6.21619e+04   -2.67184e+05
  Conserved En.    Temperature Pres. DC (bar) Pressure (bar)   Constr. rmsd
   -3.22399e+05    2.97265e+02   -1.92944e+02   -2.22404e+02    3.18728e-06

           Step           Time
          25500       51.00000

   Energies (kJ/mol)
           Bond            U-B    Proper Dih.  Improper Dih.      CMAP Dih.
    3.44087e+02    9.84449e+02    5.69446e+02    3.55885e+01   -1.70061e+02
          LJ-14     Coulomb-14        LJ (SR)  Disper. corr.   Coulomb (SR)
    1.52762e+02    8.81382e+03    5.06196e+04   -2.94205e+03   -3.90163e+05
   Coul. recip. Position Rest.      Potential    Kinetic En.   Total Energy
    2.15683e+03    2.03712e+02   -3.29395e+05    6.27040e+04   -2.66691e+05
  Conserved En.    Temperature Pres. DC (bar) Pressure (bar)   Constr. rmsd
   -3.22406e+05    2.99857e+02   -1.92944e+02   -3.72020e+02    2.40186e-06

           Step           Time
          26000       52.00000

   Energies (kJ/mol)
           Bond            U-B    Proper Dih.  Improper Dih.      CMAP Dih.
    3.04569e+02    1.03951e+03    6.19072e+02    4.41591e+01   -1.74572e+02
          LJ-14     Coulomb-14        LJ (SR)  Disper. corr.   Coulomb (SR)
    1.61452e+02    8.73418e+03    4.99811e+04   -2.94205e+03   -3.89428e+05
   Coul. recip. Position Rest.      Potential    Kinetic En.   Total Energy
    2.20559e+03    1.71095e+02   -3.29284e+05    6.18432e+04   -2.67441e+05
  Conserved En.    Temperature Pres. DC (bar) Pressure (bar)   Constr. rmsd
   -3.22399e+05    2.95741e+02   -1.92944e+02   -4.17008e+02    3.30190e-06

           Step           Time
          26500       53.00000

   Energies (kJ/mol)
           Bond            U-B    Proper Dih.  Improper Dih.      CMAP Dih.
    3.25437e+02    1.05213e+03    6.06160e+02    5.22422e+01   -1.54601e+02
          LJ-14     Coulomb-14        LJ (SR)  Disper. corr.   Coulomb (SR)
    1.39026e+02    8.77455e+03    5.18194e+04   -2.94205e+03   -3.92659e+05
   Coul. recip. Position Rest.      Potential    Kinetic En.   Total Energy
    2.10871e+03    2.03067e+02   -3.30675e+05    6.24969e+04   -2.68178e+05
  Conserved En.    Temperature Pres. DC (bar) Pressure (bar)   Constr. rmsd
   -3.22402e+05    2.98867e+02   -1.92944e+02   -7.82777e+01    3.04770e-06

           Step           Time
          27000       54.00000

   Energies (kJ/mol)
           Bond            U-B    Proper Dih.  Improper Dih.      CMAP Dih.
    4.08733e+02    1.01039e+03    5.96286e+02    7.42164e+01   -1.65890e+02
          LJ-14     Coulomb-14        LJ (SR)  Disper. corr.   Coulomb (SR)
    1.62294e+02    8.72946e+03    5.15768e+04   -2.94205e+03   -3.90382e+05
   Coul. recip. Position Rest.      Potential    Kinetic En.   Total Energy
    2.20378e+03    1.52066e+02   -3.28576e+05    6.24165e+04   -2.66160e+05
  Conserved En.    Temperature Pres. DC (bar) Pressure (bar)   Constr. rmsd
   -3.22402e+05    2.98482e+02   -1.92944e+02    8.61625e+01    3.06357e-06

           Step           Time
          27500       55.00000

   Energies (kJ/mol)
           Bond            U-B    Proper Dih.  Improper Dih.      CMAP Dih.
    3.83551e+02    1.05299e+03    6.19506e+02    5.46315e+01   -1.77563e+02
          LJ-14     Coulomb-14        LJ (SR)  Disper. corr.   Coulomb (SR)
    1.51587e+02    8.82378e+03    5.19838e+04   -2.94205e+03   -3.91325e+05
   Coul. recip. Position Rest.      Potential    Kinetic En.   Total Energy
    2.16099e+03    1.94546e+02   -3.29020e+05    6.35481e+04   -2.65472e+05
  Conserved En.    Temperature Pres. DC (bar) Pressure (bar)   Constr. rmsd
   -3.22395e+05    3.03894e+02   -1.92944e+02    1.12911e+02    2.79163e-06

           Step           Time
          28000       56.00000

   Energies (kJ/mol)
           Bond            U-B    Proper Dih.  Improper Dih.      CMAP Dih.
    3.31175e+02    1.03061e+03    6.20331e+02    4.19611e+01   -1.87039e+02
          LJ-14     Coulomb-14        LJ (SR)  Disper. corr.   Coulomb (SR)
    1.79216e+02    8.84628e+03    5.08157e+04   -2.94205e+03   -3.89253e+05
   Coul. recip. Position Rest.      Potential    Kinetic En.   Total Energy
    2.15502e+03    1.93145e+02   -3.28168e+05    6.31132e+04   -2.65055e+05
  Conserved En.    Temperature Pres. DC (bar) Pressure (bar)   Constr. rmsd
   -3.22395e+05    3.01814e+02   -1.92944e+02   -6.39994e+01    2.66948e-06

           Step           Time
          28500       57.00000

   Energies (kJ/mol)
           Bond            U-B    Proper Dih.  Improper Dih.      CMAP Dih.
    3.37087e+02    1.04143e+03    6.37882e+02    6.00840e+01   -1.88654e+02
          LJ-14     Coulomb-14        LJ (SR)  Disper. corr.   Coulomb (SR)
    1.64183e+02    8.81380e+03    5.32255e+04   -2.94205e+03   -3.92776e+05
   Coul. recip. Position Rest.      Potential    Kinetic En.   Total Energy
    2.17947e+03    1.84523e+02   -3.29262e+05    6.28297e+04   -2.66433e+05
  Conserved En.    Temperature Pres. DC (bar) Pressure (bar)   Constr. rmsd
   -3.22399e+05    3.00458e+02   -1.92944e+02    5.80354e+02    2.85874e-06

           Step           Time
          29000       58.00000

   Energies (kJ/mol)
           Bond            U-B    Proper Dih.  Improper Dih.      CMAP Dih.
    2.69481e+02    1.12559e+03    5.86671e+02    4.02920e+01   -1.50312e+02
          LJ-14     Coulomb-14        LJ (SR)  Disper. corr.   Coulomb (SR)
    1.44841e+02    8.75036e+03    5.15916e+04   -2.94205e+03   -3.90733e+05
   Coul. recip. Position Rest.      Potential    Kinetic En.   Total Energy
    2.16419e+03    1.97790e+02   -3.28955e+05    6.27356e+04   -2.66219e+05
  Conserved En.    Temperature Pres. DC (bar) Pressure (bar)   Constr. rmsd
   -3.22400e+05    3.00008e+02   -1.92944e+02    9.58826e+01    3.10634e-06

           Step           Time
          29500       59.00000

   Energies (kJ/mol)
           Bond            U-B    Proper Dih.  Improper Dih.      CMAP Dih.
    3.13848e+02    1.12962e+03    6.16739e+02    5.40190e+01   -1.78396e+02
          LJ-14     Coulomb-14        LJ (SR)  Disper. corr.   Coulomb (SR)
    1.53102e+02    8.79244e+03    5.07315e+04   -2.94205e+03   -3.89336e+05
   Coul. recip. Position Rest.      Potential    Kinetic En.   Total Energy
    2.16458e+03    2.23040e+02   -3.28278e+05    6.28755e+04   -2.65402e+05
  Conserved En.    Temperature Pres. DC (bar) Pressure (bar)   Constr. rmsd
   -3.22387e+05    3.00677e+02   -1.92944e+02    4.29249e+01    3.34081e-06

           Step           Time
          30000       60.00000

   Energies (kJ/mol)
           Bond            U-B    Proper Dih.  Improper Dih.      CMAP Dih.
    3.43430e+02    1.10672e+03    6.05321e+02    4.17472e+01   -1.82583e+02
          LJ-14     Coulomb-14        LJ (SR)  Disper. corr.   Coulomb (SR)
    1.58834e+02    8.76314e+03    5.15532e+04   -2.94205e+03   -3.90761e+05
   Coul. recip. Position Rest.      Potential    Kinetic En.   Total Energy
    2.25151e+03    2.15834e+02   -3.28846e+05    6.20451e+04   -2.66801e+05
  Conserved En.    Temperature Pres. DC (bar) Pressure (bar)   Constr. rmsd
   -3.22381e+05    2.96706e+02   -1.92944e+02    3.66957e+01    2.99693e-06

           Step           Time
          30500       61.00000

   Energies (kJ/mol)
           Bond            U-B    Proper Dih.  Improper Dih.      CMAP Dih.
    2.94760e+02    1.07306e+03    6.49879e+02    6.23665e+01   -2.19195e+02
          LJ-14     Coulomb-14        LJ (SR)  Disper. corr.   Coulomb (SR)
    1.54246e+02    8.82630e+03    4.99632e+04   -2.94205e+03   -3.89307e+05
   Coul. recip. Position Rest.      Potential    Kinetic En.   Total Energy
    2.23697e+03    1.65041e+02   -3.29043e+05    6.28746e+04   -2.66168e+05
  Conserved En.    Temperature Pres. DC (bar) Pressure (bar)   Constr. rmsd
   -3.22390e+05    3.00673e+02   -1.92944e+02   -1.92654e+02    4.16507e-06

           Step           Time
          31000       62.00000

   Energies (kJ/mol)
           Bond            U-B    Proper Dih.  Improper Dih.      CMAP Dih.
    3.70629e+02    1.05397e+03    6.30427e+02    6.98794e+01   -1.82353e+02
          LJ-14     Coulomb-14        LJ (SR)  Disper. corr.   Coulomb (SR)
    1.51780e+02    8.81175e+03    5.05005e+04   -2.94205e+03   -3.88894e+05
   Coul. recip. Position Rest.      Potential    Kinetic En.   Total Energy
    2.22565e+03    1.67944e+02   -3.28036e+05    6.28325e+04   -2.65204e+05
  Conserved En.    Temperature Pres. DC (bar) Pressure (bar)   Constr. rmsd
   -3.22383e+05    3.00472e+02   -1.92944e+02   -1.07911e+02    3.37078e-06

           Step           Time
          31500       63.00000

   Energies (kJ/mol)
           Bond            U-B    Proper Dih.  Improper Dih.      CMAP Dih.
    2.97857e+02    1.14391e+03    5.95021e+02    5.91266e+01   -1.99474e+02
          LJ-14     Coulomb-14        LJ (SR)  Disper. corr.   Coulomb (SR)
    1.55428e+02    8.72842e+03    5.11199e+04   -2.94205e+03   -3.90943e+05
   Coul. recip. Position Rest.      Potential    Kinetic En.   Total Energy
    2.12038e+03    1.69341e+02   -3.29695e+05    6.20571e+04   -2.67638e+05
  Conserved En.    Temperature Pres. DC (bar) Pressure (bar)   Constr. rmsd
   -3.22375e+05    2.96764e+02   -1.92944e+02   -1.63797e+02    2.59536e-06

           Step           Time
          32000       64.00000

   Energies (kJ/mol)
           Bond            U-B    Proper Dih.  Improper Dih.      CMAP Dih.
    2.69473e+02    1.02318e+03    5.95068e+02    6.17792e+01   -1.91060e+02
          LJ-14     Coulomb-14        LJ (SR)  Disper. corr.   Coulomb (SR)
    1.60662e+02    8.81010e+03    5.17372e+04   -2.94205e+03   -3.91610e+05
   Coul. recip. Position Rest.      Potential    Kinetic En.   Total Energy
    2.18206e+03    1.90842e+02   -3.29713e+05    6.27259e+04   -2.66987e+05
  Conserved En.    Temperature Pres. DC (bar) Pressure (bar)   Constr. rmsd
   -3.22384e+05    2.99962e+02   -1.92944e+02    2.81607e+01    2.97214e-06

           Step           Time
          32500       65.00000

   Energies (kJ/mol)
           Bond            U-B    Proper Dih.  Improper Dih.      CMAP Dih.
    2.89607e+02    1.01342e+03    6.51998e+02    5.98555e+01   -1.81432e+02
          LJ-14     Coulomb-14        LJ (SR)  Disper. corr.   Coulomb (SR)
    1.59038e+02    8.75502e+03    5.10756e+04   -2.94205e+03   -3.91187e+05
   Coul. recip. Position Rest.      Potential    Kinetic En.   Total Energy
    2.12287e+03    2.02229e+02   -3.29980e+05    6.33508e+04   -2.66630e+05
  Conserved En.    Temperature Pres. DC (bar) Pressure (bar)   Constr. rmsd
   -3.22387e+05    3.02950e+02   -1.92944e+02   -9.73529e+01    2.72298e-06

           Step           Time
          33000       66.00000

   Energies (kJ/mol)
           Bond            U-B    Proper Dih.  Improper Dih.      CMAP Dih.
    2.91323e+02    1.01587e+03    6.74198e+02    6.82235e+01   -1.63213e+02
          LJ-14     Coulomb-14        LJ (SR)  Disper. corr.   Coulomb (SR)
    1.67535e+02    8.80464e+03    5.10817e+04   -2.94205e+03   -3.90480e+05
   Coul. recip. Position Rest.      Potential    Kinetic En.   Total Energy
    2.13946e+03    2.28219e+02   -3.29114e+05    6.29520e+04   -2.66162e+05
  Conserved En.    Temperature Pres. DC (bar) Pressure (bar)   Constr. rmsd
   -3.22376e+05    3.01043e+02   -1.92944e+02    1.72764e+02    2.90677e-06

           Step           Time
          33500       67.00000

   Energies (kJ/mol)
           Bond            U-B    Proper Dih.  Improper Dih.      CMAP Dih.
    2.55061e+02    1.17056e+03    6.58588e+02    5.96238e+01   -1.80159e+02
          LJ-14     Coulomb-14        LJ (SR)  Disper. corr.   Coulomb (SR)
    1.71863e+02    8.79333e+03    5.05109e+04   -2.94205e+03   -3.89404e+05
   Coul. recip. Position Rest.      Potential    Kinetic En.   Total Energy
    2.20233e+03    1.91242e+02   -3.28512e+05    6.33980e+04   -2.65114e+05
  Conserved En.    Temperature Pres. DC (bar) Pressure (bar)   Constr. rmsd
   -3.22386e+05    3.03176e+02   -1.92944e+02   -9.84566e+01    2.83297e-06

           Step           Time
          34000       68.00000

   Energies (kJ/mol)
           Bond            U-B    Proper Dih.  Improper Dih.      CMAP Dih.
    3.08844e+02    1.06848e+03    6.18134e+02    4.34278e+01   -1.66336e+02
          LJ-14     Coulomb-14        LJ (SR)  Disper. corr.   Coulomb (SR)
    1.61204e+02    8.77470e+03    5.11367e+04   -2.94205e+03   -3.90629e+05
   Coul. recip. Position Rest.      Potential    Kinetic En.   Total Energy
    2.25511e+03    2.15077e+02   -3.29156e+05    6.26981e+04   -2.66458e+05
  Conserved En.    Temperature Pres. DC (bar) Pressure (bar)   Constr. rmsd
   -3.22374e+05    2.99829e+02   -1.92944e+02   -2.36972e+02    2.86894e-06

           Step           Time
          34500       69.00000

   Energies (kJ/mol)
           Bond            U-B    Proper Dih.  Improper Dih.      CMAP Dih.
    3.02067e+02    1.07706e+03    6.56600e+02    5.24272e+01   -1.82956e+02
          LJ-14     Coulomb-14        LJ (SR)  Disper. corr.   Coulomb (SR)
    1.53488e+02    8.78508e+03    5.09887e+04   -2.94205e+03   -3.90960e+05
   Coul. recip. Position Rest.      Potential    Kinetic En.   Total Energy
    2.13207e+03    1.92121e+02   -3.29745e+05    6.28818e+04   -2.66863e+05
  Conserved En.    Temperature Pres. DC (bar) Pressure (bar)   Constr. rmsd
   -3.22373e+05    3.00707e+02   -1.92944e+02   -2.01378e+02    2.82627e-06

           Step           Time
          35000       70.00000

   Energies (kJ/mol)
           Bond            U-B    Proper Dih.  Improper Dih.      CMAP Dih.
    2.98546e+02    9.00682e+02    6.24955e+02    5.78442e+01   -1.62672e+02
          LJ-14     Coulomb-14        LJ (SR)  Disper. corr.   Coulomb (SR)
    1.61088e+02    8.75874e+03    5.09222e+04   -2.94205e+03   -3.91052e+05
   Coul. recip. Position Rest.      Potential    Kinetic En.   Total Energy
    2.11388e+03    1.97659e+02   -3.30121e+05    6.23330e+04   -2.67788e+05
  Conserved En.    Temperature Pres. DC (bar) Pressure (bar)   Constr. rmsd
   -3.22386e+05    2.98083e+02   -1.92944e+02   -3.51809e+02    2.67158e-06

           Step           Time
          35500       71.00000

   Energies (kJ/mol)
           Bond            U-B    Proper Dih.  Improper Dih.      CMAP Dih.
    2.76370e+02    1.06131e+03    6.32482e+02    6.06493e+01   -1.82903e+02
          LJ-14     Coulomb-14        LJ (SR)  Disper. corr.   Coulomb (SR)
    1.48357e+02    8.75090e+03    5.02764e+04   -2.94205e+03   -3.89931e+05
   Coul. recip. Position Rest.      Potential    Kinetic En.   Total Energy
    2.16476e+03    1.60154e+02   -3.29525e+05    6.22436e+04   -2.67281e+05
  Conserved En.    Temperature Pres. DC (bar) Pressure (bar)   Constr. rmsd
   -3.22382e+05    2.97656e+02   -1.92944e+02   -2.73702e+02    2.93142e-06

           Step           Time
          36000       72.00000

   Energies (kJ/mol)
           Bond            U-B    Proper Dih.  Improper Dih.      CMAP Dih.
    3.16025e+02    1.03950e+03    6.10856e+02    4.85622e+01   -2.06410e+02
          LJ-14     Coulomb-14        LJ (SR)  Disper. corr.   Coulomb (SR)
    1.55413e+02    8.78323e+03    5.03506e+04   -2.94205e+03   -3.89325e+05
   Coul. recip. Position Rest.      Potential    Kinetic En.   Total Energy
    2.17195e+03    2.05208e+02   -3.28792e+05    6.27691e+04   -2.66023e+05
  Conserved En.    Temperature Pres. DC (bar) Pressure (bar)   Constr. rmsd
   -3.22375e+05    3.00168e+02   -1.92944e+02   -1.41159e+02    2.52697e-06

           Step           Time
          36500       73.00000

   Energies (kJ/mol)
           Bond            U-B    Proper Dih.  Improper Dih.      CMAP Dih.
    3.22365e+02    1.06819e+03    6.00967e+02    6.86152e+01   -1.76097e+02
          LJ-14     Coulomb-14        LJ (SR)  Disper. corr.   Coulomb (SR)
    1.68399e+02    8.76492e+03    5.04718e+04   -2.94205e+03   -3.89267e+05
   Coul. recip. Position Rest.      Potential    Kinetic En.   Total Energy
    2.13895e+03    2.22914e+02   -3.28558e+05    6.26277e+04   -2.65930e+05
  Conserved En.    Temperature Pres. DC (bar) Pressure (bar)   Constr. rmsd
   -3.22381e+05    2.99492e+02   -1.92944e+02   -4.03454e+02    3.97077e-06

           Step           Time
          37000       74.00000

   Energies (kJ/mol)
           Bond            U-B    Proper Dih.  Improper Dih.      CMAP Dih.
    3.76303e+02    1.13770e+03    6.15648e+02    5.91729e+01   -1.87338e+02
          LJ-14     Coulomb-14        LJ (SR)  Disper. corr.   Coulomb (SR)
    1.37058e+02    8.69772e+03    5.00330e+04   -2.94205e+03   -3.88812e+05
   Coul. recip. Position Rest.      Potential    Kinetic En.   Total Energy
    2.22654e+03    1.95888e+02   -3.28462e+05    6.30531e+04   -2.65409e+05
  Conserved En.    Temperature Pres. DC (bar) Pressure (bar)   Constr. rmsd
   -3.22373e+05    3.01527e+02   -1.92944e+02   -2.46004e+02    3.01913e-06

           Step           Time
          37500       75.00000

   Energies (kJ/mol)
           Bond            U-B    Proper Dih.  Improper Dih.      CMAP Dih.
    3.60756e+02    1.10284e+03    6.17554e+02    6.26299e+01   -1.87984e+02
          LJ-14     Coulomb-14        LJ (SR)  Disper. corr.   Coulomb (SR)
    1.69927e+02    8.69931e+03    5.10292e+04   -2.94205e+03   -3.89953e+05
   Coul. recip. Position Rest.      Potential    Kinetic En.   Total Energy
    2.14328e+03    1.72805e+02   -3.28724e+05    6.24077e+04   -2.66317e+05
  Conserved En.    Temperature Pres. DC (bar) Pressure (bar)   Constr. rmsd
   -3.22370e+05    2.98440e+02   -1.92944e+02    1.24702e+02    2.60322e-06

           Step           Time
          38000       76.00000

   Energies (kJ/mol)
           Bond            U-B    Proper Dih.  Improper Dih.      CMAP Dih.
    2.87214e+02    1.10002e+03    6.14249e+02    4.59851e+01   -1.64714e+02
          LJ-14     Coulomb-14        LJ (SR)  Disper. corr.   Coulomb (SR)
    1.57967e+02    8.77729e+03    4.97775e+04   -2.94205e+03   -3.88746e+05
   Coul. recip. Position Rest.      Potential    Kinetic En.   Total Energy
    2.18093e+03    2.22563e+02   -3.28689e+05    6.30329e+04   -2.65656e+05
  Conserved En.    Temperature Pres. DC (bar) Pressure (bar)   Constr. rmsd
   -3.22371e+05    3.01430e+02   -1.92944e+02   -3.22758e+02    3.35725e-06

           Step           Time
          38500       77.00000

   Energies (kJ/mol)
           Bond            U-B    Proper Dih.  Improper Dih.      CMAP Dih.
    2.92798e+02    1.09800e+03    6.19533e+02    7.43052e+01   -1.86939e+02
          LJ-14     Coulomb-14        LJ (SR)  Disper. corr.   Coulomb (SR)
    1.55795e+02    8.77794e+03    5.20954e+04   -2.94205e+03   -3.91972e+05
   Coul. recip. Position Rest.      Potential    Kinetic En.   Total Energy
    2.12825e+03    1.73953e+02   -3.29685e+05    6.28209e+04   -2.66864e+05
  Conserved En.    Temperature Pres. DC (bar) Pressure (bar)   Constr. rmsd
   -3.22363e+05    3.00416e+02   -1.92944e+02    1.96443e+02    3.21806e-06

           Step           Time
          39000       78.00000

   Energies (kJ/mol)
           Bond            U-B    Proper Dih.  Improper Dih.      CMAP Dih.
    3.41944e+02    1.07261e+03    6.35116e+02    7.31181e+01   -1.62955e+02
          LJ-14     Coulomb-14        LJ (SR)  Disper. corr.   Coulomb (SR)
    1.57700e+02    8.82806e+03    5.03962e+04   -2.94205e+03   -3.89035e+05
   Coul. recip. Position Rest.      Potential    Kinetic En.   Total Energy
    2.24669e+03    1.77630e+02   -3.28211e+05    6.27647e+04   -2.65446e+05
  Conserved En.    Temperature Pres. DC (bar) Pressure (bar)   Constr. rmsd
   -3.22362e+05    3.00147e+02   -1.92944e+02   -2.93396e+02    3.15914e-06

           Step           Time
          39500       79.00000

   Energies (kJ/mol)
           Bond            U-B    Proper Dih.  Improper Dih.      CMAP Dih.
    3.00210e+02    1.13140e+03    5.97837e+02    6.54571e+01   -1.81877e+02
          LJ-14     Coulomb-14        LJ (SR)  Disper. corr.   Coulomb (SR)
    1.43773e+02    8.74372e+03    5.03984e+04   -2.94205e+03   -3.89407e+05
   Coul. recip. Position Rest.      Potential    Kinetic En.   Total Energy
    2.10815e+03    1.95892e+02   -3.28846e+05    6.29583e+04   -2.65888e+05
  Conserved En.    Temperature Pres. DC (bar) Pressure (bar)   Constr. rmsd
   -3.22355e+05    3.01073e+02   -1.92944e+02   -3.76015e+02    2.85844e-06

           Step           Time
          40000       80.00000

   Energies (kJ/mol)
           Bond            U-B    Proper Dih.  Improper Dih.      CMAP Dih.
    3.53395e+02    9.97862e+02    6.25338e+02    7.84027e+01   -1.95456e+02
          LJ-14     Coulomb-14        LJ (SR)  Disper. corr.   Coulomb (SR)
    1.47248e+02    8.69155e+03    5.22818e+04   -2.94205e+03   -3.91946e+05
   Coul. recip. Position Rest.      Potential    Kinetic En.   Total Energy
    2.16426e+03    2.06311e+02   -3.29537e+05    6.28137e+04   -2.66723e+05
  Conserved En.    Temperature Pres. DC (bar) Pressure (bar)   Constr. rmsd
   -3.22360e+05    3.00382e+02   -1.92944e+02    1.15942e+02    3.31064e-06

           Step           Time
          40500       81.00000

   Energies (kJ/mol)
           Bond            U-B    Proper Dih.  Improper Dih.      CMAP Dih.
    2.79403e+02    1.05587e+03    6.16899e+02    7.89673e+01   -1.79422e+02
          LJ-14     Coulomb-14        LJ (SR)  Disper. corr.   Coulomb (SR)
    1.42332e+02    8.77278e+03    5.14228e+04   -2.94205e+03   -3.90605e+05
   Coul. recip. Position Rest.      Potential    Kinetic En.   Total Energy
    2.14412e+03    1.40070e+02   -3.29073e+05    6.23249e+04   -2.66748e+05
  Conserved En.    Temperature Pres. DC (bar) Pressure (bar)   Constr. rmsd
   -3.22351e+05    2.98044e+02   -1.92944e+02    8.68506e+01    3.29045e-06

Writing checkpoint, step 40850 at Thu Oct 29 02:05:32 2020


           Step           Time
          41000       82.00000

   Energies (kJ/mol)
           Bond            U-B    Proper Dih.  Improper Dih.      CMAP Dih.
    2.95799e+02    1.13301e+03    6.35250e+02    6.95784e+01   -1.68767e+02
          LJ-14     Coulomb-14        LJ (SR)  Disper. corr.   Coulomb (SR)
    1.49345e+02    8.70317e+03    5.21934e+04   -2.94205e+03   -3.91371e+05
   Coul. recip. Position Rest.      Potential    Kinetic En.   Total Energy
    2.12282e+03    1.80819e+02   -3.28999e+05    6.25529e+04   -2.66446e+05
  Conserved En.    Temperature Pres. DC (bar) Pressure (bar)   Constr. rmsd
   -3.22341e+05    2.99134e+02   -1.92944e+02    1.27625e+02    3.05108e-06

           Step           Time
          41500       83.00000

   Energies (kJ/mol)
           Bond            U-B    Proper Dih.  Improper Dih.      CMAP Dih.
    3.15064e+02    1.14493e+03    6.13600e+02    4.95406e+01   -1.86638e+02
          LJ-14     Coulomb-14        LJ (SR)  Disper. corr.   Coulomb (SR)
    1.53635e+02    8.71959e+03    5.03068e+04   -2.94205e+03   -3.88801e+05
   Coul. recip. Position Rest.      Potential    Kinetic En.   Total Energy
    2.28704e+03    2.15651e+02   -3.28124e+05    6.29964e+04   -2.65128e+05
  Conserved En.    Temperature Pres. DC (bar) Pressure (bar)   Constr. rmsd
   -3.22349e+05    3.01256e+02   -1.92944e+02   -2.16999e+02    3.67683e-06

           Step           Time
          42000       84.00000

   Energies (kJ/mol)
           Bond            U-B    Proper Dih.  Improper Dih.      CMAP Dih.
    3.46457e+02    1.08060e+03    6.21990e+02    5.46261e+01   -1.60419e+02
          LJ-14     Coulomb-14        LJ (SR)  Disper. corr.   Coulomb (SR)
    1.53234e+02    8.79217e+03    5.07231e+04   -2.94205e+03   -3.89026e+05
   Coul. recip. Position Rest.      Potential    Kinetic En.   Total Energy
    2.21279e+03    1.91558e+02   -3.27952e+05    6.28710e+04   -2.65081e+05
  Conserved En.    Temperature Pres. DC (bar) Pressure (bar)   Constr. rmsd
   -3.22350e+05    3.00656e+02   -1.92944e+02   -1.54456e+02    3.04406e-06

           Step           Time
          42500       85.00000

   Energies (kJ/mol)
           Bond            U-B    Proper Dih.  Improper Dih.      CMAP Dih.
    3.43961e+02    9.96966e+02    5.65335e+02    6.69462e+01   -1.54969e+02
          LJ-14     Coulomb-14        LJ (SR)  Disper. corr.   Coulomb (SR)
    1.43172e+02    8.66746e+03    5.15461e+04   -2.94205e+03   -3.91205e+05
   Coul. recip. Position Rest.      Potential    Kinetic En.   Total Energy
    2.15565e+03    2.06948e+02   -3.29609e+05    6.28379e+04   -2.66772e+05
  Conserved En.    Temperature Pres. DC (bar) Pressure (bar)   Constr. rmsd
   -3.22350e+05    3.00497e+02   -1.92944e+02    1.47586e+02    3.04312e-06

           Step           Time
          43000       86.00000

   Energies (kJ/mol)
           Bond            U-B    Proper Dih.  Improper Dih.      CMAP Dih.
    3.39644e+02    1.09894e+03    5.95594e+02    5.20598e+01   -1.42837e+02
          LJ-14     Coulomb-14        LJ (SR)  Disper. corr.   Coulomb (SR)
    1.44663e+02    8.77930e+03    5.06157e+04   -2.94205e+03   -3.89309e+05
   Coul. recip. Position Rest.      Potential    Kinetic En.   Total Energy
    2.16432e+03    2.33784e+02   -3.28370e+05    6.29939e+04   -2.65376e+05
  Conserved En.    Temperature Pres. DC (bar) Pressure (bar)   Constr. rmsd
   -3.22350e+05    3.01244e+02   -1.92944e+02   -1.85914e+02    3.53936e-06

           Step           Time
          43500       87.00000

   Energies (kJ/mol)
           Bond            U-B    Proper Dih.  Improper Dih.      CMAP Dih.
    3.15204e+02    1.07435e+03    6.34371e+02    4.82930e+01   -1.62326e+02
          LJ-14     Coulomb-14        LJ (SR)  Disper. corr.   Coulomb (SR)
    1.69854e+02    8.75198e+03    5.04528e+04   -2.94205e+03   -3.89155e+05
   Coul. recip. Position Rest.      Potential    Kinetic En.   Total Energy
    2.12088e+03    1.95480e+02   -3.28496e+05    6.23169e+04   -2.66179e+05
  Conserved En.    Temperature Pres. DC (bar) Pressure (bar)   Constr. rmsd
   -3.22338e+05    2.98006e+02   -1.92944e+02   -2.28608e+02    2.65569e-06

           Step           Time
          44000       88.00000

   Energies (kJ/mol)
           Bond            U-B    Proper Dih.  Improper Dih.      CMAP Dih.
    3.13324e+02    1.03332e+03    6.25039e+02    6.82624e+01   -1.61667e+02
          LJ-14     Coulomb-14        LJ (SR)  Disper. corr.   Coulomb (SR)
    1.48766e+02    8.74455e+03    5.03530e+04   -2.94205e+03   -3.89903e+05
   Coul. recip. Position Rest.      Potential    Kinetic En.   Total Energy
    2.16871e+03    1.99557e+02   -3.29352e+05    6.32395e+04   -2.66113e+05
  Conserved En.    Temperature Pres. DC (bar) Pressure (bar)   Constr. rmsd
   -3.22349e+05    3.02418e+02   -1.92944e+02   -2.64544e+02    3.13886e-06

           Step           Time
          44500       89.00000

   Energies (kJ/mol)
           Bond            U-B    Proper Dih.  Improper Dih.      CMAP Dih.
    3.39291e+02    1.04588e+03    6.62113e+02    9.57740e+01   -1.81322e+02
          LJ-14     Coulomb-14        LJ (SR)  Disper. corr.   Coulomb (SR)
    1.59314e+02    8.81357e+03    5.21876e+04   -2.94205e+03   -3.90889e+05
   Coul. recip. Position Rest.      Potential    Kinetic En.   Total Energy
    2.23326e+03    1.87465e+02   -3.28288e+05    6.29370e+04   -2.65351e+05
  Conserved En.    Temperature Pres. DC (bar) Pressure (bar)   Constr. rmsd
   -3.22341e+05    3.00972e+02   -1.92944e+02    2.60529e+02    2.95827e-06

           Step           Time
          45000       90.00000

   Energies (kJ/mol)
           Bond            U-B    Proper Dih.  Improper Dih.      CMAP Dih.
    3.29668e+02    1.04297e+03    6.20828e+02    6.33869e+01   -1.71462e+02
          LJ-14     Coulomb-14        LJ (SR)  Disper. corr.   Coulomb (SR)
    1.59954e+02    8.71553e+03    5.08499e+04   -2.94205e+03   -3.89270e+05
   Coul. recip. Position Rest.      Potential    Kinetic En.   Total Energy
    2.19233e+03    2.10346e+02   -3.28199e+05    6.33314e+04   -2.64867e+05
  Conserved En.    Temperature Pres. DC (bar) Pressure (bar)   Constr. rmsd
   -3.22361e+05    3.02858e+02   -1.92944e+02    4.51812e+01    3.08919e-06

           Step           Time
          45500       91.00000

   Energies (kJ/mol)
           Bond            U-B    Proper Dih.  Improper Dih.      CMAP Dih.
    3.32907e+02    1.06058e+03    6.25021e+02    6.67535e+01   -1.68007e+02
          LJ-14     Coulomb-14        LJ (SR)  Disper. corr.   Coulomb (SR)
    1.43482e+02    8.74371e+03    5.13329e+04   -2.94205e+03   -3.91315e+05
   Coul. recip. Position Rest.      Potential    Kinetic En.   Total Energy
    2.20322e+03    1.72515e+02   -3.29744e+05    6.24725e+04   -2.67272e+05
  Conserved En.    Temperature Pres. DC (bar) Pressure (bar)   Constr. rmsd
   -3.22345e+05    2.98750e+02   -1.92944e+02   -1.18777e+02    2.58071e-06

           Step           Time
          46000       92.00000

   Energies (kJ/mol)
           Bond            U-B    Proper Dih.  Improper Dih.      CMAP Dih.
    3.30237e+02    1.14396e+03    6.15415e+02    7.05592e+01   -1.88350e+02
          LJ-14     Coulomb-14        LJ (SR)  Disper. corr.   Coulomb (SR)
    1.49295e+02    8.74500e+03    5.15180e+04   -2.94205e+03   -3.90767e+05
   Coul. recip. Position Rest.      Potential    Kinetic En.   Total Energy
    2.23479e+03    2.04780e+02   -3.28886e+05    6.21494e+04   -2.66736e+05
  Conserved En.    Temperature Pres. DC (bar) Pressure (bar)   Constr. rmsd
   -3.22335e+05    2.97205e+02   -1.92944e+02    3.95349e+01    3.07987e-06

           Step           Time
          46500       93.00000

   Energies (kJ/mol)
           Bond            U-B    Proper Dih.  Improper Dih.      CMAP Dih.
    3.81258e+02    1.10099e+03    5.78225e+02    4.90936e+01   -1.76036e+02
          LJ-14     Coulomb-14        LJ (SR)  Disper. corr.   Coulomb (SR)
    1.55384e+02    8.80442e+03    5.05371e+04   -2.94205e+03   -3.89798e+05
   Coul. recip. Position Rest.      Potential    Kinetic En.   Total Energy
    2.18373e+03    2.20750e+02   -3.28905e+05    6.25906e+04   -2.66315e+05
  Conserved En.    Temperature Pres. DC (bar) Pressure (bar)   Constr. rmsd
   -3.22329e+05    2.99315e+02   -1.92944e+02   -1.98426e+02    3.57864e-06

           Step           Time
          47000       94.00000

   Energies (kJ/mol)
           Bond            U-B    Proper Dih.  Improper Dih.      CMAP Dih.
    3.37856e+02    1.12934e+03    5.85943e+02    6.47816e+01   -1.80765e+02
          LJ-14     Coulomb-14        LJ (SR)  Disper. corr.   Coulomb (SR)
    1.75408e+02    8.73238e+03    5.18867e+04   -2.94205e+03   -3.91505e+05
   Coul. recip. Position Rest.      Potential    Kinetic En.   Total Energy
    2.19265e+03    1.64841e+02   -3.29358e+05    6.38804e+04   -2.65477e+05
  Conserved En.    Temperature Pres. DC (bar) Pressure (bar)   Constr. rmsd
   -3.22338e+05    3.05483e+02   -1.92944e+02    3.87875e+01    2.48051e-06

           Step           Time
          47500       95.00000

   Energies (kJ/mol)
           Bond            U-B    Proper Dih.  Improper Dih.      CMAP Dih.
    3.47076e+02    1.08519e+03    6.01713e+02    5.31608e+01   -1.65664e+02
          LJ-14     Coulomb-14        LJ (SR)  Disper. corr.   Coulomb (SR)
    1.65033e+02    8.75144e+03    5.04899e+04   -2.94205e+03   -3.89367e+05
   Coul. recip. Position Rest.      Potential    Kinetic En.   Total Energy
    2.20697e+03    1.85510e+02   -3.28589e+05    6.26832e+04   -2.65905e+05
  Conserved En.    Temperature Pres. DC (bar) Pressure (bar)   Constr. rmsd
   -3.22331e+05    2.99758e+02   -1.92944e+02   -1.51094e+02    4.23517e-06

           Step           Time
          48000       96.00000

   Energies (kJ/mol)
           Bond            U-B    Proper Dih.  Improper Dih.      CMAP Dih.
    3.65865e+02    1.03122e+03    6.09002e+02    7.35076e+01   -1.85588e+02
          LJ-14     Coulomb-14        LJ (SR)  Disper. corr.   Coulomb (SR)
    1.52185e+02    8.72841e+03    5.17575e+04   -2.94205e+03   -3.91018e+05
   Coul. recip. Position Rest.      Potential    Kinetic En.   Total Energy
    2.14943e+03    2.08479e+02   -3.29070e+05    6.20598e+04   -2.67010e+05
  Conserved En.    Temperature Pres. DC (bar) Pressure (bar)   Constr. rmsd
   -3.22327e+05    2.96776e+02   -1.92944e+02   -1.27020e+02    2.81848e-06

           Step           Time
          48500       97.00000

   Energies (kJ/mol)
           Bond            U-B    Proper Dih.  Improper Dih.      CMAP Dih.
    2.92659e+02    1.01717e+03    6.10682e+02    6.67554e+01   -1.93569e+02
          LJ-14     Coulomb-14        LJ (SR)  Disper. corr.   Coulomb (SR)
    1.64882e+02    8.83564e+03    5.13140e+04   -2.94205e+03   -3.90617e+05
   Coul. recip. Position Rest.      Potential    Kinetic En.   Total Energy
    2.25580e+03    1.68402e+02   -3.29027e+05    6.25100e+04   -2.66517e+05
  Conserved En.    Temperature Pres. DC (bar) Pressure (bar)   Constr. rmsd
   -3.22321e+05    2.98929e+02   -1.92944e+02   -7.33235e+00    3.10686e-06

           Step           Time
          49000       98.00000

   Energies (kJ/mol)
           Bond            U-B    Proper Dih.  Improper Dih.      CMAP Dih.
    3.53803e+02    1.09225e+03    6.25757e+02    6.73277e+01   -1.72347e+02
          LJ-14     Coulomb-14        LJ (SR)  Disper. corr.   Coulomb (SR)
    1.46911e+02    8.72179e+03    5.01454e+04   -2.94205e+03   -3.89194e+05
   Coul. recip. Position Rest.      Potential    Kinetic En.   Total Energy
    2.14655e+03    1.99989e+02   -3.28809e+05    6.26587e+04   -2.66150e+05
  Conserved En.    Temperature Pres. DC (bar) Pressure (bar)   Constr. rmsd
   -3.22328e+05    2.99641e+02   -1.92944e+02   -3.26421e+02    2.98360e-06

           Step           Time
          49500       99.00000

   Energies (kJ/mol)
           Bond            U-B    Proper Dih.  Improper Dih.      CMAP Dih.
    3.58596e+02    1.07608e+03    6.23491e+02    7.20979e+01   -1.75495e+02
          LJ-14     Coulomb-14        LJ (SR)  Disper. corr.   Coulomb (SR)
    1.74344e+02    8.80295e+03    5.05975e+04   -2.94205e+03   -3.90104e+05
   Coul. recip. Position Rest.      Potential    Kinetic En.   Total Energy
    2.15211e+03    2.00910e+02   -3.29163e+05    6.29124e+04   -2.66251e+05
  Conserved En.    Temperature Pres. DC (bar) Pressure (bar)   Constr. rmsd
   -3.22329e+05    3.00854e+02   -1.92944e+02   -3.74785e+02    2.78325e-06

           Step           Time
          50000      100.00000

Writing checkpoint, step 50000 at Thu Oct 29 02:12:08 2020


   Energies (kJ/mol)
           Bond            U-B    Proper Dih.  Improper Dih.      CMAP Dih.
    3.48559e+02    1.10223e+03    6.23850e+02    6.10314e+01   -1.82646e+02
          LJ-14     Coulomb-14        LJ (SR)  Disper. corr.   Coulomb (SR)
    1.70324e+02    8.73010e+03    5.07380e+04   -2.94205e+03   -3.88868e+05
   Coul. recip. Position Rest.      Potential    Kinetic En.   Total Energy
    2.16243e+03    2.05992e+02   -3.27850e+05    6.30194e+04   -2.64830e+05
  Conserved En.    Temperature Pres. DC (bar) Pressure (bar)   Constr. rmsd
   -3.22321e+05    3.01365e+02   -1.92944e+02   -1.02262e+01    3.26365e-06


	<======  ###############  ==>
	<====  A V E R A G E S  ====>
	<==  ###############  ======>

	Statistics over 50001 steps using 501 frames

   Energies (kJ/mol)
           Bond            U-B    Proper Dih.  Improper Dih.      CMAP Dih.
    3.20418e+02    1.06674e+03    6.18599e+02    6.09202e+01   -1.79834e+02
          LJ-14     Coulomb-14        LJ (SR)  Disper. corr.   Coulomb (SR)
    1.55650e+02    8.76660e+03    5.12694e+04   -2.94205e+03   -3.90698e+05
   Coul. recip. Position Rest.      Potential    Kinetic En.   Total Energy
    2.17537e+03    1.98390e+02   -3.29188e+05    6.26917e+04   -2.66496e+05
  Conserved En.    Temperature Pres. DC (bar) Pressure (bar)   Constr. rmsd
   -3.22408e+05    2.99798e+02   -1.92944e+02   -4.01898e+01    0.00000e+00

   Total Virial (kJ/mol)
    2.11605e+04    4.33007e+01    4.77363e+01
    4.35319e+01    2.12521e+04   -9.67710e+00
    4.79328e+01   -1.04077e+01    2.11995e+04

   Pressure (bar)
   -3.53236e+01   -4.59741e+00   -4.88862e+00
   -4.62769e+00   -4.81050e+01   -1.33556e-01
   -4.91436e+00   -3.78471e-02   -3.71409e+01

      T-Protein  T-non-Protein
    2.99601e+02    2.99803e+02


	M E G A - F L O P S   A C C O U N T I N G

 NB=Group-cutoff nonbonded kernels    NxN=N-by-N cluster Verlet kernels
 RF=Reaction-Field  VdW=Van der Waals  QSTab=quadratic-spline table
 W3=SPC/TIP3p  W4=TIP4p (single or pairs)
 V&F=Potential and force  V=Potential only  F=Force only

 Computing:                               M-Number         M-Flops  % Flops
-----------------------------------------------------------------------------
 Pair Search distance check            8244.784508       74203.061     0.3
 NxN QSTab Elec. + LJ [F]            315120.450288    12919938.462    51.2
 NxN QSTab Elec. + LJ [V&F]            3189.510120      188181.097     0.7
 NxN QSTab Elec. [F]                 297932.607168    10129708.644    40.2
 NxN QSTab Elec. [V&F]                 3015.191000      123622.831     0.5
 1,4 nonbonded interactions              58.601172        5274.105     0.0
 Calc Weights                          3756.975138      135251.105     0.5
 Spread Q Bspline                     80148.802944      160297.606     0.6
 Gather F Bspline                     80148.802944      480892.818     1.9
 3D-FFT                              102183.043620      817464.349     3.2
 Solve PME                               80.001600        5120.102     0.0
 Shift-X                                 25.071046         150.426     0.0
 Bonds                                   10.400208         613.612     0.0
 Propers                                 47.000940       10763.215     0.0
 Impropers                                3.500070         728.015     0.0
 Pos. Restr.                             10.500210         525.010     0.0
 Virial                                  12.570591         226.271     0.0
 Stop-CM                                 12.573092         125.731     0.0
 Calc-Ekin                              250.510092        6763.772     0.0
 Lincs                                   12.300738         738.044     0.0
 Lincs-Mat                               87.605256         350.421     0.0
 Constraint-V                          1254.050160       10032.401     0.0
 Constraint-Vir                          12.441834         298.604     0.0
 Settle                                 409.824588      132373.342     0.5
 CMAP                                     1.400028        2380.048     0.0
 Urey-Bradley                            41.800836        7649.553     0.0
-----------------------------------------------------------------------------
 Total                                                25213672.646   100.0
-----------------------------------------------------------------------------


     R E A L   C Y C L E   A N D   T I M E   A C C O U N T I N G

On 1 MPI rank, each using 4 OpenMP threads

 Computing:          Num   Num      Call    Wall time         Giga-Cycles
                     Ranks Threads  Count      (s)         total sum    %
-----------------------------------------------------------------------------
 Neighbor search        1    4       1001      26.620        170.368   1.2
 Force                  1    4      50001    1825.723      11684.625  83.1
 PME mesh               1    4      50001     259.427       1660.331  11.8
 NB X/F buffer ops.     1    4      99001      32.719        209.399   1.5
 Write traj.            1    4        103       2.523         16.144   0.1
 Update                 1    4      50001      18.527        118.573   0.8
 Constraints            1    4      50003      27.479        175.864   1.3
 Rest                                           5.176         33.128   0.2
-----------------------------------------------------------------------------
 Total                                       2198.193      14068.433 100.0
-----------------------------------------------------------------------------
 Breakdown of PME mesh computation
-----------------------------------------------------------------------------
 PME spread             1    4      50001      95.704        612.508   4.4
 PME gather             1    4      50001     110.999        710.391   5.0
 PME 3D-FFT             1    4     100002      41.483        265.491   1.9
 PME solve Elec         1    4      50001       8.992         57.547   0.4
-----------------------------------------------------------------------------

               Core t (s)   Wall t (s)        (%)
       Time:     8792.771     2198.193      400.0
                         36:38
                 (ns/day)    (hour/ns)
Performance:        3.931        6.106
Finished mdrun on rank 0 Thu Oct 29 02:12:09 2020

